{
  "numFailedTestSuites": 0,
  "numFailedTests": 0,
  "numPassedTestSuites": 6,
  "numPassedTests": 22,
  "numPendingTestSuites": 0,
  "numPendingTests": 0,
  "numRuntimeErrorTestSuites": 0,
  "numTodoTests": 0,
  "numTotalTestSuites": 6,
  "numTotalTests": 22,
  "openHandles": [],
  "snapshot": {
    "added": 0,
    "didUpdate": false,
    "failure": false,
    "filesAdded": 0,
    "filesRemoved": 0,
    "filesRemovedList": [],
    "filesUnmatched": 0,
    "filesUpdated": 0,
    "matched": 0,
    "total": 0,
    "unchecked": 0,
    "uncheckedKeysByFile": [],
    "unmatched": 0,
    "updated": 0
  },
  "startTime": 1770025041112,
  "success": false,
  "testResults": [
    {
      "leaks": false,
      "numFailingTests": 0,
      "numPassingTests": 6,
      "numPendingTests": 0,
      "numTodoTests": 0,
      "openHandles": [],
      "perfStats": {
        "end": 1770025044648,
        "runtime": 3414,
        "slow": false,
        "start": 1770025041234
      },
      "skipped": false,
      "snapshot": {
        "added": 0,
        "fileDeleted": false,
        "matched": 0,
        "unchecked": 0,
        "uncheckedKeys": [],
        "unmatched": 0,
        "updated": 0
      },
      "testFilePath": "/home/matt/household-project/server/tests/security/api_coverage_and_rbac.test.js",
      "testResults": [
        {
          "ancestorTitles": [
            "🛡️ Comprehensive Backend API & RBAC Verification"
          ],
          "duration": 10,
          "failureDetails": [],
          "failureMessages": [],
          "fullName": "🛡️ Comprehensive Backend API & RBAC Verification 🔑 Authentication Profile",
          "invocations": 1,
          "location": null,
          "numPassingAsserts": 2,
          "retryReasons": [],
          "status": "passed",
          "title": "🔑 Authentication Profile"
        },
        {
          "ancestorTitles": [
            "🛡️ Comprehensive Backend API & RBAC Verification"
          ],
          "duration": 632,
          "failureDetails": [],
          "failureMessages": [],
          "fullName": "🛡️ Comprehensive Backend API & RBAC Verification 🔄 Module: Recurring Costs (Consolidated)",
          "invocations": 1,
          "location": null,
          "numPassingAsserts": 8,
          "retryReasons": [],
          "status": "passed",
          "title": "🔄 Module: Recurring Costs (Consolidated)"
        },
        {
          "ancestorTitles": [
            "🛡️ Comprehensive Backend API & RBAC Verification"
          ],
          "duration": 850,
          "failureDetails": [],
          "failureMessages": [],
          "fullName": "🛡️ Comprehensive Backend API & RBAC Verification 👥 Module: People",
          "invocations": 1,
          "location": null,
          "numPassingAsserts": 9,
          "retryReasons": [],
          "status": "passed",
          "title": "👥 Module: People"
        },
        {
          "ancestorTitles": [
            "🛡️ Comprehensive Backend API & RBAC Verification"
          ],
          "duration": 95,
          "failureDetails": [],
          "failureMessages": [],
          "fullName": "🛡️ Comprehensive Backend API & RBAC Verification 🚗 Module: Vehicles",
          "invocations": 1,
          "location": null,
          "numPassingAsserts": 9,
          "retryReasons": [],
          "status": "passed",
          "title": "🚗 Module: Vehicles"
        },
        {
          "ancestorTitles": [
            "🛡️ Comprehensive Backend API & RBAC Verification"
          ],
          "duration": 136,
          "failureDetails": [],
          "failureMessages": [],
          "fullName": "🛡️ Comprehensive Backend API & RBAC Verification 💰 Module: Finance (Core)",
          "invocations": 1,
          "location": null,
          "numPassingAsserts": 17,
          "retryReasons": [],
          "status": "passed",
          "title": "💰 Module: Finance (Core)"
        },
        {
          "ancestorTitles": [
            "🛡️ Comprehensive Backend API & RBAC Verification"
          ],
          "duration": 14,
          "failureDetails": [],
          "failureMessages": [],
          "fullName": "🛡️ Comprehensive Backend API & RBAC Verification 🍱 Module: Meals",
          "invocations": 1,
          "location": null,
          "numPassingAsserts": 2,
          "retryReasons": [],
          "status": "passed",
          "title": "🍱 Module: Meals"
        }
      ],
      "failureMessage": null
    },
    {
      "leaks": false,
      "numFailingTests": 0,
      "numPassingTests": 4,
      "numPendingTests": 0,
      "numTodoTests": 0,
      "openHandles": [],
      "perfStats": {
        "end": 1770025046055,
        "runtime": 1348,
        "slow": false,
        "start": 1770025044707
      },
      "skipped": false,
      "snapshot": {
        "added": 0,
        "fileDeleted": false,
        "matched": 0,
        "unchecked": 0,
        "uncheckedKeys": [],
        "unmatched": 0,
        "updated": 0
      },
      "testFilePath": "/home/matt/household-project/server/tests/security/advanced_integrity.test.js",
      "testResults": [
        {
          "ancestorTitles": [
            "🛡️ Advanced System Integrity & Security"
          ],
          "duration": 149,
          "failureDetails": [],
          "failureMessages": [],
          "fullName": "🛡️ Advanced System Integrity & Security 📅 Friday Rule: Creation with valid payload",
          "invocations": 1,
          "location": null,
          "numPassingAsserts": 1,
          "retryReasons": [],
          "status": "passed",
          "title": "📅 Friday Rule: Creation with valid payload"
        },
        {
          "ancestorTitles": [
            "🛡️ Advanced System Integrity & Security"
          ],
          "duration": 612,
          "failureDetails": [],
          "failureMessages": [],
          "fullName": "🛡️ Advanced System Integrity & Security ♻️ Idempotency: Duplicate creation check",
          "invocations": 1,
          "location": null,
          "numPassingAsserts": 2,
          "retryReasons": [],
          "status": "passed",
          "title": "♻️ Idempotency: Duplicate creation check"
        },
        {
          "ancestorTitles": [
            "🛡️ Advanced System Integrity & Security"
          ],
          "duration": 16,
          "failureDetails": [],
          "failureMessages": [],
          "fullName": "🛡️ Advanced System Integrity & Security 🛑 Security: Path Traversal prevention",
          "invocations": 1,
          "location": null,
          "numPassingAsserts": 3,
          "retryReasons": [],
          "status": "passed",
          "title": "🛑 Security: Path Traversal prevention"
        },
        {
          "ancestorTitles": [
            "🛡️ Advanced System Integrity & Security"
          ],
          "duration": 16,
          "failureDetails": [],
          "failureMessages": [],
          "fullName": "🛡️ Advanced System Integrity & Security 💾 Integrity: Backup Trigger",
          "invocations": 1,
          "location": null,
          "numPassingAsserts": 2,
          "retryReasons": [],
          "status": "passed",
          "title": "💾 Integrity: Backup Trigger"
        }
      ],
      "failureMessage": null
    },
    {
      "leaks": false,
      "numFailingTests": 0,
      "numPassingTests": 5,
      "numPendingTests": 0,
      "numTodoTests": 0,
      "openHandles": [],
      "perfStats": {
        "end": 1770025047355,
        "runtime": 1294,
        "slow": false,
        "start": 1770025046061
      },
      "skipped": false,
      "snapshot": {
        "added": 0,
        "fileDeleted": false,
        "matched": 0,
        "unchecked": 0,
        "uncheckedKeys": [],
        "unmatched": 0,
        "updated": 0
      },
      "testFilePath": "/home/matt/household-project/server/tests/performance/load.test.js",
      "testResults": [
        {
          "ancestorTitles": [
            "Performance & Speed Tests"
          ],
          "duration": 46,
          "failureDetails": [],
          "failureMessages": [],
          "fullName": "Performance & Speed Tests should measure login speed (Heavy Bcrypt)",
          "invocations": 1,
          "location": null,
          "numPassingAsserts": 1,
          "retryReasons": [],
          "status": "passed",
          "title": "should measure login speed (Heavy Bcrypt)"
        },
        {
          "ancestorTitles": [
            "Performance & Speed Tests"
          ],
          "duration": 183,
          "failureDetails": [],
          "failureMessages": [],
          "fullName": "Performance & Speed Tests should measure GET assets speed (Plain Read)",
          "invocations": 1,
          "location": null,
          "numPassingAsserts": 1,
          "retryReasons": [],
          "status": "passed",
          "title": "should measure GET assets speed (Plain Read)"
        },
        {
          "ancestorTitles": [
            "Performance & Speed Tests"
          ],
          "duration": 148,
          "failureDetails": [],
          "failureMessages": [],
          "fullName": "Performance & Speed Tests should measure GET finance savings speed (Decryption Overhead)",
          "invocations": 1,
          "location": null,
          "numPassingAsserts": 1,
          "retryReasons": [],
          "status": "passed",
          "title": "should measure GET finance savings speed (Decryption Overhead)"
        },
        {
          "ancestorTitles": [
            "Performance & Speed Tests"
          ],
          "duration": 52,
          "failureDetails": [],
          "failureMessages": [],
          "fullName": "Performance & Speed Tests should measure POST asset speed (Plain Write)",
          "invocations": 1,
          "location": null,
          "numPassingAsserts": 1,
          "retryReasons": [],
          "status": "passed",
          "title": "should measure POST asset speed (Plain Write)"
        },
        {
          "ancestorTitles": [
            "Performance & Speed Tests"
          ],
          "duration": 623,
          "failureDetails": [],
          "failureMessages": [],
          "fullName": "Performance & Speed Tests should handle \"Load\" (Concurrent requests)",
          "invocations": 1,
          "location": null,
          "numPassingAsserts": 1,
          "retryReasons": [],
          "status": "passed",
          "title": "should handle \"Load\" (Concurrent requests)"
        }
      ],
      "failureMessage": null
    },
    {
      "leaks": false,
      "numFailingTests": 0,
      "numPassingTests": 3,
      "numPendingTests": 0,
      "numTodoTests": 0,
      "openHandles": [],
      "perfStats": {
        "end": 1770025052098,
        "runtime": 1329,
        "slow": false,
        "start": 1770025050769
      },
      "skipped": false,
      "snapshot": {
        "added": 0,
        "fileDeleted": false,
        "matched": 0,
        "unchecked": 0,
        "uncheckedKeys": [],
        "unmatched": 0,
        "updated": 0
      },
      "testFilePath": "/home/matt/household-project/server/tests/finance_routing.test.js",
      "testResults": [
        {
          "ancestorTitles": [
            "💰 Finance Routing Verification"
          ],
          "duration": 122,
          "failureDetails": [],
          "failureMessages": [],
          "fullName": "💰 Finance Routing Verification GET /api/households/:id/finance/savings/pots should not return 404",
          "invocations": 1,
          "location": null,
          "numPassingAsserts": 2,
          "retryReasons": [],
          "status": "passed",
          "title": "GET /api/households/:id/finance/savings/pots should not return 404"
        },
        {
          "ancestorTitles": [
            "💰 Finance Routing Verification"
          ],
          "duration": 586,
          "failureDetails": [],
          "failureMessages": [],
          "fullName": "💰 Finance Routing Verification GET /api/households/:id/finance/savings/:itemId should still work for valid items",
          "invocations": 1,
          "location": null,
          "numPassingAsserts": 3,
          "retryReasons": [],
          "status": "passed",
          "title": "GET /api/households/:id/finance/savings/:itemId should still work for valid items"
        },
        {
          "ancestorTitles": [
            "💰 Finance Routing Verification"
          ],
          "duration": 28,
          "failureDetails": [],
          "failureMessages": [],
          "fullName": "💰 Finance Routing Verification GET /api/households/:id/finance/savings/999999 should return 404",
          "invocations": 1,
          "location": null,
          "numPassingAsserts": 1,
          "retryReasons": [],
          "status": "passed",
          "title": "GET /api/households/:id/finance/savings/999999 should return 404"
        }
      ],
      "failureMessage": null
    },
    {
      "leaks": false,
      "numFailingTests": 0,
      "numPassingTests": 1,
      "numPendingTests": 0,
      "numTodoTests": 0,
      "openHandles": [],
      "perfStats": {
        "end": 1770025053182,
        "runtime": 1078,
        "slow": false,
        "start": 1770025052104
      },
      "skipped": false,
      "snapshot": {
        "added": 0,
        "fileDeleted": false,
        "matched": 0,
        "unchecked": 0,
        "uncheckedKeys": [],
        "unmatched": 0,
        "updated": 0
      },
      "testFilePath": "/home/matt/household-project/server/tests/performance/concurrency.test.js",
      "testResults": [
        {
          "ancestorTitles": [
            "⚡ SQLite Concurrency Stress"
          ],
          "duration": 580,
          "failureDetails": [],
          "failureMessages": [],
          "fullName": "⚡ SQLite Concurrency Stress 🧬 WAL Mode Concurrency (20 Parallel Writes)",
          "invocations": 1,
          "location": null,
          "numPassingAsserts": 1,
          "retryReasons": [],
          "status": "passed",
          "title": "🧬 WAL Mode Concurrency (20 Parallel Writes)"
        }
      ],
      "failureMessage": null
    },
    {
      "leaks": false,
      "numFailingTests": 0,
      "numPassingTests": 3,
      "numPendingTests": 0,
      "numTodoTests": 0,
      "openHandles": [],
      "perfStats": {
        "end": 1770025053250,
        "runtime": 61,
        "slow": false,
        "start": 1770025053189
      },
      "skipped": false,
      "snapshot": {
        "added": 0,
        "fileDeleted": false,
        "matched": 0,
        "unchecked": 0,
        "uncheckedKeys": [],
        "unmatched": 0,
        "updated": 0
      },
      "testFilePath": "/home/matt/household-project/server/tests/performance/smoke.test.js",
      "testResults": [
        {
          "ancestorTitles": [
            "Frontend Build Smoke Test"
          ],
          "duration": 1,
          "failureDetails": [],
          "failureMessages": [],
          "fullName": "Frontend Build Smoke Test index.html should exist after build",
          "invocations": 1,
          "location": null,
          "numPassingAsserts": 1,
          "retryReasons": [],
          "status": "passed",
          "title": "index.html should exist after build"
        },
        {
          "ancestorTitles": [
            "Frontend Build Smoke Test"
          ],
          "duration": 1,
          "failureDetails": [],
          "failureMessages": [],
          "fullName": "Frontend Build Smoke Test index.html should contain root div",
          "invocations": 1,
          "location": null,
          "numPassingAsserts": 1,
          "retryReasons": [],
          "status": "passed",
          "title": "index.html should contain root div"
        },
        {
          "ancestorTitles": [
            "Frontend Build Smoke Test"
          ],
          "duration": 1,
          "failureDetails": [],
          "failureMessages": [],
          "fullName": "Frontend Build Smoke Test JS bundle should be referenced",
          "invocations": 1,
          "location": null,
          "numPassingAsserts": 1,
          "retryReasons": [],
          "status": "passed",
          "title": "JS bundle should be referenced"
        }
      ],
      "failureMessage": null
    }
  ],
  "wasInterrupted": false
}