{
  "numFailedTestSuites": 0,
  "numFailedTests": 0,
  "numPassedTestSuites": 19,
  "numPassedTests": 227,
  "numPendingTestSuites": 0,
  "numPendingTests": 0,
  "numRuntimeErrorTestSuites": 0,
  "numTodoTests": 0,
  "numTotalTestSuites": 19,
  "numTotalTests": 227,
  "openHandles": [],
  "snapshot": {
    "added": 0,
    "didUpdate": false,
    "failure": false,
    "filesAdded": 0,
    "filesRemoved": 0,
    "filesRemovedList": [],
    "filesUnmatched": 0,
    "filesUpdated": 0,
    "matched": 0,
    "total": 0,
    "unchecked": 0,
    "uncheckedKeysByFile": [],
    "unmatched": 0,
    "updated": 0
  },
  "startTime": 1769789691030,
  "success": false,
  "testResults": [
    {
      "leaks": false,
      "numFailingTests": 0,
      "numPassingTests": 30,
      "numPendingTests": 0,
      "numTodoTests": 0,
      "openHandles": [],
      "perfStats": {
        "end": 1769789697888,
        "runtime": 6779,
        "slow": true,
        "start": 1769789691109
      },
      "skipped": false,
      "snapshot": {
        "added": 0,
        "fileDeleted": false,
        "matched": 0,
        "unchecked": 0,
        "uncheckedKeys": [],
        "unmatched": 0,
        "updated": 0
      },
      "testFilePath": "/home/matt/household-project/server/tests/security/tenancy_stress.test.js",
      "testResults": [
        {
          "ancestorTitles": [
            "🚀 Exhaustive Stress & Isolation Matrix",
            "⚔️ Combinatorial Role vs Table Access",
            "Path: /households/:id/vehicles"
          ],
          "duration": 498,
          "failureDetails": [],
          "failureMessages": [],
          "fullName": "🚀 Exhaustive Stress & Isolation Matrix ⚔️ Combinatorial Role vs Table Access Path: /households/:id/vehicles [ADMIN] Full CRUD on Vehicles",
          "invocations": 1,
          "location": null,
          "numPassingAsserts": 5,
          "retryReasons": [],
          "status": "passed",
          "title": "[ADMIN] Full CRUD on Vehicles"
        },
        {
          "ancestorTitles": [
            "🚀 Exhaustive Stress & Isolation Matrix",
            "⚔️ Combinatorial Role vs Table Access",
            "Path: /households/:id/vehicles"
          ],
          "duration": 17,
          "failureDetails": [],
          "failureMessages": [],
          "fullName": "🚀 Exhaustive Stress & Isolation Matrix ⚔️ Combinatorial Role vs Table Access Path: /households/:id/vehicles [MEMBER] Standard access on Vehicles",
          "invocations": 1,
          "location": null,
          "numPassingAsserts": 1,
          "retryReasons": [],
          "status": "passed",
          "title": "[MEMBER] Standard access on Vehicles"
        },
        {
          "ancestorTitles": [
            "🚀 Exhaustive Stress & Isolation Matrix",
            "⚔️ Combinatorial Role vs Table Access",
            "Path: /households/:id/vehicles"
          ],
          "duration": 22,
          "failureDetails": [],
          "failureMessages": [],
          "fullName": "🚀 Exhaustive Stress & Isolation Matrix ⚔️ Combinatorial Role vs Table Access Path: /households/:id/vehicles [VIEWER] Read-Only restriction on Vehicles",
          "invocations": 1,
          "location": null,
          "numPassingAsserts": 1,
          "retryReasons": [],
          "status": "passed",
          "title": "[VIEWER] Read-Only restriction on Vehicles"
        },
        {
          "ancestorTitles": [
            "🚀 Exhaustive Stress & Isolation Matrix",
            "⚔️ Combinatorial Role vs Table Access",
            "Path: /households/:id/vehicles"
          ],
          "duration": 154,
          "failureDetails": [],
          "failureMessages": [],
          "fullName": "🚀 Exhaustive Stress & Isolation Matrix ⚔️ Combinatorial Role vs Table Access Path: /households/:id/vehicles [CROSS-TENANT] Isolation enforcement on Vehicles",
          "invocations": 1,
          "location": null,
          "numPassingAsserts": 2,
          "retryReasons": [],
          "status": "passed",
          "title": "[CROSS-TENANT] Isolation enforcement on Vehicles"
        },
        {
          "ancestorTitles": [
            "🚀 Exhaustive Stress & Isolation Matrix",
            "⚔️ Combinatorial Role vs Table Access",
            "Path: /households/:id/assets"
          ],
          "duration": 326,
          "failureDetails": [],
          "failureMessages": [],
          "fullName": "🚀 Exhaustive Stress & Isolation Matrix ⚔️ Combinatorial Role vs Table Access Path: /households/:id/assets [ADMIN] Full CRUD on Assets",
          "invocations": 1,
          "location": null,
          "numPassingAsserts": 5,
          "retryReasons": [],
          "status": "passed",
          "title": "[ADMIN] Full CRUD on Assets"
        },
        {
          "ancestorTitles": [
            "🚀 Exhaustive Stress & Isolation Matrix",
            "⚔️ Combinatorial Role vs Table Access",
            "Path: /households/:id/assets"
          ],
          "duration": 17,
          "failureDetails": [],
          "failureMessages": [],
          "fullName": "🚀 Exhaustive Stress & Isolation Matrix ⚔️ Combinatorial Role vs Table Access Path: /households/:id/assets [MEMBER] Standard access on Assets",
          "invocations": 1,
          "location": null,
          "numPassingAsserts": 1,
          "retryReasons": [],
          "status": "passed",
          "title": "[MEMBER] Standard access on Assets"
        },
        {
          "ancestorTitles": [
            "🚀 Exhaustive Stress & Isolation Matrix",
            "⚔️ Combinatorial Role vs Table Access",
            "Path: /households/:id/assets"
          ],
          "duration": 16,
          "failureDetails": [],
          "failureMessages": [],
          "fullName": "🚀 Exhaustive Stress & Isolation Matrix ⚔️ Combinatorial Role vs Table Access Path: /households/:id/assets [VIEWER] Read-Only restriction on Assets",
          "invocations": 1,
          "location": null,
          "numPassingAsserts": 1,
          "retryReasons": [],
          "status": "passed",
          "title": "[VIEWER] Read-Only restriction on Assets"
        },
        {
          "ancestorTitles": [
            "🚀 Exhaustive Stress & Isolation Matrix",
            "⚔️ Combinatorial Role vs Table Access",
            "Path: /households/:id/assets"
          ],
          "duration": 22,
          "failureDetails": [],
          "failureMessages": [],
          "fullName": "🚀 Exhaustive Stress & Isolation Matrix ⚔️ Combinatorial Role vs Table Access Path: /households/:id/assets [CROSS-TENANT] Isolation enforcement on Assets",
          "invocations": 1,
          "location": null,
          "numPassingAsserts": 2,
          "retryReasons": [],
          "status": "passed",
          "title": "[CROSS-TENANT] Isolation enforcement on Assets"
        },
        {
          "ancestorTitles": [
            "🚀 Exhaustive Stress & Isolation Matrix",
            "⚔️ Combinatorial Role vs Table Access",
            "Path: /households/:id/members"
          ],
          "duration": 324,
          "failureDetails": [],
          "failureMessages": [],
          "fullName": "🚀 Exhaustive Stress & Isolation Matrix ⚔️ Combinatorial Role vs Table Access Path: /households/:id/members [ADMIN] Full CRUD on Residents",
          "invocations": 1,
          "location": null,
          "numPassingAsserts": 5,
          "retryReasons": [],
          "status": "passed",
          "title": "[ADMIN] Full CRUD on Residents"
        },
        {
          "ancestorTitles": [
            "🚀 Exhaustive Stress & Isolation Matrix",
            "⚔️ Combinatorial Role vs Table Access",
            "Path: /households/:id/members"
          ],
          "duration": 25,
          "failureDetails": [],
          "failureMessages": [],
          "fullName": "🚀 Exhaustive Stress & Isolation Matrix ⚔️ Combinatorial Role vs Table Access Path: /households/:id/members [MEMBER] Standard access on Residents",
          "invocations": 1,
          "location": null,
          "numPassingAsserts": 1,
          "retryReasons": [],
          "status": "passed",
          "title": "[MEMBER] Standard access on Residents"
        },
        {
          "ancestorTitles": [
            "🚀 Exhaustive Stress & Isolation Matrix",
            "⚔️ Combinatorial Role vs Table Access",
            "Path: /households/:id/members"
          ],
          "duration": 16,
          "failureDetails": [],
          "failureMessages": [],
          "fullName": "🚀 Exhaustive Stress & Isolation Matrix ⚔️ Combinatorial Role vs Table Access Path: /households/:id/members [VIEWER] Read-Only restriction on Residents",
          "invocations": 1,
          "location": null,
          "numPassingAsserts": 1,
          "retryReasons": [],
          "status": "passed",
          "title": "[VIEWER] Read-Only restriction on Residents"
        },
        {
          "ancestorTitles": [
            "🚀 Exhaustive Stress & Isolation Matrix",
            "⚔️ Combinatorial Role vs Table Access",
            "Path: /households/:id/members"
          ],
          "duration": 21,
          "failureDetails": [],
          "failureMessages": [],
          "fullName": "🚀 Exhaustive Stress & Isolation Matrix ⚔️ Combinatorial Role vs Table Access Path: /households/:id/members [CROSS-TENANT] Isolation enforcement on Residents",
          "invocations": 1,
          "location": null,
          "numPassingAsserts": 2,
          "retryReasons": [],
          "status": "passed",
          "title": "[CROSS-TENANT] Isolation enforcement on Residents"
        },
        {
          "ancestorTitles": [
            "🚀 Exhaustive Stress & Isolation Matrix",
            "⚔️ Combinatorial Role vs Table Access",
            "Path: /households/:id/energy"
          ],
          "duration": 325,
          "failureDetails": [],
          "failureMessages": [],
          "fullName": "🚀 Exhaustive Stress & Isolation Matrix ⚔️ Combinatorial Role vs Table Access Path: /households/:id/energy [ADMIN] Full CRUD on Energy",
          "invocations": 1,
          "location": null,
          "numPassingAsserts": 5,
          "retryReasons": [],
          "status": "passed",
          "title": "[ADMIN] Full CRUD on Energy"
        },
        {
          "ancestorTitles": [
            "🚀 Exhaustive Stress & Isolation Matrix",
            "⚔️ Combinatorial Role vs Table Access",
            "Path: /households/:id/energy"
          ],
          "duration": 16,
          "failureDetails": [],
          "failureMessages": [],
          "fullName": "🚀 Exhaustive Stress & Isolation Matrix ⚔️ Combinatorial Role vs Table Access Path: /households/:id/energy [MEMBER] Standard access on Energy",
          "invocations": 1,
          "location": null,
          "numPassingAsserts": 1,
          "retryReasons": [],
          "status": "passed",
          "title": "[MEMBER] Standard access on Energy"
        },
        {
          "ancestorTitles": [
            "🚀 Exhaustive Stress & Isolation Matrix",
            "⚔️ Combinatorial Role vs Table Access",
            "Path: /households/:id/energy"
          ],
          "duration": 17,
          "failureDetails": [],
          "failureMessages": [],
          "fullName": "🚀 Exhaustive Stress & Isolation Matrix ⚔️ Combinatorial Role vs Table Access Path: /households/:id/energy [VIEWER] Read-Only restriction on Energy",
          "invocations": 1,
          "location": null,
          "numPassingAsserts": 1,
          "retryReasons": [],
          "status": "passed",
          "title": "[VIEWER] Read-Only restriction on Energy"
        },
        {
          "ancestorTitles": [
            "🚀 Exhaustive Stress & Isolation Matrix",
            "⚔️ Combinatorial Role vs Table Access",
            "Path: /households/:id/energy"
          ],
          "duration": 21,
          "failureDetails": [],
          "failureMessages": [],
          "fullName": "🚀 Exhaustive Stress & Isolation Matrix ⚔️ Combinatorial Role vs Table Access Path: /households/:id/energy [CROSS-TENANT] Isolation enforcement on Energy",
          "invocations": 1,
          "location": null,
          "numPassingAsserts": 2,
          "retryReasons": [],
          "status": "passed",
          "title": "[CROSS-TENANT] Isolation enforcement on Energy"
        },
        {
          "ancestorTitles": [
            "🚀 Exhaustive Stress & Isolation Matrix",
            "⚔️ Combinatorial Role vs Table Access",
            "Path: /households/:id/finance/charges"
          ],
          "duration": 420,
          "failureDetails": [],
          "failureMessages": [],
          "fullName": "🚀 Exhaustive Stress & Isolation Matrix ⚔️ Combinatorial Role vs Table Access Path: /households/:id/finance/charges [ADMIN] Full CRUD on Recurring Charges",
          "invocations": 1,
          "location": null,
          "numPassingAsserts": 5,
          "retryReasons": [],
          "status": "passed",
          "title": "[ADMIN] Full CRUD on Recurring Charges"
        },
        {
          "ancestorTitles": [
            "🚀 Exhaustive Stress & Isolation Matrix",
            "⚔️ Combinatorial Role vs Table Access",
            "Path: /households/:id/finance/charges"
          ],
          "duration": 195,
          "failureDetails": [],
          "failureMessages": [],
          "fullName": "🚀 Exhaustive Stress & Isolation Matrix ⚔️ Combinatorial Role vs Table Access Path: /households/:id/finance/charges [MEMBER] Standard access on Recurring Charges",
          "invocations": 1,
          "location": null,
          "numPassingAsserts": 1,
          "retryReasons": [],
          "status": "passed",
          "title": "[MEMBER] Standard access on Recurring Charges"
        },
        {
          "ancestorTitles": [
            "🚀 Exhaustive Stress & Isolation Matrix",
            "⚔️ Combinatorial Role vs Table Access",
            "Path: /households/:id/finance/charges"
          ],
          "duration": 17,
          "failureDetails": [],
          "failureMessages": [],
          "fullName": "🚀 Exhaustive Stress & Isolation Matrix ⚔️ Combinatorial Role vs Table Access Path: /households/:id/finance/charges [VIEWER] Read-Only restriction on Recurring Charges",
          "invocations": 1,
          "location": null,
          "numPassingAsserts": 1,
          "retryReasons": [],
          "status": "passed",
          "title": "[VIEWER] Read-Only restriction on Recurring Charges"
        },
        {
          "ancestorTitles": [
            "🚀 Exhaustive Stress & Isolation Matrix",
            "⚔️ Combinatorial Role vs Table Access",
            "Path: /households/:id/finance/charges"
          ],
          "duration": 20,
          "failureDetails": [],
          "failureMessages": [],
          "fullName": "🚀 Exhaustive Stress & Isolation Matrix ⚔️ Combinatorial Role vs Table Access Path: /households/:id/finance/charges [CROSS-TENANT] Isolation enforcement on Recurring Charges",
          "invocations": 1,
          "location": null,
          "numPassingAsserts": 2,
          "retryReasons": [],
          "status": "passed",
          "title": "[CROSS-TENANT] Isolation enforcement on Recurring Charges"
        },
        {
          "ancestorTitles": [
            "🚀 Exhaustive Stress & Isolation Matrix",
            "⚔️ Combinatorial Role vs Table Access",
            "Path: /households/:id/waste"
          ],
          "duration": 317,
          "failureDetails": [],
          "failureMessages": [],
          "fullName": "🚀 Exhaustive Stress & Isolation Matrix ⚔️ Combinatorial Role vs Table Access Path: /households/:id/waste [ADMIN] Full CRUD on Waste",
          "invocations": 1,
          "location": null,
          "numPassingAsserts": 5,
          "retryReasons": [],
          "status": "passed",
          "title": "[ADMIN] Full CRUD on Waste"
        },
        {
          "ancestorTitles": [
            "🚀 Exhaustive Stress & Isolation Matrix",
            "⚔️ Combinatorial Role vs Table Access",
            "Path: /households/:id/waste"
          ],
          "duration": 16,
          "failureDetails": [],
          "failureMessages": [],
          "fullName": "🚀 Exhaustive Stress & Isolation Matrix ⚔️ Combinatorial Role vs Table Access Path: /households/:id/waste [MEMBER] Standard access on Waste",
          "invocations": 1,
          "location": null,
          "numPassingAsserts": 1,
          "retryReasons": [],
          "status": "passed",
          "title": "[MEMBER] Standard access on Waste"
        },
        {
          "ancestorTitles": [
            "🚀 Exhaustive Stress & Isolation Matrix",
            "⚔️ Combinatorial Role vs Table Access",
            "Path: /households/:id/waste"
          ],
          "duration": 16,
          "failureDetails": [],
          "failureMessages": [],
          "fullName": "🚀 Exhaustive Stress & Isolation Matrix ⚔️ Combinatorial Role vs Table Access Path: /households/:id/waste [VIEWER] Read-Only restriction on Waste",
          "invocations": 1,
          "location": null,
          "numPassingAsserts": 1,
          "retryReasons": [],
          "status": "passed",
          "title": "[VIEWER] Read-Only restriction on Waste"
        },
        {
          "ancestorTitles": [
            "🚀 Exhaustive Stress & Isolation Matrix",
            "⚔️ Combinatorial Role vs Table Access",
            "Path: /households/:id/waste"
          ],
          "duration": 26,
          "failureDetails": [],
          "failureMessages": [],
          "fullName": "🚀 Exhaustive Stress & Isolation Matrix ⚔️ Combinatorial Role vs Table Access Path: /households/:id/waste [CROSS-TENANT] Isolation enforcement on Waste",
          "invocations": 1,
          "location": null,
          "numPassingAsserts": 2,
          "retryReasons": [],
          "status": "passed",
          "title": "[CROSS-TENANT] Isolation enforcement on Waste"
        },
        {
          "ancestorTitles": [
            "🚀 Exhaustive Stress & Isolation Matrix",
            "👤 Identity & Profile Coverage"
          ],
          "duration": 15,
          "failureDetails": [],
          "failureMessages": [],
          "fullName": "🚀 Exhaustive Stress & Isolation Matrix 👤 Identity & Profile Coverage [AUTH] All roles can access /auth/profile",
          "invocations": 1,
          "location": null,
          "numPassingAsserts": 3,
          "retryReasons": [],
          "status": "passed",
          "title": "[AUTH] All roles can access /auth/profile"
        },
        {
          "ancestorTitles": [
            "🚀 Exhaustive Stress & Isolation Matrix",
            "🧪 Data Fuzzing & Boundary Tests"
          ],
          "duration": 309,
          "failureDetails": [],
          "failureMessages": [],
          "fullName": "🚀 Exhaustive Stress & Isolation Matrix 🧪 Data Fuzzing & Boundary Tests Should handle massive strings and special characters",
          "invocations": 1,
          "location": null,
          "numPassingAsserts": 2,
          "retryReasons": [],
          "status": "passed",
          "title": "Should handle massive strings and special characters"
        },
        {
          "ancestorTitles": [
            "🚀 Exhaustive Stress & Isolation Matrix",
            "🧪 Data Fuzzing & Boundary Tests"
          ],
          "duration": 104,
          "failureDetails": [],
          "failureMessages": [],
          "fullName": "🚀 Exhaustive Stress & Isolation Matrix 🧪 Data Fuzzing & Boundary Tests Should handle numeric boundary values",
          "invocations": 1,
          "location": null,
          "numPassingAsserts": 1,
          "retryReasons": [],
          "status": "passed",
          "title": "Should handle numeric boundary values"
        },
        {
          "ancestorTitles": [
            "🚀 Exhaustive Stress & Isolation Matrix",
            "🧪 Data Fuzzing & Boundary Tests"
          ],
          "duration": 276,
          "failureDetails": [],
          "failureMessages": [],
          "fullName": "🚀 Exhaustive Stress & Isolation Matrix 🧪 Data Fuzzing & Boundary Tests Should handle null/empty payloads gracefully",
          "invocations": 1,
          "location": null,
          "numPassingAsserts": 1,
          "retryReasons": [],
          "status": "passed",
          "title": "Should handle null/empty payloads gracefully"
        },
        {
          "ancestorTitles": [
            "🚀 Exhaustive Stress & Isolation Matrix",
            "🔄 Rapid Sequential Operations (Stress)"
          ],
          "duration": 1479,
          "failureDetails": [],
          "failureMessages": [],
          "fullName": "🚀 Exhaustive Stress & Isolation Matrix 🔄 Rapid Sequential Operations (Stress) Create 50 assets in rapid succession",
          "invocations": 1,
          "location": null,
          "numPassingAsserts": 50,
          "retryReasons": [],
          "status": "passed",
          "title": "Create 50 assets in rapid succession"
        },
        {
          "ancestorTitles": [
            "🚀 Exhaustive Stress & Isolation Matrix",
            "🌓 Edge Case: Icon & Color Persistence"
          ],
          "duration": 36,
          "failureDetails": [],
          "failureMessages": [],
          "fullName": "🚀 Exhaustive Stress & Isolation Matrix 🌓 Edge Case: Icon & Color Persistence should allow null icons and colors in details",
          "invocations": 1,
          "location": null,
          "numPassingAsserts": 2,
          "retryReasons": [],
          "status": "passed",
          "title": "should allow null icons and colors in details"
        }
      ],
      "failureMessage": null
    },
    {
      "leaks": false,
      "numFailingTests": 0,
      "numPassingTests": 32,
      "numPendingTests": 0,
      "numTodoTests": 0,
      "openHandles": [],
      "perfStats": {
        "end": 1769789703228,
        "runtime": 5315,
        "slow": true,
        "start": 1769789697913
      },
      "skipped": false,
      "snapshot": {
        "added": 0,
        "fileDeleted": false,
        "matched": 0,
        "unchecked": 0,
        "uncheckedKeys": [],
        "unmatched": 0,
        "updated": 0
      },
      "testFilePath": "/home/matt/household-project/server/tests/integration/finance_expanded.test.js",
      "testResults": [
        {
          "ancestorTitles": [
            "Expanded Finance API",
            "Income"
          ],
          "duration": 81,
          "failureDetails": [],
          "failureMessages": [],
          "fullName": "Expanded Finance API Income should create income source",
          "invocations": 1,
          "location": null,
          "numPassingAsserts": 1,
          "retryReasons": [],
          "status": "passed",
          "title": "should create income source"
        },
        {
          "ancestorTitles": [
            "Expanded Finance API",
            "Income"
          ],
          "duration": 353,
          "failureDetails": [],
          "failureMessages": [],
          "fullName": "Expanded Finance API Income should list income",
          "invocations": 1,
          "location": null,
          "numPassingAsserts": 2,
          "retryReasons": [],
          "status": "passed",
          "title": "should list income"
        },
        {
          "ancestorTitles": [
            "Expanded Finance API",
            "Income"
          ],
          "duration": 106,
          "failureDetails": [],
          "failureMessages": [],
          "fullName": "Expanded Finance API Income should update income",
          "invocations": 1,
          "location": null,
          "numPassingAsserts": 0,
          "retryReasons": [],
          "status": "passed",
          "title": "should update income"
        },
        {
          "ancestorTitles": [
            "Expanded Finance API",
            "Income"
          ],
          "duration": 289,
          "failureDetails": [],
          "failureMessages": [],
          "fullName": "Expanded Finance API Income should delete income",
          "invocations": 1,
          "location": null,
          "numPassingAsserts": 0,
          "retryReasons": [],
          "status": "passed",
          "title": "should delete income"
        },
        {
          "ancestorTitles": [
            "Expanded Finance API",
            "Savings & Pots"
          ],
          "duration": 290,
          "failureDetails": [],
          "failureMessages": [],
          "fullName": "Expanded Finance API Savings & Pots should create savings account",
          "invocations": 1,
          "location": null,
          "numPassingAsserts": 1,
          "retryReasons": [],
          "status": "passed",
          "title": "should create savings account"
        },
        {
          "ancestorTitles": [
            "Expanded Finance API",
            "Savings & Pots"
          ],
          "duration": 294,
          "failureDetails": [],
          "failureMessages": [],
          "fullName": "Expanded Finance API Savings & Pots should create a savings pot",
          "invocations": 1,
          "location": null,
          "numPassingAsserts": 1,
          "retryReasons": [],
          "status": "passed",
          "title": "should create a savings pot"
        },
        {
          "ancestorTitles": [
            "Expanded Finance API",
            "Savings & Pots"
          ],
          "duration": 208,
          "failureDetails": [],
          "failureMessages": [],
          "fullName": "Expanded Finance API Savings & Pots should list pots",
          "invocations": 1,
          "location": null,
          "numPassingAsserts": 2,
          "retryReasons": [],
          "status": "passed",
          "title": "should list pots"
        },
        {
          "ancestorTitles": [
            "Expanded Finance API",
            "Savings & Pots"
          ],
          "duration": 113,
          "failureDetails": [],
          "failureMessages": [],
          "fullName": "Expanded Finance API Savings & Pots should delete pot",
          "invocations": 1,
          "location": null,
          "numPassingAsserts": 0,
          "retryReasons": [],
          "status": "passed",
          "title": "should delete pot"
        },
        {
          "ancestorTitles": [
            "Expanded Finance API",
            "Savings & Pots"
          ],
          "duration": 291,
          "failureDetails": [],
          "failureMessages": [],
          "fullName": "Expanded Finance API Savings & Pots should delete parent savings account",
          "invocations": 1,
          "location": null,
          "numPassingAsserts": 0,
          "retryReasons": [],
          "status": "passed",
          "title": "should delete parent savings account"
        },
        {
          "ancestorTitles": [
            "Expanded Finance API",
            "Investments"
          ],
          "duration": 298,
          "failureDetails": [],
          "failureMessages": [],
          "fullName": "Expanded Finance API Investments should create investment",
          "invocations": 1,
          "location": null,
          "numPassingAsserts": 1,
          "retryReasons": [],
          "status": "passed",
          "title": "should create investment"
        },
        {
          "ancestorTitles": [
            "Expanded Finance API",
            "Investments"
          ],
          "duration": 205,
          "failureDetails": [],
          "failureMessages": [],
          "fullName": "Expanded Finance API Investments should list investments",
          "invocations": 1,
          "location": null,
          "numPassingAsserts": 2,
          "retryReasons": [],
          "status": "passed",
          "title": "should list investments"
        },
        {
          "ancestorTitles": [
            "Expanded Finance API",
            "Investments"
          ],
          "duration": 112,
          "failureDetails": [],
          "failureMessages": [],
          "fullName": "Expanded Finance API Investments should delete investment",
          "invocations": 1,
          "location": null,
          "numPassingAsserts": 0,
          "retryReasons": [],
          "status": "passed",
          "title": "should delete investment"
        },
        {
          "ancestorTitles": [
            "Expanded Finance API",
            "Pensions"
          ],
          "duration": 294,
          "failureDetails": [],
          "failureMessages": [],
          "fullName": "Expanded Finance API Pensions should create pension",
          "invocations": 1,
          "location": null,
          "numPassingAsserts": 1,
          "retryReasons": [],
          "status": "passed",
          "title": "should create pension"
        },
        {
          "ancestorTitles": [
            "Expanded Finance API",
            "Pensions"
          ],
          "duration": 208,
          "failureDetails": [],
          "failureMessages": [],
          "fullName": "Expanded Finance API Pensions should list pensions",
          "invocations": 1,
          "location": null,
          "numPassingAsserts": 2,
          "retryReasons": [],
          "status": "passed",
          "title": "should list pensions"
        },
        {
          "ancestorTitles": [
            "Expanded Finance API",
            "Pensions"
          ],
          "duration": 115,
          "failureDetails": [],
          "failureMessages": [],
          "fullName": "Expanded Finance API Pensions should delete pension",
          "invocations": 1,
          "location": null,
          "numPassingAsserts": 0,
          "retryReasons": [],
          "status": "passed",
          "title": "should delete pension"
        },
        {
          "ancestorTitles": [
            "Expanded Finance API",
            "Credit Cards"
          ],
          "duration": 285,
          "failureDetails": [],
          "failureMessages": [],
          "fullName": "Expanded Finance API Credit Cards should create credit card",
          "invocations": 1,
          "location": null,
          "numPassingAsserts": 1,
          "retryReasons": [],
          "status": "passed",
          "title": "should create credit card"
        },
        {
          "ancestorTitles": [
            "Expanded Finance API",
            "Credit Cards"
          ],
          "duration": 284,
          "failureDetails": [],
          "failureMessages": [],
          "fullName": "Expanded Finance API Credit Cards should delete credit card",
          "invocations": 1,
          "location": null,
          "numPassingAsserts": 0,
          "retryReasons": [],
          "status": "passed",
          "title": "should delete credit card"
        },
        {
          "ancestorTitles": [
            "Expanded Finance API",
            "Loans"
          ],
          "duration": 289,
          "failureDetails": [],
          "failureMessages": [],
          "fullName": "Expanded Finance API Loans should create loan",
          "invocations": 1,
          "location": null,
          "numPassingAsserts": 1,
          "retryReasons": [],
          "status": "passed",
          "title": "should create loan"
        },
        {
          "ancestorTitles": [
            "Expanded Finance API",
            "Loans"
          ],
          "duration": 259,
          "failureDetails": [],
          "failureMessages": [],
          "fullName": "Expanded Finance API Loans should delete loan",
          "invocations": 1,
          "location": null,
          "numPassingAsserts": 0,
          "retryReasons": [],
          "status": "passed",
          "title": "should delete loan"
        },
        {
          "ancestorTitles": [
            "Expanded Finance API",
            "Mortgages"
          ],
          "duration": 30,
          "failureDetails": [],
          "failureMessages": [],
          "fullName": "Expanded Finance API Mortgages should create mortgage",
          "invocations": 1,
          "location": null,
          "numPassingAsserts": 1,
          "retryReasons": [],
          "status": "passed",
          "title": "should create mortgage"
        },
        {
          "ancestorTitles": [
            "Expanded Finance API",
            "Mortgages"
          ],
          "duration": 37,
          "failureDetails": [],
          "failureMessages": [],
          "fullName": "Expanded Finance API Mortgages should delete mortgage",
          "invocations": 1,
          "location": null,
          "numPassingAsserts": 0,
          "retryReasons": [],
          "status": "passed",
          "title": "should delete mortgage"
        },
        {
          "ancestorTitles": [
            "Expanded Finance API",
            "Pensions"
          ],
          "duration": 29,
          "failureDetails": [],
          "failureMessages": [],
          "fullName": "Expanded Finance API Pensions should create pension",
          "invocations": 1,
          "location": null,
          "numPassingAsserts": 1,
          "retryReasons": [],
          "status": "passed",
          "title": "should create pension"
        },
        {
          "ancestorTitles": [
            "Expanded Finance API",
            "Pensions"
          ],
          "duration": 33,
          "failureDetails": [],
          "failureMessages": [],
          "fullName": "Expanded Finance API Pensions should add pension history",
          "invocations": 1,
          "location": null,
          "numPassingAsserts": 1,
          "retryReasons": [],
          "status": "passed",
          "title": "should add pension history"
        },
        {
          "ancestorTitles": [
            "Expanded Finance API",
            "Pensions"
          ],
          "duration": 25,
          "failureDetails": [],
          "failureMessages": [],
          "fullName": "Expanded Finance API Pensions should delete pension",
          "invocations": 1,
          "location": null,
          "numPassingAsserts": 0,
          "retryReasons": [],
          "status": "passed",
          "title": "should delete pension"
        },
        {
          "ancestorTitles": [
            "Expanded Finance API",
            "Current Accounts"
          ],
          "duration": 23,
          "failureDetails": [],
          "failureMessages": [],
          "fullName": "Expanded Finance API Current Accounts should create current account",
          "invocations": 1,
          "location": null,
          "numPassingAsserts": 1,
          "retryReasons": [],
          "status": "passed",
          "title": "should create current account"
        },
        {
          "ancestorTitles": [
            "Expanded Finance API",
            "Current Accounts"
          ],
          "duration": 23,
          "failureDetails": [],
          "failureMessages": [],
          "fullName": "Expanded Finance API Current Accounts should update current account",
          "invocations": 1,
          "location": null,
          "numPassingAsserts": 1,
          "retryReasons": [],
          "status": "passed",
          "title": "should update current account"
        },
        {
          "ancestorTitles": [
            "Expanded Finance API",
            "Current Accounts"
          ],
          "duration": 25,
          "failureDetails": [],
          "failureMessages": [],
          "fullName": "Expanded Finance API Current Accounts should delete current account",
          "invocations": 1,
          "location": null,
          "numPassingAsserts": 0,
          "retryReasons": [],
          "status": "passed",
          "title": "should delete current account"
        },
        {
          "ancestorTitles": [
            "Expanded Finance API",
            "Assignments"
          ],
          "duration": 50,
          "failureDetails": [],
          "failureMessages": [],
          "fullName": "Expanded Finance API Assignments should setup member and account for assignment",
          "invocations": 1,
          "location": null,
          "numPassingAsserts": 1,
          "retryReasons": [],
          "status": "passed",
          "title": "should setup member and account for assignment"
        },
        {
          "ancestorTitles": [
            "Expanded Finance API",
            "Assignments"
          ],
          "duration": 23,
          "failureDetails": [],
          "failureMessages": [],
          "fullName": "Expanded Finance API Assignments should assign member to account",
          "invocations": 1,
          "location": null,
          "numPassingAsserts": 1,
          "retryReasons": [],
          "status": "passed",
          "title": "should assign member to account"
        },
        {
          "ancestorTitles": [
            "Expanded Finance API",
            "Assignments"
          ],
          "duration": 25,
          "failureDetails": [],
          "failureMessages": [],
          "fullName": "Expanded Finance API Assignments should list assignments",
          "invocations": 1,
          "location": null,
          "numPassingAsserts": 2,
          "retryReasons": [],
          "status": "passed",
          "title": "should list assignments"
        },
        {
          "ancestorTitles": [
            "Expanded Finance API",
            "Assignments"
          ],
          "duration": 67,
          "failureDetails": [],
          "failureMessages": [],
          "fullName": "Expanded Finance API Assignments should list assignments filtering only by entity_type",
          "invocations": 1,
          "location": null,
          "numPassingAsserts": 2,
          "retryReasons": [],
          "status": "passed",
          "title": "should list assignments filtering only by entity_type"
        },
        {
          "ancestorTitles": [
            "Expanded Finance API",
            "Assignments"
          ],
          "duration": 21,
          "failureDetails": [],
          "failureMessages": [],
          "fullName": "Expanded Finance API Assignments should unassign member",
          "invocations": 1,
          "location": null,
          "numPassingAsserts": 1,
          "retryReasons": [],
          "status": "passed",
          "title": "should unassign member"
        }
      ],
      "failureMessage": null
    },
    {
      "leaks": false,
      "numFailingTests": 0,
      "numPassingTests": 89,
      "numPendingTests": 0,
      "numTodoTests": 0,
      "openHandles": [],
      "perfStats": {
        "end": 1769789708930,
        "runtime": 5689,
        "slow": true,
        "start": 1769789703241
      },
      "skipped": false,
      "snapshot": {
        "added": 0,
        "fileDeleted": false,
        "matched": 0,
        "unchecked": 0,
        "uncheckedKeys": [],
        "unmatched": 0,
        "updated": 0
      },
      "testFilePath": "/home/matt/household-project/server/tests/security/comprehensive_rbac_crud.test.js",
      "testResults": [
        {
          "ancestorTitles": [
            "🛡️ Comprehensive SaaS RBAC & CRUD Lifecycle",
            "🔑 Role-Based Access Control (RBAC) Integrity",
            "Entity: Members"
          ],
          "duration": 169,
          "failureDetails": [],
          "failureMessages": [],
          "fullName": "🛡️ Comprehensive SaaS RBAC & CRUD Lifecycle 🔑 Role-Based Access Control (RBAC) Integrity Entity: Members [MEMBER] should perform CREATE and UPDATE on Members",
          "invocations": 1,
          "location": null,
          "numPassingAsserts": 2,
          "retryReasons": [],
          "status": "passed",
          "title": "[MEMBER] should perform CREATE and UPDATE on Members"
        },
        {
          "ancestorTitles": [
            "🛡️ Comprehensive SaaS RBAC & CRUD Lifecycle",
            "🔑 Role-Based Access Control (RBAC) Integrity",
            "Entity: Members"
          ],
          "duration": 5,
          "failureDetails": [],
          "failureMessages": [],
          "fullName": "🛡️ Comprehensive SaaS RBAC & CRUD Lifecycle 🔑 Role-Based Access Control (RBAC) Integrity Entity: Members [VIEWER] should be BLOCKED from CREATE on Members",
          "invocations": 1,
          "location": null,
          "numPassingAsserts": 1,
          "retryReasons": [],
          "status": "passed",
          "title": "[VIEWER] should be BLOCKED from CREATE on Members"
        },
        {
          "ancestorTitles": [
            "🛡️ Comprehensive SaaS RBAC & CRUD Lifecycle",
            "🔑 Role-Based Access Control (RBAC) Integrity",
            "Entity: Members"
          ],
          "duration": 6,
          "failureDetails": [],
          "failureMessages": [],
          "fullName": "🛡️ Comprehensive SaaS RBAC & CRUD Lifecycle 🔑 Role-Based Access Control (RBAC) Integrity Entity: Members [OUTSIDER] should be BLOCKED from READ on Members",
          "invocations": 1,
          "location": null,
          "numPassingAsserts": 1,
          "retryReasons": [],
          "status": "passed",
          "title": "[OUTSIDER] should be BLOCKED from READ on Members"
        },
        {
          "ancestorTitles": [
            "🛡️ Comprehensive SaaS RBAC & CRUD Lifecycle",
            "🔑 Role-Based Access Control (RBAC) Integrity",
            "Entity: Members"
          ],
          "duration": 5,
          "failureDetails": [],
          "failureMessages": [],
          "fullName": "🛡️ Comprehensive SaaS RBAC & CRUD Lifecycle 🔑 Role-Based Access Control (RBAC) Integrity Entity: Members [OUTSIDER] should be BLOCKED from UPDATE on Members",
          "invocations": 1,
          "location": null,
          "numPassingAsserts": 1,
          "retryReasons": [],
          "status": "passed",
          "title": "[OUTSIDER] should be BLOCKED from UPDATE on Members"
        },
        {
          "ancestorTitles": [
            "🛡️ Comprehensive SaaS RBAC & CRUD Lifecycle",
            "🔑 Role-Based Access Control (RBAC) Integrity",
            "Entity: Members"
          ],
          "duration": 104,
          "failureDetails": [],
          "failureMessages": [],
          "fullName": "🛡️ Comprehensive SaaS RBAC & CRUD Lifecycle 🔑 Role-Based Access Control (RBAC) Integrity Entity: Members [ADMIN] should perform DELETE on Members",
          "invocations": 1,
          "location": null,
          "numPassingAsserts": 1,
          "retryReasons": [],
          "status": "passed",
          "title": "[ADMIN] should perform DELETE on Members"
        },
        {
          "ancestorTitles": [
            "🛡️ Comprehensive SaaS RBAC & CRUD Lifecycle",
            "🔑 Role-Based Access Control (RBAC) Integrity",
            "Entity: Assets"
          ],
          "duration": 193,
          "failureDetails": [],
          "failureMessages": [],
          "fullName": "🛡️ Comprehensive SaaS RBAC & CRUD Lifecycle 🔑 Role-Based Access Control (RBAC) Integrity Entity: Assets [MEMBER] should perform CREATE and UPDATE on Assets",
          "invocations": 1,
          "location": null,
          "numPassingAsserts": 2,
          "retryReasons": [],
          "status": "passed",
          "title": "[MEMBER] should perform CREATE and UPDATE on Assets"
        },
        {
          "ancestorTitles": [
            "🛡️ Comprehensive SaaS RBAC & CRUD Lifecycle",
            "🔑 Role-Based Access Control (RBAC) Integrity",
            "Entity: Assets"
          ],
          "duration": 5,
          "failureDetails": [],
          "failureMessages": [],
          "fullName": "🛡️ Comprehensive SaaS RBAC & CRUD Lifecycle 🔑 Role-Based Access Control (RBAC) Integrity Entity: Assets [VIEWER] should be BLOCKED from CREATE on Assets",
          "invocations": 1,
          "location": null,
          "numPassingAsserts": 1,
          "retryReasons": [],
          "status": "passed",
          "title": "[VIEWER] should be BLOCKED from CREATE on Assets"
        },
        {
          "ancestorTitles": [
            "🛡️ Comprehensive SaaS RBAC & CRUD Lifecycle",
            "🔑 Role-Based Access Control (RBAC) Integrity",
            "Entity: Assets"
          ],
          "duration": 5,
          "failureDetails": [],
          "failureMessages": [],
          "fullName": "🛡️ Comprehensive SaaS RBAC & CRUD Lifecycle 🔑 Role-Based Access Control (RBAC) Integrity Entity: Assets [OUTSIDER] should be BLOCKED from READ on Assets",
          "invocations": 1,
          "location": null,
          "numPassingAsserts": 1,
          "retryReasons": [],
          "status": "passed",
          "title": "[OUTSIDER] should be BLOCKED from READ on Assets"
        },
        {
          "ancestorTitles": [
            "🛡️ Comprehensive SaaS RBAC & CRUD Lifecycle",
            "🔑 Role-Based Access Control (RBAC) Integrity",
            "Entity: Assets"
          ],
          "duration": 6,
          "failureDetails": [],
          "failureMessages": [],
          "fullName": "🛡️ Comprehensive SaaS RBAC & CRUD Lifecycle 🔑 Role-Based Access Control (RBAC) Integrity Entity: Assets [OUTSIDER] should be BLOCKED from UPDATE on Assets",
          "invocations": 1,
          "location": null,
          "numPassingAsserts": 1,
          "retryReasons": [],
          "status": "passed",
          "title": "[OUTSIDER] should be BLOCKED from UPDATE on Assets"
        },
        {
          "ancestorTitles": [
            "🛡️ Comprehensive SaaS RBAC & CRUD Lifecycle",
            "🔑 Role-Based Access Control (RBAC) Integrity",
            "Entity: Assets"
          ],
          "duration": 86,
          "failureDetails": [],
          "failureMessages": [],
          "fullName": "🛡️ Comprehensive SaaS RBAC & CRUD Lifecycle 🔑 Role-Based Access Control (RBAC) Integrity Entity: Assets [ADMIN] should perform DELETE on Assets",
          "invocations": 1,
          "location": null,
          "numPassingAsserts": 1,
          "retryReasons": [],
          "status": "passed",
          "title": "[ADMIN] should perform DELETE on Assets"
        },
        {
          "ancestorTitles": [
            "🛡️ Comprehensive SaaS RBAC & CRUD Lifecycle",
            "🔑 Role-Based Access Control (RBAC) Integrity",
            "Entity: Vehicles"
          ],
          "duration": 208,
          "failureDetails": [],
          "failureMessages": [],
          "fullName": "🛡️ Comprehensive SaaS RBAC & CRUD Lifecycle 🔑 Role-Based Access Control (RBAC) Integrity Entity: Vehicles [MEMBER] should perform CREATE and UPDATE on Vehicles",
          "invocations": 1,
          "location": null,
          "numPassingAsserts": 2,
          "retryReasons": [],
          "status": "passed",
          "title": "[MEMBER] should perform CREATE and UPDATE on Vehicles"
        },
        {
          "ancestorTitles": [
            "🛡️ Comprehensive SaaS RBAC & CRUD Lifecycle",
            "🔑 Role-Based Access Control (RBAC) Integrity",
            "Entity: Vehicles"
          ],
          "duration": 5,
          "failureDetails": [],
          "failureMessages": [],
          "fullName": "🛡️ Comprehensive SaaS RBAC & CRUD Lifecycle 🔑 Role-Based Access Control (RBAC) Integrity Entity: Vehicles [VIEWER] should be BLOCKED from CREATE on Vehicles",
          "invocations": 1,
          "location": null,
          "numPassingAsserts": 1,
          "retryReasons": [],
          "status": "passed",
          "title": "[VIEWER] should be BLOCKED from CREATE on Vehicles"
        },
        {
          "ancestorTitles": [
            "🛡️ Comprehensive SaaS RBAC & CRUD Lifecycle",
            "🔑 Role-Based Access Control (RBAC) Integrity",
            "Entity: Vehicles"
          ],
          "duration": 5,
          "failureDetails": [],
          "failureMessages": [],
          "fullName": "🛡️ Comprehensive SaaS RBAC & CRUD Lifecycle 🔑 Role-Based Access Control (RBAC) Integrity Entity: Vehicles [OUTSIDER] should be BLOCKED from READ on Vehicles",
          "invocations": 1,
          "location": null,
          "numPassingAsserts": 1,
          "retryReasons": [],
          "status": "passed",
          "title": "[OUTSIDER] should be BLOCKED from READ on Vehicles"
        },
        {
          "ancestorTitles": [
            "🛡️ Comprehensive SaaS RBAC & CRUD Lifecycle",
            "🔑 Role-Based Access Control (RBAC) Integrity",
            "Entity: Vehicles"
          ],
          "duration": 6,
          "failureDetails": [],
          "failureMessages": [],
          "fullName": "🛡️ Comprehensive SaaS RBAC & CRUD Lifecycle 🔑 Role-Based Access Control (RBAC) Integrity Entity: Vehicles [OUTSIDER] should be BLOCKED from UPDATE on Vehicles",
          "invocations": 1,
          "location": null,
          "numPassingAsserts": 1,
          "retryReasons": [],
          "status": "passed",
          "title": "[OUTSIDER] should be BLOCKED from UPDATE on Vehicles"
        },
        {
          "ancestorTitles": [
            "🛡️ Comprehensive SaaS RBAC & CRUD Lifecycle",
            "🔑 Role-Based Access Control (RBAC) Integrity",
            "Entity: Vehicles"
          ],
          "duration": 71,
          "failureDetails": [],
          "failureMessages": [],
          "fullName": "🛡️ Comprehensive SaaS RBAC & CRUD Lifecycle 🔑 Role-Based Access Control (RBAC) Integrity Entity: Vehicles [ADMIN] should perform DELETE on Vehicles",
          "invocations": 1,
          "location": null,
          "numPassingAsserts": 1,
          "retryReasons": [],
          "status": "passed",
          "title": "[ADMIN] should perform DELETE on Vehicles"
        },
        {
          "ancestorTitles": [
            "🛡️ Comprehensive SaaS RBAC & CRUD Lifecycle",
            "🔑 Role-Based Access Control (RBAC) Integrity",
            "Entity: Energy"
          ],
          "duration": 187,
          "failureDetails": [],
          "failureMessages": [],
          "fullName": "🛡️ Comprehensive SaaS RBAC & CRUD Lifecycle 🔑 Role-Based Access Control (RBAC) Integrity Entity: Energy [MEMBER] should perform CREATE and UPDATE on Energy",
          "invocations": 1,
          "location": null,
          "numPassingAsserts": 2,
          "retryReasons": [],
          "status": "passed",
          "title": "[MEMBER] should perform CREATE and UPDATE on Energy"
        },
        {
          "ancestorTitles": [
            "🛡️ Comprehensive SaaS RBAC & CRUD Lifecycle",
            "🔑 Role-Based Access Control (RBAC) Integrity",
            "Entity: Energy"
          ],
          "duration": 4,
          "failureDetails": [],
          "failureMessages": [],
          "fullName": "🛡️ Comprehensive SaaS RBAC & CRUD Lifecycle 🔑 Role-Based Access Control (RBAC) Integrity Entity: Energy [VIEWER] should be BLOCKED from CREATE on Energy",
          "invocations": 1,
          "location": null,
          "numPassingAsserts": 1,
          "retryReasons": [],
          "status": "passed",
          "title": "[VIEWER] should be BLOCKED from CREATE on Energy"
        },
        {
          "ancestorTitles": [
            "🛡️ Comprehensive SaaS RBAC & CRUD Lifecycle",
            "🔑 Role-Based Access Control (RBAC) Integrity",
            "Entity: Energy"
          ],
          "duration": 4,
          "failureDetails": [],
          "failureMessages": [],
          "fullName": "🛡️ Comprehensive SaaS RBAC & CRUD Lifecycle 🔑 Role-Based Access Control (RBAC) Integrity Entity: Energy [OUTSIDER] should be BLOCKED from READ on Energy",
          "invocations": 1,
          "location": null,
          "numPassingAsserts": 1,
          "retryReasons": [],
          "status": "passed",
          "title": "[OUTSIDER] should be BLOCKED from READ on Energy"
        },
        {
          "ancestorTitles": [
            "🛡️ Comprehensive SaaS RBAC & CRUD Lifecycle",
            "🔑 Role-Based Access Control (RBAC) Integrity",
            "Entity: Energy"
          ],
          "duration": 5,
          "failureDetails": [],
          "failureMessages": [],
          "fullName": "🛡️ Comprehensive SaaS RBAC & CRUD Lifecycle 🔑 Role-Based Access Control (RBAC) Integrity Entity: Energy [OUTSIDER] should be BLOCKED from UPDATE on Energy",
          "invocations": 1,
          "location": null,
          "numPassingAsserts": 1,
          "retryReasons": [],
          "status": "passed",
          "title": "[OUTSIDER] should be BLOCKED from UPDATE on Energy"
        },
        {
          "ancestorTitles": [
            "🛡️ Comprehensive SaaS RBAC & CRUD Lifecycle",
            "🔑 Role-Based Access Control (RBAC) Integrity",
            "Entity: Energy"
          ],
          "duration": 85,
          "failureDetails": [],
          "failureMessages": [],
          "fullName": "🛡️ Comprehensive SaaS RBAC & CRUD Lifecycle 🔑 Role-Based Access Control (RBAC) Integrity Entity: Energy [ADMIN] should perform DELETE on Energy",
          "invocations": 1,
          "location": null,
          "numPassingAsserts": 1,
          "retryReasons": [],
          "status": "passed",
          "title": "[ADMIN] should perform DELETE on Energy"
        },
        {
          "ancestorTitles": [
            "🛡️ Comprehensive SaaS RBAC & CRUD Lifecycle",
            "🔑 Role-Based Access Control (RBAC) Integrity",
            "Entity: Charges"
          ],
          "duration": 192,
          "failureDetails": [],
          "failureMessages": [],
          "fullName": "🛡️ Comprehensive SaaS RBAC & CRUD Lifecycle 🔑 Role-Based Access Control (RBAC) Integrity Entity: Charges [MEMBER] should perform CREATE and UPDATE on Charges",
          "invocations": 1,
          "location": null,
          "numPassingAsserts": 2,
          "retryReasons": [],
          "status": "passed",
          "title": "[MEMBER] should perform CREATE and UPDATE on Charges"
        },
        {
          "ancestorTitles": [
            "🛡️ Comprehensive SaaS RBAC & CRUD Lifecycle",
            "🔑 Role-Based Access Control (RBAC) Integrity",
            "Entity: Charges"
          ],
          "duration": 5,
          "failureDetails": [],
          "failureMessages": [],
          "fullName": "🛡️ Comprehensive SaaS RBAC & CRUD Lifecycle 🔑 Role-Based Access Control (RBAC) Integrity Entity: Charges [VIEWER] should be BLOCKED from CREATE on Charges",
          "invocations": 1,
          "location": null,
          "numPassingAsserts": 1,
          "retryReasons": [],
          "status": "passed",
          "title": "[VIEWER] should be BLOCKED from CREATE on Charges"
        },
        {
          "ancestorTitles": [
            "🛡️ Comprehensive SaaS RBAC & CRUD Lifecycle",
            "🔑 Role-Based Access Control (RBAC) Integrity",
            "Entity: Charges"
          ],
          "duration": 5,
          "failureDetails": [],
          "failureMessages": [],
          "fullName": "🛡️ Comprehensive SaaS RBAC & CRUD Lifecycle 🔑 Role-Based Access Control (RBAC) Integrity Entity: Charges [OUTSIDER] should be BLOCKED from READ on Charges",
          "invocations": 1,
          "location": null,
          "numPassingAsserts": 1,
          "retryReasons": [],
          "status": "passed",
          "title": "[OUTSIDER] should be BLOCKED from READ on Charges"
        },
        {
          "ancestorTitles": [
            "🛡️ Comprehensive SaaS RBAC & CRUD Lifecycle",
            "🔑 Role-Based Access Control (RBAC) Integrity",
            "Entity: Charges"
          ],
          "duration": 5,
          "failureDetails": [],
          "failureMessages": [],
          "fullName": "🛡️ Comprehensive SaaS RBAC & CRUD Lifecycle 🔑 Role-Based Access Control (RBAC) Integrity Entity: Charges [OUTSIDER] should be BLOCKED from UPDATE on Charges",
          "invocations": 1,
          "location": null,
          "numPassingAsserts": 1,
          "retryReasons": [],
          "status": "passed",
          "title": "[OUTSIDER] should be BLOCKED from UPDATE on Charges"
        },
        {
          "ancestorTitles": [
            "🛡️ Comprehensive SaaS RBAC & CRUD Lifecycle",
            "🔑 Role-Based Access Control (RBAC) Integrity",
            "Entity: Charges"
          ],
          "duration": 91,
          "failureDetails": [],
          "failureMessages": [],
          "fullName": "🛡️ Comprehensive SaaS RBAC & CRUD Lifecycle 🔑 Role-Based Access Control (RBAC) Integrity Entity: Charges [ADMIN] should perform DELETE on Charges",
          "invocations": 1,
          "location": null,
          "numPassingAsserts": 1,
          "retryReasons": [],
          "status": "passed",
          "title": "[ADMIN] should perform DELETE on Charges"
        },
        {
          "ancestorTitles": [
            "🛡️ Comprehensive SaaS RBAC & CRUD Lifecycle",
            "🔑 Role-Based Access Control (RBAC) Integrity",
            "Entity: Meals"
          ],
          "duration": 132,
          "failureDetails": [],
          "failureMessages": [],
          "fullName": "🛡️ Comprehensive SaaS RBAC & CRUD Lifecycle 🔑 Role-Based Access Control (RBAC) Integrity Entity: Meals [MEMBER] should perform CREATE and UPDATE on Meals",
          "invocations": 1,
          "location": null,
          "numPassingAsserts": 2,
          "retryReasons": [],
          "status": "passed",
          "title": "[MEMBER] should perform CREATE and UPDATE on Meals"
        },
        {
          "ancestorTitles": [
            "🛡️ Comprehensive SaaS RBAC & CRUD Lifecycle",
            "🔑 Role-Based Access Control (RBAC) Integrity",
            "Entity: Meals"
          ],
          "duration": 5,
          "failureDetails": [],
          "failureMessages": [],
          "fullName": "🛡️ Comprehensive SaaS RBAC & CRUD Lifecycle 🔑 Role-Based Access Control (RBAC) Integrity Entity: Meals [VIEWER] should be BLOCKED from CREATE on Meals",
          "invocations": 1,
          "location": null,
          "numPassingAsserts": 1,
          "retryReasons": [],
          "status": "passed",
          "title": "[VIEWER] should be BLOCKED from CREATE on Meals"
        },
        {
          "ancestorTitles": [
            "🛡️ Comprehensive SaaS RBAC & CRUD Lifecycle",
            "🔑 Role-Based Access Control (RBAC) Integrity",
            "Entity: Meals"
          ],
          "duration": 6,
          "failureDetails": [],
          "failureMessages": [],
          "fullName": "🛡️ Comprehensive SaaS RBAC & CRUD Lifecycle 🔑 Role-Based Access Control (RBAC) Integrity Entity: Meals [OUTSIDER] should be BLOCKED from READ on Meals",
          "invocations": 1,
          "location": null,
          "numPassingAsserts": 1,
          "retryReasons": [],
          "status": "passed",
          "title": "[OUTSIDER] should be BLOCKED from READ on Meals"
        },
        {
          "ancestorTitles": [
            "🛡️ Comprehensive SaaS RBAC & CRUD Lifecycle",
            "🔑 Role-Based Access Control (RBAC) Integrity",
            "Entity: Meals"
          ],
          "duration": 6,
          "failureDetails": [],
          "failureMessages": [],
          "fullName": "🛡️ Comprehensive SaaS RBAC & CRUD Lifecycle 🔑 Role-Based Access Control (RBAC) Integrity Entity: Meals [OUTSIDER] should be BLOCKED from UPDATE on Meals",
          "invocations": 1,
          "location": null,
          "numPassingAsserts": 1,
          "retryReasons": [],
          "status": "passed",
          "title": "[OUTSIDER] should be BLOCKED from UPDATE on Meals"
        },
        {
          "ancestorTitles": [
            "🛡️ Comprehensive SaaS RBAC & CRUD Lifecycle",
            "🔑 Role-Based Access Control (RBAC) Integrity",
            "Entity: Meals"
          ],
          "duration": 25,
          "failureDetails": [],
          "failureMessages": [],
          "fullName": "🛡️ Comprehensive SaaS RBAC & CRUD Lifecycle 🔑 Role-Based Access Control (RBAC) Integrity Entity: Meals [ADMIN] should perform DELETE on Meals",
          "invocations": 1,
          "location": null,
          "numPassingAsserts": 1,
          "retryReasons": [],
          "status": "passed",
          "title": "[ADMIN] should perform DELETE on Meals"
        },
        {
          "ancestorTitles": [
            "🛡️ Comprehensive SaaS RBAC & CRUD Lifecycle",
            "🔑 Role-Based Access Control (RBAC) Integrity",
            "Entity: Waste"
          ],
          "duration": 153,
          "failureDetails": [],
          "failureMessages": [],
          "fullName": "🛡️ Comprehensive SaaS RBAC & CRUD Lifecycle 🔑 Role-Based Access Control (RBAC) Integrity Entity: Waste [MEMBER] should perform CREATE and UPDATE on Waste",
          "invocations": 1,
          "location": null,
          "numPassingAsserts": 2,
          "retryReasons": [],
          "status": "passed",
          "title": "[MEMBER] should perform CREATE and UPDATE on Waste"
        },
        {
          "ancestorTitles": [
            "🛡️ Comprehensive SaaS RBAC & CRUD Lifecycle",
            "🔑 Role-Based Access Control (RBAC) Integrity",
            "Entity: Waste"
          ],
          "duration": 5,
          "failureDetails": [],
          "failureMessages": [],
          "fullName": "🛡️ Comprehensive SaaS RBAC & CRUD Lifecycle 🔑 Role-Based Access Control (RBAC) Integrity Entity: Waste [VIEWER] should be BLOCKED from CREATE on Waste",
          "invocations": 1,
          "location": null,
          "numPassingAsserts": 1,
          "retryReasons": [],
          "status": "passed",
          "title": "[VIEWER] should be BLOCKED from CREATE on Waste"
        },
        {
          "ancestorTitles": [
            "🛡️ Comprehensive SaaS RBAC & CRUD Lifecycle",
            "🔑 Role-Based Access Control (RBAC) Integrity",
            "Entity: Waste"
          ],
          "duration": 6,
          "failureDetails": [],
          "failureMessages": [],
          "fullName": "🛡️ Comprehensive SaaS RBAC & CRUD Lifecycle 🔑 Role-Based Access Control (RBAC) Integrity Entity: Waste [OUTSIDER] should be BLOCKED from READ on Waste",
          "invocations": 1,
          "location": null,
          "numPassingAsserts": 1,
          "retryReasons": [],
          "status": "passed",
          "title": "[OUTSIDER] should be BLOCKED from READ on Waste"
        },
        {
          "ancestorTitles": [
            "🛡️ Comprehensive SaaS RBAC & CRUD Lifecycle",
            "🔑 Role-Based Access Control (RBAC) Integrity",
            "Entity: Waste"
          ],
          "duration": 6,
          "failureDetails": [],
          "failureMessages": [],
          "fullName": "🛡️ Comprehensive SaaS RBAC & CRUD Lifecycle 🔑 Role-Based Access Control (RBAC) Integrity Entity: Waste [OUTSIDER] should be BLOCKED from UPDATE on Waste",
          "invocations": 1,
          "location": null,
          "numPassingAsserts": 1,
          "retryReasons": [],
          "status": "passed",
          "title": "[OUTSIDER] should be BLOCKED from UPDATE on Waste"
        },
        {
          "ancestorTitles": [
            "🛡️ Comprehensive SaaS RBAC & CRUD Lifecycle",
            "🔑 Role-Based Access Control (RBAC) Integrity",
            "Entity: Waste"
          ],
          "duration": 87,
          "failureDetails": [],
          "failureMessages": [],
          "fullName": "🛡️ Comprehensive SaaS RBAC & CRUD Lifecycle 🔑 Role-Based Access Control (RBAC) Integrity Entity: Waste [ADMIN] should perform DELETE on Waste",
          "invocations": 1,
          "location": null,
          "numPassingAsserts": 1,
          "retryReasons": [],
          "status": "passed",
          "title": "[ADMIN] should perform DELETE on Waste"
        },
        {
          "ancestorTitles": [
            "🛡️ Comprehensive SaaS RBAC & CRUD Lifecycle",
            "🔑 Role-Based Access Control (RBAC) Integrity",
            "Entity: Finance Income"
          ],
          "duration": 211,
          "failureDetails": [],
          "failureMessages": [],
          "fullName": "🛡️ Comprehensive SaaS RBAC & CRUD Lifecycle 🔑 Role-Based Access Control (RBAC) Integrity Entity: Finance Income [MEMBER] should perform CREATE and UPDATE on Finance Income",
          "invocations": 1,
          "location": null,
          "numPassingAsserts": 2,
          "retryReasons": [],
          "status": "passed",
          "title": "[MEMBER] should perform CREATE and UPDATE on Finance Income"
        },
        {
          "ancestorTitles": [
            "🛡️ Comprehensive SaaS RBAC & CRUD Lifecycle",
            "🔑 Role-Based Access Control (RBAC) Integrity",
            "Entity: Finance Income"
          ],
          "duration": 4,
          "failureDetails": [],
          "failureMessages": [],
          "fullName": "🛡️ Comprehensive SaaS RBAC & CRUD Lifecycle 🔑 Role-Based Access Control (RBAC) Integrity Entity: Finance Income [VIEWER] should be BLOCKED from CREATE on Finance Income",
          "invocations": 1,
          "location": null,
          "numPassingAsserts": 1,
          "retryReasons": [],
          "status": "passed",
          "title": "[VIEWER] should be BLOCKED from CREATE on Finance Income"
        },
        {
          "ancestorTitles": [
            "🛡️ Comprehensive SaaS RBAC & CRUD Lifecycle",
            "🔑 Role-Based Access Control (RBAC) Integrity",
            "Entity: Finance Income"
          ],
          "duration": 6,
          "failureDetails": [],
          "failureMessages": [],
          "fullName": "🛡️ Comprehensive SaaS RBAC & CRUD Lifecycle 🔑 Role-Based Access Control (RBAC) Integrity Entity: Finance Income [OUTSIDER] should be BLOCKED from READ on Finance Income",
          "invocations": 1,
          "location": null,
          "numPassingAsserts": 1,
          "retryReasons": [],
          "status": "passed",
          "title": "[OUTSIDER] should be BLOCKED from READ on Finance Income"
        },
        {
          "ancestorTitles": [
            "🛡️ Comprehensive SaaS RBAC & CRUD Lifecycle",
            "🔑 Role-Based Access Control (RBAC) Integrity",
            "Entity: Finance Income"
          ],
          "duration": 5,
          "failureDetails": [],
          "failureMessages": [],
          "fullName": "🛡️ Comprehensive SaaS RBAC & CRUD Lifecycle 🔑 Role-Based Access Control (RBAC) Integrity Entity: Finance Income [OUTSIDER] should be BLOCKED from UPDATE on Finance Income",
          "invocations": 1,
          "location": null,
          "numPassingAsserts": 1,
          "retryReasons": [],
          "status": "passed",
          "title": "[OUTSIDER] should be BLOCKED from UPDATE on Finance Income"
        },
        {
          "ancestorTitles": [
            "🛡️ Comprehensive SaaS RBAC & CRUD Lifecycle",
            "🔑 Role-Based Access Control (RBAC) Integrity",
            "Entity: Finance Income"
          ],
          "duration": 68,
          "failureDetails": [],
          "failureMessages": [],
          "fullName": "🛡️ Comprehensive SaaS RBAC & CRUD Lifecycle 🔑 Role-Based Access Control (RBAC) Integrity Entity: Finance Income [ADMIN] should perform DELETE on Finance Income",
          "invocations": 1,
          "location": null,
          "numPassingAsserts": 1,
          "retryReasons": [],
          "status": "passed",
          "title": "[ADMIN] should perform DELETE on Finance Income"
        },
        {
          "ancestorTitles": [
            "🛡️ Comprehensive SaaS RBAC & CRUD Lifecycle",
            "🔑 Role-Based Access Control (RBAC) Integrity",
            "Entity: Finance Savings"
          ],
          "duration": 179,
          "failureDetails": [],
          "failureMessages": [],
          "fullName": "🛡️ Comprehensive SaaS RBAC & CRUD Lifecycle 🔑 Role-Based Access Control (RBAC) Integrity Entity: Finance Savings [MEMBER] should perform CREATE and UPDATE on Finance Savings",
          "invocations": 1,
          "location": null,
          "numPassingAsserts": 2,
          "retryReasons": [],
          "status": "passed",
          "title": "[MEMBER] should perform CREATE and UPDATE on Finance Savings"
        },
        {
          "ancestorTitles": [
            "🛡️ Comprehensive SaaS RBAC & CRUD Lifecycle",
            "🔑 Role-Based Access Control (RBAC) Integrity",
            "Entity: Finance Savings"
          ],
          "duration": 4,
          "failureDetails": [],
          "failureMessages": [],
          "fullName": "🛡️ Comprehensive SaaS RBAC & CRUD Lifecycle 🔑 Role-Based Access Control (RBAC) Integrity Entity: Finance Savings [VIEWER] should be BLOCKED from CREATE on Finance Savings",
          "invocations": 1,
          "location": null,
          "numPassingAsserts": 1,
          "retryReasons": [],
          "status": "passed",
          "title": "[VIEWER] should be BLOCKED from CREATE on Finance Savings"
        },
        {
          "ancestorTitles": [
            "🛡️ Comprehensive SaaS RBAC & CRUD Lifecycle",
            "🔑 Role-Based Access Control (RBAC) Integrity",
            "Entity: Finance Savings"
          ],
          "duration": 4,
          "failureDetails": [],
          "failureMessages": [],
          "fullName": "🛡️ Comprehensive SaaS RBAC & CRUD Lifecycle 🔑 Role-Based Access Control (RBAC) Integrity Entity: Finance Savings [OUTSIDER] should be BLOCKED from READ on Finance Savings",
          "invocations": 1,
          "location": null,
          "numPassingAsserts": 1,
          "retryReasons": [],
          "status": "passed",
          "title": "[OUTSIDER] should be BLOCKED from READ on Finance Savings"
        },
        {
          "ancestorTitles": [
            "🛡️ Comprehensive SaaS RBAC & CRUD Lifecycle",
            "🔑 Role-Based Access Control (RBAC) Integrity",
            "Entity: Finance Savings"
          ],
          "duration": 4,
          "failureDetails": [],
          "failureMessages": [],
          "fullName": "🛡️ Comprehensive SaaS RBAC & CRUD Lifecycle 🔑 Role-Based Access Control (RBAC) Integrity Entity: Finance Savings [OUTSIDER] should be BLOCKED from UPDATE on Finance Savings",
          "invocations": 1,
          "location": null,
          "numPassingAsserts": 1,
          "retryReasons": [],
          "status": "passed",
          "title": "[OUTSIDER] should be BLOCKED from UPDATE on Finance Savings"
        },
        {
          "ancestorTitles": [
            "🛡️ Comprehensive SaaS RBAC & CRUD Lifecycle",
            "🔑 Role-Based Access Control (RBAC) Integrity",
            "Entity: Finance Savings"
          ],
          "duration": 84,
          "failureDetails": [],
          "failureMessages": [],
          "fullName": "🛡️ Comprehensive SaaS RBAC & CRUD Lifecycle 🔑 Role-Based Access Control (RBAC) Integrity Entity: Finance Savings [ADMIN] should perform DELETE on Finance Savings",
          "invocations": 1,
          "location": null,
          "numPassingAsserts": 1,
          "retryReasons": [],
          "status": "passed",
          "title": "[ADMIN] should perform DELETE on Finance Savings"
        },
        {
          "ancestorTitles": [
            "🛡️ Comprehensive SaaS RBAC & CRUD Lifecycle",
            "🔑 Role-Based Access Control (RBAC) Integrity",
            "Entity: Finance Current Accounts"
          ],
          "duration": 209,
          "failureDetails": [],
          "failureMessages": [],
          "fullName": "🛡️ Comprehensive SaaS RBAC & CRUD Lifecycle 🔑 Role-Based Access Control (RBAC) Integrity Entity: Finance Current Accounts [MEMBER] should perform CREATE and UPDATE on Finance Current Accounts",
          "invocations": 1,
          "location": null,
          "numPassingAsserts": 2,
          "retryReasons": [],
          "status": "passed",
          "title": "[MEMBER] should perform CREATE and UPDATE on Finance Current Accounts"
        },
        {
          "ancestorTitles": [
            "🛡️ Comprehensive SaaS RBAC & CRUD Lifecycle",
            "🔑 Role-Based Access Control (RBAC) Integrity",
            "Entity: Finance Current Accounts"
          ],
          "duration": 4,
          "failureDetails": [],
          "failureMessages": [],
          "fullName": "🛡️ Comprehensive SaaS RBAC & CRUD Lifecycle 🔑 Role-Based Access Control (RBAC) Integrity Entity: Finance Current Accounts [VIEWER] should be BLOCKED from CREATE on Finance Current Accounts",
          "invocations": 1,
          "location": null,
          "numPassingAsserts": 1,
          "retryReasons": [],
          "status": "passed",
          "title": "[VIEWER] should be BLOCKED from CREATE on Finance Current Accounts"
        },
        {
          "ancestorTitles": [
            "🛡️ Comprehensive SaaS RBAC & CRUD Lifecycle",
            "🔑 Role-Based Access Control (RBAC) Integrity",
            "Entity: Finance Current Accounts"
          ],
          "duration": 5,
          "failureDetails": [],
          "failureMessages": [],
          "fullName": "🛡️ Comprehensive SaaS RBAC & CRUD Lifecycle 🔑 Role-Based Access Control (RBAC) Integrity Entity: Finance Current Accounts [OUTSIDER] should be BLOCKED from READ on Finance Current Accounts",
          "invocations": 1,
          "location": null,
          "numPassingAsserts": 1,
          "retryReasons": [],
          "status": "passed",
          "title": "[OUTSIDER] should be BLOCKED from READ on Finance Current Accounts"
        },
        {
          "ancestorTitles": [
            "🛡️ Comprehensive SaaS RBAC & CRUD Lifecycle",
            "🔑 Role-Based Access Control (RBAC) Integrity",
            "Entity: Finance Current Accounts"
          ],
          "duration": 6,
          "failureDetails": [],
          "failureMessages": [],
          "fullName": "🛡️ Comprehensive SaaS RBAC & CRUD Lifecycle 🔑 Role-Based Access Control (RBAC) Integrity Entity: Finance Current Accounts [OUTSIDER] should be BLOCKED from UPDATE on Finance Current Accounts",
          "invocations": 1,
          "location": null,
          "numPassingAsserts": 1,
          "retryReasons": [],
          "status": "passed",
          "title": "[OUTSIDER] should be BLOCKED from UPDATE on Finance Current Accounts"
        },
        {
          "ancestorTitles": [
            "🛡️ Comprehensive SaaS RBAC & CRUD Lifecycle",
            "🔑 Role-Based Access Control (RBAC) Integrity",
            "Entity: Finance Current Accounts"
          ],
          "duration": 85,
          "failureDetails": [],
          "failureMessages": [],
          "fullName": "🛡️ Comprehensive SaaS RBAC & CRUD Lifecycle 🔑 Role-Based Access Control (RBAC) Integrity Entity: Finance Current Accounts [ADMIN] should perform DELETE on Finance Current Accounts",
          "invocations": 1,
          "location": null,
          "numPassingAsserts": 1,
          "retryReasons": [],
          "status": "passed",
          "title": "[ADMIN] should perform DELETE on Finance Current Accounts"
        },
        {
          "ancestorTitles": [
            "🛡️ Comprehensive SaaS RBAC & CRUD Lifecycle",
            "🔑 Role-Based Access Control (RBAC) Integrity",
            "Entity: Finance Credit Cards"
          ],
          "duration": 171,
          "failureDetails": [],
          "failureMessages": [],
          "fullName": "🛡️ Comprehensive SaaS RBAC & CRUD Lifecycle 🔑 Role-Based Access Control (RBAC) Integrity Entity: Finance Credit Cards [MEMBER] should perform CREATE and UPDATE on Finance Credit Cards",
          "invocations": 1,
          "location": null,
          "numPassingAsserts": 2,
          "retryReasons": [],
          "status": "passed",
          "title": "[MEMBER] should perform CREATE and UPDATE on Finance Credit Cards"
        },
        {
          "ancestorTitles": [
            "🛡️ Comprehensive SaaS RBAC & CRUD Lifecycle",
            "🔑 Role-Based Access Control (RBAC) Integrity",
            "Entity: Finance Credit Cards"
          ],
          "duration": 4,
          "failureDetails": [],
          "failureMessages": [],
          "fullName": "🛡️ Comprehensive SaaS RBAC & CRUD Lifecycle 🔑 Role-Based Access Control (RBAC) Integrity Entity: Finance Credit Cards [VIEWER] should be BLOCKED from CREATE on Finance Credit Cards",
          "invocations": 1,
          "location": null,
          "numPassingAsserts": 1,
          "retryReasons": [],
          "status": "passed",
          "title": "[VIEWER] should be BLOCKED from CREATE on Finance Credit Cards"
        },
        {
          "ancestorTitles": [
            "🛡️ Comprehensive SaaS RBAC & CRUD Lifecycle",
            "🔑 Role-Based Access Control (RBAC) Integrity",
            "Entity: Finance Credit Cards"
          ],
          "duration": 5,
          "failureDetails": [],
          "failureMessages": [],
          "fullName": "🛡️ Comprehensive SaaS RBAC & CRUD Lifecycle 🔑 Role-Based Access Control (RBAC) Integrity Entity: Finance Credit Cards [OUTSIDER] should be BLOCKED from READ on Finance Credit Cards",
          "invocations": 1,
          "location": null,
          "numPassingAsserts": 1,
          "retryReasons": [],
          "status": "passed",
          "title": "[OUTSIDER] should be BLOCKED from READ on Finance Credit Cards"
        },
        {
          "ancestorTitles": [
            "🛡️ Comprehensive SaaS RBAC & CRUD Lifecycle",
            "🔑 Role-Based Access Control (RBAC) Integrity",
            "Entity: Finance Credit Cards"
          ],
          "duration": 4,
          "failureDetails": [],
          "failureMessages": [],
          "fullName": "🛡️ Comprehensive SaaS RBAC & CRUD Lifecycle 🔑 Role-Based Access Control (RBAC) Integrity Entity: Finance Credit Cards [OUTSIDER] should be BLOCKED from UPDATE on Finance Credit Cards",
          "invocations": 1,
          "location": null,
          "numPassingAsserts": 1,
          "retryReasons": [],
          "status": "passed",
          "title": "[OUTSIDER] should be BLOCKED from UPDATE on Finance Credit Cards"
        },
        {
          "ancestorTitles": [
            "🛡️ Comprehensive SaaS RBAC & CRUD Lifecycle",
            "🔑 Role-Based Access Control (RBAC) Integrity",
            "Entity: Finance Credit Cards"
          ],
          "duration": 75,
          "failureDetails": [],
          "failureMessages": [],
          "fullName": "🛡️ Comprehensive SaaS RBAC & CRUD Lifecycle 🔑 Role-Based Access Control (RBAC) Integrity Entity: Finance Credit Cards [ADMIN] should perform DELETE on Finance Credit Cards",
          "invocations": 1,
          "location": null,
          "numPassingAsserts": 1,
          "retryReasons": [],
          "status": "passed",
          "title": "[ADMIN] should perform DELETE on Finance Credit Cards"
        },
        {
          "ancestorTitles": [
            "🛡️ Comprehensive SaaS RBAC & CRUD Lifecycle",
            "🔑 Role-Based Access Control (RBAC) Integrity",
            "Entity: Finance Loans"
          ],
          "duration": 216,
          "failureDetails": [],
          "failureMessages": [],
          "fullName": "🛡️ Comprehensive SaaS RBAC & CRUD Lifecycle 🔑 Role-Based Access Control (RBAC) Integrity Entity: Finance Loans [MEMBER] should perform CREATE and UPDATE on Finance Loans",
          "invocations": 1,
          "location": null,
          "numPassingAsserts": 2,
          "retryReasons": [],
          "status": "passed",
          "title": "[MEMBER] should perform CREATE and UPDATE on Finance Loans"
        },
        {
          "ancestorTitles": [
            "🛡️ Comprehensive SaaS RBAC & CRUD Lifecycle",
            "🔑 Role-Based Access Control (RBAC) Integrity",
            "Entity: Finance Loans"
          ],
          "duration": 5,
          "failureDetails": [],
          "failureMessages": [],
          "fullName": "🛡️ Comprehensive SaaS RBAC & CRUD Lifecycle 🔑 Role-Based Access Control (RBAC) Integrity Entity: Finance Loans [VIEWER] should be BLOCKED from CREATE on Finance Loans",
          "invocations": 1,
          "location": null,
          "numPassingAsserts": 1,
          "retryReasons": [],
          "status": "passed",
          "title": "[VIEWER] should be BLOCKED from CREATE on Finance Loans"
        },
        {
          "ancestorTitles": [
            "🛡️ Comprehensive SaaS RBAC & CRUD Lifecycle",
[...]
        "end": 1769789723806,
        "runtime": 1139,
        "slow": false,
        "start": 1769789722667
      },
      "skipped": false,
      "snapshot": {
        "added": 0,
        "fileDeleted": false,
        "matched": 0,
        "unchecked": 0,
        "uncheckedKeys": [],
        "unmatched": 0,
        "updated": 0
      },
      "testFilePath": "/home/matt/household-project/server/tests/integration/meals.test.js",
      "testResults": [
        {
          "ancestorTitles": [
            "Meal Planner API"
          ],
          "duration": 224,
          "failureDetails": [],
          "failureMessages": [],
          "fullName": "Meal Planner API should create, list, and delete a MEAL",
          "invocations": 1,
          "location": null,
          "numPassingAsserts": 5,
          "retryReasons": [],
          "status": "passed",
          "title": "should create, list, and delete a MEAL"
        },
        {
          "ancestorTitles": [
            "Meal Planner API"
          ],
          "duration": 374,
          "failureDetails": [],
          "failureMessages": [],
          "fullName": "Meal Planner API should assign a meal and verify copy logic",
          "invocations": 1,
          "location": null,
          "numPassingAsserts": 8,
          "retryReasons": [],
          "status": "passed",
          "title": "should assign a meal and verify copy logic"
        }
      ],
      "failureMessage": null
    },
    {
      "leaks": false,
      "numFailingTests": 0,
      "numPassingTests": 3,
      "numPendingTests": 0,
      "numTodoTests": 0,
      "openHandles": [],
      "perfStats": {
        "end": 1769789726015,
        "runtime": 2205,
        "slow": false,
        "start": 1769789723810
      },
      "skipped": false,
      "snapshot": {
        "added": 0,
        "fileDeleted": false,
        "matched": 0,
        "unchecked": 0,
        "uncheckedKeys": [],
        "unmatched": 0,
        "updated": 0
      },
      "testFilePath": "/home/matt/household-project/server/tests/integration/finance.test.js",
      "testResults": [
        {
          "ancestorTitles": [
            "Feature: Financial Management",
            "Utilities (Water/Council/Energy)"
          ],
          "duration": 369,
          "failureDetails": [],
          "failureMessages": [],
          "fullName": "Feature: Financial Management Utilities (Water/Council/Energy) should create and check Water info",
          "invocations": 1,
          "location": null,
          "numPassingAsserts": 3,
          "retryReasons": [],
          "status": "passed",
          "title": "should create and check Water info"
        },
        {
          "ancestorTitles": [
            "Feature: Financial Management",
            "Utilities (Water/Council/Energy)"
          ],
          "duration": 365,
          "failureDetails": [],
          "failureMessages": [],
          "fullName": "Feature: Financial Management Utilities (Water/Council/Energy) should create and check Council Tax info",
          "invocations": 1,
          "location": null,
          "numPassingAsserts": 3,
          "retryReasons": [],
          "status": "passed",
          "title": "should create and check Council Tax info"
        },
        {
          "ancestorTitles": [
            "Feature: Financial Management",
            "Utilities (Water/Council/Energy)"
          ],
          "duration": 713,
          "failureDetails": [],
          "failureMessages": [],
          "fullName": "Feature: Financial Management Utilities (Water/Council/Energy) should CRUD Energy accounts",
          "invocations": 1,
          "location": null,
          "numPassingAsserts": 2,
          "retryReasons": [],
          "status": "passed",
          "title": "should CRUD Energy accounts"
        }
      ],
      "failureMessage": null
    },
    {
      "leaks": false,
      "numFailingTests": 0,
      "numPassingTests": 4,
      "numPendingTests": 0,
      "numTodoTests": 0,
      "openHandles": [],
      "perfStats": {
        "end": 1769789726619,
        "runtime": 598,
        "slow": false,
        "start": 1769789726021
      },
      "skipped": false,
      "snapshot": {
        "added": 0,
        "fileDeleted": false,
        "matched": 0,
        "unchecked": 0,
        "uncheckedKeys": [],
        "unmatched": 0,
        "updated": 0
      },
      "testFilePath": "/home/matt/household-project/server/tests/integration/admin_users.test.js",
      "testResults": [
        {
          "ancestorTitles": [
            "Admin User Management API",
            "User Management"
          ],
          "duration": 40,
          "failureDetails": [],
          "failureMessages": [],
          "fullName": "Admin User Management API User Management should create a new member",
          "invocations": 1,
          "location": null,
          "numPassingAsserts": 1,
          "retryReasons": [],
          "status": "passed",
          "title": "should create a new member"
        },
        {
          "ancestorTitles": [
            "Admin User Management API",
            "User Management"
          ],
          "duration": 9,
          "failureDetails": [],
          "failureMessages": [],
          "fullName": "Admin User Management API User Management should list users",
          "invocations": 1,
          "location": null,
          "numPassingAsserts": 2,
          "retryReasons": [],
          "status": "passed",
          "title": "should list users"
        },
        {
          "ancestorTitles": [
            "Admin User Management API",
            "User Management"
          ],
          "duration": 9,
          "failureDetails": [],
          "failureMessages": [],
          "fullName": "Admin User Management API User Management should update user",
          "invocations": 1,
          "location": null,
          "numPassingAsserts": 1,
          "retryReasons": [],
          "status": "passed",
          "title": "should update user"
        },
        {
          "ancestorTitles": [
            "Admin User Management API",
            "User Management"
          ],
          "duration": 8,
          "failureDetails": [],
          "failureMessages": [],
          "fullName": "Admin User Management API User Management should remove user from household",
          "invocations": 1,
          "location": null,
          "numPassingAsserts": 1,
          "retryReasons": [],
          "status": "passed",
          "title": "should remove user from household"
        }
      ],
      "failureMessage": null
    },
    {
      "leaks": false,
      "numFailingTests": 0,
      "numPassingTests": 5,
      "numPendingTests": 0,
      "numTodoTests": 0,
      "openHandles": [],
      "perfStats": {
        "end": 1769789727339,
        "runtime": 716,
        "slow": false,
        "start": 1769789726623
      },
      "skipped": false,
      "snapshot": {
        "added": 0,
        "fileDeleted": false,
        "matched": 0,
        "unchecked": 0,
        "uncheckedKeys": [],
        "unmatched": 0,
        "updated": 0
      },
      "testFilePath": "/home/matt/household-project/server/tests/performance/load.test.js",
      "testResults": [
        {
          "ancestorTitles": [
            "Performance & Speed Tests"
          ],
          "duration": 54,
          "failureDetails": [],
          "failureMessages": [],
          "fullName": "Performance & Speed Tests should measure login speed (Heavy Bcrypt)",
          "invocations": 1,
          "location": null,
          "numPassingAsserts": 1,
          "retryReasons": [],
          "status": "passed",
          "title": "should measure login speed (Heavy Bcrypt)"
        },
        {
          "ancestorTitles": [
            "Performance & Speed Tests"
          ],
          "duration": 91,
          "failureDetails": [],
          "failureMessages": [],
          "fullName": "Performance & Speed Tests should measure GET assets speed (Plain Read)",
          "invocations": 1,
          "location": null,
          "numPassingAsserts": 1,
          "retryReasons": [],
          "status": "passed",
          "title": "should measure GET assets speed (Plain Read)"
        },
        {
          "ancestorTitles": [
            "Performance & Speed Tests"
          ],
          "duration": 76,
          "failureDetails": [],
          "failureMessages": [],
          "fullName": "Performance & Speed Tests should measure GET finance savings speed (Decryption Overhead)",
          "invocations": 1,
          "location": null,
          "numPassingAsserts": 1,
          "retryReasons": [],
          "status": "passed",
          "title": "should measure GET finance savings speed (Decryption Overhead)"
        },
        {
          "ancestorTitles": [
            "Performance & Speed Tests"
          ],
          "duration": 32,
          "failureDetails": [],
          "failureMessages": [],
          "fullName": "Performance & Speed Tests should measure POST asset speed (Plain Write)",
          "invocations": 1,
          "location": null,
          "numPassingAsserts": 1,
          "retryReasons": [],
          "status": "passed",
          "title": "should measure POST asset speed (Plain Write)"
        },
        {
          "ancestorTitles": [
            "Performance & Speed Tests"
          ],
          "duration": 261,
          "failureDetails": [],
          "failureMessages": [],
          "fullName": "Performance & Speed Tests should handle \"Load\" (Concurrent requests)",
          "invocations": 1,
          "location": null,
          "numPassingAsserts": 1,
          "retryReasons": [],
          "status": "passed",
          "title": "should handle \"Load\" (Concurrent requests)"
        }
      ],
      "failureMessage": null
    },
    {
      "leaks": false,
      "numFailingTests": 0,
      "numPassingTests": 8,
      "numPendingTests": 0,
      "numTodoTests": 0,
      "openHandles": [],
      "perfStats": {
        "end": 1769789727988,
        "runtime": 643,
        "slow": false,
        "start": 1769789727345
      },
      "skipped": false,
      "snapshot": {
        "added": 0,
        "fileDeleted": false,
        "matched": 0,
        "unchecked": 0,
        "uncheckedKeys": [],
        "unmatched": 0,
        "updated": 0
      },
      "testFilePath": "/home/matt/household-project/server/tests/security/viewer_restrictions.test.js",
      "testResults": [
        {
          "ancestorTitles": [
            "Viewer Role Restrictions"
          ],
          "duration": 8,
          "failureDetails": [],
          "failureMessages": [],
          "fullName": "Viewer Role Restrictions should block VIEWER from creating Member",
          "invocations": 1,
          "location": null,
          "numPassingAsserts": 1,
          "retryReasons": [],
          "status": "passed",
          "title": "should block VIEWER from creating Member"
        },
        {
          "ancestorTitles": [
            "Viewer Role Restrictions"
          ],
          "duration": 8,
          "failureDetails": [],
          "failureMessages": [],
          "fullName": "Viewer Role Restrictions should block VIEWER from creating Asset",
          "invocations": 1,
          "location": null,
          "numPassingAsserts": 1,
          "retryReasons": [],
          "status": "passed",
          "title": "should block VIEWER from creating Asset"
        },
        {
          "ancestorTitles": [
            "Viewer Role Restrictions"
          ],
          "duration": 8,
          "failureDetails": [],
          "failureMessages": [],
          "fullName": "Viewer Role Restrictions should block VIEWER from creating Vehicle",
          "invocations": 1,
          "location": null,
          "numPassingAsserts": 1,
          "retryReasons": [],
          "status": "passed",
          "title": "should block VIEWER from creating Vehicle"
        },
        {
          "ancestorTitles": [
            "Viewer Role Restrictions"
          ],
          "duration": 9,
          "failureDetails": [],
          "failureMessages": [],
          "fullName": "Viewer Role Restrictions should block VIEWER from creating Energy",
          "invocations": 1,
          "location": null,
          "numPassingAsserts": 1,
          "retryReasons": [],
          "status": "passed",
          "title": "should block VIEWER from creating Energy"
        },
        {
          "ancestorTitles": [
            "Viewer Role Restrictions"
          ],
          "duration": 10,
          "failureDetails": [],
          "failureMessages": [],
          "fullName": "Viewer Role Restrictions should block VIEWER from creating Charge",
          "invocations": 1,
          "location": null,
          "numPassingAsserts": 1,
          "retryReasons": [],
          "status": "passed",
          "title": "should block VIEWER from creating Charge"
        },
        {
          "ancestorTitles": [
            "Viewer Role Restrictions"
          ],
          "duration": 7,
          "failureDetails": [],
          "failureMessages": [],
          "fullName": "Viewer Role Restrictions should block VIEWER from creating Income",
          "invocations": 1,
          "location": null,
          "numPassingAsserts": 1,
          "retryReasons": [],
          "status": "passed",
          "title": "should block VIEWER from creating Income"
        },
        {
          "ancestorTitles": [
            "Viewer Role Restrictions"
          ],
          "duration": 7,
          "failureDetails": [],
          "failureMessages": [],
          "fullName": "Viewer Role Restrictions should block VIEWER from creating Waste",
          "invocations": 1,
          "location": null,
          "numPassingAsserts": 1,
          "retryReasons": [],
          "status": "passed",
          "title": "should block VIEWER from creating Waste"
        },
        {
          "ancestorTitles": [
            "Viewer Role Restrictions"
          ],
          "duration": 7,
          "failureDetails": [],
          "failureMessages": [],
          "fullName": "Viewer Role Restrictions should block VIEWER from updating household details",
          "invocations": 1,
          "location": null,
          "numPassingAsserts": 1,
          "retryReasons": [],
          "status": "passed",
          "title": "should block VIEWER from updating household details"
        }
      ],
      "failureMessage": null
    },
    {
      "leaks": false,
      "numFailingTests": 0,
      "numPassingTests": 3,
      "numPendingTests": 0,
      "numTodoTests": 0,
      "openHandles": [],
      "perfStats": {
        "end": 1769789728528,
        "runtime": 536,
        "slow": false,
        "start": 1769789727992
      },
      "skipped": false,
      "snapshot": {
        "added": 0,
        "fileDeleted": false,
        "matched": 0,
        "unchecked": 0,
        "uncheckedKeys": [],
        "unmatched": 0,
        "updated": 0
      },
      "testFilePath": "/home/matt/household-project/server/tests/integration/auth.test.js",
      "testResults": [
        {
          "ancestorTitles": [
            "Auth API"
          ],
          "duration": 157,
          "failureDetails": [],
          "failureMessages": [],
          "fullName": "Auth API POST /auth/register - Create Household + Admin",
          "invocations": 1,
          "location": null,
          "numPassingAsserts": 1,
          "retryReasons": [],
          "status": "passed",
          "title": "POST /auth/register - Create Household + Admin"
        },
        {
          "ancestorTitles": [
            "Auth API"
          ],
          "duration": 205,
          "failureDetails": [],
          "failureMessages": [],
          "fullName": "Auth API should login and receive a token",
          "invocations": 1,
          "location": null,
          "numPassingAsserts": 2,
          "retryReasons": [],
          "status": "passed",
          "title": "should login and receive a token"
        },
        {
          "ancestorTitles": [
            "Auth API"
          ],
          "duration": 12,
          "failureDetails": [],
          "failureMessages": [],
          "fullName": "Auth API should retrieve the user profile",
          "invocations": 1,
          "location": null,
          "numPassingAsserts": 2,
          "retryReasons": [],
          "status": "passed",
          "title": "should retrieve the user profile"
        }
      ],
      "failureMessage": null
    },
    {
      "leaks": false,
      "numFailingTests": 0,
      "numPassingTests": 1,
      "numPendingTests": 0,
      "numTodoTests": 0,
      "openHandles": [],
      "perfStats": {
        "end": 1769789729066,
        "runtime": 534,
        "slow": false,
        "start": 1769789728532
      },
      "skipped": false,
      "snapshot": {
        "added": 0,
        "fileDeleted": false,
        "matched": 0,
        "unchecked": 0,
        "uncheckedKeys": [],
        "unmatched": 0,
        "updated": 0
      },
      "testFilePath": "/home/matt/household-project/server/tests/integration/selector.test.js",
      "testResults": [
        {
          "ancestorTitles": [
            "Household Selector API"
          ],
          "duration": 12,
          "failureDetails": [],
          "failureMessages": [],
          "fullName": "Household Selector API should return a list of households for the current user",
          "invocations": 1,
          "location": null,
          "numPassingAsserts": 3,
          "retryReasons": [],
          "status": "passed",
          "title": "should return a list of households for the current user"
        }
      ],
      "failureMessage": null
    },
    {
      "leaks": false,
      "numFailingTests": 0,
      "numPassingTests": 3,
      "numPendingTests": 0,
      "numTodoTests": 0,
      "openHandles": [],
      "perfStats": {
        "end": 1769789729112,
        "runtime": 42,
        "slow": false,
        "start": 1769789729070
      },
      "skipped": false,
      "snapshot": {
        "added": 0,
        "fileDeleted": false,
        "matched": 0,
        "unchecked": 0,
        "uncheckedKeys": [],
        "unmatched": 0,
        "updated": 0
      },
      "testFilePath": "/home/matt/household-project/server/tests/performance/smoke.test.js",
      "testResults": [
        {
          "ancestorTitles": [
            "Frontend Build Smoke Test"
          ],
          "duration": 0,
          "failureDetails": [],
          "failureMessages": [],
          "fullName": "Frontend Build Smoke Test index.html should exist after build",
          "invocations": 1,
          "location": null,
          "numPassingAsserts": 1,
          "retryReasons": [],
          "status": "passed",
          "title": "index.html should exist after build"
        },
        {
          "ancestorTitles": [
            "Frontend Build Smoke Test"
          ],
          "duration": 0,
          "failureDetails": [],
          "failureMessages": [],
          "fullName": "Frontend Build Smoke Test index.html should contain root div",
          "invocations": 1,
          "location": null,
          "numPassingAsserts": 1,
          "retryReasons": [],
          "status": "passed",
          "title": "index.html should contain root div"
        },
        {
          "ancestorTitles": [
            "Frontend Build Smoke Test"
          ],
          "duration": 1,
          "failureDetails": [],
          "failureMessages": [],
          "fullName": "Frontend Build Smoke Test JS bundle should be referenced",
          "invocations": 1,
          "location": null,
          "numPassingAsserts": 1,
          "retryReasons": [],
          "status": "passed",
          "title": "JS bundle should be referenced"
        }
      ],
      "failureMessage": null
    }
  ],
  "wasInterrupted": false
}