{"numFailedTestSuites":0,"numFailedTests":0,"numPassedTestSuites":1,"numPassedTests":5,"numPendingTestSuites":0,"numPendingTests":0,"numRuntimeErrorTestSuites":0,"numTodoTests":0,"numTotalTestSuites":1,"numTotalTests":5,"openHandles":[],"snapshot":{"added":0,"didUpdate":false,"failure":false,"filesAdded":0,"filesRemoved":0,"filesRemovedList":[],"filesUnmatched":0,"filesUpdated":0,"matched":0,"total":0,"unchecked":0,"uncheckedKeysByFile":[],"unmatched":0,"updated":0},"startTime":1767088465584,"success":true,"testResults":[{"assertionResults":[{"ancestorTitles":["API Integration Tests","POST /setup"],"duration":340,"failing":false,"failureDetails":[],"failureMessages":[],"fullName":"API Integration Tests POST /setup should create a new admin user and household","invocations":1,"location":null,"numPassingAsserts":2,"retryReasons":[],"startAt":1767088466731,"status":"passed","title":"should create a new admin user and household"},{"ancestorTitles":["API Integration Tests","POST /setup"],"duration":274,"failing":false,"failureDetails":[],"failureMessages":[],"fullName":"API Integration Tests POST /setup should return 500 if the user already exists","invocations":1,"location":null,"numPassingAsserts":2,"retryReasons":[],"startAt":1767088467073,"status":"passed","title":"should return 500 if the user already exists"},{"ancestorTitles":["API Integration Tests","POST /login"],"duration":209,"failing":false,"failureDetails":[],"failureMessages":[],"fullName":"API Integration Tests POST /login should login successfully with the credentials created in setup","invocations":1,"location":null,"numPassingAsserts":3,"retryReasons":[],"startAt":1767088467348,"status":"passed","title":"should login successfully with the credentials created in setup"},{"ancestorTitles":["API Integration Tests","POST /login"],"duration":196,"failing":false,"failureDetails":[],"failureMessages":[],"fullName":"API Integration Tests POST /login should return 401 for incorrect password","invocations":1,"location":null,"numPassingAsserts":2,"retryReasons":[],"startAt":1767088467558,"status":"passed","title":"should return 401 for incorrect password"},{"ancestorTitles":["API Integration Tests","GET /system/status"],"duration":21,"failing":false,"failureDetails":[],"failureMessages":[],"fullName":"API Integration Tests GET /system/status should return system status","invocations":1,"location":null,"numPassingAsserts":3,"retryReasons":[],"startAt":1767088467755,"status":"passed","title":"should return system status"}],"endTime":1767088467787,"message":"","name":"/home/matt/household-project/server/tests/api.test.js","startTime":1767088465706,"status":"passed","summary":""}],"wasInterrupted":false}
