{
  "numFailedTestSuites": 0,
  "numFailedTests": 0,
  "numPassedTestSuites": 19,
  "numPassedTests": 227,
  "numPendingTestSuites": 0,
  "numPendingTests": 0,
  "numRuntimeErrorTestSuites": 0,
  "numTodoTests": 0,
  "numTotalTestSuites": 19,
  "numTotalTests": 227,
  "openHandles": [],
  "snapshot": {
    "added": 0,
    "didUpdate": false,
    "failure": false,
    "filesAdded": 0,
    "filesRemoved": 0,
    "filesRemovedList": [],
    "filesUnmatched": 0,
    "filesUpdated": 0,
    "matched": 0,
    "total": 0,
    "unchecked": 0,
    "uncheckedKeysByFile": [],
    "unmatched": 0,
    "updated": 0
  },
  "startTime": 1769623673292,
  "success": false,
  "testResults": [
    {
      "leaks": false,
      "numFailingTests": 0,
      "numPassingTests": 89,
      "numPendingTests": 0,
      "numTodoTests": 0,
      "openHandles": [],
      "perfStats": {
        "end": 1769623684718,
        "runtime": 11303,
        "slow": true,
        "start": 1769623673415
      },
      "skipped": false,
      "snapshot": {
        "added": 0,
        "fileDeleted": false,
        "matched": 0,
        "unchecked": 0,
        "uncheckedKeys": [],
        "unmatched": 0,
        "updated": 0
      },
      "testFilePath": "/home/matt/household-project/server/tests/security/comprehensive_rbac_crud.test.js",
      "testResults": [
        {
          "ancestorTitles": [
            "🛡️ Comprehensive SaaS RBAC & CRUD Lifecycle",
            "🔑 Role-Based Access Control (RBAC) Integrity",
            "Entity: Members"
          ],
          "duration": 582,
          "failureDetails": [],
          "failureMessages": [],
          "fullName": "🛡️ Comprehensive SaaS RBAC & CRUD Lifecycle 🔑 Role-Based Access Control (RBAC) Integrity Entity: Members [MEMBER] should perform CREATE and UPDATE on Members",
          "invocations": 1,
          "location": null,
          "numPassingAsserts": 2,
          "retryReasons": [],
          "status": "passed",
          "title": "[MEMBER] should perform CREATE and UPDATE on Members"
        },
        {
          "ancestorTitles": [
            "🛡️ Comprehensive SaaS RBAC & CRUD Lifecycle",
            "🔑 Role-Based Access Control (RBAC) Integrity",
            "Entity: Members"
          ],
          "duration": 7,
          "failureDetails": [],
          "failureMessages": [],
          "fullName": "🛡️ Comprehensive SaaS RBAC & CRUD Lifecycle 🔑 Role-Based Access Control (RBAC) Integrity Entity: Members [VIEWER] should be BLOCKED from CREATE on Members",
          "invocations": 1,
          "location": null,
          "numPassingAsserts": 1,
          "retryReasons": [],
          "status": "passed",
          "title": "[VIEWER] should be BLOCKED from CREATE on Members"
        },
        {
          "ancestorTitles": [
            "🛡️ Comprehensive SaaS RBAC & CRUD Lifecycle",
            "🔑 Role-Based Access Control (RBAC) Integrity",
            "Entity: Members"
          ],
          "duration": 6,
          "failureDetails": [],
          "failureMessages": [],
          "fullName": "🛡️ Comprehensive SaaS RBAC & CRUD Lifecycle 🔑 Role-Based Access Control (RBAC) Integrity Entity: Members [OUTSIDER] should be BLOCKED from READ on Members",
          "invocations": 1,
          "location": null,
          "numPassingAsserts": 1,
          "retryReasons": [],
          "status": "passed",
          "title": "[OUTSIDER] should be BLOCKED from READ on Members"
        },
        {
          "ancestorTitles": [
            "🛡️ Comprehensive SaaS RBAC & CRUD Lifecycle",
            "🔑 Role-Based Access Control (RBAC) Integrity",
            "Entity: Members"
          ],
          "duration": 7,
          "failureDetails": [],
          "failureMessages": [],
          "fullName": "🛡️ Comprehensive SaaS RBAC & CRUD Lifecycle 🔑 Role-Based Access Control (RBAC) Integrity Entity: Members [OUTSIDER] should be BLOCKED from UPDATE on Members",
          "invocations": 1,
          "location": null,
          "numPassingAsserts": 1,
          "retryReasons": [],
          "status": "passed",
          "title": "[OUTSIDER] should be BLOCKED from UPDATE on Members"
        },
        {
          "ancestorTitles": [
            "🛡️ Comprehensive SaaS RBAC & CRUD Lifecycle",
            "🔑 Role-Based Access Control (RBAC) Integrity",
            "Entity: Members"
          ],
          "duration": 334,
          "failureDetails": [],
          "failureMessages": [],
          "fullName": "🛡️ Comprehensive SaaS RBAC & CRUD Lifecycle 🔑 Role-Based Access Control (RBAC) Integrity Entity: Members [ADMIN] should perform DELETE on Members",
          "invocations": 1,
          "location": null,
          "numPassingAsserts": 1,
          "retryReasons": [],
          "status": "passed",
          "title": "[ADMIN] should perform DELETE on Members"
        },
        {
          "ancestorTitles": [
            "🛡️ Comprehensive SaaS RBAC & CRUD Lifecycle",
            "🔑 Role-Based Access Control (RBAC) Integrity",
            "Entity: Assets"
          ],
          "duration": 580,
          "failureDetails": [],
          "failureMessages": [],
          "fullName": "🛡️ Comprehensive SaaS RBAC & CRUD Lifecycle 🔑 Role-Based Access Control (RBAC) Integrity Entity: Assets [MEMBER] should perform CREATE and UPDATE on Assets",
          "invocations": 1,
          "location": null,
          "numPassingAsserts": 2,
          "retryReasons": [],
          "status": "passed",
          "title": "[MEMBER] should perform CREATE and UPDATE on Assets"
        },
        {
          "ancestorTitles": [
            "🛡️ Comprehensive SaaS RBAC & CRUD Lifecycle",
            "🔑 Role-Based Access Control (RBAC) Integrity",
            "Entity: Assets"
          ],
          "duration": 13,
          "failureDetails": [],
          "failureMessages": [],
          "fullName": "🛡️ Comprehensive SaaS RBAC & CRUD Lifecycle 🔑 Role-Based Access Control (RBAC) Integrity Entity: Assets [VIEWER] should be BLOCKED from CREATE on Assets",
          "invocations": 1,
          "location": null,
          "numPassingAsserts": 1,
          "retryReasons": [],
          "status": "passed",
          "title": "[VIEWER] should be BLOCKED from CREATE on Assets"
        },
        {
          "ancestorTitles": [
            "🛡️ Comprehensive SaaS RBAC & CRUD Lifecycle",
            "🔑 Role-Based Access Control (RBAC) Integrity",
            "Entity: Assets"
          ],
          "duration": 8,
          "failureDetails": [],
          "failureMessages": [],
          "fullName": "🛡️ Comprehensive SaaS RBAC & CRUD Lifecycle 🔑 Role-Based Access Control (RBAC) Integrity Entity: Assets [OUTSIDER] should be BLOCKED from READ on Assets",
          "invocations": 1,
          "location": null,
          "numPassingAsserts": 1,
          "retryReasons": [],
          "status": "passed",
          "title": "[OUTSIDER] should be BLOCKED from READ on Assets"
        },
        {
          "ancestorTitles": [
            "🛡️ Comprehensive SaaS RBAC & CRUD Lifecycle",
            "🔑 Role-Based Access Control (RBAC) Integrity",
            "Entity: Assets"
          ],
          "duration": 8,
          "failureDetails": [],
          "failureMessages": [],
          "fullName": "🛡️ Comprehensive SaaS RBAC & CRUD Lifecycle 🔑 Role-Based Access Control (RBAC) Integrity Entity: Assets [OUTSIDER] should be BLOCKED from UPDATE on Assets",
          "invocations": 1,
          "location": null,
          "numPassingAsserts": 1,
          "retryReasons": [],
          "status": "passed",
          "title": "[OUTSIDER] should be BLOCKED from UPDATE on Assets"
        },
        {
          "ancestorTitles": [
            "🛡️ Comprehensive SaaS RBAC & CRUD Lifecycle",
            "🔑 Role-Based Access Control (RBAC) Integrity",
            "Entity: Assets"
          ],
          "duration": 315,
          "failureDetails": [],
          "failureMessages": [],
          "fullName": "🛡️ Comprehensive SaaS RBAC & CRUD Lifecycle 🔑 Role-Based Access Control (RBAC) Integrity Entity: Assets [ADMIN] should perform DELETE on Assets",
          "invocations": 1,
          "location": null,
          "numPassingAsserts": 1,
          "retryReasons": [],
          "status": "passed",
          "title": "[ADMIN] should perform DELETE on Assets"
        },
        {
          "ancestorTitles": [
            "🛡️ Comprehensive SaaS RBAC & CRUD Lifecycle",
            "🔑 Role-Based Access Control (RBAC) Integrity",
            "Entity: Vehicles"
          ],
          "duration": 586,
          "failureDetails": [],
          "failureMessages": [],
          "fullName": "🛡️ Comprehensive SaaS RBAC & CRUD Lifecycle 🔑 Role-Based Access Control (RBAC) Integrity Entity: Vehicles [MEMBER] should perform CREATE and UPDATE on Vehicles",
          "invocations": 1,
          "location": null,
          "numPassingAsserts": 2,
          "retryReasons": [],
          "status": "passed",
          "title": "[MEMBER] should perform CREATE and UPDATE on Vehicles"
        },
        {
          "ancestorTitles": [
            "🛡️ Comprehensive SaaS RBAC & CRUD Lifecycle",
            "🔑 Role-Based Access Control (RBAC) Integrity",
            "Entity: Vehicles"
          ],
          "duration": 13,
          "failureDetails": [],
          "failureMessages": [],
          "fullName": "🛡️ Comprehensive SaaS RBAC & CRUD Lifecycle 🔑 Role-Based Access Control (RBAC) Integrity Entity: Vehicles [VIEWER] should be BLOCKED from CREATE on Vehicles",
          "invocations": 1,
          "location": null,
          "numPassingAsserts": 1,
          "retryReasons": [],
          "status": "passed",
          "title": "[VIEWER] should be BLOCKED from CREATE on Vehicles"
        },
        {
          "ancestorTitles": [
            "🛡️ Comprehensive SaaS RBAC & CRUD Lifecycle",
            "🔑 Role-Based Access Control (RBAC) Integrity",
            "Entity: Vehicles"
          ],
          "duration": 7,
          "failureDetails": [],
          "failureMessages": [],
          "fullName": "🛡️ Comprehensive SaaS RBAC & CRUD Lifecycle 🔑 Role-Based Access Control (RBAC) Integrity Entity: Vehicles [OUTSIDER] should be BLOCKED from READ on Vehicles",
          "invocations": 1,
          "location": null,
          "numPassingAsserts": 1,
          "retryReasons": [],
          "status": "passed",
          "title": "[OUTSIDER] should be BLOCKED from READ on Vehicles"
        },
        {
          "ancestorTitles": [
            "🛡️ Comprehensive SaaS RBAC & CRUD Lifecycle",
            "🔑 Role-Based Access Control (RBAC) Integrity",
            "Entity: Vehicles"
          ],
          "duration": 7,
          "failureDetails": [],
          "failureMessages": [],
          "fullName": "🛡️ Comprehensive SaaS RBAC & CRUD Lifecycle 🔑 Role-Based Access Control (RBAC) Integrity Entity: Vehicles [OUTSIDER] should be BLOCKED from UPDATE on Vehicles",
          "invocations": 1,
          "location": null,
          "numPassingAsserts": 1,
          "retryReasons": [],
          "status": "passed",
          "title": "[OUTSIDER] should be BLOCKED from UPDATE on Vehicles"
        },
        {
          "ancestorTitles": [
            "🛡️ Comprehensive SaaS RBAC & CRUD Lifecycle",
            "🔑 Role-Based Access Control (RBAC) Integrity",
            "Entity: Vehicles"
          ],
          "duration": 79,
          "failureDetails": [],
          "failureMessages": [],
          "fullName": "🛡️ Comprehensive SaaS RBAC & CRUD Lifecycle 🔑 Role-Based Access Control (RBAC) Integrity Entity: Vehicles [ADMIN] should perform DELETE on Vehicles",
          "invocations": 1,
          "location": null,
          "numPassingAsserts": 1,
          "retryReasons": [],
          "status": "passed",
          "title": "[ADMIN] should perform DELETE on Vehicles"
        },
        {
          "ancestorTitles": [
            "🛡️ Comprehensive SaaS RBAC & CRUD Lifecycle",
            "🔑 Role-Based Access Control (RBAC) Integrity",
            "Entity: Energy"
          ],
          "duration": 48,
          "failureDetails": [],
          "failureMessages": [],
          "fullName": "🛡️ Comprehensive SaaS RBAC & CRUD Lifecycle 🔑 Role-Based Access Control (RBAC) Integrity Entity: Energy [MEMBER] should perform CREATE and UPDATE on Energy",
          "invocations": 1,
          "location": null,
          "numPassingAsserts": 2,
          "retryReasons": [],
          "status": "passed",
          "title": "[MEMBER] should perform CREATE and UPDATE on Energy"
        },
        {
          "ancestorTitles": [
            "🛡️ Comprehensive SaaS RBAC & CRUD Lifecycle",
            "🔑 Role-Based Access Control (RBAC) Integrity",
            "Entity: Energy"
          ],
          "duration": 6,
          "failureDetails": [],
          "failureMessages": [],
          "fullName": "🛡️ Comprehensive SaaS RBAC & CRUD Lifecycle 🔑 Role-Based Access Control (RBAC) Integrity Entity: Energy [VIEWER] should be BLOCKED from CREATE on Energy",
          "invocations": 1,
          "location": null,
          "numPassingAsserts": 1,
          "retryReasons": [],
          "status": "passed",
          "title": "[VIEWER] should be BLOCKED from CREATE on Energy"
        },
        {
          "ancestorTitles": [
            "🛡️ Comprehensive SaaS RBAC & CRUD Lifecycle",
            "🔑 Role-Based Access Control (RBAC) Integrity",
            "Entity: Energy"
          ],
          "duration": 7,
          "failureDetails": [],
          "failureMessages": [],
          "fullName": "🛡️ Comprehensive SaaS RBAC & CRUD Lifecycle 🔑 Role-Based Access Control (RBAC) Integrity Entity: Energy [OUTSIDER] should be BLOCKED from READ on Energy",
          "invocations": 1,
          "location": null,
          "numPassingAsserts": 1,
          "retryReasons": [],
          "status": "passed",
          "title": "[OUTSIDER] should be BLOCKED from READ on Energy"
        },
        {
          "ancestorTitles": [
            "🛡️ Comprehensive SaaS RBAC & CRUD Lifecycle",
            "🔑 Role-Based Access Control (RBAC) Integrity",
            "Entity: Energy"
          ],
          "duration": 7,
          "failureDetails": [],
          "failureMessages": [],
          "fullName": "🛡️ Comprehensive SaaS RBAC & CRUD Lifecycle 🔑 Role-Based Access Control (RBAC) Integrity Entity: Energy [OUTSIDER] should be BLOCKED from UPDATE on Energy",
          "invocations": 1,
          "location": null,
          "numPassingAsserts": 1,
          "retryReasons": [],
          "status": "passed",
          "title": "[OUTSIDER] should be BLOCKED from UPDATE on Energy"
        },
        {
          "ancestorTitles": [
            "🛡️ Comprehensive SaaS RBAC & CRUD Lifecycle",
            "🔑 Role-Based Access Control (RBAC) Integrity",
            "Entity: Energy"
          ],
          "duration": 27,
          "failureDetails": [],
          "failureMessages": [],
          "fullName": "🛡️ Comprehensive SaaS RBAC & CRUD Lifecycle 🔑 Role-Based Access Control (RBAC) Integrity Entity: Energy [ADMIN] should perform DELETE on Energy",
          "invocations": 1,
          "location": null,
          "numPassingAsserts": 1,
          "retryReasons": [],
          "status": "passed",
          "title": "[ADMIN] should perform DELETE on Energy"
        },
        {
          "ancestorTitles": [
            "🛡️ Comprehensive SaaS RBAC & CRUD Lifecycle",
            "🔑 Role-Based Access Control (RBAC) Integrity",
            "Entity: Charges"
          ],
          "duration": 47,
          "failureDetails": [],
          "failureMessages": [],
          "fullName": "🛡️ Comprehensive SaaS RBAC & CRUD Lifecycle 🔑 Role-Based Access Control (RBAC) Integrity Entity: Charges [MEMBER] should perform CREATE and UPDATE on Charges",
          "invocations": 1,
          "location": null,
          "numPassingAsserts": 2,
          "retryReasons": [],
          "status": "passed",
          "title": "[MEMBER] should perform CREATE and UPDATE on Charges"
        },
        {
          "ancestorTitles": [
            "🛡️ Comprehensive SaaS RBAC & CRUD Lifecycle",
            "🔑 Role-Based Access Control (RBAC) Integrity",
            "Entity: Charges"
          ],
          "duration": 6,
          "failureDetails": [],
          "failureMessages": [],
          "fullName": "🛡️ Comprehensive SaaS RBAC & CRUD Lifecycle 🔑 Role-Based Access Control (RBAC) Integrity Entity: Charges [VIEWER] should be BLOCKED from CREATE on Charges",
          "invocations": 1,
          "location": null,
          "numPassingAsserts": 1,
          "retryReasons": [],
          "status": "passed",
          "title": "[VIEWER] should be BLOCKED from CREATE on Charges"
        },
        {
          "ancestorTitles": [
            "🛡️ Comprehensive SaaS RBAC & CRUD Lifecycle",
            "🔑 Role-Based Access Control (RBAC) Integrity",
            "Entity: Charges"
          ],
          "duration": 6,
          "failureDetails": [],
          "failureMessages": [],
          "fullName": "🛡️ Comprehensive SaaS RBAC & CRUD Lifecycle 🔑 Role-Based Access Control (RBAC) Integrity Entity: Charges [OUTSIDER] should be BLOCKED from READ on Charges",
          "invocations": 1,
          "location": null,
          "numPassingAsserts": 1,
          "retryReasons": [],
          "status": "passed",
          "title": "[OUTSIDER] should be BLOCKED from READ on Charges"
        },
        {
          "ancestorTitles": [
            "🛡️ Comprehensive SaaS RBAC & CRUD Lifecycle",
            "🔑 Role-Based Access Control (RBAC) Integrity",
            "Entity: Charges"
          ],
          "duration": 6,
          "failureDetails": [],
          "failureMessages": [],
          "fullName": "🛡️ Comprehensive SaaS RBAC & CRUD Lifecycle 🔑 Role-Based Access Control (RBAC) Integrity Entity: Charges [OUTSIDER] should be BLOCKED from UPDATE on Charges",
          "invocations": 1,
          "location": null,
          "numPassingAsserts": 1,
          "retryReasons": [],
          "status": "passed",
          "title": "[OUTSIDER] should be BLOCKED from UPDATE on Charges"
        },
        {
          "ancestorTitles": [
            "🛡️ Comprehensive SaaS RBAC & CRUD Lifecycle",
            "🔑 Role-Based Access Control (RBAC) Integrity",
            "Entity: Charges"
          ],
          "duration": 23,
          "failureDetails": [],
          "failureMessages": [],
          "fullName": "🛡️ Comprehensive SaaS RBAC & CRUD Lifecycle 🔑 Role-Based Access Control (RBAC) Integrity Entity: Charges [ADMIN] should perform DELETE on Charges",
          "invocations": 1,
          "location": null,
          "numPassingAsserts": 1,
          "retryReasons": [],
          "status": "passed",
          "title": "[ADMIN] should perform DELETE on Charges"
        },
        {
          "ancestorTitles": [
            "🛡️ Comprehensive SaaS RBAC & CRUD Lifecycle",
            "🔑 Role-Based Access Control (RBAC) Integrity",
            "Entity: Meals"
          ],
          "duration": 38,
          "failureDetails": [],
          "failureMessages": [],
          "fullName": "🛡️ Comprehensive SaaS RBAC & CRUD Lifecycle 🔑 Role-Based Access Control (RBAC) Integrity Entity: Meals [MEMBER] should perform CREATE and UPDATE on Meals",
          "invocations": 1,
          "location": null,
          "numPassingAsserts": 2,
          "retryReasons": [],
          "status": "passed",
          "title": "[MEMBER] should perform CREATE and UPDATE on Meals"
        },
        {
          "ancestorTitles": [
            "🛡️ Comprehensive SaaS RBAC & CRUD Lifecycle",
            "🔑 Role-Based Access Control (RBAC) Integrity",
            "Entity: Meals"
          ],
          "duration": 5,
          "failureDetails": [],
          "failureMessages": [],
          "fullName": "🛡️ Comprehensive SaaS RBAC & CRUD Lifecycle 🔑 Role-Based Access Control (RBAC) Integrity Entity: Meals [VIEWER] should be BLOCKED from CREATE on Meals",
          "invocations": 1,
          "location": null,
          "numPassingAsserts": 1,
          "retryReasons": [],
          "status": "passed",
          "title": "[VIEWER] should be BLOCKED from CREATE on Meals"
        },
        {
          "ancestorTitles": [
            "🛡️ Comprehensive SaaS RBAC & CRUD Lifecycle",
            "🔑 Role-Based Access Control (RBAC) Integrity",
            "Entity: Meals"
          ],
          "duration": 5,
          "failureDetails": [],
          "failureMessages": [],
          "fullName": "🛡️ Comprehensive SaaS RBAC & CRUD Lifecycle 🔑 Role-Based Access Control (RBAC) Integrity Entity: Meals [OUTSIDER] should be BLOCKED from READ on Meals",
          "invocations": 1,
          "location": null,
          "numPassingAsserts": 1,
          "retryReasons": [],
          "status": "passed",
          "title": "[OUTSIDER] should be BLOCKED from READ on Meals"
        },
        {
          "ancestorTitles": [
            "🛡️ Comprehensive SaaS RBAC & CRUD Lifecycle",
            "🔑 Role-Based Access Control (RBAC) Integrity",
            "Entity: Meals"
          ],
          "duration": 5,
          "failureDetails": [],
          "failureMessages": [],
          "fullName": "🛡️ Comprehensive SaaS RBAC & CRUD Lifecycle 🔑 Role-Based Access Control (RBAC) Integrity Entity: Meals [OUTSIDER] should be BLOCKED from UPDATE on Meals",
          "invocations": 1,
          "location": null,
          "numPassingAsserts": 1,
          "retryReasons": [],
          "status": "passed",
          "title": "[OUTSIDER] should be BLOCKED from UPDATE on Meals"
        },
        {
          "ancestorTitles": [
            "🛡️ Comprehensive SaaS RBAC & CRUD Lifecycle",
            "🔑 Role-Based Access Control (RBAC) Integrity",
            "Entity: Meals"
          ],
          "duration": 17,
          "failureDetails": [],
          "failureMessages": [],
          "fullName": "🛡️ Comprehensive SaaS RBAC & CRUD Lifecycle 🔑 Role-Based Access Control (RBAC) Integrity Entity: Meals [ADMIN] should perform DELETE on Meals",
          "invocations": 1,
          "location": null,
          "numPassingAsserts": 1,
          "retryReasons": [],
          "status": "passed",
          "title": "[ADMIN] should perform DELETE on Meals"
        },
        {
          "ancestorTitles": [
            "🛡️ Comprehensive SaaS RBAC & CRUD Lifecycle",
            "🔑 Role-Based Access Control (RBAC) Integrity",
            "Entity: Waste"
          ],
          "duration": 36,
          "failureDetails": [],
          "failureMessages": [],
          "fullName": "🛡️ Comprehensive SaaS RBAC & CRUD Lifecycle 🔑 Role-Based Access Control (RBAC) Integrity Entity: Waste [MEMBER] should perform CREATE and UPDATE on Waste",
          "invocations": 1,
          "location": null,
          "numPassingAsserts": 2,
          "retryReasons": [],
          "status": "passed",
          "title": "[MEMBER] should perform CREATE and UPDATE on Waste"
        },
        {
          "ancestorTitles": [
            "🛡️ Comprehensive SaaS RBAC & CRUD Lifecycle",
            "🔑 Role-Based Access Control (RBAC) Integrity",
            "Entity: Waste"
          ],
          "duration": 188,
          "failureDetails": [],
          "failureMessages": [],
          "fullName": "🛡️ Comprehensive SaaS RBAC & CRUD Lifecycle 🔑 Role-Based Access Control (RBAC) Integrity Entity: Waste [VIEWER] should be BLOCKED from CREATE on Waste",
          "invocations": 1,
          "location": null,
          "numPassingAsserts": 1,
          "retryReasons": [],
          "status": "passed",
          "title": "[VIEWER] should be BLOCKED from CREATE on Waste"
        },
        {
          "ancestorTitles": [
            "🛡️ Comprehensive SaaS RBAC & CRUD Lifecycle",
            "🔑 Role-Based Access Control (RBAC) Integrity",
            "Entity: Waste"
          ],
          "duration": 4,
          "failureDetails": [],
          "failureMessages": [],
          "fullName": "🛡️ Comprehensive SaaS RBAC & CRUD Lifecycle 🔑 Role-Based Access Control (RBAC) Integrity Entity: Waste [OUTSIDER] should be BLOCKED from READ on Waste",
          "invocations": 1,
          "location": null,
          "numPassingAsserts": 1,
          "retryReasons": [],
          "status": "passed",
          "title": "[OUTSIDER] should be BLOCKED from READ on Waste"
        },
        {
          "ancestorTitles": [
            "🛡️ Comprehensive SaaS RBAC & CRUD Lifecycle",
            "🔑 Role-Based Access Control (RBAC) Integrity",
            "Entity: Waste"
          ],
          "duration": 5,
          "failureDetails": [],
          "failureMessages": [],
          "fullName": "🛡️ Comprehensive SaaS RBAC & CRUD Lifecycle 🔑 Role-Based Access Control (RBAC) Integrity Entity: Waste [OUTSIDER] should be BLOCKED from UPDATE on Waste",
          "invocations": 1,
          "location": null,
          "numPassingAsserts": 1,
          "retryReasons": [],
          "status": "passed",
          "title": "[OUTSIDER] should be BLOCKED from UPDATE on Waste"
        },
        {
          "ancestorTitles": [
            "🛡️ Comprehensive SaaS RBAC & CRUD Lifecycle",
            "🔑 Role-Based Access Control (RBAC) Integrity",
            "Entity: Waste"
          ],
          "duration": 106,
          "failureDetails": [],
          "failureMessages": [],
          "fullName": "🛡️ Comprehensive SaaS RBAC & CRUD Lifecycle 🔑 Role-Based Access Control (RBAC) Integrity Entity: Waste [ADMIN] should perform DELETE on Waste",
          "invocations": 1,
          "location": null,
          "numPassingAsserts": 1,
          "retryReasons": [],
          "status": "passed",
          "title": "[ADMIN] should perform DELETE on Waste"
        },
        {
          "ancestorTitles": [
            "🛡️ Comprehensive SaaS RBAC & CRUD Lifecycle",
            "🔑 Role-Based Access Control (RBAC) Integrity",
            "Entity: Finance Income"
          ],
          "duration": 564,
          "failureDetails": [],
          "failureMessages": [],
          "fullName": "🛡️ Comprehensive SaaS RBAC & CRUD Lifecycle 🔑 Role-Based Access Control (RBAC) Integrity Entity: Finance Income [MEMBER] should perform CREATE and UPDATE on Finance Income",
          "invocations": 1,
          "location": null,
          "numPassingAsserts": 2,
          "retryReasons": [],
          "status": "passed",
          "title": "[MEMBER] should perform CREATE and UPDATE on Finance Income"
        },
        {
          "ancestorTitles": [
            "🛡️ Comprehensive SaaS RBAC & CRUD Lifecycle",
            "🔑 Role-Based Access Control (RBAC) Integrity",
            "Entity: Finance Income"
          ],
          "duration": 6,
          "failureDetails": [],
          "failureMessages": [],
          "fullName": "🛡️ Comprehensive SaaS RBAC & CRUD Lifecycle 🔑 Role-Based Access Control (RBAC) Integrity Entity: Finance Income [VIEWER] should be BLOCKED from CREATE on Finance Income",
          "invocations": 1,
          "location": null,
          "numPassingAsserts": 1,
          "retryReasons": [],
          "status": "passed",
          "title": "[VIEWER] should be BLOCKED from CREATE on Finance Income"
        },
        {
          "ancestorTitles": [
            "🛡️ Comprehensive SaaS RBAC & CRUD Lifecycle",
            "🔑 Role-Based Access Control (RBAC) Integrity",
            "Entity: Finance Income"
          ],
          "duration": 6,
          "failureDetails": [],
          "failureMessages": [],
          "fullName": "🛡️ Comprehensive SaaS RBAC & CRUD Lifecycle 🔑 Role-Based Access Control (RBAC) Integrity Entity: Finance Income [OUTSIDER] should be BLOCKED from READ on Finance Income",
          "invocations": 1,
          "location": null,
          "numPassingAsserts": 1,
          "retryReasons": [],
          "status": "passed",
          "title": "[OUTSIDER] should be BLOCKED from READ on Finance Income"
        },
        {
          "ancestorTitles": [
            "🛡️ Comprehensive SaaS RBAC & CRUD Lifecycle",
            "🔑 Role-Based Access Control (RBAC) Integrity",
            "Entity: Finance Income"
          ],
          "duration": 6,
          "failureDetails": [],
          "failureMessages": [],
          "fullName": "🛡️ Comprehensive SaaS RBAC & CRUD Lifecycle 🔑 Role-Based Access Control (RBAC) Integrity Entity: Finance Income [OUTSIDER] should be BLOCKED from UPDATE on Finance Income",
          "invocations": 1,
          "location": null,
          "numPassingAsserts": 1,
          "retryReasons": [],
          "status": "passed",
          "title": "[OUTSIDER] should be BLOCKED from UPDATE on Finance Income"
        },
        {
          "ancestorTitles": [
            "🛡️ Comprehensive SaaS RBAC & CRUD Lifecycle",
            "🔑 Role-Based Access Control (RBAC) Integrity",
            "Entity: Finance Income"
          ],
          "duration": 281,
          "failureDetails": [],
          "failureMessages": [],
          "fullName": "🛡️ Comprehensive SaaS RBAC & CRUD Lifecycle 🔑 Role-Based Access Control (RBAC) Integrity Entity: Finance Income [ADMIN] should perform DELETE on Finance Income",
          "invocations": 1,
          "location": null,
          "numPassingAsserts": 1,
          "retryReasons": [],
          "status": "passed",
          "title": "[ADMIN] should perform DELETE on Finance Income"
        },
        {
          "ancestorTitles": [
            "🛡️ Comprehensive SaaS RBAC & CRUD Lifecycle",
            "🔑 Role-Based Access Control (RBAC) Integrity",
            "Entity: Finance Savings"
          ],
          "duration": 568,
          "failureDetails": [],
          "failureMessages": [],
          "fullName": "🛡️ Comprehensive SaaS RBAC & CRUD Lifecycle 🔑 Role-Based Access Control (RBAC) Integrity Entity: Finance Savings [MEMBER] should perform CREATE and UPDATE on Finance Savings",
          "invocations": 1,
          "location": null,
          "numPassingAsserts": 2,
          "retryReasons": [],
          "status": "passed",
          "title": "[MEMBER] should perform CREATE and UPDATE on Finance Savings"
        },
        {
          "ancestorTitles": [
            "🛡️ Comprehensive SaaS RBAC & CRUD Lifecycle",
            "🔑 Role-Based Access Control (RBAC) Integrity",
            "Entity: Finance Savings"
          ],
          "duration": 5,
          "failureDetails": [],
          "failureMessages": [],
          "fullName": "🛡️ Comprehensive SaaS RBAC & CRUD Lifecycle 🔑 Role-Based Access Control (RBAC) Integrity Entity: Finance Savings [VIEWER] should be BLOCKED from CREATE on Finance Savings",
          "invocations": 1,
          "location": null,
          "numPassingAsserts": 1,
          "retryReasons": [],
          "status": "passed",
          "title": "[VIEWER] should be BLOCKED from CREATE on Finance Savings"
        },
        {
          "ancestorTitles": [
            "🛡️ Comprehensive SaaS RBAC & CRUD Lifecycle",
            "🔑 Role-Based Access Control (RBAC) Integrity",
            "Entity: Finance Savings"
          ],
          "duration": 5,
          "failureDetails": [],
          "failureMessages": [],
          "fullName": "🛡️ Comprehensive SaaS RBAC & CRUD Lifecycle 🔑 Role-Based Access Control (RBAC) Integrity Entity: Finance Savings [OUTSIDER] should be BLOCKED from READ on Finance Savings",
          "invocations": 1,
          "location": null,
          "numPassingAsserts": 1,
          "retryReasons": [],
          "status": "passed",
          "title": "[OUTSIDER] should be BLOCKED from READ on Finance Savings"
        },
        {
          "ancestorTitles": [
            "🛡️ Comprehensive SaaS RBAC & CRUD Lifecycle",
            "🔑 Role-Based Access Control (RBAC) Integrity",
            "Entity: Finance Savings"
          ],
          "duration": 6,
          "failureDetails": [],
          "failureMessages": [],
          "fullName": "🛡️ Comprehensive SaaS RBAC & CRUD Lifecycle 🔑 Role-Based Access Control (RBAC) Integrity Entity: Finance Savings [OUTSIDER] should be BLOCKED from UPDATE on Finance Savings",
          "invocations": 1,
          "location": null,
          "numPassingAsserts": 1,
          "retryReasons": [],
          "status": "passed",
          "title": "[OUTSIDER] should be BLOCKED from UPDATE on Finance Savings"
        },
        {
          "ancestorTitles": [
            "🛡️ Comprehensive SaaS RBAC & CRUD Lifecycle",
            "🔑 Role-Based Access Control (RBAC) Integrity",
            "Entity: Finance Savings"
          ],
          "duration": 282,
          "failureDetails": [],
          "failureMessages": [],
          "fullName": "🛡️ Comprehensive SaaS RBAC & CRUD Lifecycle 🔑 Role-Based Access Control (RBAC) Integrity Entity: Finance Savings [ADMIN] should perform DELETE on Finance Savings",
          "invocations": 1,
          "location": null,
          "numPassingAsserts": 1,
          "retryReasons": [],
          "status": "passed",
          "title": "[ADMIN] should perform DELETE on Finance Savings"
        },
        {
          "ancestorTitles": [
            "🛡️ Comprehensive SaaS RBAC & CRUD Lifecycle",
            "🔑 Role-Based Access Control (RBAC) Integrity",
            "Entity: Finance Current Accounts"
          ],
          "duration": 572,
          "failureDetails": [],
          "failureMessages": [],
          "fullName": "🛡️ Comprehensive SaaS RBAC & CRUD Lifecycle 🔑 Role-Based Access Control (RBAC) Integrity Entity: Finance Current Accounts [MEMBER] should perform CREATE and UPDATE on Finance Current Accounts",
          "invocations": 1,
          "location": null,
          "numPassingAsserts": 2,
          "retryReasons": [],
          "status": "passed",
          "title": "[MEMBER] should perform CREATE and UPDATE on Finance Current Accounts"
        },
        {
          "ancestorTitles": [
            "🛡️ Comprehensive SaaS RBAC & CRUD Lifecycle",
            "🔑 Role-Based Access Control (RBAC) Integrity",
            "Entity: Finance Current Accounts"
          ],
          "duration": 5,
          "failureDetails": [],
          "failureMessages": [],
          "fullName": "🛡️ Comprehensive SaaS RBAC & CRUD Lifecycle 🔑 Role-Based Access Control (RBAC) Integrity Entity: Finance Current Accounts [VIEWER] should be BLOCKED from CREATE on Finance Current Accounts",
          "invocations": 1,
          "location": null,
          "numPassingAsserts": 1,
          "retryReasons": [],
          "status": "passed",
          "title": "[VIEWER] should be BLOCKED from CREATE on Finance Current Accounts"
        },
        {
          "ancestorTitles": [
            "🛡️ Comprehensive SaaS RBAC & CRUD Lifecycle",
            "🔑 Role-Based Access Control (RBAC) Integrity",
            "Entity: Finance Current Accounts"
          ],
          "duration": 6,
          "failureDetails": [],
          "failureMessages": [],
          "fullName": "🛡️ Comprehensive SaaS RBAC & CRUD Lifecycle 🔑 Role-Based Access Control (RBAC) Integrity Entity: Finance Current Accounts [OUTSIDER] should be BLOCKED from READ on Finance Current Accounts",
          "invocations": 1,
          "location": null,
          "numPassingAsserts": 1,
          "retryReasons": [],
          "status": "passed",
          "title": "[OUTSIDER] should be BLOCKED from READ on Finance Current Accounts"
        },
        {
          "ancestorTitles": [
            "🛡️ Comprehensive SaaS RBAC & CRUD Lifecycle",
            "🔑 Role-Based Access Control (RBAC) Integrity",
            "Entity: Finance Current Accounts"
          ],
          "duration": 7,
          "failureDetails": [],
          "failureMessages": [],
          "fullName": "🛡️ Comprehensive SaaS RBAC & CRUD Lifecycle 🔑 Role-Based Access Control (RBAC) Integrity Entity: Finance Current Accounts [OUTSIDER] should be BLOCKED from UPDATE on Finance Current Accounts",
          "invocations": 1,
          "location": null,
          "numPassingAsserts": 1,
          "retryReasons": [],
          "status": "passed",
          "title": "[OUTSIDER] should be BLOCKED from UPDATE on Finance Current Accounts"
        },
        {
          "ancestorTitles": [
            "🛡️ Comprehensive SaaS RBAC & CRUD Lifecycle",
            "🔑 Role-Based Access Control (RBAC) Integrity",
            "Entity: Finance Current Accounts"
          ],
          "duration": 369,
          "failureDetails": [],
          "failureMessages": [],
          "fullName": "🛡️ Comprehensive SaaS RBAC & CRUD Lifecycle 🔑 Role-Based Access Control (RBAC) Integrity Entity: Finance Current Accounts [ADMIN] should perform DELETE on Finance Current Accounts",
          "invocations": 1,
          "location": null,
          "numPassingAsserts": 1,
          "retryReasons": [],
          "status": "passed",
          "title": "[ADMIN] should perform DELETE on Finance Current Accounts"
        },
        {
          "ancestorTitles": [
            "🛡️ Comprehensive SaaS RBAC & CRUD Lifecycle",
            "🔑 Role-Based Access Control (RBAC) Integrity",
            "Entity: Finance Credit Cards"
          ],
          "duration": 569,
          "failureDetails": [],
          "failureMessages": [],
          "fullName": "🛡️ Comprehensive SaaS RBAC & CRUD Lifecycle 🔑 Role-Based Access Control (RBAC) Integrity Entity: Finance Credit Cards [MEMBER] should perform CREATE and UPDATE on Finance Credit Cards",
          "invocations": 1,
          "location": null,
          "numPassingAsserts": 2,
          "retryReasons": [],
          "status": "passed",
          "title": "[MEMBER] should perform CREATE and UPDATE on Finance Credit Cards"
        },
        {
          "ancestorTitles": [
            "🛡️ Comprehensive SaaS RBAC & CRUD Lifecycle",
            "🔑 Role-Based Access Control (RBAC) Integrity",
            "Entity: Finance Credit Cards"
          ],
          "duration": 7,
          "failureDetails": [],
          "failureMessages": [],
          "fullName": "🛡️ Comprehensive SaaS RBAC & CRUD Lifecycle 🔑 Role-Based Access Control (RBAC) Integrity Entity: Finance Credit Cards [VIEWER] should be BLOCKED from CREATE on Finance Credit Cards",
          "invocations": 1,
          "location": null,
          "numPassingAsserts": 1,
          "retryReasons": [],
          "status": "passed",
          "title": "[VIEWER] should be BLOCKED from CREATE on Finance Credit Cards"
        },
        {
          "ancestorTitles": [
            "🛡️ Comprehensive SaaS RBAC & CRUD Lifecycle",
            "🔑 Role-Based Access Control (RBAC) Integrity",
            "Entity: Finance Credit Cards"
          ],
          "duration": 5,
          "failureDetails": [],
          "failureMessages": [],
          "fullName": "🛡️ Comprehensive SaaS RBAC & CRUD Lifecycle 🔑 Role-Based Access Control (RBAC) Integrity Entity: Finance Credit Cards [OUTSIDER] should be BLOCKED from READ on Finance Credit Cards",
          "invocations": 1,
          "location": null,
          "numPassingAsserts": 1,
          "retryReasons": [],
          "status": "passed",
          "title": "[OUTSIDER] should be BLOCKED from READ on Finance Credit Cards"
        },
        {
          "ancestorTitles": [
            "🛡️ Comprehensive SaaS RBAC & CRUD Lifecycle",
            "🔑 Role-Based Access Control (RBAC) Integrity",
            "Entity: Finance Credit Cards"
          ],
          "duration": 5,
          "failureDetails": [],
          "failureMessages": [],
          "fullName": "🛡️ Comprehensive SaaS RBAC & CRUD Lifecycle 🔑 Role-Based Access Control (RBAC) Integrity Entity: Finance Credit Cards [OUTSIDER] should be BLOCKED from UPDATE on Finance Credit Cards",
          "invocations": 1,
          "location": null,
          "numPassingAsserts": 1,
          "retryReasons": [],
          "status": "passed",
          "title": "[OUTSIDER] should be BLOCKED from UPDATE on Finance Credit Cards"
        },
        {
          "ancestorTitles": [
            "🛡️ Comprehensive SaaS RBAC & CRUD Lifecycle",
            "🔑 Role-Based Access Control (RBAC) Integrity",
            "Entity: Finance Credit Cards"
          ],
          "duration": 275,
          "failureDetails": [],
          "failureMessages": [],
          "fullName": "🛡️ Comprehensive SaaS RBAC & CRUD Lifecycle 🔑 Role-Based Access Control (RBAC) Integrity Entity: Finance Credit Cards [ADMIN] should perform DELETE on Finance Credit Cards",
          "invocations": 1,
          "location": null,
          "numPassingAsserts": 1,
          "retryReasons": [],
          "status": "passed",
          "title": "[ADMIN] should perform DELETE on Finance Credit Cards"
        },
        {
          "ancestorTitles": [
            "🛡️ Comprehensive SaaS RBAC & CRUD Lifecycle",
            "🔑 Role-Based Access Control (RBAC) Integrity",
            "Entity: Finance Loans"
          ],
          "duration": 933,
          "failureDetails": [],
          "failureMessages": [],
          "fullName": "🛡️ Comprehensive SaaS RBAC & CRUD Lifecycle 🔑 Role-Based Access Control (RBAC) Integrity Entity: Finance Loans [MEMBER] should perform CREATE and UPDATE on Finance Loans",
          "invocations": 1,
          "location": null,
          "numPassingAsserts": 2,
          "retryReasons": [],
          "status": "passed",
          "title": "[MEMBER] should perform CREATE and UPDATE on Finance Loans"
        },
        {
          "ancestorTitles": [
            "🛡️ Comprehensive SaaS RBAC & CRUD Lifecycle",
            "🔑 Role-Based Access Control (RBAC) Integrity",
            "Entity: Finance Loans"
          ],
          "duration": 6,
          "failureDetails": [],
          "failureMessages": [],
          "fullName": "🛡️ Comprehensive SaaS RBAC & CRUD Lifecycle 🔑 Role-Based Access Control (RBAC) Integrity Entity: Finance Loans [VIEWER] should be BLOCKED from CREATE on Finance Loans",
          "invocations": 1,
          "location": null,
          "numPassingAsserts": 1,
          "retryReasons": [],
          "status": "passed",
          "title": "[VIEWER] should be BLOCKED from CREATE on Finance Loans"
        },
        {
          "ancestorTitles": [
            "🛡️ Comprehensive SaaS RBAC & CRUD Lifecycle",
            "🔑 Role-Based Access Control (RBAC) Integrity",
            "Entity: Finance Loans"
          ],
          "duration": 6,
          "failureDetails": [],
          "failureMessages": [],
          "fullName": "🛡️ Comprehensive SaaS RBAC & CRUD Lifecycle 🔑 Role-Based Access Control (RBAC) Integrity Entity: Finance Loans [OUTSIDER] should be BLOCKED from READ on Finance Loans",
          "invocations": 1,
          "location": null,
          "numPassingAsserts": 1,
          "retryReasons": [],
          "status": "passed",
          "title": "[OUTSIDER] should be BLOCKED from READ on Finance Loans"
        },
        {
          "ancestorTitles": [
            "🛡️ Comprehensive SaaS RBAC & CRUD Lifecycle",
            "🔑 Role-Based Access Control (RBAC) Integrity",
            "Entity: Finance Loans"
          ],
          "duration": 7,
          "failureDetails": [],
          "failureMessages": [],
          "fullName": "🛡️ Comprehensive SaaS RBAC & CRUD Lifecycle 🔑 Role-Based Access Control (RBAC) Integrity Entity: Finance Loans [OUTSIDER] should be BLOCKED from UPDATE on Finance Loans",
          "invocations": 1,
          "location": null,
          "numPassingAsserts": 1,
          "retryReasons": [],
          "status": "passed",
          "title": "[OUTSIDER] should be BLOCKED from UPDATE on Finance Loans"
        },
        {
          "ancestorTitles": [
            "🛡️ Comprehensive SaaS RBAC & CRUD Lifecycle",
            "🔑 Role-Based Access Control (RBAC) Integrity",
            "Entity: Finance Loans"
          ],
          "duration": 27,
          "failureDetails": [],
          "failureMessages": [],
          "fullName": "🛡️ Comprehensive SaaS RBAC & CRUD Lifecycle 🔑 Role-Based Access Control (RBAC) Integrity Entity: Finance Loans [ADMIN] should perform DELETE on Finance Loans",
          "invocations": 1,
          "location": null,
          "numPassingAsserts": 1,
          "retryReasons": [],
          "status": "passed",
          "title": "[ADMIN] should perform DELETE on Finance Loans"
        },
        {
          "ancestorTitles": [
            "🛡️ Comprehensive SaaS RBAC & CRUD Lifecycle",
            "🔑 Role-Based Access Control (RBAC) Integrity",
            "Entity: Finance Mortgages"
          ],
          "duration": 53,
          "failureDetails": [],
          "failureMessages": [],
          "fullName": "🛡️ Comprehensive SaaS RBAC & CRUD Lifecycle 🔑 Role-Based Access Control (RBAC) Integrity Entity: Finance Mortgages [MEMBER] should perform CREATE and UPDATE on Finance Mortgages",
          "invocations": 1,
          "location": null,
          "numPassingAsserts": 2,
          "retryReasons": [],
          "status": "passed",
          "title": "[MEMBER] should perform CREATE and UPDATE on Finance Mortgages"
        },
        {
          "ancestorTitles": [
            "🛡️ Comprehensive SaaS RBAC & CRUD Lifecycle",
            "🔑 Role-Based Access Control (RBAC) Integrity",
            "Entity: Finance Mortgages"
          ],
          "duration": 5,
          "failureDetails": [],
          "failureMessages": [],
          "fullName": "🛡️ Comprehensive SaaS RBAC & CRUD Lifecycle 🔑 Role-Based Access Control (RBAC) Integrity Entity: Finance Mortgages [VIEWER] should be BLOCKED from CREATE on Finance Mortgages",
          "invocations": 1,
          "location": null,
          "numPassingAsserts": 1,
          "retryReasons": [],
          "status": "passed",
          "title": "[VIEWER] should be BLOCKED from CREATE on Finance Mortgages"
        },
        {
          "ancestorTitles": [
            "🛡️ Comprehensive SaaS RBAC & CRUD Lifecycle",
            "🔑 Role-Based Access Control (RBAC) Integrity",
            "Entity: Finance Mortgages"
          ],
          "duration": 4,
          "failureDetails": [],
          "failureMessages": [],
          "fullName": "🛡️ Comprehensive SaaS RBAC & CRUD Lifecycle 🔑 Role-Based Access Control (RBAC) Integrity Entity: Finance Mortgages [OUTSIDER] should be BLOCKED from READ on Finance Mortgages",
          "invocations": 1,
          "location": null,
          "numPassingAsserts": 1,
          "retryReasons": [],
          "status": "passed",
          "title": "[OUTSIDER] should be BLOCKED from READ on Finance Mortgages"
        },
        {
          "ancestorTitles": [
            "🛡️ Comprehensive SaaS RBAC & CRUD Lifecycle",
            "🔑 Role-Based Access Control (RBAC) Integrity",
            "Entity: Finance Mortgages"
          ],
          "duration": 5,
          "failureDetails": [],
          "failureMessages": [],
          "fullName": "🛡️ Comprehensive SaaS RBAC & CRUD Lifecycle 🔑 Role-Based Access Control (RBAC) Integrity Entity: Finance Mortgages [OUTSIDER] should be BLOCKED from UPDATE on Finance Mortgages",
          "invocations": 1,
          "location": null,
          "numPassingAsserts": 1,
          "retryReasons": [],
          "status": "passed",
          "title": "[OUTSIDER] should be BLOCKED from UPDATE on Finance Mortgages"
        },
        {
          "ancestorTitles": [
            "🛡️ Comprehensive SaaS RBAC & CRUD Lifecycle",
            "🔑 Role-Based Access Control (RBAC) Integrity",
            "Entity: Finance Mortgages"
          ],
          "duration": 19,
          "failureDetails": [],
          "failureMessages": [],
          "fullName": "🛡️ Comprehensive SaaS RBAC & CRUD Lifecycle 🔑 Role-Based Access Control (RBAC) Integrity Entity: Finance Mortgages [ADMIN] should perform DELETE on Finance Mortgages",
          "invocations": 1,
          "location": null,
          "numPassingAsserts": 1,
          "retryReasons": [],
          "status": "passed",
          "title": "[ADMIN] should perform DELETE on Finance Mortgages"
        },
        {
          "ancestorTitles": [
            "🛡️ Comprehensive SaaS RBAC & CRUD Lifecycle",
            "🔑 Role-Based Access Control (RBAC) Integrity",
            "Entity: Finance Investments"
          ],
          "duration": 40,
          "failureDetails": [],
          "failureMessages": [],
          "fullName": "🛡️ Comprehensive SaaS RBAC & CRUD Lifecycle 🔑 Role-Based Access Control (RBAC) Integrity Entity: Finance Investments [MEMBER] should perform CREATE and UPDATE on Finance Investments",
          "invocations": 1,
          "location": null,
          "numPassingAsserts": 2,
          "retryReasons": [],
          "status": "passed",
          "title": "[MEMBER] should perform CREATE and UPDATE on Finance Investments"
        },
        {
          "ancestorTitles": [
            "🛡️ Comprehensive SaaS RBAC & CRUD Lifecycle",
            "🔑 Role-Based Access Control (RBAC) Integrity",
            "Entity: Finance Investments"
          ],
          "duration": 5,
          "failureDetails": [],
          "failureMessages": [],
          "fullName": "🛡️ Comprehensive SaaS RBAC & CRUD Lifecycle 🔑 Role-Based Access Control (RBAC) Integrity Entity: Finance Investments [VIEWER] should be BLOCKED from CREATE on Finance Investments",
          "invocations": 1,
          "location": null,
          "numPassingAsserts": 1,
          "retryReasons": [],
          "status": "passed",
          "title": "[VIEWER] should be BLOCKED from CREATE on Finance Investments"
        },
        {
          "ancestorTitles": [
            "🛡️ Comprehensive SaaS RBAC & CRUD Lifecycle",
            "🔑 Role-Based Access Control (RBAC) Integrity",
            "Entity: Finance Investments"
          ],
          "duration": 4,
          "failureDetails": [],
          "failureMessages": [],
          "fullName": "🛡️ Comprehensive SaaS RBAC & CRUD Lifecycle 🔑 Role-Based Access Control (RBAC) Integrity Entity: Finance Investments [OUTSIDER] should be BLOCKED from READ on Finance Investments",
          "invocations": 1,
          "location": null,
          "numPassingAsserts": 1,
          "retryReasons": [],
          "status": "passed",
          "title": "[OUTSIDER] should be BLOCKED from READ on Finance Investments"
        },
        {
          "ancestorTitles": [
            "🛡️ Comprehensive SaaS RBAC & CRUD Lifecycle",
            "🔑 Role-Based Access Control (RBAC) Integrity",
            "Entity: Finance Investments"
          ],
          "duration": 5,
          "failureDetails": [],
          "failureMessages": [],
          "fullName": "🛡️ Comprehensive SaaS RBAC & CRUD Lifecycle 🔑 Role-Based Access Control (RBAC) Integrity Entity: Finance Investments [OUTSIDER] should be BLOCKED from UPDATE on Finance Investments",
          "invocations": 1,
          "location": null,
          "numPassingAsserts": 1,
          "retryReasons": [],
          "status": "passed",
          "title": "[OUTSIDER] should be BLOCKED from UPDATE on Finance Investments"
        },
        {
          "ancestorTitles": [
            "🛡️ Comprehensive SaaS RBAC & CRUD Lifecycle",
            "🔑 Role-Based Access Control (RBAC) Integrity",
            "Entity: Finance Investments"
          ],
          "duration": 19,
          "failureDetails": [],
          "failureMessages": [],
          "fullName": "🛡️ Comprehensive SaaS RBAC & CRUD Lifecycle 🔑 Role-Based Access Control (RBAC) Integrity Entity: Finance Investments [ADMIN] should perform DELETE on Finance Investments",
          "invocations": 1,
          "location": null,
          "numPassingAsserts": 1,
          "retryReasons": [],
          "status": "passed",
          "title": "[ADMIN] should perform DELETE on Finance Investments"
        },
        {
          "ancestorTitles": [
            "🛡️ Comprehensive SaaS RBAC & CRUD Lifecycle",
            "🔑 Role-Based Access Control (RBAC) Integrity",
            "Entity: Finance Pensions"
          ],
          "duration": 38,
          "failureDetails": [],
          "failureMessages": [],
          "fullName": "🛡️ Comprehensive SaaS RBAC & CRUD Lifecycle 🔑 Role-Based Access Control (RBAC) Integrity Entity: Finance Pensions [MEMBER] should perform CREATE and UPDATE on Finance Pensions",
          "invocations": 1,
          "location": null,
          "numPassingAsserts": 2,
          "retryReasons": [],
          "status": "passed",
          "title": "[MEMBER] should perform CREATE and UPDATE on Finance Pensions"
        },
        {
          "ancestorTitles": [
            "🛡️ Comprehensive SaaS RBAC & CRUD Lifecycle",
            "🔑 Role-Based Access Control (RBAC) Integrity",
            "Entity: Finance Pensions"
          ],
          "duration": 6,
          "failureDetails": [],
          "failureMessages": [],
          "fullName": "🛡️ Comprehensive SaaS RBAC & CRUD Lifecycle 🔑 Role-Based Access Control (RBAC) Integrity Entity: Finance Pensions [VIEWER] should be BLOCKED from CREATE on Finance Pensions",
          "invocations": 1,
          "location": null,
          "numPassingAsserts": 1,
          "retryReasons": [],
          "status": "passed",
          "title": "[VIEWER] should be BLOCKED from CREATE on Finance Pensions"
        },
        {
          "ancestorTitles": [
            "🛡️ Comprehensive SaaS RBAC & CRUD Lifecycle",
            "🔑 Role-Based Access Control (RBAC) Integrity",
            "Entity: Finance Pensions"
          ],
          "duration": 5,
          "failureDetails": [],
          "failureMessages": [],
          "fullName": "🛡️ Comprehensive SaaS RBAC & CRUD Lifecycle 🔑 Role-Based Access Control (RBAC) Integrity Entity: Finance Pensions [OUTSIDER] should be BLOCKED from READ on Finance Pensions",
          "invocations": 1,
          "location": null,
          "numPassingAsserts": 1,
          "retryReasons": [],
          "status": "passed",
          "title": "[OUTSIDER] should be BLOCKED from READ on Finance Pensions"
        },
        {
          "ancestorTitles": [
            "🛡️ Comprehensive SaaS RBAC & CRUD Lifecycle",
            "🔑 Role-Based Access Control (RBAC) Integrity",
            "Entity: Finance Pensions"
          ],
          "duration": 5,
          "failureDetails": [],
          "failureMessages": [],
          "fullName": "🛡️ Comprehensive SaaS RBAC & CRUD Lifecycle 🔑 Role-Based Access Control (RBAC) Integrity Entity: Finance Pensions [OUTSIDER] should be BLOCKED from UPDATE on Finance Pensions",
          "invocations": 1,
          "location": null,
          "numPassingAsserts": 1,
          "retryReasons": [],
          "status": "passed",
          "title": "[OUTSIDER] should be BLOCKED from UPDATE on Finance Pensions"
        },
        {
          "ancestorTitles": [
            "🛡️ Comprehensive SaaS RBAC & CRUD Lifecycle",
            "🔑 Role-Based Access Control (RBAC) Integrity",
            "Entity: Finance Pensions"
          ],
          "duration": 26,
          "failureDetails": [],
          "failureMessages": [],
          "fullName": "🛡️ Comprehensive SaaS RBAC & CRUD Lifecycle 🔑 Role-Based Access Control (RBAC) Integrity Entity: Finance Pensions [ADMIN] should perform DELETE on Finance Pensions",
          "invocations": 1,
          "location": null,
          "numPassingAsserts": 1,
          "retryReasons": [],
          "status": "passed",
          "title": "[ADMIN] should perform DELETE on Finance Pensions"
        },
        {
          "ancestorTitles": [
            "🛡️ Comprehensive SaaS RBAC & CRUD Lifecycle",
            "🔑 Role-Based Access Control (RBAC) Integrity",
            "Entity: Finance Agreements"
          ],
          "duration": 44,
          "failureDetails": [],
          "failureMessages": [],
          "fullName": "🛡️ Comprehensive SaaS RBAC & CRUD Lifecycle 🔑 Role-Based Access Control (RBAC) Integrity Entity: Finance Agreements [MEMBER] should perform CREATE and UPDATE on Finance Agreements",
          "invocations": 1,
          "location": null,
          "numPassingAsserts": 2,
          "retryReasons": [],
          "status": "passed",
          "title": "[MEMBER] should perform CREATE and UPDATE on Finance Agreements"
        },
        {
          "ancestorTitles": [
            "🛡️ Comprehensive SaaS RBAC & CRUD Lifecycle",
            "🔑 Role-Based Access Control (RBAC) Integrity",
            "Entity: Finance Agreements"
          ],
          "duration": 4,
          "failureDetails": [],
          "failureMessages": [],
          "fullName": "🛡️ Comprehensive SaaS RBAC & CRUD Lifecycle 🔑 Role-Based Access Control (RBAC) Integrity Entity: Finance Agreements [VIEWER] should be BLOCKED from CREATE on Finance Agreements",
          "invocations": 1,
          "location": null,
          "numPassingAsserts": 1,
          "retryReasons": [],
          "status": "passed",
          "title": "[VIEWER] should be BLOCKED from CREATE on Finance Agreements"
        },
        {
          "ancestorTitles": [
            "🛡️ Comprehensive SaaS RBAC & CRUD Lifecycle",
            "🔑 Role-Based Access Control (RBAC) Integrity",
            "Entity: Finance Agreements"
          ],
          "duration": 4,
          "failureDetails": [],
          "failureMessages": [],
          "fullName": "🛡️ Comprehensive SaaS RBAC & CRUD Lifecycle 🔑 Role-Based Access Control (RBAC) Integrity Entity: Finance Agreements [OUTSIDER] should be BLOCKED from READ on Finance Agreements",
          "invocations": 1,
          "location": null,
          "numPassingAsserts": 1,
          "retryReasons": [],
          "status": "passed",
          "title": "[OUTSIDER] should be BLOCKED from READ on Finance Agreements"
        },
        {
          "ancestorTitles": [
            "🛡️ Comprehensive SaaS RBAC & CRUD Lifecycle",
            "🔑 Role-Based Access Control (RBAC) Integrity",
            "Entity: Finance Agreements"
          ],
          "duration": 5,
          "failureDetails": [],
          "failureMessages": [],
          "fullName": "🛡️ Comprehensive SaaS RBAC & CRUD Lifecycle 🔑 Role-Based Access Control (RBAC) Integrity Entity: Finance Agreements [OUTSIDER] should be BLOCKED from UPDATE on Finance Agreements",
          "invocations": 1,
          "location": null,
          "numPassingAsserts": 1,
          "retryReasons": [],
          "status": "passed",
          "title": "[OUTSIDER] should be BLOCKED from UPDATE on Finance Agreements"
        },
        {
          "ancestorTitles": [
            "🛡️ Comprehensive SaaS RBAC & CRUD Lifecycle",
            "🔑 Role-Based Access Control (RBAC) Integrity",
            "Entity: Finance Agreements"
          ],
          "duration": 20,
          "failureDetails": [],
          "failureMessages": [],
          "fullName": "🛡️ Comprehensive SaaS RBAC & CRUD Lifecycle 🔑 Role-Based Access Control (RBAC) Integrity Entity: Finance Agreements [ADMIN] should perform DELETE on Finance Agreements",
          "invocations": 1,
          "location": null,
          "numPassingAsserts": 1,
          "retryReasons": [],
          "status": "passed",
          "title": "[ADMIN] should perform DELETE on Finance Agreements"
        },
        {
          "ancestorTitles": [
            "🛡️ Comprehensive SaaS RBAC & CRUD Lifecycle",
            "🔑 Role-Based Access Control (RBAC) Integrity",
            "Entity: Vehicle Finance"
          ],
          "duration": 40,
          "failureDetails": [],
          "failureMessages": [],
          "fullName": "🛡️ Comprehensive SaaS RBAC & CRUD Lifecycle 🔑 Role-Based Access Control (RBAC) Integrity Entity: Vehicle Finance [MEMBER] should perform CREATE and UPDATE on Vehicle Finance",
          "invocations": 1,
          "location": null,
          "numPassingAsserts": 2,
          "retryReasons": [],
          "status": "passed",
          "title": "[MEMBER] should perform CREATE and UPDATE on Vehicle Finance"
        },
        {
          "ancestorTitles": [
            "🛡️ Comprehensive SaaS RBAC & CRUD Lifecycle",
            "🔑 Role-Based Access Control (RBAC) Integrity",
            "Entity: Vehicle Finance"
          ],
          "duration": 5,
          "failureDetails": [],
          "failureMessages": [],
          "fullName": "🛡️ Comprehensive SaaS RBAC & CRUD Lifecycle 🔑 Role-Based Access Control (RBAC) Integrity Entity: Vehicle Finance [VIEWER] should be BLOCKED from CREATE on Vehicle Finance",
          "invocations": 1,
          "location": null,
          "numPassingAsserts": 1,
          "retryReasons": [],
          "status": "passed",
          "title": "[VIEWER] should be BLOCKED from CREATE on Vehicle Finance"
        },
        {
          "ancestorTitles": [
            "🛡️ Comprehensive SaaS RBAC & CRUD Lifecycle",
            "🔑 Role-Based Access Control (RBAC) Integrity",
            "Entity: Vehicle Finance"
          ],
          "duration": 4,
          "failureDetails": [],
          "failureMessages": [],
          "fullName": "🛡️ Comprehensive SaaS RBAC & CRUD Lifecycle 🔑 Role-Based Access Control (RBAC) Integrity Entity: Vehicle Finance [OUTSIDER] should be BLOCKED from READ on Vehicle Finance",
          "invocations": 1,
          "location": null,
          "numPassingAsserts": 1,
          "retryReasons": [],
          "status": "passed",
          "title": "[OUTSIDER] should be BLOCKED from READ on Vehicle Finance"
        },
        {
          "ancestorTitles": [
            "🛡️ Comprehensive SaaS RBAC & CRUD Lifecycle",
            "🔑 Role-Based Access Control (RBAC) Integrity",
            "Entity: Vehicle Finance"
          ],
          "duration": 4,
          "failureDetails": [],
          "failureMessages": [],
          "fullName": "🛡️ Comprehensive SaaS RBAC & CRUD Lifecycle 🔑 Role-Based Access Control (RBAC) Integrity Entity: Vehicle Finance [OUTSIDER] should be BLOCKED from UPDATE on Vehicle Finance",
          "invocations": 1,
          "location": null,
          "numPassingAsserts": 1,
          "retryReasons": [],
          "status": "passed",
          "title": "[OUTSIDER] should be BLOCKED from UPDATE on Vehicle Finance"
        },
        {
          "ancestorTitles": [
            "🛡️ Comprehensive SaaS RBAC & CRUD Lifecycle",
            "🔑 Role-Based Access Control (RBAC) Integrity",
            "Entity: Vehicle Finance"
          ],
          "duration": 21,
          "failureDetails": [],
          "failureMessages": [],
          "fullName": "🛡️ Comprehensive SaaS RBAC & CRUD Lifecycle 🔑 Role-Based Access Control (RBAC) Integrity Entity: Vehicle Finance [ADMIN] should perform DELETE on Vehicle Finance",
          "invocations": 1,
          "location": null,
          "numPassingAsserts": 1,
          "retryReasons": [],
          "status": "passed",
          "title": "[ADMIN] should perform DELETE on Vehicle Finance"
        },
        {
          "ancestorTitles": [
            "🛡️ Comprehensive SaaS RBAC & CRUD Lifecycle",
            "🏠 Household Management Restrictions"
          ],
          "duration": 5,
          "failureDetails": [],
          "failureMessages": [],
          "fullName": "🛡️ Comprehensive SaaS RBAC & CRUD Lifecycle 🏠 Household Management Restrictions [MEMBER] should be BLOCKED from deleting household",
          "invocations": 1,
          "location": null,
          "numPassingAsserts": 1,
          "retryReasons": [],
          "status": "passed",
          "title": "[MEMBER] should be BLOCKED from deleting household"
        },
        {
          "ancestorTitles": [
            "🛡️ Comprehensive SaaS RBAC & CRUD Lifecycle",
            "🏠 Household Management Restrictions"
          ],
          "duration": 6,
          "failureDetails": [],
          "failureMessages": [],
          "fullName": "🛡️ Comprehensive SaaS RBAC & CRUD Lifecycle 🏠 Household Management Restrictions [ADMIN] should update household details",
          "invocations": 1,
          "location": null,
          "numPassingAsserts": 1,
          "retryReasons": [],
          "status": "passed",
          "title": "[ADMIN] should update household details"
        },
        {
          "ancestorTitles": [
            "🛡️ Comprehensive SaaS RBAC & CRUD Lifecycle",
            "📅 Calendar & Meal Plans"
          ],
          "duration": 36,
          "failureDetails": [],
          "failureMessages": [],
          "fullName": "🛡️ Comprehensive SaaS RBAC & CRUD Lifecycle 📅 Calendar & Meal Plans [MEMBER] should manage meal plans",
          "invocations": 1,
          "location": null,
          "numPassingAsserts": 1,
          "retryReasons": [],
          "status": "passed",
          "title": "[MEMBER] should manage meal plans"
        },
        {
          "ancestorTitles": [
            "🛡️ Comprehensive SaaS RBAC & CRUD Lifecycle",
            "📅 Calendar & Meal Plans"
          ],
          "duration": 118,
          "failureDetails": [],
          "failureMessages": [],
          "fullName": "🛡️ Comprehensive SaaS RBAC & CRUD Lifecycle 📅 Calendar & Meal Plans [VIEWER] should read calendar",
          "invocations": 1,
          "location": null,
          "numPassingAsserts": 2,
          "retryReasons": [],
          "status": "passed",
          "title": "[VIEWER] should read calendar"
        }
      ],
      "failureMessage": null
    },
    {
      "leaks": false,
      "numFailingTests": 0,
      "numPassingTests": 30,
      "numPendingTests": 0,
      "numTodoTests": 0,
      "openHandles": [],
      "perfStats": {
        "end": 1769623691474,
        "runtime": 6724,
        "slow": true,
        "start": 1769623684750
      },
      "skipped": false,
      "snapshot": {
        "added": 0,
        "fileDeleted": false,
        "matched": 0,
        "unchecked": 0,
        "uncheckedKeys": [],
        "unmatched": 0,
        "updated": 0
      },
      "testFilePath": "/home/matt/household-project/server/tests/security/tenancy_stress.test.js",
      "testResults": [
        {
          "ancestorTitles": [
            "🚀 Exhaustive Stress & Isolation Matrix",
            "⚔️ Combinatorial Role vs Table Access",
            "Path: /households/:id/vehicles"
          ],
          "duration": 510,
          "failureDetails": [],
          "failureMessages": [],
          "fullName": "🚀 Exhaustive Stress & Isolation Matrix ⚔️ Combinatorial Role vs Table Access Path: /households/:id/vehicles [ADMIN] Full CRUD on Vehicles",
          "invocations": 1,
          "location": null,
          "numPassingAsserts": 5,
          "retryReasons": [],
          "status": "passed",
          "title": "[ADMIN] Full CRUD on Vehicles"
        },
        {
          "ancestorTitles": [
            "🚀 Exhaustive Stress & Isolation Matrix",
            "⚔️ Combinatorial Role vs Table Access",
            "Path: /households/:id/vehicles"
          ],
          "duration": 28,
          "failureDetails": [],
          "failureMessages": [],
          "fullName": "🚀 Exhaustive Stress & Isolation Matrix ⚔️ Combinatorial Role vs Table Access Path: /households/:id/vehicles [MEMBER] Standard access on Vehicles",
          "invocations": 1,
          "location": null,
          "numPassingAsserts": 1,
          "retryReasons": [],
          "status": "passed",
          "title": "[MEMBER] Standard access on Vehicles"
        },
        {
          "ancestorTitles": [
            "🚀 Exhaustive Stress & Isolation Matrix",
            "⚔️ Combinatorial Role vs Table Access",
            "Path: /households/:id/vehicles"
          ],
          "duration": 22,
          "failureDetails": [],
          "failureMessages": [],
          "fullName": "🚀 Exhaustive Stress & Isolation Matrix ⚔️ Combinatorial Role vs Table Access Path: /households/:id/vehicles [VIEWER] Read-Only restriction on Vehicles",
          "invocations": 1,
          "location": null,
          "numPassingAsserts": 1,
          "retryReasons": [],
          "status": "passed",
          "title": "[VIEWER] Read-Only restriction on Vehicles"
        },
        {
          "ancestorTitles": [
            "🚀 Exhaustive Stress & Isolation Matrix",
            "⚔️ Combinatorial Role vs Table Access",
            "Path: /households/:id/vehicles"
          ],
          "duration": 137,
          "failureDetails": [],
          "failureMessages": [],
          "fullName": "🚀 Exhaustive Stress & Isolation Matrix ⚔️ Combinatorial Role vs Table Access Path: /households/:id/vehicles [CROSS-TENANT] Isolation enforcement on Vehicles",
          "invocations": 1,
          "location": null,
          "numPassingAsserts": 2,
          "retryReasons": [],
          "status": "passed",
          "title": "[CROSS-TENANT] Isolation enforcement on Vehicles"
        },
        {
          "ancestorTitles": [
            "🚀 Exhaustive Stress & Isolation Matrix",
            "⚔️ Combinatorial Role vs Table Access",
            "Path: /households/:id/assets"
          ],
          "duration": 330,
          "failureDetails": [],
          "failureMessages": [],
          "fullName": "🚀 Exhaustive Stress & Isolation Matrix ⚔️ Combinatorial Role vs Table Access Path: /households/:id/assets [ADMIN] Full CRUD on Assets",
          "invocations": 1,
          "location": null,
          "numPassingAsserts": 5,
          "retryReasons": [],
          "status": "passed",
          "title": "[ADMIN] Full CRUD on Assets"
        },
        {
          "ancestorTitles": [
            "🚀 Exhaustive Stress & Isolation Matrix",
            "⚔️ Combinatorial Role vs Table Access",
            "Path: /households/:id/assets"
          ],
          "duration": 22,
          "failureDetails": [],
          "failureMessages": [],
          "fullName": "🚀 Exhaustive Stress & Isolation Matrix ⚔️ Combinatorial Role vs Table Access Path: /households/:id/assets [MEMBER] Standard access on Assets",
          "invocations": 1,
          "location": null,
          "numPassingAsserts": 1,
          "retryReasons": [],
          "status": "passed",
          "title": "[MEMBER] Standard access on Assets"
        },
        {
          "ancestorTitles": [
            "🚀 Exhaustive Stress & Isolation Matrix",
            "⚔️ Combinatorial Role vs Table Access",
            "Path: /households/:id/assets"
          ],
          "duration": 27,
          "failureDetails": [],
          "failureMessages": [],
          "fullName": "🚀 Exhaustive Stress & Isolation Matrix ⚔️ Combinatorial Role vs Table Access Path: /households/:id/assets [VIEWER] Read-Only restriction on Assets",
          "invocations": 1,
          "location": null,
          "numPassingAsserts": 1,
          "retryReasons": [],
          "status": "passed",
          "title": "[VIEWER] Read-Only restriction on Assets"
        },
        {
          "ancestorTitles": [
            "🚀 Exhaustive Stress & Isolation Matrix",
            "⚔️ Combinatorial Role vs Table Access",
            "Path: /households/:id/assets"
          ],
          "duration": 26,
          "failureDetails": [],
          "failureMessages": [],
          "fullName": "🚀 Exhaustive Stress & Isolation Matrix ⚔️ Combinatorial Role vs Table Access Path: /households/:id/assets [CROSS-TENANT] Isolation enforcement on Assets",
          "invocations": 1,
          "location": null,
          "numPassingAsserts": 2,
          "retryReasons": [],
          "status": "passed",
          "title": "[CROSS-TENANT] Isolation enforcement on Assets"
        },
        {
          "ancestorTitles": [
            "🚀 Exhaustive Stress & Isolation Matrix",
            "⚔️ Combinatorial Role vs Table Access",
            "Path: /households/:id/members"
          ],
          "duration": 348,
          "failureDetails": [],
          "failureMessages": [],
          "fullName": "🚀 Exhaustive Stress & Isolation Matrix ⚔️ Combinatorial Role vs Table Access Path: /households/:id/members [ADMIN] Full CRUD on Residents",
          "invocations": 1,
          "location": null,
          "numPassingAsserts": 5,
          "retryReasons": [],
          "status": "passed",
          "title": "[ADMIN] Full CRUD on Residents"
        },
        {
          "ancestorTitles": [
            "🚀 Exhaustive Stress & Isolation Matrix",
            "⚔️ Combinatorial Role vs Table Access",
            "Path: /households/:id/members"
          ],
          "duration": 26,
          "failureDetails": [],
          "failureMessages": [],
          "fullName": "🚀 Exhaustive Stress & Isolation Matrix ⚔️ Combinatorial Role vs Table Access Path: /households/:id/members [MEMBER] Standard access on Residents",
          "invocations": 1,
          "location": null,
          "numPassingAsserts": 1,
          "retryReasons": [],
          "status": "passed",
          "title": "[MEMBER] Standard access on Residents"
        },
        {
          "ancestorTitles": [
            "🚀 Exhaustive Stress & Isolation Matrix",
            "⚔️ Combinatorial Role vs Table Access",
            "Path: /households/:id/members"
          ],
          "duration": 23,
          "failureDetails": [],
          "failureMessages": [],
          "fullName": "🚀 Exhaustive Stress & Isolation Matrix ⚔️ Combinatorial Role vs Table Access Path: /households/:id/members [VIEWER] Read-Only restriction on Residents",
          "invocations": 1,
          "location": null,
          "numPassingAsserts": 1,
          "retryReasons": [],
          "status": "passed",
          "title": "[VIEWER] Read-Only restriction on Residents"
        },
        {
          "ancestorTitles": [
            "🚀 Exhaustive Stress & Isolation Matrix",
            "⚔️ Combinatorial Role vs Table Access",
            "Path: /households/:id/members"
          ],
          "duration": 35,
          "failureDetails": [],
          "failureMessages": [],
          "fullName": "🚀 Exhaustive Stress & Isolation Matrix ⚔️ Combinatorial Role vs Table Access Path: /households/:id/members [CROSS-TENANT] Isolation enforcement on Residents",
          "invocations": 1,
          "location": null,
          "numPassingAsserts": 2,
          "retryReasons": [],
          "status": "passed",
          "title": "[CROSS-TENANT] Isolation enforcement on Residents"
        },
        {
          "ancestorTitles": [
            "🚀 Exhaustive Stress & Isolation Matrix",
            "⚔️ Combinatorial Role vs Table Access",
            "Path: /households/:id/energy"
          ],
          "duration": 344,
          "failureDetails": [],
          "failureMessages": [],
          "fullName": "🚀 Exhaustive Stress & Isolation Matrix ⚔️ Combinatorial Role vs Table Access Path: /households/:id/energy [ADMIN] Full CRUD on Energy",
          "invocations": 1,
          "location": null,
          "numPassingAsserts": 5,
          "retryReasons": [],
          "status": "passed",
          "title": "[ADMIN] Full CRUD on Energy"
        },
        {
          "ancestorTitles": [
            "🚀 Exhaustive Stress & Isolation Matrix",
            "⚔️ Combinatorial Role vs Table Access",
            "Path: /households/:id/energy"
          ],
          "duration": 21,
          "failureDetails": [],
          "failureMessages": [],
          "fullName": "🚀 Exhaustive Stress & Isolation Matrix ⚔️ Combinatorial Role vs Table Access Path: /households/:id/energy [MEMBER] Standard access on Energy",
          "invocations": 1,
          "location": null,
          "numPassingAsserts": 1,
          "retryReasons": [],
          "status": "passed",
          "title": "[MEMBER] Standard access on Energy"
        },
        {
          "ancestorTitles": [
            "🚀 Exhaustive Stress & Isolation Matrix",
            "⚔️ Combinatorial Role vs Table Access",
            "Path: /households/:id/energy"
          ],
          "duration": 24,
          "failureDetails": [],
          "failureMessages": [],
          "fullName": "🚀 Exhaustive Stress & Isolation Matrix ⚔️ Combinatorial Role vs Table Access Path: /households/:id/energy [VIEWER] Read-Only restriction on Energy",
          "invocations": 1,
          "location": null,
          "numPassingAsserts": 1,
          "retryReasons": [],
          "status": "passed",
          "title": "[VIEWER] Read-Only restriction on Energy"
        },
        {
          "ancestorTitles": [
            "🚀 Exhaustive Stress & Isolation Matrix",
            "⚔️ Combinatorial Role vs Table Access",
            "Path: /households/:id/energy"
          ],
          "duration": 27,
          "failureDetails": [],
          "failureMessages": [],
          "fullName": "🚀 Exhaustive Stress & Isolation Matrix ⚔️ Combinatorial Role vs Table Access Path: /households/:id/energy [CROSS-TENANT] Isolation enforcement on Energy",
          "invocations": 1,
          "location": null,
          "numPassingAsserts": 2,
          "retryReasons": [],
          "status": "passed",
          "title": "[CROSS-TENANT] Isolation enforcement on Energy"
        },
        {
          "ancestorTitles": [
            "🚀 Exhaustive Stress & Isolation Matrix",
            "⚔️ Combinatorial Role vs Table Access",
            "Path: /households/:id/finance/charges"
          ],
          "duration": 432,
          "failureDetails": [],
          "failureMessages": [],
          "fullName": "🚀 Exhaustive Stress & Isolation Matrix ⚔️ Combinatorial Role vs Table Access Path: /households/:id/finance/charges [ADMIN] Full CRUD on Recurring Charges",
          "invocations": 1,
          "location": null,
          "numPassingAsserts": 5,
          "retryReasons": [],
          "status": "passed",
          "title": "[ADMIN] Full CRUD on Recurring Charges"
        },
        {
          "ancestorTitles": [
            "🚀 Exhaustive Stress & Isolation Matrix",
            "⚔️ Combinatorial Role vs Table Access",
            "Path: /households/:id/finance/charges"
          ],
          "duration": 201,
          "failureDetails": [],
          "failureMessages": [],
          "fullName": "🚀 Exhaustive Stress & Isolation Matrix ⚔️ Combinatorial Role vs Table Access Path: /households/:id/finance/charges [MEMBER] Standard access on Recurring Charges",
          "invocations": 1,
          "location": null,
          "numPassingAsserts": 1,
          "retryReasons": [],
          "status": "passed",
          "title": "[MEMBER] Standard access on Recurring Charges"
        },
        {
          "ancestorTitles": [
            "🚀 Exhaustive Stress & Isolation Matrix",
            "⚔️ Combinatorial Role vs Table Access",
            "Path: /households/:id/finance/charges"
          ],
          "duration": 23,
          "failureDetails": [],
          "failureMessages": [],
          "fullName": "🚀 Exhaustive Stress & Isolation Matrix ⚔️ Combinatorial Role vs Table Access Path: /households/:id/finance/charges [VIEWER] Read-Only restriction on Recurring Charges",
          "invocations": 1,
          "location": null,
          "numPassingAsserts": 1,
          "retryReasons": [],
          "status": "passed",
          "title": "[VIEWER] Read-Only restriction on Recurring Charges"
        },
        {
          "ancestorTitles": [
            "🚀 Exhaustive Stress & Isolation Matrix",
            "⚔️ Combinatorial Role vs Table Access",
            "Path: /households/:id/finance/charges"
          ],
          "duration": 27,
          "failureDetails": [],
          "failureMessages": [],
          "fullName": "🚀 Exhaustive Stress & Isolation Matrix ⚔️ Combinatorial Role vs Table Access Path: /households/:id/finance/charges [CROSS-TENANT] Isolation enforcement on Recurring Charges",
          "invocations": 1,
          "location": null,
          "numPassingAsserts": 2,
          "retryReasons": [],
          "status": "passed",
          "title": "[CROSS-TENANT] Isolation enforcement on Recurring Charges"
[...]
            "Vehicles"
          ],
          "duration": 134,
          "failureDetails": [],
          "failureMessages": [],
          "fullName": "Feature: Physical Assets & Vehicles Vehicles should create a vehicle",
          "invocations": 1,
          "location": null,
          "numPassingAsserts": 1,
          "retryReasons": [],
          "status": "passed",
          "title": "should create a vehicle"
        },
        {
          "ancestorTitles": [
            "Feature: Physical Assets & Vehicles",
            "Vehicles"
          ],
          "duration": 131,
          "failureDetails": [],
          "failureMessages": [],
          "fullName": "Feature: Physical Assets & Vehicles Vehicles should add a service record",
          "invocations": 1,
          "location": null,
          "numPassingAsserts": 1,
          "retryReasons": [],
          "status": "passed",
          "title": "should add a service record"
        },
        {
          "ancestorTitles": [
            "Feature: Physical Assets & Vehicles",
            "Vehicles"
          ],
          "duration": 157,
          "failureDetails": [],
          "failureMessages": [],
          "fullName": "Feature: Physical Assets & Vehicles Vehicles should add finance info",
          "invocations": 1,
          "location": null,
          "numPassingAsserts": 1,
          "retryReasons": [],
          "status": "passed",
          "title": "should add finance info"
        },
        {
          "ancestorTitles": [
            "Feature: Physical Assets & Vehicles",
            "Vehicles"
          ],
          "duration": 135,
          "failureDetails": [],
          "failureMessages": [],
          "fullName": "Feature: Physical Assets & Vehicles Vehicles should delete the vehicle",
          "invocations": 1,
          "location": null,
          "numPassingAsserts": 1,
          "retryReasons": [],
          "status": "passed",
          "title": "should delete the vehicle"
        }
      ],
      "failureMessage": null
    },
    {
      "leaks": false,
      "numFailingTests": 0,
      "numPassingTests": 2,
      "numPendingTests": 0,
      "numTodoTests": 0,
      "openHandles": [],
      "perfStats": {
        "end": 1769623712807,
        "runtime": 1462,
        "slow": false,
        "start": 1769623711345
      },
      "skipped": false,
      "snapshot": {
        "added": 0,
        "fileDeleted": false,
        "matched": 0,
        "unchecked": 0,
        "uncheckedKeys": [],
        "unmatched": 0,
        "updated": 0
      },
      "testFilePath": "/home/matt/household-project/server/tests/integration/meals.test.js",
      "testResults": [
        {
          "ancestorTitles": [
            "Meal Planner API"
          ],
          "duration": 339,
          "failureDetails": [],
          "failureMessages": [],
          "fullName": "Meal Planner API should create, list, and delete a MEAL",
          "invocations": 1,
          "location": null,
          "numPassingAsserts": 5,
          "retryReasons": [],
          "status": "passed",
          "title": "should create, list, and delete a MEAL"
        },
        {
          "ancestorTitles": [
            "Meal Planner API"
          ],
          "duration": 591,
          "failureDetails": [],
          "failureMessages": [],
          "fullName": "Meal Planner API should assign a meal and verify copy logic",
          "invocations": 1,
          "location": null,
          "numPassingAsserts": 8,
          "retryReasons": [],
          "status": "passed",
          "title": "should assign a meal and verify copy logic"
        }
      ],
      "failureMessage": null
    },
    {
      "leaks": false,
      "numFailingTests": 0,
      "numPassingTests": 8,
      "numPendingTests": 0,
      "numTodoTests": 0,
      "openHandles": [],
      "perfStats": {
        "end": 1769623713572,
        "runtime": 759,
        "slow": false,
        "start": 1769623712813
      },
      "skipped": false,
      "snapshot": {
        "added": 0,
        "fileDeleted": false,
        "matched": 0,
        "unchecked": 0,
        "uncheckedKeys": [],
        "unmatched": 0,
        "updated": 0
      },
      "testFilePath": "/home/matt/household-project/server/tests/security/viewer_restrictions.test.js",
      "testResults": [
        {
          "ancestorTitles": [
            "Viewer Role Restrictions"
          ],
          "duration": 9,
          "failureDetails": [],
          "failureMessages": [],
          "fullName": "Viewer Role Restrictions should block VIEWER from creating Member",
          "invocations": 1,
          "location": null,
          "numPassingAsserts": 1,
          "retryReasons": [],
          "status": "passed",
          "title": "should block VIEWER from creating Member"
        },
        {
          "ancestorTitles": [
            "Viewer Role Restrictions"
          ],
          "duration": 8,
          "failureDetails": [],
          "failureMessages": [],
          "fullName": "Viewer Role Restrictions should block VIEWER from creating Asset",
          "invocations": 1,
          "location": null,
          "numPassingAsserts": 1,
          "retryReasons": [],
          "status": "passed",
          "title": "should block VIEWER from creating Asset"
        },
        {
          "ancestorTitles": [
            "Viewer Role Restrictions"
          ],
          "duration": 9,
          "failureDetails": [],
          "failureMessages": [],
          "fullName": "Viewer Role Restrictions should block VIEWER from creating Vehicle",
          "invocations": 1,
          "location": null,
          "numPassingAsserts": 1,
          "retryReasons": [],
          "status": "passed",
          "title": "should block VIEWER from creating Vehicle"
        },
        {
          "ancestorTitles": [
            "Viewer Role Restrictions"
          ],
          "duration": 8,
          "failureDetails": [],
          "failureMessages": [],
          "fullName": "Viewer Role Restrictions should block VIEWER from creating Energy",
          "invocations": 1,
          "location": null,
          "numPassingAsserts": 1,
          "retryReasons": [],
          "status": "passed",
          "title": "should block VIEWER from creating Energy"
        },
        {
          "ancestorTitles": [
            "Viewer Role Restrictions"
          ],
          "duration": 16,
          "failureDetails": [],
          "failureMessages": [],
          "fullName": "Viewer Role Restrictions should block VIEWER from creating Charge",
          "invocations": 1,
          "location": null,
          "numPassingAsserts": 1,
          "retryReasons": [],
          "status": "passed",
          "title": "should block VIEWER from creating Charge"
        },
        {
          "ancestorTitles": [
            "Viewer Role Restrictions"
          ],
          "duration": 10,
          "failureDetails": [],
          "failureMessages": [],
          "fullName": "Viewer Role Restrictions should block VIEWER from creating Income",
          "invocations": 1,
          "location": null,
          "numPassingAsserts": 1,
          "retryReasons": [],
          "status": "passed",
          "title": "should block VIEWER from creating Income"
        },
        {
          "ancestorTitles": [
            "Viewer Role Restrictions"
          ],
          "duration": 8,
          "failureDetails": [],
          "failureMessages": [],
          "fullName": "Viewer Role Restrictions should block VIEWER from creating Waste",
          "invocations": 1,
          "location": null,
          "numPassingAsserts": 1,
          "retryReasons": [],
          "status": "passed",
          "title": "should block VIEWER from creating Waste"
        },
        {
          "ancestorTitles": [
            "Viewer Role Restrictions"
          ],
          "duration": 10,
          "failureDetails": [],
          "failureMessages": [],
          "fullName": "Viewer Role Restrictions should block VIEWER from updating household details",
          "invocations": 1,
          "location": null,
          "numPassingAsserts": 1,
          "retryReasons": [],
          "status": "passed",
          "title": "should block VIEWER from updating household details"
        }
      ],
      "failureMessage": null
    },
    {
      "leaks": false,
      "numFailingTests": 0,
      "numPassingTests": 5,
      "numPendingTests": 0,
      "numTodoTests": 0,
      "openHandles": [],
      "perfStats": {
        "end": 1769623714355,
        "runtime": 779,
        "slow": false,
        "start": 1769623713576
      },
      "skipped": false,
      "snapshot": {
        "added": 0,
        "fileDeleted": false,
        "matched": 0,
        "unchecked": 0,
        "uncheckedKeys": [],
        "unmatched": 0,
        "updated": 0
      },
      "testFilePath": "/home/matt/household-project/server/tests/performance/load.test.js",
      "testResults": [
        {
          "ancestorTitles": [
            "Performance & Speed Tests"
          ],
          "duration": 61,
          "failureDetails": [],
          "failureMessages": [],
          "fullName": "Performance & Speed Tests should measure login speed (Heavy Bcrypt)",
          "invocations": 1,
          "location": null,
          "numPassingAsserts": 1,
          "retryReasons": [],
          "status": "passed",
          "title": "should measure login speed (Heavy Bcrypt)"
        },
        {
          "ancestorTitles": [
            "Performance & Speed Tests"
          ],
          "duration": 92,
          "failureDetails": [],
          "failureMessages": [],
          "fullName": "Performance & Speed Tests should measure GET assets speed (Plain Read)",
          "invocations": 1,
          "location": null,
          "numPassingAsserts": 1,
          "retryReasons": [],
          "status": "passed",
          "title": "should measure GET assets speed (Plain Read)"
        },
        {
          "ancestorTitles": [
            "Performance & Speed Tests"
          ],
          "duration": 92,
          "failureDetails": [],
          "failureMessages": [],
          "fullName": "Performance & Speed Tests should measure GET finance savings speed (Decryption Overhead)",
          "invocations": 1,
          "location": null,
          "numPassingAsserts": 1,
          "retryReasons": [],
          "status": "passed",
          "title": "should measure GET finance savings speed (Decryption Overhead)"
        },
        {
          "ancestorTitles": [
            "Performance & Speed Tests"
          ],
          "duration": 33,
          "failureDetails": [],
          "failureMessages": [],
          "fullName": "Performance & Speed Tests should measure POST asset speed (Plain Write)",
          "invocations": 1,
          "location": null,
          "numPassingAsserts": 1,
          "retryReasons": [],
          "status": "passed",
          "title": "should measure POST asset speed (Plain Write)"
        },
        {
          "ancestorTitles": [
            "Performance & Speed Tests"
          ],
          "duration": 284,
          "failureDetails": [],
          "failureMessages": [],
          "fullName": "Performance & Speed Tests should handle \"Load\" (Concurrent requests)",
          "invocations": 1,
          "location": null,
          "numPassingAsserts": 1,
          "retryReasons": [],
          "status": "passed",
          "title": "should handle \"Load\" (Concurrent requests)"
        }
      ],
      "failureMessage": null
    },
    {
      "leaks": false,
      "numFailingTests": 0,
      "numPassingTests": 4,
      "numPendingTests": 0,
      "numTodoTests": 0,
      "openHandles": [],
      "perfStats": {
        "end": 1769623715064,
        "runtime": 702,
        "slow": false,
        "start": 1769623714362
      },
      "skipped": false,
      "snapshot": {
        "added": 0,
        "fileDeleted": false,
        "matched": 0,
        "unchecked": 0,
        "uncheckedKeys": [],
        "unmatched": 0,
        "updated": 0
      },
      "testFilePath": "/home/matt/household-project/server/tests/integration/admin_users.test.js",
      "testResults": [
        {
          "ancestorTitles": [
            "Feature: Admin User Management",
            "User Management"
          ],
          "duration": 43,
          "failureDetails": [],
          "failureMessages": [],
          "fullName": "Feature: Admin User Management User Management should create a new member",
          "invocations": 1,
          "location": null,
          "numPassingAsserts": 1,
          "retryReasons": [],
          "status": "passed",
          "title": "should create a new member"
        },
        {
          "ancestorTitles": [
            "Feature: Admin User Management",
            "User Management"
          ],
          "duration": 12,
          "failureDetails": [],
          "failureMessages": [],
          "fullName": "Feature: Admin User Management User Management should list users",
          "invocations": 1,
          "location": null,
          "numPassingAsserts": 2,
          "retryReasons": [],
          "status": "passed",
          "title": "should list users"
        },
        {
          "ancestorTitles": [
            "Feature: Admin User Management",
            "User Management"
          ],
          "duration": 10,
          "failureDetails": [],
          "failureMessages": [],
          "fullName": "Feature: Admin User Management User Management should update user",
          "invocations": 1,
          "location": null,
          "numPassingAsserts": 1,
          "retryReasons": [],
          "status": "passed",
          "title": "should update user"
        },
        {
          "ancestorTitles": [
            "Feature: Admin User Management",
            "User Management"
          ],
          "duration": 11,
          "failureDetails": [],
          "failureMessages": [],
          "fullName": "Feature: Admin User Management User Management should remove user from household",
          "invocations": 1,
          "location": null,
          "numPassingAsserts": 1,
          "retryReasons": [],
          "status": "passed",
          "title": "should remove user from household"
        }
      ],
      "failureMessage": null
    },
    {
      "leaks": false,
      "numFailingTests": 0,
      "numPassingTests": 3,
      "numPendingTests": 0,
      "numTodoTests": 0,
      "openHandles": [],
      "perfStats": {
        "end": 1769623715631,
        "runtime": 556,
        "slow": false,
        "start": 1769623715075
      },
      "skipped": false,
      "snapshot": {
        "added": 0,
        "fileDeleted": false,
        "matched": 0,
        "unchecked": 0,
        "uncheckedKeys": [],
        "unmatched": 0,
        "updated": 0
      },
      "testFilePath": "/home/matt/household-project/server/tests/integration/auth.test.js",
      "testResults": [
        {
          "ancestorTitles": [
            "Feature: Authentication & Profile"
          ],
          "duration": 158,
          "failureDetails": [],
          "failureMessages": [],
          "fullName": "Feature: Authentication & Profile should register a new household",
          "invocations": 1,
          "location": null,
          "numPassingAsserts": 1,
          "retryReasons": [],
          "status": "passed",
          "title": "should register a new household"
        },
        {
          "ancestorTitles": [
            "Feature: Authentication & Profile"
          ],
          "duration": 209,
          "failureDetails": [],
          "failureMessages": [],
          "fullName": "Feature: Authentication & Profile should login and receive a token",
          "invocations": 1,
          "location": null,
          "numPassingAsserts": 2,
          "retryReasons": [],
          "status": "passed",
          "title": "should login and receive a token"
        },
        {
          "ancestorTitles": [
            "Feature: Authentication & Profile"
          ],
          "duration": 13,
          "failureDetails": [],
          "failureMessages": [],
          "fullName": "Feature: Authentication & Profile should retrieve the user profile",
          "invocations": 1,
          "location": null,
          "numPassingAsserts": 2,
          "retryReasons": [],
          "status": "passed",
          "title": "should retrieve the user profile"
        }
      ],
      "failureMessage": null
    },
    {
      "leaks": false,
      "numFailingTests": 0,
      "numPassingTests": 1,
      "numPendingTests": 0,
      "numTodoTests": 0,
      "openHandles": [],
      "perfStats": {
        "end": 1769623716206,
        "runtime": 571,
        "slow": false,
        "start": 1769623715635
      },
      "skipped": false,
      "snapshot": {
        "added": 0,
        "fileDeleted": false,
        "matched": 0,
        "unchecked": 0,
        "uncheckedKeys": [],
        "unmatched": 0,
        "updated": 0
      },
      "testFilePath": "/home/matt/household-project/server/tests/integration/selector.test.js",
      "testResults": [
        {
          "ancestorTitles": [
            "Household Selector API"
          ],
          "duration": 17,
          "failureDetails": [],
          "failureMessages": [],
          "fullName": "Household Selector API should return a list of households for the current user",
          "invocations": 1,
          "location": null,
          "numPassingAsserts": 3,
          "retryReasons": [],
          "status": "passed",
          "title": "should return a list of households for the current user"
        }
      ],
      "failureMessage": null
    },
    {
      "leaks": false,
      "numFailingTests": 0,
      "numPassingTests": 3,
      "numPendingTests": 0,
      "numTodoTests": 0,
      "openHandles": [],
      "perfStats": {
        "end": 1769623716321,
        "runtime": 109,
        "slow": false,
        "start": 1769623716212
      },
      "skipped": false,
      "snapshot": {
        "added": 0,
        "fileDeleted": false,
        "matched": 0,
        "unchecked": 0,
        "uncheckedKeys": [],
        "unmatched": 0,
        "updated": 0
      },
      "testFilePath": "/home/matt/household-project/server/tests/performance/smoke.test.js",
      "testResults": [
        {
          "ancestorTitles": [
            "Frontend Build Smoke Test"
          ],
          "duration": 18,
          "failureDetails": [],
          "failureMessages": [],
          "fullName": "Frontend Build Smoke Test index.html should exist after build",
          "invocations": 1,
          "location": null,
          "numPassingAsserts": 1,
          "retryReasons": [],
          "status": "passed",
          "title": "index.html should exist after build"
        },
        {
          "ancestorTitles": [
            "Frontend Build Smoke Test"
          ],
          "duration": 43,
          "failureDetails": [],
          "failureMessages": [],
          "fullName": "Frontend Build Smoke Test index.html should contain root div",
          "invocations": 1,
          "location": null,
          "numPassingAsserts": 1,
          "retryReasons": [],
          "status": "passed",
          "title": "index.html should contain root div"
        },
        {
          "ancestorTitles": [
            "Frontend Build Smoke Test"
          ],
          "duration": 1,
          "failureDetails": [],
          "failureMessages": [],
          "fullName": "Frontend Build Smoke Test JS bundle should be referenced",
          "invocations": 1,
          "location": null,
          "numPassingAsserts": 1,
          "retryReasons": [],
          "status": "passed",
          "title": "JS bundle should be referenced"
        }
      ],
      "failureMessage": null
    }
  ],
  "wasInterrupted": false
}