{
  "numFailedTestSuites": 0,
  "numFailedTests": 0,
  "numPassedTestSuites": 1,
  "numPassedTests": 6,
  "numPendingTestSuites": 0,
  "numPendingTests": 0,
  "numRuntimeErrorTestSuites": 0,
  "numTodoTests": 0,
  "numTotalTestSuites": 1,
  "numTotalTests": 6,
  "openHandles": [],
  "snapshot": {
    "added": 0,
    "didUpdate": false,
    "failure": false,
    "filesAdded": 0,
    "filesRemoved": 0,
    "filesRemovedList": [],
    "filesUnmatched": 0,
    "filesUpdated": 0,
    "matched": 0,
    "total": 0,
    "unchecked": 0,
    "uncheckedKeysByFile": [],
    "unmatched": 0,
    "updated": 0
  },
  "startTime": 1770504520477,
  "success": false,
  "testResults": [
    {
      "leaks": false,
      "numFailingTests": 0,
      "numPassingTests": 6,
      "numPendingTests": 0,
      "numTodoTests": 0,
      "openHandles": [],
      "perfStats": {
        "end": 1770504523065,
        "runtime": 2492,
        "slow": false,
        "start": 1770504520573
      },
      "skipped": false,
      "snapshot": {
        "added": 0,
        "fileDeleted": false,
        "matched": 0,
        "unchecked": 0,
        "uncheckedKeys": [],
        "unmatched": 0,
        "updated": 0
      },
      "testFilePath": "/var/tmp/vibe-kanban/worktrees/9e1d-shopping-list-co/household-project/server/tests/shopping.test.js",
      "testResults": [
        {
          "ancestorTitles": [
            "🛒 Shopping List API Verification"
          ],
          "duration": 223,
          "failureDetails": [],
          "failureMessages": [],
          "fullName": "🛒 Shopping List API Verification POST /shopping should create an item",
          "invocations": 1,
          "location": null,
          "numPassingAsserts": 3,
          "retryReasons": [],
          "status": "passed",
          "title": "POST /shopping should create an item"
        },
        {
          "ancestorTitles": [
            "🛒 Shopping List API Verification"
          ],
          "duration": 12,
          "failureDetails": [],
          "failureMessages": [],
          "fullName": "🛒 Shopping List API Verification GET /shopping should list items",
          "invocations": 1,
          "location": null,
          "numPassingAsserts": 4,
          "retryReasons": [],
          "status": "passed",
          "title": "GET /shopping should list items"
        },
        {
          "ancestorTitles": [
            "🛒 Shopping List API Verification"
          ],
          "duration": 18,
          "failureDetails": [],
          "failureMessages": [],
          "fullName": "🛒 Shopping List API Verification PUT /shopping/:id should update an item",
          "invocations": 1,
          "location": null,
          "numPassingAsserts": 3,
          "retryReasons": [],
          "status": "passed",
          "title": "PUT /shopping/:id should update an item"
        },
        {
          "ancestorTitles": [
            "🛒 Shopping List API Verification"
          ],
          "duration": 27,
          "failureDetails": [],
          "failureMessages": [],
          "fullName": "🛒 Shopping List API Verification PUT /shopping/:id/toggle should toggle status",
          "invocations": 1,
          "location": null,
          "numPassingAsserts": 5,
          "retryReasons": [],
          "status": "passed",
          "title": "PUT /shopping/:id/toggle should toggle status"
        },
        {
          "ancestorTitles": [
            "🛒 Shopping List API Verification"
          ],
          "duration": 32,
          "failureDetails": [],
          "failureMessages": [],
          "fullName": "🛒 Shopping List API Verification DELETE /shopping/clear-completed should remove checked items",
          "invocations": 1,
          "location": null,
          "numPassingAsserts": 4,
          "retryReasons": [],
          "status": "passed",
          "title": "DELETE /shopping/clear-completed should remove checked items"
        },
        {
          "ancestorTitles": [
            "🛒 Shopping List API Verification"
          ],
          "duration": 15,
          "failureDetails": [],
          "failureMessages": [],
          "fullName": "🛒 Shopping List API Verification DELETE /shopping/:id should delete an item",
          "invocations": 1,
          "location": null,
          "numPassingAsserts": 2,
          "retryReasons": [],
          "status": "passed",
          "title": "DELETE /shopping/:id should delete an item"
        }
      ],
      "failureMessage": null
    }
  ],
  "wasInterrupted": false
}