{
  "numFailedTestSuites": 3,
  "numFailedTests": 14,
  "numPassedTestSuites": 16,
  "numPassedTests": 46,
  "numPendingTestSuites": 0,
  "numPendingTests": 0,
  "numRuntimeErrorTestSuites": 0,
  "numTodoTests": 0,
  "numTotalTestSuites": 19,
  "numTotalTests": 60,
  "openHandles": [],
  "snapshot": {
    "added": 0,
    "didUpdate": false,
    "failure": false,
    "filesAdded": 0,
    "filesRemoved": 0,
    "filesRemovedList": [],
    "filesUnmatched": 0,
    "filesUpdated": 0,
    "matched": 0,
    "total": 0,
    "unchecked": 0,
    "uncheckedKeysByFile": [],
    "unmatched": 0,
    "updated": 0
  },
  "startTime": 1771891569048,
  "success": false,
  "testResults": [
    {
      "leaks": false,
      "numFailingTests": 10,
      "numPassingTests": 2,
      "numPendingTests": 0,
      "numTodoTests": 0,
      "openHandles": [],
      "perfStats": {
        "end": 1771891575247,
        "runtime": 6074,
        "slow": true,
        "start": 1771891569173
      },
      "skipped": false,
      "snapshot": {
        "added": 0,
        "fileDeleted": false,
        "matched": 0,
        "unchecked": 0,
        "uncheckedKeys": [],
        "unmatched": 0,
        "updated": 0
      },
      "testFilePath": "/home/matt/household-project/server/tests/security/api_coverage_and_rbac.test.js",
      "testResults": [
        {
          "ancestorTitles": [
            "🛡️ Comprehensive Backend API & RBAC Verification"
          ],
          "duration": 274,
          "failureDetails": [],
          "failureMessages": [],
          "fullName": "🛡️ Comprehensive Backend API & RBAC Verification 🔑 Authentication & Setup",
          "invocations": 1,
          "location": null,
          "numPassingAsserts": 4,
          "retryReasons": [],
          "status": "passed",
          "title": "🔑 Authentication & Setup"
        },
        {
          "ancestorTitles": [
            "🛡️ Comprehensive Backend API & RBAC Verification"
          ],
          "duration": 179,
          "failureDetails": [],
          "failureMessages": [],
          "fullName": "🛡️ Comprehensive Backend API & RBAC Verification 🏠 Household Management",
          "invocations": 1,
          "location": null,
          "numPassingAsserts": 3,
          "retryReasons": [],
          "status": "passed",
          "title": "🏠 Household Management"
        },
        {
          "ancestorTitles": [
            "🛡️ Comprehensive Backend API & RBAC Verification"
          ],
          "duration": 16,
          "failureDetails": [
            {
              "matcherResult": {
                "message": "expect(received).toBeLessThan(expected)\n\nExpected: < 300\nReceived:   403",
                "pass": false
              }
            }
          ],
          "failureMessages": [
            "Error: expect(received).toBeLessThan(expected)\n\nExpected: < 300\nReceived:   403\n    at toBeLessThan (/home/matt/household-project/server/tests/security/api_coverage_and_rbac.test.js:192:25)\n    at processTicksAndRejections (node:internal/process/task_queues:95:5)\n    at Object.<anonymous> (/home/matt/household-project/server/tests/security/api_coverage_and_rbac.test.js:324:5)"
          ],
          "fullName": "🛡️ Comprehensive Backend API & RBAC Verification 🔄 Module: Recurring Costs (Consolidated)",
          "invocations": 1,
          "location": null,
          "numPassingAsserts": 0,
          "retryReasons": [],
          "status": "failed",
          "title": "🔄 Module: Recurring Costs (Consolidated)"
        },
        {
          "ancestorTitles": [
            "🛡️ Comprehensive Backend API & RBAC Verification"
          ],
          "duration": 12,
          "failureDetails": [
            {
              "matcherResult": {
                "message": "expect(received).toBeLessThan(expected)\n\nExpected: < 300\nReceived:   403",
                "pass": false
              }
            }
          ],
          "failureMessages": [
            "Error: expect(received).toBeLessThan(expected)\n\nExpected: < 300\nReceived:   403\n    at toBeLessThan (/home/matt/household-project/server/tests/security/api_coverage_and_rbac.test.js:192:25)\n    at processTicksAndRejections (node:internal/process/task_queues:95:5)\n    at Object.<anonymous> (/home/matt/household-project/server/tests/security/api_coverage_and_rbac.test.js:339:5)"
          ],
          "fullName": "🛡️ Comprehensive Backend API & RBAC Verification 👥 Module: People",
          "invocations": 1,
          "location": null,
          "numPassingAsserts": 0,
          "retryReasons": [],
          "status": "failed",
          "title": "👥 Module: People"
        },
        {
          "ancestorTitles": [
            "🛡️ Comprehensive Backend API & RBAC Verification"
          ],
          "duration": 19,
          "failureDetails": [
            {
              "matcherResult": {
                "message": "expect(received).toBeLessThan(expected)\n\nExpected: < 300\nReceived:   403",
                "pass": false
              }
            }
          ],
          "failureMessages": [
            "Error: expect(received).toBeLessThan(expected)\n\nExpected: < 300\nReceived:   403\n    at toBeLessThan (/home/matt/household-project/server/tests/security/api_coverage_and_rbac.test.js:192:25)\n    at processTicksAndRejections (node:internal/process/task_queues:95:5)\n    at Object.<anonymous> (/home/matt/household-project/server/tests/security/api_coverage_and_rbac.test.js:346:5)"
          ],
          "fullName": "🛡️ Comprehensive Backend API & RBAC Verification 🚗 Module: Vehicles",
          "invocations": 1,
          "location": null,
          "numPassingAsserts": 0,
          "retryReasons": [],
          "status": "failed",
          "title": "🚗 Module: Vehicles"
        },
        {
          "ancestorTitles": [
            "🛡️ Comprehensive Backend API & RBAC Verification"
          ],
          "duration": 20,
          "failureDetails": [
            {
              "matcherResult": {
                "message": "expect(received).toBeLessThan(expected)\n\nExpected: < 300\nReceived:   403",
                "pass": false
              }
            }
          ],
          "failureMessages": [
            "Error: expect(received).toBeLessThan(expected)\n\nExpected: < 300\nReceived:   403\n    at toBeLessThan (/home/matt/household-project/server/tests/security/api_coverage_and_rbac.test.js:192:25)\n    at processTicksAndRejections (node:internal/process/task_queues:95:5)\n    at Object.<anonymous> (/home/matt/household-project/server/tests/security/api_coverage_and_rbac.test.js:349:5)"
          ],
          "fullName": "🛡️ Comprehensive Backend API & RBAC Verification 💰 Module: Finance (Core)",
          "invocations": 1,
          "location": null,
          "numPassingAsserts": 0,
          "retryReasons": [],
          "status": "failed",
          "title": "💰 Module: Finance (Core)"
        },
        {
          "ancestorTitles": [
            "🛡️ Comprehensive Backend API & RBAC Verification"
          ],
          "duration": 12,
          "failureDetails": [
            {
              "matcherResult": {
                "actual": 403,
                "expected": 200,
                "message": "expect(received).toBe(expected) // Object.is equality\n\nExpected: 200\nReceived: 403",
                "name": "toBe",
                "pass": false
              }
            }
          ],
          "failureMessages": [
            "Error: expect(received).toBe(expected) // Object.is equality\n\nExpected: 200\nReceived: 403\n    at Object.toBe (/home/matt/household-project/server/tests/security/api_coverage_and_rbac.test.js:385:24)\n    at processTicksAndRejections (node:internal/process/task_queues:95:5)"
          ],
          "fullName": "🛡️ Comprehensive Backend API & RBAC Verification 🍱 Module: Meals",
          "invocations": 1,
          "location": null,
          "numPassingAsserts": 0,
          "retryReasons": [],
          "status": "failed",
          "title": "🍱 Module: Meals"
        },
        {
          "ancestorTitles": [
            "🛡️ Comprehensive Backend API & RBAC Verification"
          ],
          "duration": 19,
          "failureDetails": [
            {
              "matcherResult": {
                "message": "expect(received).toBeLessThan(expected)\n\nExpected: < 300\nReceived:   403",
                "pass": false
              }
            }
          ],
          "failureMessages": [
            "Error: expect(received).toBeLessThan(expected)\n\nExpected: < 300\nReceived:   403\n    at toBeLessThan (/home/matt/household-project/server/tests/security/api_coverage_and_rbac.test.js:192:25)\n    at processTicksAndRejections (node:internal/process/task_queues:95:5)\n    at Object.<anonymous> (/home/matt/household-project/server/tests/security/api_coverage_and_rbac.test.js:399:5)"
          ],
          "fullName": "🛡️ Comprehensive Backend API & RBAC Verification 🧹 Module: Chores",
          "invocations": 1,
          "location": null,
          "numPassingAsserts": 0,
          "retryReasons": [],
          "status": "failed",
          "title": "🧹 Module: Chores"
        },
        {
          "ancestorTitles": [
            "🛡️ Comprehensive Backend API & RBAC Verification"
          ],
          "duration": 7,
          "failureDetails": [
            {
              "matcherResult": {
                "actual": 404,
                "expected": 200,
                "message": "expect(received).toBe(expected) // Object.is equality\n\nExpected: 200\nReceived: 404",
                "name": "toBe",
                "pass": false
              }
            }
          ],
          "failureMessages": [
            "Error: expect(received).toBe(expected) // Object.is equality\n\nExpected: 200\nReceived: 404\n    at Object.toBe (/home/matt/household-project/server/tests/security/api_coverage_and_rbac.test.js:438:25)\n    at processTicksAndRejections (node:internal/process/task_queues:95:5)"
          ],
          "fullName": "🛡️ Comprehensive Backend API & RBAC Verification 📅 Module: Calendar",
          "invocations": 1,
          "location": null,
          "numPassingAsserts": 0,
          "retryReasons": [],
          "status": "failed",
          "title": "📅 Module: Calendar"
        },
        {
          "ancestorTitles": [
            "🛡️ Comprehensive Backend API & RBAC Verification"
          ],
          "duration": 12,
          "failureDetails": [
            {
              "matcherResult": {
                "message": "expect(received).toBeLessThan(expected)\n\nExpected: < 300\nReceived:   403",
                "pass": false
              }
            }
          ],
          "failureMessages": [
            "Error: expect(received).toBeLessThan(expected)\n\nExpected: < 300\nReceived:   403\n    at toBeLessThan (/home/matt/household-project/server/tests/security/api_coverage_and_rbac.test.js:192:25)\n    at processTicksAndRejections (node:internal/process/task_queues:95:5)\n    at Object.<anonymous> (/home/matt/household-project/server/tests/security/api_coverage_and_rbac.test.js:450:5)"
          ],
          "fullName": "🛡️ Comprehensive Backend API & RBAC Verification 🛒 Module: Shopping",
          "invocations": 1,
          "location": null,
          "numPassingAsserts": 0,
          "retryReasons": [],
          "status": "failed",
          "title": "🛒 Module: Shopping"
        },
        {
          "ancestorTitles": [
            "🛡️ Comprehensive Backend API & RBAC Verification"
          ],
          "duration": 17,
          "failureDetails": [
            {
              "matcherResult": {
                "actual": 403,
                "expected": 200,
                "message": "expect(received).toBe(expected) // Object.is equality\n\nExpected: 200\nReceived: 403",
                "name": "toBe",
                "pass": false
              }
            }
          ],
          "failureMessages": [
            "Error: expect(received).toBe(expected) // Object.is equality\n\nExpected: 200\nReceived: 403\n    at Object.toBe (/home/matt/household-project/server/tests/security/api_coverage_and_rbac.test.js:474:25)\n    at processTicksAndRejections (node:internal/process/task_queues:95:5)"
          ],
          "fullName": "🛡️ Comprehensive Backend API & RBAC Verification 🏠 Module: House Details",
          "invocations": 1,
          "location": null,
          "numPassingAsserts": 0,
          "retryReasons": [],
          "status": "failed",
          "title": "🏠 Module: House Details"
        },
        {
          "ancestorTitles": [
            "🛡️ Comprehensive Backend API & RBAC Verification"
          ],
          "duration": 10,
          "failureDetails": [
            {
              "matcherResult": {
                "message": "expect(received).toBeLessThan(expected)\n\nExpected: < 300\nReceived:   403",
                "pass": false
              }
            }
          ],
          "failureMessages": [
            "Error: expect(received).toBeLessThan(expected)\n\nExpected: < 300\nReceived:   403\n    at toBeLessThan (/home/matt/household-project/server/tests/security/api_coverage_and_rbac.test.js:192:25)\n    at processTicksAndRejections (node:internal/process/task_queues:95:5)\n    at Object.<anonymous> (/home/matt/household-project/server/tests/security/api_coverage_and_rbac.test.js:495:5)"
          ],
          "fullName": "🛡️ Comprehensive Backend API & RBAC Verification 🏦 Module: Finance (Extended)",
          "invocations": 1,
          "location": null,
          "numPassingAsserts": 0,
          "retryReasons": [],
          "status": "failed",
          "title": "🏦 Module: Finance (Extended)"
        }
      ],
      "failureMessage": "  ● 🛡️ Comprehensive Backend API & RBAC Verification › 🔄 Module: Recurring Costs (Consolidated)\n\n    expect(received).toBeLessThan(expected)\n\n    Expected: < 300\n    Received:   403\n\n      190 |     // Note: We don't fail if NOT in swagger, we just mark as GAP later, but we expect it to be there for coverage\n      191 |     logResult(endpoints.create, cRes.status < 300 ? 'PASS' : 'FAIL', cRes);\n    > 192 |     expect(cRes.status).toBeLessThan(300);\n          |                         ^\n      193 |     const itemId = cRes.body.id;\n      194 |\n      195 |     // 2. LIST\n\n      at toBeLessThan (tests/security/api_coverage_and_rbac.test.js:192:25)\n      at Object.<anonymous> (tests/security/api_coverage_and_rbac.test.js:324:5)\n\n  ● 🛡️ Comprehensive Backend API & RBAC Verification › 👥 Module: People\n\n    expect(received).toBeLessThan(expected)\n\n    Expected: < 300\n    Received:   403\n\n      190 |     // Note: We don't fail if NOT in swagger, we just mark as GAP later, but we expect it to be there for coverage\n      191 |     logResult(endpoints.create, cRes.status < 300 ? 'PASS' : 'FAIL', cRes);\n    > 192 |     expect(cRes.status).toBeLessThan(300);\n          |                         ^\n      193 |     const itemId = cRes.body.id;\n      194 |\n      195 |     // 2. LIST\n\n      at toBeLessThan (tests/security/api_coverage_and_rbac.test.js:192:25)\n      at Object.<anonymous> (tests/security/api_coverage_and_rbac.test.js:339:5)\n\n  ● 🛡️ Comprehensive Backend API & RBAC Verification › 🚗 Module: Vehicles\n\n    expect(received).toBeLessThan(expected)\n\n    Expected: < 300\n    Received:   403\n\n      190 |     // Note: We don't fail if NOT in swagger, we just mark as GAP later, but we expect it to be there for coverage\n      191 |     logResult(endpoints.create, cRes.status < 300 ? 'PASS' : 'FAIL', cRes);\n    > 192 |     expect(cRes.status).toBeLessThan(300);\n          |                         ^\n      193 |     const itemId = cRes.body.id;\n      194 |\n      195 |     // 2. LIST\n\n      at toBeLessThan (tests/security/api_coverage_and_rbac.test.js:192:25)\n      at Object.<anonymous> (tests/security/api_coverage_and_rbac.test.js:346:5)\n\n  ● 🛡️ Comprehensive Backend API & RBAC Verification › 💰 Module: Finance (Core)\n\n    expect(received).toBeLessThan(expected)\n\n    Expected: < 300\n    Received:   403\n\n      190 |     // Note: We don't fail if NOT in swagger, we just mark as GAP later, but we expect it to be there for coverage\n      191 |     logResult(endpoints.create, cRes.status < 300 ? 'PASS' : 'FAIL', cRes);\n    > 192 |     expect(cRes.status).toBeLessThan(300);\n          |                         ^\n      193 |     const itemId = cRes.body.id;\n      194 |\n      195 |     // 2. LIST\n\n      at toBeLessThan (tests/security/api_coverage_and_rbac.test.js:192:25)\n      at Object.<anonymous> (tests/security/api_coverage_and_rbac.test.js:349:5)\n\n  ● 🛡️ Comprehensive Backend API & RBAC Verification › 🍱 Module: Meals\n\n    expect(received).toBe(expected) // Object.is equality\n\n    Expected: 200\n    Received: 403\n\n      383 |       .set('Authorization', `Bearer ${tokens.viewer}`);\n      384 |     logResult(ep, res.status === 200 ? 'PASS' : 'FAIL', res);\n    > 385 |     expect(res.status).toBe(200);\n          |                        ^\n      386 |\n      387 |     // Add POST /meals\n      388 |     const postMealEp = 'POST /households/{id}/meals';\n\n      at Object.toBe (tests/security/api_coverage_and_rbac.test.js:385:24)\n\n  ● 🛡️ Comprehensive Backend API & RBAC Verification › 🧹 Module: Chores\n\n    expect(received).toBeLessThan(expected)\n\n    Expected: < 300\n    Received:   403\n\n      190 |     // Note: We don't fail if NOT in swagger, we just mark as GAP later, but we expect it to be there for coverage\n      191 |     logResult(endpoints.create, cRes.status < 300 ? 'PASS' : 'FAIL', cRes);\n    > 192 |     expect(cRes.status).toBeLessThan(300);\n          |                         ^\n      193 |     const itemId = cRes.body.id;\n      194 |\n      195 |     // 2. LIST\n\n      at toBeLessThan (tests/security/api_coverage_and_rbac.test.js:192:25)\n      at Object.<anonymous> (tests/security/api_coverage_and_rbac.test.js:399:5)\n\n  ● 🛡️ Comprehensive Backend API & RBAC Verification › 📅 Module: Calendar\n\n    expect(received).toBe(expected) // Object.is equality\n\n    Expected: 200\n    Received: 404\n\n      436 |     const hRes = await request(app).get(`/api/system/holidays`);\n      437 |     logResult(holEp, hRes.status === 200 ? 'PASS' : 'FAIL', hRes);\n    > 438 |     expect(hRes.status).toBe(200);\n          |                         ^\n      439 |\n      440 |     // Dates CRUD\n      441 |     await runCrudTest(\n\n      at Object.toBe (tests/security/api_coverage_and_rbac.test.js:438:25)\n\n  ● 🛡️ Comprehensive Backend API & RBAC Verification › 🛒 Module: Shopping\n\n    expect(received).toBeLessThan(expected)\n\n    Expected: < 300\n    Received:   403\n\n      190 |     // Note: We don't fail if NOT in swagger, we just mark as GAP later, but we expect it to be there for coverage\n      191 |     logResult(endpoints.create, cRes.status < 300 ? 'PASS' : 'FAIL', cRes);\n    > 192 |     expect(cRes.status).toBeLessThan(300);\n          |                         ^\n      193 |     const itemId = cRes.body.id;\n      194 |\n      195 |     // 2. LIST\n\n      at toBeLessThan (tests/security/api_coverage_and_rbac.test.js:192:25)\n      at Object.<anonymous> (tests/security/api_coverage_and_rbac.test.js:450:5)\n\n  ● 🛡️ Comprehensive Backend API & RBAC Verification › 🏠 Module: House Details\n\n    expect(received).toBe(expected) // Object.is equality\n\n    Expected: 200\n    Received: 403\n\n      472 |       .set('Authorization', `Bearer ${tokens.viewer}`);\n      473 |     logResult(detailsEp, dRes.status === 200 ? 'PASS' : 'FAIL', dRes);\n    > 474 |     expect(dRes.status).toBe(200);\n          |                         ^\n      475 |\n      476 |     const updateEp = `PUT /households/{id}/details`;\n      477 |     testedEndpoints.add(updateEp);\n\n      at Object.toBe (tests/security/api_coverage_and_rbac.test.js:474:25)\n\n  ● 🛡️ Comprehensive Backend API & RBAC Verification › 🏦 Module: Finance (Extended)\n\n    expect(received).toBeLessThan(expected)\n\n    Expected: < 300\n    Received:   403\n\n      190 |     // Note: We don't fail if NOT in swagger, we just mark as GAP later, but we expect it to be there for coverage\n      191 |     logResult(endpoints.create, cRes.status < 300 ? 'PASS' : 'FAIL', cRes);\n    > 192 |     expect(cRes.status).toBeLessThan(300);\n          |                         ^\n      193 |     const itemId = cRes.body.id;\n      194 |\n      195 |     // 2. LIST\n\n      at toBeLessThan (tests/security/api_coverage_and_rbac.test.js:192:25)\n      at Object.<anonymous> (tests/security/api_coverage_and_rbac.test.js:495:5)\n"
    },
    {
      "leaks": false,
      "numFailingTests": 2,
      "numPassingTests": 0,
      "numPendingTests": 0,
      "numTodoTests": 0,
      "openHandles": [],
      "perfStats": {
        "end": 1771891576418,
        "runtime": 1143,
        "slow": false,
        "start": 1771891575275
      },
      "skipped": false,
      "snapshot": {
        "added": 0,
        "fileDeleted": false,
        "matched": 0,
        "unchecked": 0,
        "uncheckedKeys": [],
        "unmatched": 0,
        "updated": 0
      },
      "testFilePath": "/home/matt/household-project/server/tests/security/destroy_tenant.test.js",
      "testResults": [
        {
          "ancestorTitles": [
            "💣 Tenant Destruction & Cleanup"
          ],
          "duration": 174,
          "failureDetails": [
            {
              "matcherResult": {
                "actual": false,
                "expected": true,
                "message": "expect(received).toBe(expected) // Object.is equality\n\nExpected: true\nReceived: false",
                "name": "toBe",
                "pass": false
              }
            }
          ],
          "failureMessages": [
            "Error: expect(received).toBe(expected) // Object.is equality\n\nExpected: true\nReceived: false\n    at Object.toBe (/home/matt/household-project/server/tests/security/destroy_tenant.test.js:82:35)\n    at processTicksAndRejections (node:internal/process/task_queues:95:5)"
          ],
          "fullName": "💣 Tenant Destruction & Cleanup 🧨 Destroy Tenant: Regular Admin should remove all traces",
          "invocations": 1,
          "location": null,
          "numPassingAsserts": 0,
          "retryReasons": [],
          "status": "failed",
          "title": "🧨 Destroy Tenant: Regular Admin should remove all traces"
        },
        {
          "ancestorTitles": [
            "💣 Tenant Destruction & Cleanup"
          ],
          "duration": 81,
          "failureDetails": [
            {}
          ],
          "failureMessages": [
            "TypeError: Cannot read properties of undefined (reading 'id')\n    at Object.id (/home/matt/household-project/server/tests/security/destroy_tenant.test.js:108:36)"
          ],
          "fullName": "💣 Tenant Destruction & Cleanup 👑 Destroy Tenant: System Admin should be able to destroy ANY household",
          "invocations": 1,
          "location": null,
          "numPassingAsserts": 0,
          "retryReasons": [],
          "status": "failed",
          "title": "👑 Destroy Tenant: System Admin should be able to destroy ANY household"
        }
      ],
      "failureMessage": "  ● 💣 Tenant Destruction & Cleanup › 🧨 Destroy Tenant: Regular Admin should remove all traces\n\n    expect(received).toBe(expected) // Object.is equality\n\n    Expected: true\n    Received: false\n\n      80 |     // Verify Tenant DB exists\n      81 |     const dbPath = path.join(DATA_DIR, `household_${hhId}.db`);\n    > 82 |     expect(fs.existsSync(dbPath)).toBe(true);\n         |                                   ^\n      83 |\n      84 |     // Execute Destruction\n      85 |     const delRes = await request(app)\n\n      at Object.toBe (tests/security/destroy_tenant.test.js:82:35)\n\n  ● 💣 Tenant Destruction & Cleanup › 👑 Destroy Tenant: System Admin should be able to destroy ANY household\n\n    TypeError: Cannot read properties of undefined (reading 'id')\n\n      106 |       \"SELECT id FROM households WHERE name = 'Target HH' ORDER BY created_at DESC LIMIT 1\"\n      107 |     );\n    > 108 |     const targetHhId = targetHhRow.id;\n          |                                    ^\n      109 |\n      110 |     const targetDbPath = path.join(DATA_DIR, `household_${targetHhId}.db`);\n      111 |     expect(fs.existsSync(targetDbPath)).toBe(true);\n\n      at Object.id (tests/security/destroy_tenant.test.js:108:36)\n"
    },
    {
      "leaks": false,
      "numFailingTests": 2,
      "numPassingTests": 1,
      "numPendingTests": 0,
      "numTodoTests": 0,
      "openHandles": [],
      "perfStats": {
        "end": 1771891577129,
        "runtime": 706,
        "slow": false,
        "start": 1771891576423
      },
      "skipped": false,
      "snapshot": {
        "added": 0,
        "fileDeleted": false,
        "matched": 0,
        "unchecked": 0,
        "uncheckedKeys": [],
        "unmatched": 0,
        "updated": 0
      },
      "testFilePath": "/home/matt/household-project/server/tests/security/export_tenant.test.js",
      "testResults": [
        {
          "ancestorTitles": [
            "🛡️ Tenant Export Verification"
          ],
          "duration": 20,
          "failureDetails": [
            {
              "matcherResult": {
                "actual": 403,
                "expected": 200,
                "message": "expect(received).toBe(expected) // Object.is equality\n\nExpected: 200\nReceived: 403",
                "name": "toBe",
                "pass": false
              }
            }
          ],
          "failureMessages": [
            "Error: expect(received).toBe(expected) // Object.is equality\n\nExpected: 200\nReceived: 403\n    at Object.toBe (/home/matt/household-project/server/tests/security/export_tenant.test.js:44:24)\n    at processTicksAndRejections (node:internal/process/task_queues:95:5)"
          ],
          "fullName": "🛡️ Tenant Export Verification GET /api/admin/households/:id/export should return a backup filename (System Admin)",
          "invocations": 1,
          "location": null,
          "numPassingAsserts": 0,
          "retryReasons": [],
          "status": "failed",
          "title": "GET /api/admin/households/:id/export should return a backup filename (System Admin)"
        },
        {
          "ancestorTitles": [
            "🛡️ Tenant Export Verification"
          ],
          "duration": 98,
          "failureDetails": [],
          "failureMessages": [],
          "fullName": "🛡️ Tenant Export Verification Non-system-admin should not be able to export (even if household admin)",
          "invocations": 1,
          "location": null,
          "numPassingAsserts": 1,
          "retryReasons": [],
          "status": "passed",
          "title": "Non-system-admin should not be able to export (even if household admin)"
        },
        {
          "ancestorTitles": [
            "🛡️ Tenant Export Verification"
          ],
          "duration": 11,
          "failureDetails": [
            {
              "code": "ERR_INVALID_ARG_TYPE"
            }
          ],
          "failureMessages": [
            "TypeError: The \"path\" argument must be of type string. Received undefined\n    at Object.join (node:path:1269:7)\n    at Object.join (/home/matt/household-project/server/tests/security/export_tenant.test.js:81:27)\n    at processTicksAndRejections (node:internal/process/task_queues:95:5)"
          ],
          "fullName": "🛡️ Tenant Export Verification Export should contain manifest.json in the zip",
          "invocations": 1,
          "location": null,
          "numPassingAsserts": 0,
          "retryReasons": [],
          "status": "failed",
          "title": "Export should contain manifest.json in the zip"
        }
      ],
      "failureMessage": "  ● 🛡️ Tenant Export Verification › GET /api/admin/households/:id/export should return a backup filename (System Admin)\n\n    expect(received).toBe(expected) // Object.is equality\n\n    Expected: 200\n    Received: 403\n\n      42 |       .set('Authorization', `Bearer ${adminToken}`);\n      43 |\n    > 44 |     expect(res.status).toBe(200);\n         |                        ^\n      45 |     expect(res.body.message).toBe('Export ready');\n      46 |     expect(res.body.filename).toBeDefined();\n      47 |     expect(res.body.filename).toContain(`household-${householdId}`);\n\n      at Object.toBe (tests/security/export_tenant.test.js:44:24)\n\n  ● 🛡️ Tenant Export Verification › Export should contain manifest.json in the zip\n\n    TypeError: The \"path\" argument must be of type string. Received undefined\n\n      79 |     const admZip = require('adm-zip');\n      80 |     const backupDir = path.join(__dirname, '../../backups');\n    > 81 |     const filePath = path.join(backupDir, filename);\n         |                           ^\n      82 |\n      83 |     expect(fs.existsSync(filePath)).toBe(true);\n      84 |     const zip = new admZip(filePath);\n\n      at Object.join (tests/security/export_tenant.test.js:81:27)\n"
    },
    {
      "leaks": false,
      "numFailingTests": 0,
      "numPassingTests": 3,
      "numPendingTests": 0,
      "numTodoTests": 0,
      "openHandles": [],
      "perfStats": {
        "end": 1771891581897,
        "runtime": 4763,
        "slow": false,
        "start": 1771891577134
      },
      "skipped": false,
      "snapshot": {
        "added": 0,
        "fileDeleted": false,
        "matched": 0,
        "unchecked": 0,
        "uncheckedKeys": [],
        "unmatched": 0,
        "updated": 0
      },
      "testFilePath": "/home/matt/household-project/server/tests/finance_routing.test.js",
      "testResults": [
        {
          "ancestorTitles": [
            "💰 Finance Routing Verification"
          ],
          "duration": 3896,
          "failureDetails": [],
          "failureMessages": [],
          "fullName": "💰 Finance Routing Verification GET /api/households/:id/finance/savings/pots should not return 404",
          "invocations": 1,
          "location": null,
          "numPassingAsserts": 2,
          "retryReasons": [],
          "status": "passed",
          "title": "GET /api/households/:id/finance/savings/pots should not return 404"
        },
        {
          "ancestorTitles": [
            "💰 Finance Routing Verification"
          ],
          "duration": 119,
          "failureDetails": [],
          "failureMessages": [],
          "fullName": "💰 Finance Routing Verification GET /api/households/:id/finance/savings/:itemId should still work for valid items",
          "invocations": 1,
          "location": null,
          "numPassingAsserts": 3,
          "retryReasons": [],
          "status": "passed",
          "title": "GET /api/households/:id/finance/savings/:itemId should still work for valid items"
        },
        {
          "ancestorTitles": [
            "💰 Finance Routing Verification"
          ],
          "duration": 38,
          "failureDetails": [],
          "failureMessages": [],
          "fullName": "💰 Finance Routing Verification GET /api/households/:id/finance/savings/999999 should return 404",
          "invocations": 1,
          "location": null,
          "numPassingAsserts": 1,
          "retryReasons": [],
          "status": "passed",
          "title": "GET /api/households/:id/finance/savings/999999 should return 404"
        }
      ],
      "failureMessage": null
    },
    {
      "leaks": false,
      "numFailingTests": 0,
      "numPassingTests": 1,
      "numPendingTests": 0,
      "numTodoTests": 0,
      "openHandles": [],
      "perfStats": {
        "end": 1771891589250,
        "runtime": 7345,
        "slow": true,
        "start": 1771891581905
      },
      "skipped": false,
      "snapshot": {
        "added": 0,
        "fileDeleted": false,
        "matched": 0,
        "unchecked": 0,
        "uncheckedKeys": [],
        "unmatched": 0,
        "updated": 0
      },
      "testFilePath": "/home/matt/household-project/server/tests/brady_seed.test.js",
      "testResults": [
        {
          "ancestorTitles": [
            "👪 Master Seed: The Brady Bunch"
          ],
          "duration": 7006,
          "failureDetails": [],
          "failureMessages": [],
          "fullName": "👪 Master Seed: The Brady Bunch Should successfully seed the entire Brady Bunch household via API",
          "invocations": 1,
          "location": null,
          "numPassingAsserts": 14,
          "retryReasons": [],
          "status": "passed",
          "title": "Should successfully seed the entire Brady Bunch household via API"
        }
      ],
      "failureMessage": null
    },
    {
      "leaks": false,
      "numFailingTests": 0,
      "numPassingTests": 4,
      "numPendingTests": 0,
      "numTodoTests": 0,
      "openHandles": [],
      "perfStats": {
        "end": 1771891593495,
        "runtime": 4232,
        "slow": false,
        "start": 1771891589263
      },
      "skipped": false,
      "snapshot": {
        "added": 0,
        "fileDeleted": false,
        "matched": 0,
        "unchecked": 0,
        "uncheckedKeys": [],
        "unmatched": 0,
        "updated": 0
      },
      "testFilePath": "/home/matt/household-project/server/tests/security/advanced_integrity.test.js",
      "testResults": [
        {
          "ancestorTitles": [
            "🛡️ Advanced System Integrity & Security"
          ],
          "duration": 3466,
          "failureDetails": [],
          "failureMessages": [],
          "fullName": "🛡️ Advanced System Integrity & Security 📅 Friday Rule: Creation with valid payload",
          "invocations": 1,
          "location": null,
          "numPassingAsserts": 1,
          "retryReasons": [],
          "status": "passed",
          "title": "📅 Friday Rule: Creation with valid payload"
        },
        {
          "ancestorTitles": [
            "🛡️ Advanced System Integrity & Security"
          ],
          "duration": 109,
          "failureDetails": [],
          "failureMessages": [],
          "fullName": "🛡️ Advanced System Integrity & Security ♻️ Idempotency: Duplicate creation check",
          "invocations": 1,
          "location": null,
          "numPassingAsserts": 2,
          "retryReasons": [],
          "status": "passed",
          "title": "♻️ Idempotency: Duplicate creation check"
        },
        {
          "ancestorTitles": [
            "🛡️ Advanced System Integrity & Security"
          ],
          "duration": 18,
          "failureDetails": [],
          "failureMessages": [],
          "fullName": "🛡️ Advanced System Integrity & Security 🛑 Security: Path Traversal prevention",
          "invocations": 1,
          "location": null,
          "numPassingAsserts": 3,
          "retryReasons": [],
          "status": "passed",
          "title": "🛑 Security: Path Traversal prevention"
        },
        {
          "ancestorTitles": [
            "🛡️ Advanced System Integrity & Security"
          ],
          "duration": 21,
          "failureDetails": [],
          "failureMessages": [],
          "fullName": "🛡️ Advanced System Integrity & Security 💾 Integrity: Backup Trigger",
          "invocations": 1,
          "location": null,
          "numPassingAsserts": 2,
          "retryReasons": [],
          "status": "passed",
          "title": "💾 Integrity: Backup Trigger"
        }
      ],
      "failureMessage": null
    },
    {
      "leaks": false,
      "numFailingTests": 0,
      "numPassingTests": 6,
      "numPendingTests": 0,
      "numTodoTests": 0,
      "openHandles": [],
      "perfStats": {
        "end": 1771891598923,
        "runtime": 5421,
        "slow": true,
        "start": 1771891593502
      },
      "skipped": false,
      "snapshot": {
        "added": 0,
        "fileDeleted": false,
        "matched": 0,
        "unchecked": 0,
        "uncheckedKeys": [],
        "unmatched": 0,
        "updated": 0
      },
      "testFilePath": "/home/matt/household-project/server/tests/shopping.spec.js",
      "testResults": [
        {
          "ancestorTitles": [
            "Shopping List API"
          ],
          "duration": 3845,
          "failureDetails": [],
          "failureMessages": [],
          "fullName": "Shopping List API should add a shopping item",
          "invocations": 1,
          "location": null,
          "numPassingAsserts": 3,
          "retryReasons": [],
          "status": "passed",
          "title": "should add a shopping item"
        },
        {
          "ancestorTitles": [
            "Shopping List API"
          ],
          "duration": 123,
          "failureDetails": [],
          "failureMessages": [],
          "fullName": "Shopping List API should list shopping items and calculate budget",
          "invocations": 1,
          "location": null,
          "numPassingAsserts": 3,
          "retryReasons": [],
          "status": "passed",
          "title": "should list shopping items and calculate budget"
        },
        {
          "ancestorTitles": [
            "Shopping List API"
          ],
          "duration": 105,
          "failureDetails": [],
          "failureMessages": [],
          "fullName": "Shopping List API should update an item",
          "invocations": 1,
          "location": null,
          "numPassingAsserts": 3,
          "retryReasons": [],
          "status": "passed",
          "title": "should update an item"
        },
        {
          "ancestorTitles": [
            "Shopping List API"
          ],
          "duration": 117,
          "failureDetails": [],
          "failureMessages": [],
          "fullName": "Shopping List API should delete an item",
          "invocations": 1,
          "location": null,
          "numPassingAsserts": 1,
          "retryReasons": [],
          "status": "passed",
          "title": "should delete an item"
        },
        {
          "ancestorTitles": [
            "Shopping List API"
          ],
          "duration": 269,
          "failureDetails": [],
          "failureMessages": [],
          "fullName": "Shopping List API should NOT see items from another household (Tenancy Rule)",
          "invocations": 1,
          "location": null,
          "numPassingAsserts": 2,
          "retryReasons": [],
          "status": "passed",
          "title": "should NOT see items from another household (Tenancy Rule)"
        },
        {
          "ancestorTitles": [
            "Shopping List API"
          ],
          "duration": 251,
          "failureDetails": [],
          "failureMessages": [],
          "fullName": "Shopping List API should clear checked items",
          "invocations": 1,
          "location": null,
          "numPassingAsserts": 2,
          "retryReasons": [],
          "status": "passed",
          "title": "should clear checked items"
        }
      ],
      "failureMessage": null
    },
    {
      "leaks": false,
      "numFailingTests": 0,
      "numPassingTests": 5,
      "numPendingTests": 0,
      "numTodoTests": 0,
      "openHandles": [],
      "perfStats": {
        "end": 1771891599797,
        "runtime": 868,
        "slow": false,
        "start": 1771891598929
      },
      "skipped": false,
      "snapshot": {
        "added": 0,
        "fileDeleted": false,
        "matched": 0,
        "unchecked": 0,
        "uncheckedKeys": [],
        "unmatched": 0,
        "updated": 0
      },
      "testFilePath": "/home/matt/household-project/server/tests/performance/load.test.js",
      "testResults": [
        {
          "ancestorTitles": [
            "Performance & Speed Tests"
          ],
          "duration": 59,
          "failureDetails": [],
          "failureMessages": [],
          "fullName": "Performance & Speed Tests should measure login speed (Heavy Bcrypt)",
          "invocations": 1,
          "location": null,
          "numPassingAsserts": 1,
          "retryReasons": [],
          "status": "passed",
          "title": "should measure login speed (Heavy Bcrypt)"
        },
        {
          "ancestorTitles": [
            "Performance & Speed Tests"
          ],
          "duration": 77,
          "failureDetails": [],
          "failureMessages": [],
          "fullName": "Performance & Speed Tests should measure GET assets speed (Plain Read)",
          "invocations": 1,
          "location": null,
          "numPassingAsserts": 1,
          "retryReasons": [],
          "status": "passed",
          "title": "should measure GET assets speed (Plain Read)"
        },
        {
          "ancestorTitles": [
            "Performance & Speed Tests"
          ],
          "duration": 80,
          "failureDetails": [],
          "failureMessages": [],
          "fullName": "Performance & Speed Tests should measure GET finance savings speed (Decryption Overhead)",
          "invocations": 1,
          "location": null,
          "numPassingAsserts": 1,
          "retryReasons": [],
          "status": "passed",
          "title": "should measure GET finance savings speed (Decryption Overhead)"
        },
        {
          "ancestorTitles": [
            "Performance & Speed Tests"
          ],
          "duration": 27,
          "failureDetails": [],
          "failureMessages": [],
          "fullName": "Performance & Speed Tests should measure POST asset speed (Plain Write)",
          "invocations": 1,
          "location": null,
          "numPassingAsserts": 1,
          "retryReasons": [],
          "status": "passed",
          "title": "should measure POST asset speed (Plain Write)"
        },
        {
          "ancestorTitles": [
            "Performance & Speed Tests"
          ],
          "duration": 262,
          "failureDetails": [],
          "failureMessages": [],
          "fullName": "Performance & Speed Tests should handle \"Load\" (Concurrent requests)",
          "invocations": 1,
          "location": null,
          "numPassingAsserts": 1,
          "retryReasons": [],
          "status": "passed",
          "title": "should handle \"Load\" (Concurrent requests)"
        }
      ],
      "failureMessage": null
    },
    {
      "leaks": false,
      "numFailingTests": 0,
      "numPassingTests": 2,
      "numPendingTests": 0,
      "numTodoTests": 0,
      "openHandles": [],
      "perfStats": {
        "end": 1771891604033,
        "runtime": 4221,
        "slow": false,
        "start": 1771891599812
      },
      "skipped": false,
      "snapshot": {
        "added": 0,
        "fileDeleted": false,
        "matched": 0,
        "unchecked": 0,
        "uncheckedKeys": [],
        "unmatched": 0,
        "updated": 0
      },
      "testFilePath": "/home/matt/household-project/server/tests/export_json.spec.js",
      "testResults": [
        {
          "ancestorTitles": [
            "🚀 JSON Tenant Export Verification"
          ],
          "duration": 46,
          "failureDetails": [],
          "failureMessages": [],
          "fullName": "🚀 JSON Tenant Export Verification GET /api/export/:id should return a full JSON package",
          "invocations": 1,
          "location": null,
          "numPassingAsserts": 10,
          "retryReasons": [],
          "status": "passed",
          "title": "GET /api/export/:id should return a full JSON package"
        },
        {
          "ancestorTitles": [
            "🚀 JSON Tenant Export Verification"
          ],
          "duration": 102,
          "failureDetails": [],
          "failureMessages": [],
          "fullName": "🚀 JSON Tenant Export Verification Unauthorized user should not be able to export",
          "invocations": 1,
          "location": null,
          "numPassingAsserts": 1,
          "retryReasons": [],
          "status": "passed",
          "title": "Unauthorized user should not be able to export"
        }
      ],
      "failureMessage": null
    },
    {
      "leaks": false,
      "numFailingTests": 0,
      "numPassingTests": 2,
      "numPendingTests": 0,
      "numTodoTests": 0,
      "openHandles": [],
      "perfStats": {
        "end": 1771891608618,
        "runtime": 4578,
        "slow": false,
        "start": 1771891604040
      },
      "skipped": false,
      "snapshot": {
        "added": 0,
        "fileDeleted": false,
        "matched": 0,
        "unchecked": 0,
        "uncheckedKeys": [],
        "unmatched": 0,
        "updated": 0
      },
      "testFilePath": "/home/matt/household-project/server/tests/security/audit_logging.test.js",
      "testResults": [
        {
          "ancestorTitles": [
            "Immutable Audit Logging"
          ],
          "duration": 3996,
          "failureDetails": [],
          "failureMessages": [],
          "fullName": "Immutable Audit Logging should log a MEMBER_CREATE action",
          "invocations": 1,
          "location": null,
          "numPassingAsserts": 4,
          "retryReasons": [],
          "status": "passed",
          "title": "should log a MEMBER_CREATE action"
        },
        {
          "ancestorTitles": [
            "Immutable Audit Logging"
          ],
          "duration": 65,
          "failureDetails": [],
          "failureMessages": [],
          "fullName": "Immutable Audit Logging should log a MEMBER_UPDATE action",
          "invocations": 1,
          "location": null,
          "numPassingAsserts": 3,
          "retryReasons": [],
          "status": "passed",
          "title": "should log a MEMBER_UPDATE action"
        }
      ],
      "failureMessage": null
    },
    {
      "leaks": false,
      "numFailingTests": 0,
      "numPassingTests": 1,
      "numPendingTests": 0,
      "numTodoTests": 0,
      "openHandles": [],
      "perfStats": {
        "end": 1771891610667,
        "runtime": 2043,
        "slow": false,
        "start": 1771891608624
      },
      "skipped": false,
      "snapshot": {
        "added": 0,
        "fileDeleted": false,
        "matched": 0,
        "unchecked": 0,
        "uncheckedKeys": [],
        "unmatched": 0,
        "updated": 0
      },
      "testFilePath": "/home/matt/household-project/server/tests/performance/concurrency.test.js",
      "testResults": [
        {
          "ancestorTitles": [
            "⚡ SQLite Concurrency Stress"
          ],
          "duration": 1088,
          "failureDetails": [],
          "failureMessages": [],
          "fullName": "⚡ SQLite Concurrency Stress 🧬 WAL Mode Concurrency (20 Parallel Writes)",
          "invocations": 1,
          "location": null,
          "numPassingAsserts": 1,
          "retryReasons": [],
          "status": "passed",
          "title": "🧬 WAL Mode Concurrency (20 Parallel Writes)"
        }
      ],
      "failureMessage": null
    },
    {
      "leaks": false,
      "numFailingTests": 0,
      "numPassingTests": 1,
      "numPendingTests": 0,
      "numTodoTests": 0,
      "openHandles": [],
      "perfStats": {
        "end": 1771891611358,
        "runtime": 686,
        "slow": false,
        "start": 1771891610672
      },
      "skipped": false,
      "snapshot": {
        "added": 0,
        "fileDeleted": false,
        "matched": 0,
        "unchecked": 0,
        "uncheckedKeys": [],
        "unmatched": 0,
        "updated": 0
      },
      "testFilePath": "/home/matt/household-project/server/tests/routes/export.spec.js",
      "testResults": [
        {
          "ancestorTitles": [
            "Export Route"
          ],
          "duration": 30,
          "failureDetails": [],
          "failureMessages": [],
          "fullName": "Export Route should export household data as JSON",
          "invocations": 1,
          "location": null,
          "numPassingAsserts": 5,
          "retryReasons": [],
          "status": "passed",
          "title": "should export household data as JSON"
        }
      ],
      "failureMessage": null
    },
    {
      "leaks": false,
      "numFailingTests": 0,
      "numPassingTests": 2,
      "numPendingTests": 0,
      "numTodoTests": 0,
      "openHandles": [],
      "perfStats": {
        "end": 1771891611948,
        "runtime": 583,
        "slow": false,
        "start": 1771891611365
      },
      "skipped": false,
      "snapshot": {
        "added": 0,
        "fileDeleted": false,
        "matched": 0,
        "unchecked": 0,
        "uncheckedKeys": [],
        "unmatched": 0,
        "updated": 0
      },
      "testFilePath": "/home/matt/household-project/server/tests/export.spec.js",
      "testResults": [
        {
          "ancestorTitles": [
            "GET /api/export/:household_id"
          ],
          "duration": 5,
          "failureDetails": [],
          "failureMessages": [],
          "fullName": "GET /api/export/:household_id should return 404 if household_id is missing (route not matched)",
          "invocations": 1,
          "location": null,
          "numPassingAsserts": 1,
          "retryReasons": [],
          "status": "passed",
          "title": "should return 404 if household_id is missing (route not matched)"
        },
        {
          "ancestorTitles": [
            "GET /api/export/:household_id"
          ],
          "duration": 25,
          "failureDetails": [],
          "failureMessages": [],
          "fullName": "GET /api/export/:household_id should return 200 and export data if household_id is valid",
          "invocations": 1,
          "location": null,
          "numPassingAsserts": 5,
          "retryReasons": [],
          "status": "passed",
          "title": "should return 200 and export data if household_id is valid"
        }
      ],
      "failureMessage": null
    },
    {
      "leaks": false,
      "numFailingTests": 0,
      "numPassingTests": 4,
      "numPendingTests": 0,
      "numTodoTests": 0,
      "openHandles": [],
      "perfStats": {
        "end": 1771891612422,
        "runtime": 469,
        "slow": false,
        "start": 1771891611953
      },
      "skipped": false,
      "snapshot": {
        "added": 0,
        "fileDeleted": false,
        "matched": 0,
        "unchecked": 0,
        "uncheckedKeys": [],
        "unmatched": 0,
        "updated": 0
      },
      "testFilePath": "/home/matt/household-project/server/tests/security/audit_poc.test.js",
      "testResults": [
        {
          "ancestorTitles": [
            "Security Audit Proof of Concept"
          ],
          "duration": 1,
          "failureDetails": [],
          "failureMessages": [],
          "fullName": "Security Audit Proof of Concept Vulnerability 1: Hardcoded SECRET_KEY",
          "invocations": 1,
          "location": null,
          "numPassingAsserts": 1,
          "retryReasons": [],
          "status": "passed",
          "title": "Vulnerability 1: Hardcoded SECRET_KEY"
        },
        {
          "ancestorTitles": [
            "Security Audit Proof of Concept"
          ],
          "duration": 22,
          "failureDetails": [],
          "failureMessages": [],
          "fullName": "Security Audit Proof of Concept Vulnerability 2: Path Traversal in Backup Download (FIXED)",
          "invocations": 1,
          "location": null,
          "numPassingAsserts": 1,
          "retryReasons": [],
          "status": "passed",
          "title": "Vulnerability 2: Path Traversal in Backup Download (FIXED)"
        },
        {
          "ancestorTitles": [
            "Security Audit Proof of Concept"
          ],
          "duration": 122,
          "failureDetails": [],
          "failureMessages": [],
          "fullName": "Security Audit Proof of Concept Vulnerability 3: Admin Escalation - Adding user to another household (FIXED)",
          "invocations": 1,
          "location": null,
          "numPassingAsserts": 1,
          "retryReasons": [],
          "status": "passed",
          "title": "Vulnerability 3: Admin Escalation - Adding user to another household (FIXED)"
        },
        {
          "ancestorTitles": [
            "Security Audit Proof of Concept"
          ],
          "duration": 5,
          "failureDetails": [],
          "failureMessages": [],
          "fullName": "Security Audit Proof of Concept Tenancy Verification: Viewer of HH 60 cannot access HH 3294",
          "invocations": 1,
          "location": null,
          "numPassingAsserts": 1,
          "retryReasons": [],
          "status": "passed",
          "title": "Tenancy Verification: Viewer of HH 60 cannot access HH 3294"
        }
      ],
      "failureMessage": null
    },
    {
      "leaks": false,
      "numFailingTests": 0,
      "numPassingTests": 3,
      "numPendingTests": 0,
      "numTodoTests": 0,
      "openHandles": [],
      "perfStats": {
        "end": 1771891612980,
        "runtime": 553,
        "slow": false,
        "start": 1771891612427
      },
      "skipped": false,
      "snapshot": {
        "added": 0,
        "fileDeleted": false,
        "matched": 0,
        "unchecked": 0,
        "uncheckedKeys": [],
        "unmatched": 0,
        "updated": 0
      },
      "testFilePath": "/home/matt/household-project/server/tests/profile.spec.js",
      "testResults": [
        {
          "ancestorTitles": [
            "Profile API"
          ],
          "duration": 13,
          "failureDetails": [],
          "failureMessages": [],
          "fullName": "Profile API should retrieve the user profile with custom_theme",
          "invocations": 1,
          "location": null,
          "numPassingAsserts": 4,
          "retryReasons": [],
          "status": "passed",
          "title": "should retrieve the user profile with custom_theme"
        },
        {
          "ancestorTitles": [
            "Profile API"
          ],
          "duration": 61,
          "failureDetails": [],
          "failureMessages": [],
          "fullName": "Profile API should update the user theme",
          "invocations": 1,
          "location": null,
          "numPassingAsserts": 2,
          "retryReasons": [],
          "status": "passed",
          "title": "should update the user theme"
        },
        {
          "ancestorTitles": [
            "Profile API"
          ],
          "duration": 55,
          "failureDetails": [],
          "failureMessages": [],
          "fullName": "Profile API should update the custom_theme",
          "invocations": 1,
          "location": null,
          "numPassingAsserts": 2,
          "retryReasons": [],
          "status": "passed",
          "title": "should update the custom_theme"
        }
      ],
      "failureMessage": null
    },
    {
      "leaks": false,
      "numFailingTests": 0,
      "numPassingTests": 2,
      "numPendingTests": 0,
      "numTodoTests": 0,
      "openHandles": [],
      "perfStats": {
        "end": 1771891613411,
        "runtime": 426,
        "slow": false,
        "start": 1771891612985
      },
      "skipped": false,
      "snapshot": {
        "added": 0,
        "fileDeleted": false,
        "matched": 0,
        "unchecked": 0,
        "uncheckedKeys": [],
        "unmatched": 0,
        "updated": 0
      },
      "testFilePath": "/home/matt/household-project/server/tests/services/queue.test.js",
      "testResults": [
        {
          "ancestorTitles": [
            "Background Job Queue (BullMQ)"
          ],
          "duration": 45,
          "failureDetails": [],
          "failureMessages": [],
          "fullName": "Background Job Queue (BullMQ) should add a job to the queue",
          "invocations": 1,
          "location": null,
          "numPassingAsserts": 3,
          "retryReasons": [],
          "status": "passed",
          "title": "should add a job to the queue"
        },
        {
          "ancestorTitles": [
            "Background Job Queue (BullMQ)"
          ],
          "duration": 8,
          "failureDetails": [],
          "failureMessages": [],
          "fullName": "Background Job Queue (BullMQ) should handle jobs without householdId with a warning",
          "invocations": 1,
          "location": null,
          "numPassingAsserts": 1,
          "retryReasons": [],
          "status": "passed",
          "title": "should handle jobs without householdId with a warning"
        }
      ],
      "failureMessage": null
    },
    {
      "leaks": false,
      "numFailingTests": 0,
      "numPassingTests": 2,
      "numPendingTests": 0,
      "numTodoTests": 0,
      "openHandles": [],
      "perfStats": {
        "end": 1771891613839,
        "runtime": 424,
        "slow": false,
        "start": 1771891613415
      },
      "skipped": false,
      "snapshot": {
        "added": 0,
        "fileDeleted": false,
        "matched": 0,
        "unchecked": 0,
        "uncheckedKeys": [],
        "unmatched": 0,
        "updated": 0
      },
      "testFilePath": "/home/matt/household-project/server/tests/services/storage.test.js",
      "testResults": [
        {
          "ancestorTitles": [
            "File Storage Service (Local Driver)"
          ],
          "duration": 2,
          "failureDetails": [],
          "failureMessages": [],
          "fullName": "File Storage Service (Local Driver) should upload a file to the local filesystem",
          "invocations": 1,
          "location": null,
          "numPassingAsserts": 3,
          "retryReasons": [],
          "status": "passed",
          "title": "should upload a file to the local filesystem"
        },
        {
          "ancestorTitles": [
            "File Storage Service (Local Driver)"
          ],
          "duration": 0,
          "failureDetails": [],
          "failureMessages": [],
          "fullName": "File Storage Service (Local Driver) should delete a file from the local filesystem",
          "invocations": 1,
          "location": null,
          "numPassingAsserts": 1,
          "retryReasons": [],
          "status": "passed",
          "title": "should delete a file from the local filesystem"
        }
      ],
      "failureMessage": null
    },
    {
      "leaks": false,
      "numFailingTests": 0,
      "numPassingTests": 2,
      "numPendingTests": 0,
      "numTodoTests": 0,
      "openHandles": [],
      "perfStats": {
        "end": 1771891614145,
        "runtime": 259,
        "slow": false,
        "start": 1771891613886
      },
      "skipped": false,
      "snapshot": {
        "added": 0,
        "fileDeleted": false,
        "matched": 0,
        "unchecked": 0,
        "uncheckedKeys": [],
        "unmatched": 0,
        "updated": 0
      },
      "testFilePath": "/home/matt/household-project/server/tests/security/rate_limiting.test.js",
      "testResults": [
        {
          "ancestorTitles": [
            "API Rate Limiting Middleware"
          ],
          "duration": 61,
          "failureDetails": [],
          "failureMessages": [],
          "fullName": "API Rate Limiting Middleware should block auth requests after too many attempts",
          "invocations": 1,
          "location": null,
          "numPassingAsserts": 1,
          "retryReasons": [],
          "status": "passed",
          "title": "should block auth requests after too many attempts"
        },
        {
          "ancestorTitles": [
            "API Rate Limiting Middleware"
          ],
          "duration": 31,
          "failureDetails": [],
          "failureMessages": [],
          "fullName": "API Rate Limiting Middleware should bypass limit when bypass header is present",
          "invocations": 1,
          "location": null,
          "numPassingAsserts": 1,
          "retryReasons": [],
          "status": "passed",
          "title": "should bypass limit when bypass header is present"
        }
      ],
      "failureMessage": null
    },
    {
      "leaks": false,
      "numFailingTests": 0,
      "numPassingTests": 3,
      "numPendingTests": 0,
      "numTodoTests": 0,
      "openHandles": [],
      "perfStats": {
        "end": 1771891614336,
        "runtime": 183,
        "slow": false,
        "start": 1771891614153
      },
      "skipped": false,
      "snapshot": {
        "added": 0,
        "fileDeleted": false,
        "matched": 0,
        "unchecked": 0,
        "uncheckedKeys": [],
        "unmatched": 0,
        "updated": 0
      },
      "testFilePath": "/home/matt/household-project/server/tests/performance/smoke.test.js",
      "testResults": [
        {
          "ancestorTitles": [
            "Frontend Build Smoke Test"
          ],
          "duration": 1,
          "failureDetails": [],
          "failureMessages": [],
          "fullName": "Frontend Build Smoke Test index.html should exist after build",
          "invocations": 1,
          "location": null,
          "numPassingAsserts": 1,
          "retryReasons": [],
          "status": "passed",
          "title": "index.html should exist after build"
        },
        {
          "ancestorTitles": [
            "Frontend Build Smoke Test"
          ],
          "duration": 1,
          "failureDetails": [],
          "failureMessages": [],
          "fullName": "Frontend Build Smoke Test index.html should contain root div",
          "invocations": 1,
          "location": null,
          "numPassingAsserts": 1,
          "retryReasons": [],
          "status": "passed",
          "title": "index.html should contain root div"
        },
        {
          "ancestorTitles": [
            "Frontend Build Smoke Test"
          ],
          "duration": 1,
          "failureDetails": [],
          "failureMessages": [],
          "fullName": "Frontend Build Smoke Test JS bundle should be referenced",
          "invocations": 1,
          "location": null,
          "numPassingAsserts": 1,
          "retryReasons": [],
          "status": "passed",
          "title": "JS bundle should be referenced"
        }
      ],
      "failureMessage": null
    }
  ],
  "wasInterrupted": false
}