{
  "numFailedTestSuites": 0,
  "numFailedTests": 0,
  "numPassedTestSuites": 22,
  "numPassedTests": 80,
  "numPendingTestSuites": 0,
  "numPendingTests": 0,
  "numRuntimeErrorTestSuites": 0,
  "numTodoTests": 0,
  "numTotalTestSuites": 22,
  "numTotalTests": 80,
  "openHandles": [],
  "snapshot": {
    "added": 0,
    "didUpdate": false,
    "failure": false,
    "filesAdded": 0,
    "filesRemoved": 0,
    "filesRemovedList": [],
    "filesUnmatched": 0,
    "filesUpdated": 0,
    "matched": 0,
    "total": 0,
    "unchecked": 0,
    "uncheckedKeysByFile": [],
    "unmatched": 0,
    "updated": 0
  },
  "startTime": 1772273109126,
  "success": false,
  "testResults": [
    {
      "leaks": false,
      "numFailingTests": 0,
      "numPassingTests": 5,
      "numPendingTests": 0,
      "numTodoTests": 0,
      "openHandles": [],
      "perfStats": {
        "end": 1772273124125,
        "loadTestEnvironmentEnd": 1772273109221,
        "loadTestEnvironmentStart": 1772273109152,
        "runtime": 14903,
        "setupAfterEnvEnd": 1772273110901,
        "setupAfterEnvStart": 1772273109536,
        "setupFilesEnd": 1772273109245,
        "setupFilesStart": 1772273109223,
        "slow": true,
        "start": 1772273109222
      },
      "skipped": false,
      "snapshot": {
        "added": 0,
        "fileDeleted": false,
        "matched": 0,
        "unchecked": 0,
        "uncheckedKeys": [],
        "unmatched": 0,
        "updated": 0
      },
      "testFilePath": "/home/matt/household-project/server/tests/performance/load.test.js",
      "testResults": [
        {
          "ancestorTitles": [
            "Performance & Speed Tests"
          ],
          "duration": 1408,
          "failing": false,
          "failureDetails": [],
          "failureMessages": [],
          "fullName": "Performance & Speed Tests should measure login speed (Heavy Bcrypt)",
          "invocations": 1,
          "location": null,
          "numPassingAsserts": 1,
          "retryReasons": [],
          "startAt": 1772273116102,
          "status": "passed",
          "title": "should measure login speed (Heavy Bcrypt)"
        },
        {
          "ancestorTitles": [
            "Performance & Speed Tests"
          ],
          "duration": 619,
          "failing": false,
          "failureDetails": [],
          "failureMessages": [],
          "fullName": "Performance & Speed Tests should measure GET assets speed (Plain Read)",
          "invocations": 1,
          "location": null,
          "numPassingAsserts": 1,
          "retryReasons": [],
          "startAt": 1772273117512,
          "status": "passed",
          "title": "should measure GET assets speed (Plain Read)"
        },
        {
          "ancestorTitles": [
            "Performance & Speed Tests"
          ],
          "duration": 1103,
          "failing": false,
          "failureDetails": [],
          "failureMessages": [],
          "fullName": "Performance & Speed Tests should measure GET finance savings speed (Decryption Overhead)",
          "invocations": 1,
          "location": null,
          "numPassingAsserts": 1,
          "retryReasons": [],
          "startAt": 1772273118132,
          "status": "passed",
          "title": "should measure GET finance savings speed (Decryption Overhead)"
        },
        {
          "ancestorTitles": [
            "Performance & Speed Tests"
          ],
          "duration": 405,
          "failing": false,
          "failureDetails": [],
          "failureMessages": [],
          "fullName": "Performance & Speed Tests should measure POST asset speed (Plain Write)",
          "invocations": 1,
          "location": null,
          "numPassingAsserts": 1,
          "retryReasons": [],
          "startAt": 1772273119236,
          "status": "passed",
          "title": "should measure POST asset speed (Plain Write)"
        },
        {
          "ancestorTitles": [
            "Performance & Speed Tests"
          ],
          "duration": 4450,
          "failing": false,
          "failureDetails": [],
          "failureMessages": [],
          "fullName": "Performance & Speed Tests should handle \"Load\" (Concurrent requests)",
          "invocations": 1,
          "location": null,
          "numPassingAsserts": 1,
          "retryReasons": [],
          "startAt": 1772273119642,
          "status": "passed",
          "title": "should handle \"Load\" (Concurrent requests)"
        }
      ],
      "failureMessage": null
    },
    {
      "leaks": false,
      "numFailingTests": 0,
      "numPassingTests": 12,
      "numPendingTests": 0,
      "numTodoTests": 0,
      "openHandles": [],
      "perfStats": {
        "end": 1772273130395,
        "loadTestEnvironmentEnd": 1772273124213,
        "loadTestEnvironmentStart": 1772273124207,
        "runtime": 6181,
        "setupAfterEnvEnd": 1772273124963,
        "setupAfterEnvStart": 1772273124376,
        "setupFilesEnd": 1772273124215,
        "setupFilesStart": 1772273124214,
        "slow": true,
        "start": 1772273124214
      },
      "skipped": false,
      "snapshot": {
        "added": 0,
        "fileDeleted": false,
        "matched": 0,
        "unchecked": 0,
        "uncheckedKeys": [],
        "unmatched": 0,
        "updated": 0
      },
      "testFilePath": "/home/matt/household-project/server/tests/security/api_coverage_and_rbac.test.js",
      "testResults": [
        {
          "ancestorTitles": [
            "🛡️ Comprehensive Backend API & RBAC Verification"
          ],
          "duration": 345,
          "failing": false,
          "failureDetails": [],
          "failureMessages": [],
          "fullName": "🛡️ Comprehensive Backend API & RBAC Verification 🔑 Authentication & Setup",
          "invocations": 1,
          "location": null,
          "numPassingAsserts": 4,
          "retryReasons": [],
          "startAt": 1772273128016,
          "status": "passed",
          "title": "🔑 Authentication & Setup"
        },
        {
          "ancestorTitles": [
            "🛡️ Comprehensive Backend API & RBAC Verification"
          ],
          "duration": 257,
          "failing": false,
          "failureDetails": [],
          "failureMessages": [],
          "fullName": "🛡️ Comprehensive Backend API & RBAC Verification 🏠 Household Management",
          "invocations": 1,
          "location": null,
          "numPassingAsserts": 3,
          "retryReasons": [],
          "startAt": 1772273128362,
          "status": "passed",
          "title": "🏠 Household Management"
        },
        {
          "ancestorTitles": [
            "🛡️ Comprehensive Backend API & RBAC Verification"
          ],
          "duration": 508,
          "failing": false,
          "failureDetails": [],
          "failureMessages": [],
          "fullName": "🛡️ Comprehensive Backend API & RBAC Verification 🔄 Module: Recurring Costs (Consolidated)",
          "invocations": 1,
          "location": null,
          "numPassingAsserts": 5,
          "retryReasons": [],
          "startAt": 1772273128620,
          "status": "passed",
          "title": "🔄 Module: Recurring Costs (Consolidated)"
        },
        {
          "ancestorTitles": [
            "🛡️ Comprehensive Backend API & RBAC Verification"
          ],
          "duration": 93,
          "failing": false,
          "failureDetails": [],
          "failureMessages": [],
          "fullName": "🛡️ Comprehensive Backend API & RBAC Verification 👥 Module: People",
          "invocations": 1,
          "location": null,
          "numPassingAsserts": 4,
          "retryReasons": [],
          "startAt": 1772273129128,
          "status": "passed",
          "title": "👥 Module: People"
        },
        {
          "ancestorTitles": [
            "🛡️ Comprehensive Backend API & RBAC Verification"
          ],
          "duration": 78,
          "failing": false,
          "failureDetails": [],
          "failureMessages": [],
          "fullName": "🛡️ Comprehensive Backend API & RBAC Verification 🚗 Module: Vehicles",
          "invocations": 1,
          "location": null,
          "numPassingAsserts": 5,
          "retryReasons": [],
          "startAt": 1772273129222,
          "status": "passed",
          "title": "🚗 Module: Vehicles"
        },
        {
          "ancestorTitles": [
            "🛡️ Comprehensive Backend API & RBAC Verification"
          ],
          "duration": 411,
          "failing": false,
          "failureDetails": [],
          "failureMessages": [],
          "fullName": "🛡️ Comprehensive Backend API & RBAC Verification 💰 Module: Finance (Core)",
          "invocations": 1,
          "location": null,
          "numPassingAsserts": 25,
          "retryReasons": [],
          "startAt": 1772273129301,
          "status": "passed",
          "title": "💰 Module: Finance (Core)"
        },
        {
          "ancestorTitles": [
            "🛡️ Comprehensive Backend API & RBAC Verification"
          ],
          "duration": 32,
          "failing": false,
          "failureDetails": [],
          "failureMessages": [],
          "fullName": "🛡️ Comprehensive Backend API & RBAC Verification 🍱 Module: Meals",
          "invocations": 1,
          "location": null,
          "numPassingAsserts": 2,
          "retryReasons": [],
          "startAt": 1772273129713,
          "status": "passed",
          "title": "🍱 Module: Meals"
        },
        {
          "ancestorTitles": [
            "🛡️ Comprehensive Backend API & RBAC Verification"
          ],
          "duration": 101,
          "failing": false,
          "failureDetails": [],
          "failureMessages": [],
          "fullName": "🛡️ Comprehensive Backend API & RBAC Verification 🧹 Module: Chores",
          "invocations": 1,
          "location": null,
          "numPassingAsserts": 5,
          "retryReasons": [],
          "startAt": 1772273129745,
          "status": "passed",
          "title": "🧹 Module: Chores"
        },
        {
          "ancestorTitles": [
            "🛡️ Comprehensive Backend API & RBAC Verification"
          ],
          "duration": 160,
          "failing": false,
          "failureDetails": [],
          "failureMessages": [],
          "fullName": "🛡️ Comprehensive Backend API & RBAC Verification 📅 Module: Calendar",
          "invocations": 1,
          "location": null,
          "numPassingAsserts": 6,
          "retryReasons": [],
          "startAt": 1772273129846,
          "status": "passed",
          "title": "📅 Module: Calendar"
        },
        {
          "ancestorTitles": [
            "🛡️ Comprehensive Backend API & RBAC Verification"
          ],
          "duration": 75,
          "failing": false,
          "failureDetails": [],
          "failureMessages": [],
          "fullName": "🛡️ Comprehensive Backend API & RBAC Verification 🛒 Module: Shopping",
          "invocations": 1,
          "location": null,
          "numPassingAsserts": 5,
          "retryReasons": [],
          "startAt": 1772273130007,
          "status": "passed",
          "title": "🛒 Module: Shopping"
        },
        {
          "ancestorTitles": [
            "🛡️ Comprehensive Backend API & RBAC Verification"
          ],
          "duration": 113,
          "failing": false,
          "failureDetails": [],
          "failureMessages": [],
          "fullName": "🛡️ Comprehensive Backend API & RBAC Verification 🏠 Module: House Details",
          "invocations": 1,
          "location": null,
          "numPassingAsserts": 7,
          "retryReasons": [],
          "startAt": 1772273130082,
          "status": "passed",
          "title": "🏠 Module: House Details"
        },
        {
          "ancestorTitles": [
            "🛡️ Comprehensive Backend API & RBAC Verification"
          ],
          "duration": 172,
          "failing": false,
          "failureDetails": [],
          "failureMessages": [],
          "fullName": "🛡️ Comprehensive Backend API & RBAC Verification 🏦 Module: Finance (Extended)",
          "invocations": 1,
          "location": null,
          "numPassingAsserts": 12,
          "retryReasons": [],
          "startAt": 1772273130195,
          "status": "passed",
          "title": "🏦 Module: Finance (Extended)"
        }
      ],
      "failureMessage": null
    },
    {
      "leaks": false,
      "numFailingTests": 0,
      "numPassingTests": 3,
      "numPendingTests": 0,
      "numTodoTests": 0,
      "openHandles": [],
      "perfStats": {
        "end": 1772273133868,
        "loadTestEnvironmentEnd": 1772273130409,
        "loadTestEnvironmentStart": 1772273130404,
        "runtime": 3458,
        "setupAfterEnvEnd": 1772273131204,
        "setupAfterEnvStart": 1772273130588,
        "setupFilesEnd": 1772273130411,
        "setupFilesStart": 1772273130410,
        "slow": false,
        "start": 1772273130410
      },
      "skipped": false,
      "snapshot": {
        "added": 0,
        "fileDeleted": false,
        "matched": 0,
        "unchecked": 0,
        "uncheckedKeys": [],
        "unmatched": 0,
        "updated": 0
      },
      "testFilePath": "/home/matt/household-project/server/tests/security/export_tenant.test.js",
      "testResults": [
        {
          "ancestorTitles": [
            "🛡️ Tenant Export Verification"
          ],
          "duration": 96,
          "failing": false,
          "failureDetails": [],
          "failureMessages": [],
          "fullName": "🛡️ Tenant Export Verification GET /api/admin/households/:id/export should return a backup filename (System Admin)",
          "invocations": 1,
          "location": null,
          "numPassingAsserts": 4,
          "retryReasons": [],
          "startAt": 1772273133433,
          "status": "passed",
          "title": "GET /api/admin/households/:id/export should return a backup filename (System Admin)"
        },
        {
          "ancestorTitles": [
            "🛡️ Tenant Export Verification"
          ],
          "duration": 254,
          "failing": false,
          "failureDetails": [],
          "failureMessages": [],
          "fullName": "🛡️ Tenant Export Verification Non-system-admin should not be able to export (even if household admin)",
          "invocations": 1,
          "location": null,
          "numPassingAsserts": 1,
          "retryReasons": [],
          "startAt": 1772273133530,
          "status": "passed",
          "title": "Non-system-admin should not be able to export (even if household admin)"
        },
        {
          "ancestorTitles": [
            "🛡️ Tenant Export Verification"
          ],
          "duration": 36,
          "failing": false,
          "failureDetails": [],
          "failureMessages": [],
          "fullName": "🛡️ Tenant Export Verification Export should contain manifest.json in the zip",
          "invocations": 1,
          "location": null,
          "numPassingAsserts": 4,
          "retryReasons": [],
          "startAt": 1772273133784,
          "status": "passed",
          "title": "Export should contain manifest.json in the zip"
        }
      ],
      "failureMessage": null
    },
    {
      "leaks": false,
      "numFailingTests": 0,
      "numPassingTests": 1,
      "numPendingTests": 0,
      "numTodoTests": 0,
      "openHandles": [],
      "perfStats": {
        "end": 1772273139100,
        "loadTestEnvironmentEnd": 1772273133880,
        "loadTestEnvironmentStart": 1772273133875,
        "runtime": 5219,
        "setupAfterEnvEnd": 1772273134624,
        "setupAfterEnvStart": 1772273134053,
        "setupFilesEnd": 1772273133882,
        "setupFilesStart": 1772273133881,
        "slow": true,
        "start": 1772273133881
      },
      "skipped": false,
      "snapshot": {
        "added": 0,
        "fileDeleted": false,
        "matched": 0,
        "unchecked": 0,
        "uncheckedKeys": [],
        "unmatched": 0,
        "updated": 0
      },
      "testFilePath": "/home/matt/household-project/server/tests/brady_seed.test.js",
      "testResults": [
        {
          "ancestorTitles": [
            "👪 Master Seed: The Brady Bunch"
          ],
          "duration": 2670,
          "failing": false,
          "failureDetails": [],
          "failureMessages": [],
          "fullName": "👪 Master Seed: The Brady Bunch Should successfully seed the entire Brady Bunch household via API",
          "invocations": 1,
          "location": null,
          "numPassingAsserts": 15,
          "retryReasons": [],
          "startAt": 1772273136274,
          "status": "passed",
          "title": "Should successfully seed the entire Brady Bunch household via API"
        }
      ],
      "failureMessage": null
    },
    {
      "leaks": false,
      "numFailingTests": 0,
      "numPassingTests": 1,
      "numPendingTests": 0,
      "numTodoTests": 0,
      "openHandles": [],
      "perfStats": {
        "end": 1772273143623,
        "loadTestEnvironmentEnd": 1772273139116,
        "loadTestEnvironmentStart": 1772273139108,
        "runtime": 4507,
        "setupAfterEnvEnd": 1772273139871,
        "setupAfterEnvStart": 1772273139298,
        "setupFilesEnd": 1772273139118,
        "setupFilesStart": 1772273139116,
        "slow": false,
        "start": 1772273139116
      },
      "skipped": false,
      "snapshot": {
        "added": 0,
        "fileDeleted": false,
        "matched": 0,
        "unchecked": 0,
        "uncheckedKeys": [],
        "unmatched": 0,
        "updated": 0
      },
      "testFilePath": "/home/matt/household-project/server/tests/performance/concurrency.test.js",
      "testResults": [
        {
          "ancestorTitles": [
            "⚡ SQLite Concurrency Stress"
          ],
          "duration": 1038,
          "failing": false,
          "failureDetails": [],
          "failureMessages": [],
          "fullName": "⚡ SQLite Concurrency Stress 🧬 WAL Mode Concurrency (20 Parallel Writes)",
          "invocations": 1,
          "location": null,
          "numPassingAsserts": 1,
          "retryReasons": [],
          "startAt": 1772273142047,
          "status": "passed",
          "title": "🧬 WAL Mode Concurrency (20 Parallel Writes)"
        }
      ],
      "failureMessage": null
    },
    {
      "leaks": false,
      "numFailingTests": 0,
      "numPassingTests": 4,
      "numPendingTests": 0,
      "numTodoTests": 0,
      "openHandles": [],
      "perfStats": {
        "end": 1772273147422,
        "loadTestEnvironmentEnd": 1772273143644,
        "loadTestEnvironmentStart": 1772273143637,
        "runtime": 3777,
        "setupAfterEnvEnd": 1772273144358,
        "setupAfterEnvStart": 1772273143812,
        "setupFilesEnd": 1772273143645,
        "setupFilesStart": 1772273143645,
        "slow": false,
        "start": 1772273143645
      },
      "skipped": false,
      "snapshot": {
        "added": 0,
        "fileDeleted": false,
        "matched": 0,
        "unchecked": 0,
        "uncheckedKeys": [],
        "unmatched": 0,
        "updated": 0
      },
      "testFilePath": "/home/matt/household-project/server/tests/security/advanced_integrity.test.js",
      "testResults": [
        {
          "ancestorTitles": [
            "🛡️ Advanced System Integrity & Security"
          ],
          "duration": 571,
          "failing": false,
          "failureDetails": [],
          "failureMessages": [],
          "fullName": "🛡️ Advanced System Integrity & Security 📅 Friday Rule: Creation with valid payload",
          "invocations": 1,
          "location": null,
          "numPassingAsserts": 1,
          "retryReasons": [],
          "startAt": 1772273146486,
          "status": "passed",
          "title": "📅 Friday Rule: Creation with valid payload"
        },
        {
          "ancestorTitles": [
            "🛡️ Advanced System Integrity & Security"
          ],
          "duration": 195,
          "failing": false,
          "failureDetails": [],
          "failureMessages": [],
          "fullName": "🛡️ Advanced System Integrity & Security ♻️ Idempotency: Duplicate creation check",
          "invocations": 1,
          "location": null,
          "numPassingAsserts": 2,
          "retryReasons": [],
          "startAt": 1772273147058,
          "status": "passed",
          "title": "♻️ Idempotency: Duplicate creation check"
        },
        {
          "ancestorTitles": [
            "🛡️ Advanced System Integrity & Security"
          ],
          "duration": 28,
          "failing": false,
          "failureDetails": [],
          "failureMessages": [],
          "fullName": "🛡️ Advanced System Integrity & Security 🛑 Security: Path Traversal prevention",
          "invocations": 1,
          "location": null,
          "numPassingAsserts": 3,
          "retryReasons": [],
          "startAt": 1772273147254,
          "status": "passed",
          "title": "🛑 Security: Path Traversal prevention"
        },
        {
          "ancestorTitles": [
            "🛡️ Advanced System Integrity & Security"
          ],
          "duration": 43,
          "failing": false,
          "failureDetails": [],
          "failureMessages": [],
          "fullName": "🛡️ Advanced System Integrity & Security 💾 Integrity: Backup Trigger",
          "invocations": 1,
          "location": null,
          "numPassingAsserts": 2,
          "retryReasons": [],
          "startAt": 1772273147282,
          "status": "passed",
          "title": "💾 Integrity: Backup Trigger"
        }
      ],
      "failureMessage": null
    },
    {
      "leaks": false,
      "numFailingTests": 0,
      "numPassingTests": 3,
      "numPendingTests": 0,
      "numTodoTests": 0,
      "openHandles": [],
      "perfStats": {
        "end": 1772273150720,
        "loadTestEnvironmentEnd": 1772273147436,
        "loadTestEnvironmentStart": 1772273147428,
        "runtime": 3283,
        "setupAfterEnvEnd": 1772273148163,
        "setupAfterEnvStart": 1772273147595,
        "setupFilesEnd": 1772273147438,
        "setupFilesStart": 1772273147437,
        "slow": false,
        "start": 1772273147437
      },
      "skipped": false,
      "snapshot": {
        "added": 0,
        "fileDeleted": false,
        "matched": 0,
        "unchecked": 0,
        "uncheckedKeys": [],
        "unmatched": 0,
        "updated": 0
      },
      "testFilePath": "/home/matt/household-project/server/tests/finance_routing.test.js",
      "testResults": [
        {
          "ancestorTitles": [
            "💰 Finance Routing Verification"
          ],
          "duration": 425,
          "failing": false,
          "failureDetails": [],
          "failureMessages": [],
          "fullName": "💰 Finance Routing Verification GET /api/households/:id/finance/savings/pots should not return 404",
          "invocations": 1,
          "location": null,
          "numPassingAsserts": 2,
          "retryReasons": [],
          "startAt": 1772273150169,
          "status": "passed",
          "title": "GET /api/households/:id/finance/savings/pots should not return 404"
        },
        {
          "ancestorTitles": [
            "💰 Finance Routing Verification"
          ],
          "duration": 42,
          "failing": false,
          "failureDetails": [],
          "failureMessages": [],
          "fullName": "💰 Finance Routing Verification GET /api/households/:id/finance/savings/:itemId should still work for valid items",
          "invocations": 1,
          "location": null,
          "numPassingAsserts": 3,
          "retryReasons": [],
          "startAt": 1772273150596,
          "status": "passed",
          "title": "GET /api/households/:id/finance/savings/:itemId should still work for valid items"
        },
        {
          "ancestorTitles": [
            "💰 Finance Routing Verification"
          ],
          "duration": 21,
          "failing": false,
          "failureDetails": [],
          "failureMessages": [],
          "fullName": "💰 Finance Routing Verification GET /api/households/:id/finance/savings/999999 should return 404",
          "invocations": 1,
          "location": null,
          "numPassingAsserts": 1,
          "retryReasons": [],
          "startAt": 1772273150639,
          "status": "passed",
          "title": "GET /api/households/:id/finance/savings/999999 should return 404"
        }
      ],
      "failureMessage": null
    },
    {
      "leaks": false,
      "numFailingTests": 0,
      "numPassingTests": 2,
      "numPendingTests": 0,
      "numTodoTests": 0,
      "openHandles": [],
      "perfStats": {
        "end": 1772273153941,
        "loadTestEnvironmentEnd": 1772273150736,
        "loadTestEnvironmentStart": 1772273150727,
        "runtime": 3205,
        "setupAfterEnvEnd": 1772273151504,
        "setupAfterEnvStart": 1772273150925,
        "setupFilesEnd": 1772273150737,
        "setupFilesStart": 1772273150736,
        "slow": false,
        "start": 1772273150736
      },
      "skipped": false,
      "snapshot": {
        "added": 0,
        "fileDeleted": false,
        "matched": 0,
        "unchecked": 0,
        "uncheckedKeys": [],
        "unmatched": 0,
        "updated": 0
      },
      "testFilePath": "/home/matt/household-project/server/tests/security/audit_logging.test.js",
      "testResults": [
        {
          "ancestorTitles": [
            "Immutable Audit Logging"
          ],
          "duration": 469,
          "failing": false,
          "failureDetails": [],
          "failureMessages": [],
          "fullName": "Immutable Audit Logging should log a MEMBER_CREATE action",
          "invocations": 1,
          "location": null,
          "numPassingAsserts": 4,
          "retryReasons": [],
          "startAt": 1772273153420,
          "status": "passed",
          "title": "should log a MEMBER_CREATE action"
        },
        {
          "ancestorTitles": [
            "Immutable Audit Logging"
          ],
          "duration": 40,
          "failing": false,
          "failureDetails": [],
          "failureMessages": [],
          "fullName": "Immutable Audit Logging should log a MEMBER_UPDATE action",
          "invocations": 1,
          "location": null,
          "numPassingAsserts": 3,
          "retryReasons": [],
          "startAt": 1772273153891,
          "status": "passed",
          "title": "should log a MEMBER_UPDATE action"
        }
      ],
      "failureMessage": null
    },
    {
      "leaks": false,
      "numFailingTests": 0,
      "numPassingTests": 3,
      "numPendingTests": 0,
      "numTodoTests": 0,
      "openHandles": [],
      "perfStats": {
        "end": 1772273157078,
        "loadTestEnvironmentEnd": 1772273153952,
        "loadTestEnvironmentStart": 1772273153946,
        "runtime": 3125,
        "setupAfterEnvEnd": 1772273154677,
        "setupAfterEnvStart": 1772273154109,
        "setupFilesEnd": 1772273153954,
        "setupFilesStart": 1772273153953,
        "slow": false,
        "start": 1772273153953
      },
      "skipped": false,
      "snapshot": {
        "added": 0,
        "fileDeleted": false,
        "matched": 0,
        "unchecked": 0,
        "uncheckedKeys": [],
        "unmatched": 0,
        "updated": 0
      },
      "testFilePath": "/home/matt/household-project/server/tests/profile.spec.js",
      "testResults": [
        {
          "ancestorTitles": [
            "Profile API"
          ],
          "duration": 114,
          "failing": false,
          "failureDetails": [],
          "failureMessages": [],
          "fullName": "Profile API should retrieve the user profile with customTheme",
          "invocations": 1,
          "location": null,
          "numPassingAsserts": 3,
          "retryReasons": [],
          "startAt": 1772273156661,
          "status": "passed",
          "title": "should retrieve the user profile with customTheme"
        },
        {
          "ancestorTitles": [
            "Profile API"
          ],
          "duration": 123,
          "failing": false,
          "failureDetails": [],
          "failureMessages": [],
          "fullName": "Profile API should update the user theme",
          "invocations": 1,
          "location": null,
          "numPassingAsserts": 2,
          "retryReasons": [],
          "startAt": 1772273156783,
          "status": "passed",
          "title": "should update the user theme"
        },
        {
          "ancestorTitles": [
            "Profile API"
          ],
          "duration": 132,
          "failing": false,
          "failureDetails": [],
          "failureMessages": [],
          "fullName": "Profile API should update the customTheme",
          "invocations": 1,
          "location": null,
          "numPassingAsserts": 2,
          "retryReasons": [],
          "startAt": 1772273156907,
          "status": "passed",
          "title": "should update the customTheme"
        }
      ],
      "failureMessage": null
    },
    {
      "leaks": false,
      "numFailingTests": 0,
      "numPassingTests": 6,
      "numPendingTests": 0,
      "numTodoTests": 0,
      "openHandles": [],
      "perfStats": {
        "end": 1772273161217,
        "loadTestEnvironmentEnd": 1772273157092,
        "loadTestEnvironmentStart": 1772273157083,
        "runtime": 4124,
        "setupAfterEnvEnd": 1772273157803,
        "setupAfterEnvStart": 1772273157258,
        "setupFilesEnd": 1772273157094,
        "setupFilesStart": 1772273157093,
        "slow": false,
        "start": 1772273157093
      },
      "skipped": false,
      "snapshot": {
        "added": 0,
        "fileDeleted": false,
        "matched": 0,
        "unchecked": 0,
        "uncheckedKeys": [],
        "unmatched": 0,
        "updated": 0
      },
      "testFilePath": "/home/matt/household-project/server/tests/shopping.spec.js",
      "testResults": [
        {
          "ancestorTitles": [
            "Shopping List API"
          ],
          "duration": 550,
          "failing": false,
          "failureDetails": [],
          "failureMessages": [],
          "fullName": "Shopping List API should add a shopping item",
          "invocations": 1,
          "location": null,
          "numPassingAsserts": 3,
          "retryReasons": [],
          "startAt": 1772273160260,
          "status": "passed",
          "title": "should add a shopping item"
        },
        {
          "ancestorTitles": [
            "Shopping List API"
          ],
          "duration": 34,
          "failing": false,
          "failureDetails": [],
          "failureMessages": [],
          "fullName": "Shopping List API should list shopping items and calculate budget",
          "invocations": 1,
          "location": null,
          "numPassingAsserts": 3,
          "retryReasons": [],
          "startAt": 1772273160811,
          "status": "passed",
          "title": "should list shopping items and calculate budget"
        },
        {
          "ancestorTitles": [
            "Shopping List API"
          ],
          "duration": 32,
          "failing": false,
          "failureDetails": [],
          "failureMessages": [],
          "fullName": "Shopping List API should update an item",
          "invocations": 1,
          "location": null,
          "numPassingAsserts": 3,
          "retryReasons": [],
          "startAt": 1772273160846,
          "status": "passed",
          "title": "should update an item"
        },
        {
          "ancestorTitles": [
            "Shopping List API"
          ],
          "duration": 265,
          "failing": false,
          "failureDetails": [],
          "failureMessages": [],
          "fullName": "Shopping List API should NOT see items from another household (Tenancy Rule)",
          "invocations": 1,
          "location": null,
          "numPassingAsserts": 2,
          "retryReasons": [],
          "startAt": 1772273160879,
          "status": "passed",
          "title": "should NOT see items from another household (Tenancy Rule)"
        },
        {
          "ancestorTitles": [
            "Shopping List API"
          ],
          "duration": 26,
          "failing": false,
          "failureDetails": [],
          "failureMessages": [],
          "fullName": "Shopping List API should clear checked items",
          "invocations": 1,
          "location": null,
          "numPassingAsserts": 2,
          "retryReasons": [],
          "startAt": 1772273161144,
          "status": "passed",
          "title": "should clear checked items"
        },
        {
          "ancestorTitles": [
            "Shopping List API"
          ],
          "duration": 40,
          "failing": false,
          "failureDetails": [],
          "failureMessages": [],
          "fullName": "Shopping List API should perform bulk actions (Item 108)",
          "invocations": 1,
          "location": null,
          "numPassingAsserts": 1,
          "retryReasons": [],
          "startAt": 1772273161171,
          "status": "passed",
          "title": "should perform bulk actions (Item 108)"
        }
      ],
      "failureMessage": null
    },
    {
      "leaks": false,
      "numFailingTests": 0,
      "numPassingTests": 2,
      "numPendingTests": 0,
      "numTodoTests": 0,
      "openHandles": [],
      "perfStats": {
        "end": 1772273164475,
        "loadTestEnvironmentEnd": 1772273161230,
        "loadTestEnvironmentStart": 1772273161222,
        "runtime": 3244,
        "setupAfterEnvEnd": 1772273161978,
        "setupAfterEnvStart": 1772273161417,
        "setupFilesEnd": 1772273161233,
        "setupFilesStart": 1772273161231,
        "slow": false,
        "start": 1772273161231
      },
      "skipped": false,
      "snapshot": {
        "added": 0,
        "fileDeleted": false,
        "matched": 0,
        "unchecked": 0,
        "uncheckedKeys": [],
        "unmatched": 0,
        "updated": 0
      },
      "testFilePath": "/home/matt/household-project/server/tests/security/destroy_tenant.test.js",
      "testResults": [
        {
          "ancestorTitles": [
            "💣 Tenant Destruction & Cleanup"
          ],
          "duration": 151,
          "failing": false,
          "failureDetails": [],
          "failureMessages": [],
          "fullName": "💣 Tenant Destruction & Cleanup 🧨 Destroy Tenant: Regular Admin should remove all traces",
          "invocations": 1,
          "location": null,
          "numPassingAsserts": 4,
          "retryReasons": [],
          "startAt": 1772273164222,
          "status": "passed",
          "title": "🧨 Destroy Tenant: Regular Admin should remove all traces"
        },
        {
          "ancestorTitles": [
            "💣 Tenant Destruction & Cleanup"
          ],
          "duration": 88,
          "failing": false,
          "failureDetails": [],
          "failureMessages": [],
          "fullName": "💣 Tenant Destruction & Cleanup 👑 Destroy Tenant: System Admin should be able to destroy ANY household",
          "invocations": 1,
          "location": null,
          "numPassingAsserts": 5,
          "retryReasons": [],
          "startAt": 1772273164375,
          "status": "passed",
          "title": "👑 Destroy Tenant: System Admin should be able to destroy ANY household"
        }
      ],
      "failureMessage": null
    },
    {
      "leaks": false,
      "numFailingTests": 0,
      "numPassingTests": 2,
      "numPendingTests": 0,
      "numTodoTests": 0,
      "openHandles": [],
      "perfStats": {
        "end": 1772273167781,
        "loadTestEnvironmentEnd": 1772273164485,
        "loadTestEnvironmentStart": 1772273164480,
        "runtime": 3295,
        "setupAfterEnvEnd": 1772273165202,
        "setupAfterEnvStart": 1772273164645,
        "setupFilesEnd": 1772273164487,
        "setupFilesStart": 1772273164486,
        "slow": false,
        "start": 1772273164486
      },
      "skipped": false,
      "snapshot": {
        "added": 0,
        "fileDeleted": false,
        "matched": 0,
        "unchecked": 0,
        "uncheckedKeys": [],
        "unmatched": 0,
        "updated": 0
      },
      "testFilePath": "/home/matt/household-project/server/tests/export_json.spec.js",
      "testResults": [
        {
          "ancestorTitles": [
            "🚀 JSON Tenant Export Verification"
          ],
          "duration": 65,
          "failing": false,
          "failureDetails": [],
          "failureMessages": [],
          "fullName": "🚀 JSON Tenant Export Verification GET /api/export/:id should return a full JSON package",
          "invocations": 1,
          "location": null,
          "numPassingAsserts": 10,
          "retryReasons": [],
          "startAt": 1772273167568,
          "status": "passed",
          "title": "GET /api/export/:id should return a full JSON package"
        },
        {
          "ancestorTitles": [
            "🚀 JSON Tenant Export Verification"
          ],
          "duration": 138,
          "failing": false,
          "failureDetails": [],
          "failureMessages": [],
          "fullName": "🚀 JSON Tenant Export Verification Unauthorized user should not be able to export",
          "invocations": 1,
          "location": null,
          "numPassingAsserts": 1,
          "retryReasons": [],
          "startAt": 1772273167635,
          "status": "passed",
          "title": "Unauthorized user should not be able to export"
        }
      ],
      "failureMessage": null
    },
    {
      "leaks": false,
      "numFailingTests": 0,
      "numPassingTests": 1,
      "numPendingTests": 0,
      "numTodoTests": 0,
      "openHandles": [],
      "perfStats": {
        "end": 1772273170789,
        "loadTestEnvironmentEnd": 1772273167791,
        "loadTestEnvironmentStart": 1772273167786,
        "runtime": 2997,
        "setupAfterEnvEnd": 1772273168548,
        "setupAfterEnvStart": 1772273167944,
        "setupFilesEnd": 1772273167793,
        "setupFilesStart": 1772273167792,
        "slow": false,
        "start": 1772273167792
      },
      "skipped": false,
      "snapshot": {
        "added": 0,
        "fileDeleted": false,
        "matched": 0,
        "unchecked": 0,
        "uncheckedKeys": [],
        "unmatched": 0,
        "updated": 0
      },
      "testFilePath": "/home/matt/household-project/server/tests/routes/export.spec.js",
      "testResults": [
        {
          "ancestorTitles": [
            "Export Route"
          ],
          "duration": 183,
          "failing": false,
          "failureDetails": [],
          "failureMessages": [],
          "fullName": "Export Route should export household data as JSON",
          "invocations": 1,
          "location": null,
          "numPassingAsserts": 5,
          "retryReasons": [],
          "startAt": 1772273170586,
          "status": "passed",
          "title": "should export household data as JSON"
        }
      ],
      "failureMessage": null
    },
    {
      "leaks": false,
      "numFailingTests": 0,
      "numPassingTests": 16,
      "numPendingTests": 0,
      "numTodoTests": 0,
      "openHandles": [],
      "perfStats": {
        "end": 1772273173806,
        "loadTestEnvironmentEnd": 1772273170799,
        "loadTestEnvironmentStart": 1772273170794,
        "runtime": 3007,
        "setupAfterEnvEnd": 1772273171534,
        "setupAfterEnvStart": 1772273170974,
        "setupFilesEnd": 1772273170800,
        "setupFilesStart": 1772273170799,
        "slow": false,
        "start": 1772273170799
      },
      "skipped": false,
      "snapshot": {
        "added": 0,
        "fileDeleted": false,
        "matched": 0,
        "unchecked": 0,
        "uncheckedKeys": [],
        "unmatched": 0,
        "updated": 0
      },
      "testFilePath": "/home/matt/household-project/server/tests/utilities.spec.js",
      "testResults": [
        {
          "ancestorTitles": [
            "Utilities API",
            "energy CRUD"
          ],
          "duration": 367,
          "failing": false,
          "failureDetails": [],
          "failureMessages": [],
          "fullName": "Utilities API energy CRUD should create a new energy account",
          "invocations": 1,
          "location": null,
          "numPassingAsserts": 3,
          "retryReasons": [],
          "startAt": 1772273173101,
          "status": "passed",
          "title": "should create a new energy account"
        },
        {
          "ancestorTitles": [
            "Utilities API",
            "energy CRUD"
          ],
          "duration": 20,
          "failing": false,
          "failureDetails": [],
          "failureMessages": [],
          "fullName": "Utilities API energy CRUD should list energy accounts",
          "invocations": 1,
          "location": null,
          "numPassingAsserts": 3,
          "retryReasons": [],
          "startAt": 1772273173470,
          "status": "passed",
          "title": "should list energy accounts"
        },
        {
          "ancestorTitles": [
            "Utilities API",
            "energy CRUD"
          ],
          "duration": 20,
          "failing": false,
          "failureDetails": [],
          "failureMessages": [],
          "fullName": "Utilities API energy CRUD should update energy account",
          "invocations": 1,
          "location": null,
          "numPassingAsserts": 2,
          "retryReasons": [],
          "startAt": 1772273173490,
          "status": "passed",
          "title": "should update energy account"
        },
        {
          "ancestorTitles": [
            "Utilities API",
            "energy CRUD"
          ],
          "duration": 19,
          "failing": false,
          "failureDetails": [],
          "failureMessages": [],
          "fullName": "Utilities API energy CRUD should delete energy account",
          "invocations": 1,
          "location": null,
          "numPassingAsserts": 2,
          "retryReasons": [],
          "startAt": 1772273173511,
          "status": "passed",
          "title": "should delete energy account"
        },
        {
          "ancestorTitles": [
            "Utilities API",
            "water CRUD"
          ],
          "duration": 21,
          "failing": false,
          "failureDetails": [],
          "failureMessages": [],
          "fullName": "Utilities API water CRUD should create a new water account",
          "invocations": 1,
          "location": null,
          "numPassingAsserts": 3,
          "retryReasons": [],
          "startAt": 1772273173531,
          "status": "passed",
          "title": "should create a new water account"
        },
        {
          "ancestorTitles": [
            "Utilities API",
            "water CRUD"
          ],
          "duration": 12,
          "failing": false,
          "failureDetails": [],
          "failureMessages": [],
          "fullName": "Utilities API water CRUD should list water accounts",
          "invocations": 1,
          "location": null,
          "numPassingAsserts": 3,
          "retryReasons": [],
          "startAt": 1772273173553,
          "status": "passed",
          "title": "should list water accounts"
        },
        {
          "ancestorTitles": [
            "Utilities API",
            "water CRUD"
          ],
          "duration": 18,
          "failing": false,
          "failureDetails": [],
          "failureMessages": [],
          "fullName": "Utilities API water CRUD should update water account",
          "invocations": 1,
          "location": null,
          "numPassingAsserts": 2,
          "retryReasons": [],
          "startAt": 1772273173566,
          "status": "passed",
          "title": "should update water account"
        },
        {
          "ancestorTitles": [
            "Utilities API",
            "water CRUD"
          ],
          "duration": 22,
          "failing": false,
          "failureDetails": [],
          "failureMessages": [],
          "fullName": "Utilities API water CRUD should delete water account",
          "invocations": 1,
          "location": null,
          "numPassingAsserts": 2,
          "retryReasons": [],
          "startAt": 1772273173585,
          "status": "passed",
          "title": "should delete water account"
        },
        {
          "ancestorTitles": [
            "Utilities API",
            "waste CRUD"
          ],
          "duration": 26,
          "failing": false,
          "failureDetails": [],
          "failureMessages": [],
          "fullName": "Utilities API waste CRUD should create a new waste account",
          "invocations": 1,
          "location": null,
          "numPassingAsserts": 3,
          "retryReasons": [],
          "startAt": 1772273173608,
          "status": "passed",
          "title": "should create a new waste account"
        },
        {
          "ancestorTitles": [
            "Utilities API",
            "waste CRUD"
          ],
          "duration": 20,
          "failing": false,
          "failureDetails": [],
          "failureMessages": [],
          "fullName": "Utilities API waste CRUD should list waste accounts",
          "invocations": 1,
          "location": null,
          "numPassingAsserts": 3,
          "retryReasons": [],
          "startAt": 1772273173639,
          "status": "passed",
          "title": "should list waste accounts"
        },
        {
          "ancestorTitles": [
            "Utilities API",
            "waste CRUD"
          ],
          "duration": 21,
          "failing": false,
          "failureDetails": [],
          "failureMessages": [],
          "fullName": "Utilities API waste CRUD should update waste account",
          "invocations": 1,
          "location": null,
          "numPassingAsserts": 2,
          "retryReasons": [],
          "startAt": 1772273173661,
          "status": "passed",
          "title": "should update waste account"
        },
        {
          "ancestorTitles": [
            "Utilities API",
            "waste CRUD"
          ],
          "duration": 18,
          "failing": false,
          "failureDetails": [],
          "failureMessages": [],
          "fullName": "Utilities API waste CRUD should delete waste account",
          "invocations": 1,
          "location": null,
          "numPassingAsserts": 2,
          "retryReasons": [],
          "startAt": 1772273173682,
          "status": "passed",
          "title": "should delete waste account"
        },
        {
          "ancestorTitles": [
            "Utilities API",
            "council CRUD"
          ],
          "duration": 30,
          "failing": false,
          "failureDetails": [],
          "failureMessages": [],
          "fullName": "Utilities API council CRUD should create a new council account",
          "invocations": 1,
          "location": null,
          "numPassingAsserts": 3,
          "retryReasons": [],
          "startAt": 1772273173701,
          "status": "passed",
          "title": "should create a new council account"
        },
        {
          "ancestorTitles": [
            "Utilities API",
            "council CRUD"
          ],
          "duration": 14,
          "failing": false,
          "failureDetails": [],
          "failureMessages": [],
          "fullName": "Utilities API council CRUD should list council accounts",
          "invocations": 1,
          "location": null,
          "numPassingAsserts": 3,
          "retryReasons": [],
          "startAt": 1772273173733,
          "status": "passed",
          "title": "should list council accounts"
        },
        {
          "ancestorTitles": [
            "Utilities API",
            "council CRUD"
          ],
          "duration": 24,
          "failing": false,
          "failureDetails": [],
          "failureMessages": [],
          "fullName": "Utilities API council CRUD should update council account",
          "invocations": 1,
          "location": null,
          "numPassingAsserts": 2,
          "retryReasons": [],
          "startAt": 1772273173748,
          "status": "passed",
          "title": "should update council account"
        },
        {
          "ancestorTitles": [
            "Utilities API",
            "council CRUD"
          ],
          "duration": 15,
          "failing": false,
          "failureDetails": [],
          "failureMessages": [],
          "fullName": "Utilities API council CRUD should delete council account",
          "invocations": 1,
          "location": null,
          "numPassingAsserts": 2,
          "retryReasons": [],
          "startAt": 1772273173773,
          "status": "passed",
          "title": "should delete council account"
        }
      ],
      "failureMessage": null
    },
    {
      "leaks": false,
      "numFailingTests": 0,
      "numPassingTests": 2,
      "numPendingTests": 0,
      "numTodoTests": 0,
      "openHandles": [],
      "perfStats": {
        "end": 1772273176934,
        "loadTestEnvironmentEnd": 1772273173815,
        "loadTestEnvironmentStart": 1772273173811,
        "runtime": 3119,
        "setupAfterEnvEnd": 1772273174649,
        "setupAfterEnvStart": 1772273173992,
        "setupFilesEnd": 1772273173816,
        "setupFilesStart": 1772273173815,
        "slow": false,
        "start": 1772273173815
      },
      "skipped": false,
      "snapshot": {
        "added": 0,
        "fileDeleted": false,
        "matched": 0,
        "unchecked": 0,
        "uncheckedKeys": [],
        "unmatched": 0,
        "updated": 0
      },
      "testFilePath": "/home/matt/household-project/server/tests/routes/admin_audit.spec.js",
      "testResults": [
        {
          "ancestorTitles": [
            "Admin Audit Log API (Pagination)"
          ],
          "duration": 103,
          "failing": false,
          "failureDetails": [],
          "failureMessages": [],
          "fullName": "Admin Audit Log API (Pagination) should list audit logs with default limit",
          "invocations": 1,
          "location": null,
          "numPassingAsserts": 4,
          "retryReasons": [],
          "startAt": 1772273176786,
          "status": "passed",
          "title": "should list audit logs with default limit"
        },
        {
          "ancestorTitles": [
            "Admin Audit Log API (Pagination)"
          ],
          "duration": 34,
          "failing": false,
          "failureDetails": [],
          "failureMessages": [],
          "fullName": "Admin Audit Log API (Pagination) should support pagination with limit and cursor",
          "invocations": 1,
          "location": null,
          "numPassingAsserts": 7,
          "retryReasons": [],
          "startAt": 1772273176891,
          "status": "passed",
          "title": "should support pagination with limit and cursor"
        }
      ],
      "failureMessage": null
    },
    {
      "leaks": false,
      "numFailingTests": 0,
      "numPassingTests": 2,
      "numPendingTests": 0,
      "numTodoTests": 0,
      "openHandles": [],
      "perfStats": {
        "end": 1772273179935,
        "loadTestEnvironmentEnd": 1772273176943,
        "loadTestEnvironmentStart": 1772273176939,
        "runtime": 2991,
        "setupAfterEnvEnd": 1772273177659,
        "setupAfterEnvStart": 1772273177103,
        "setupFilesEnd": 1772273176944,
        "setupFilesStart": 1772273176944,
        "slow": false,
        "start": 1772273176944
      },
      "skipped": false,
      "snapshot": {
        "added": 0,
        "fileDeleted": false,
        "matched": 0,
        "unchecked": 0,
        "uncheckedKeys": [],
        "unmatched": 0,
        "updated": 0
      },
      "testFilePath": "/home/matt/household-project/server/tests/export.spec.js",
      "testResults": [
        {
          "ancestorTitles": [
            "GET /api/export/:household_id"
          ],
          "duration": 90,
          "failing": false,
          "failureDetails": [],
          "failureMessages": [],
          "fullName": "GET /api/export/:household_id should return 404 if household_id is missing (route not matched)",
          "invocations": 1,
          "location": null,
          "numPassingAsserts": 1,
          "retryReasons": [],
          "startAt": 1772273179613,
          "status": "passed",
          "title": "should return 404 if household_id is missing (route not matched)"
        },
        {
          "ancestorTitles": [
            "GET /api/export/:household_id"
          ],
          "duration": 205,
          "failing": false,
          "failureDetails": [],
          "failureMessages": [],
          "fullName": "GET /api/export/:household_id should return 200 and export data if household_id is valid",
          "invocations": 1,
          "location": null,
          "numPassingAsserts": 5,
          "retryReasons": [],
          "startAt": 1772273179712,
          "status": "passed",
          "title": "should return 200 and export data if household_id is valid"
        }
      ],
      "failureMessage": null
    },
    {
      "leaks": false,
      "numFailingTests": 0,
      "numPassingTests": 4,
      "numPendingTests": 0,
      "numTodoTests": 0,
      "openHandles": [],
      "perfStats": {
        "end": 1772273182528,
        "loadTestEnvironmentEnd": 1772273179945,
        "loadTestEnvironmentStart": 1772273179940,
        "runtime": 2583,
        "setupAfterEnvEnd": 1772273180679,
        "setupAfterEnvStart": 1772273180118,
        "setupFilesEnd": 1772273179946,
        "setupFilesStart": 1772273179945,
        "slow": false,
        "start": 1772273179945
      },
      "skipped": false,
      "snapshot": {
        "added": 0,
        "fileDeleted": false,
        "matched": 0,
        "unchecked": 0,
        "uncheckedKeys": [],
        "unmatched": 0,
        "updated": 0
      },
      "testFilePath": "/home/matt/household-project/server/tests/security/audit_poc.test.js",
      "testResults": [
        {
          "ancestorTitles": [
            "Security Audit Proof of Concept"
          ],
          "duration": 4,
          "failing": false,
          "failureDetails": [],
          "failureMessages": [],
          "fullName": "Security Audit Proof of Concept Vulnerability 1: Hardcoded SECRET_KEY",
          "invocations": 1,
          "location": null,
          "numPassingAsserts": 1,
          "retryReasons": [],
          "startAt": 1772273182220,
          "status": "passed",
          "title": "Vulnerability 1: Hardcoded SECRET_KEY"
        },
        {
          "ancestorTitles": [
            "Security Audit Proof of Concept"
          ],
          "duration": 38,
          "failing": false,
          "failureDetails": [],
          "failureMessages": [],
          "fullName": "Security Audit Proof of Concept Vulnerability 2: Path Traversal in Backup Download (FIXED)",
          "invocations": 1,
          "location": null,
          "numPassingAsserts": 1,
          "retryReasons": [],
          "startAt": 1772273182226,
          "status": "passed",
          "title": "Vulnerability 2: Path Traversal in Backup Download (FIXED)"
        },
        {
          "ancestorTitles": [
            "Security Audit Proof of Concept"
          ],
          "duration": 234,
          "failing": false,
          "failureDetails": [],
          "failureMessages": [],
          "fullName": "Security Audit Proof of Concept Vulnerability 3: Admin Escalation - Adding user to another household (FIXED)",
          "invocations": 1,
          "location": null,
          "numPassingAsserts": 1,
          "retryReasons": [],
          "startAt": 1772273182264,
          "status": "passed",
          "title": "Vulnerability 3: Admin Escalation - Adding user to another household (FIXED)"
        },
        {
          "ancestorTitles": [
            "Security Audit Proof of Concept"
          ],
          "duration": 19,
          "failing": false,
          "failureDetails": [],
          "failureMessages": [],
          "fullName": "Security Audit Proof of Concept Tenancy Verification: Viewer of HH 60 cannot access HH 3294",
          "invocations": 1,
          "location": null,
          "numPassingAsserts": 1,
          "retryReasons": [],
          "startAt": 1772273182499,
          "status": "passed",
          "title": "Tenancy Verification: Viewer of HH 60 cannot access HH 3294"
        }
      ],
      "failureMessage": null
    },
    {
      "leaks": false,
      "numFailingTests": 0,
      "numPassingTests": 1,
      "numPendingTests": 0,
      "numTodoTests": 0,
      "openHandles": [],
      "perfStats": {
        "end": 1772273184800,
        "loadTestEnvironmentEnd": 1772273182537,
        "loadTestEnvironmentStart": 1772273182533,
        "runtime": 2263,
        "setupAfterEnvEnd": 1772273183251,
        "setupAfterEnvStart": 1772273182693,
        "setupFilesEnd": 1772273182538,
        "setupFilesStart": 1772273182537,
        "slow": false,
        "start": 1772273182537
      },
      "skipped": false,
      "snapshot": {
        "added": 0,
        "fileDeleted": false,
        "matched": 0,
        "unchecked": 0,
        "uncheckedKeys": [],
        "unmatched": 0,
        "updated": 0
      },
      "testFilePath": "/home/matt/household-project/server/tests/probe_vitals.spec.js",
      "testResults": [
        {
          "ancestorTitles": [
            "System Vitals Probe"
          ],
          "duration": 43,
          "failing": false,
          "failureDetails": [],
          "failureMessages": [],
          "fullName": "System Vitals Probe should return 200 for POST /api/system/vitals",
          "invocations": 1,
          "location": null,
          "numPassingAsserts": 1,
          "retryReasons": [],
          "startAt": 1772273184751,
          "status": "passed",
          "title": "should return 200 for POST /api/system/vitals"
        }
      ],
      "failureMessage": null
    },
    {
      "leaks": false,
      "numFailingTests": 0,
      "numPassingTests": 2,
      "numPendingTests": 0,
      "numTodoTests": 0,
      "openHandles": [],
      "perfStats": {
        "end": 1772273185717,
        "loadTestEnvironmentEnd": 1772273184808,
        "loadTestEnvironmentStart": 1772273184804,
        "runtime": 909,
        "setupAfterEnvEnd": 1772273185509,
        "setupAfterEnvStart": 1772273184952,
        "setupFilesEnd": 1772273184808,
        "setupFilesStart": 1772273184808,
        "slow": false,
        "start": 1772273184808
      },
      "skipped": false,
      "snapshot": {
        "added": 0,
        "fileDeleted": false,
        "matched": 0,
        "unchecked": 0,
        "uncheckedKeys": [],
        "unmatched": 0,
        "updated": 0
      },
      "testFilePath": "/home/matt/household-project/server/tests/security/rate_limiting.test.js",
      "testResults": [
        {
          "ancestorTitles": [
            "API Rate Limiting Middleware"
          ],
          "duration": 45,
          "failing": false,
          "failureDetails": [],
          "failureMessages": [],
          "fullName": "API Rate Limiting Middleware should block auth requests after too many attempts",
          "invocations": 1,
          "location": null,
          "numPassingAsserts": 1,
          "retryReasons": [],
          "startAt": 1772273185634,
          "status": "passed",
          "title": "should block auth requests after too many attempts"
        },
        {
          "ancestorTitles": [
            "API Rate Limiting Middleware"
          ],
          "duration": 29,
          "failing": false,
          "failureDetails": [],
          "failureMessages": [],
          "fullName": "API Rate Limiting Middleware should bypass limit when bypass header is present",
          "invocations": 1,
          "location": null,
          "numPassingAsserts": 1,
          "retryReasons": [],
          "startAt": 1772273185680,
          "status": "passed",
          "title": "should bypass limit when bypass header is present"
        }
      ],
      "failureMessage": null
    },
    {
      "leaks": false,
      "numFailingTests": 0,
      "numPassingTests": 2,
      "numPendingTests": 0,
      "numTodoTests": 0,
      "openHandles": [],
      "perfStats": {
        "end": 1772273186497,
        "loadTestEnvironmentEnd": 1772273185724,
        "loadTestEnvironmentStart": 1772273185720,
        "runtime": 772,
        "setupAfterEnvEnd": 1772273186448,
        "setupAfterEnvStart": 1772273185879,
        "setupFilesEnd": 1772273185726,
        "setupFilesStart": 1772273185725,
        "slow": false,
        "start": 1772273185725
      },
      "skipped": false,
      "snapshot": {
        "added": 0,
        "fileDeleted": false,
        "matched": 0,
        "unchecked": 0,
        "uncheckedKeys": [],
        "unmatched": 0,
        "updated": 0
      },
      "testFilePath": "/home/matt/household-project/server/tests/services/queue.test.js",
      "testResults": [
        {
          "ancestorTitles": [
            "Background Job Queue (BullMQ)"
          ],
          "duration": 32,
          "failing": false,
          "failureDetails": [],
          "failureMessages": [],
          "fullName": "Background Job Queue (BullMQ) should add a job to the queue",
          "invocations": 1,
          "location": null,
          "numPassingAsserts": 3,
          "retryReasons": [],
          "startAt": 1772273186453,
          "status": "passed",
          "title": "should add a job to the queue"
        },
        {
          "ancestorTitles": [
            "Background Job Queue (BullMQ)"
          ],
          "duration": 4,
          "failing": false,
          "failureDetails": [],
          "failureMessages": [],
          "fullName": "Background Job Queue (BullMQ) should handle jobs without householdId with a warning",
          "invocations": 1,
          "location": null,
          "numPassingAsserts": 1,
          "retryReasons": [],
          "startAt": 1772273186486,
          "status": "passed",
          "title": "should handle jobs without householdId with a warning"
        }
      ],
      "failureMessage": null
    },
    {
      "leaks": false,
      "numFailingTests": 0,
      "numPassingTests": 3,
      "numPendingTests": 0,
      "numTodoTests": 0,
      "openHandles": [],
      "perfStats": {
        "end": 1772273187248,
        "loadTestEnvironmentEnd": 1772273186504,
        "loadTestEnvironmentStart": 1772273186501,
        "runtime": 744,
        "setupAfterEnvEnd": 1772273187216,
        "setupAfterEnvStart": 1772273186677,
        "setupFilesEnd": 1772273186505,
        "setupFilesStart": 1772273186504,
        "slow": false,
        "start": 1772273186504
      },
      "skipped": false,
      "snapshot": {
        "added": 0,
        "fileDeleted": false,
        "matched": 0,
        "unchecked": 0,
        "uncheckedKeys": [],
        "unmatched": 0,
        "updated": 0
      },
      "testFilePath": "/home/matt/household-project/server/tests/performance/smoke.test.js",
      "testResults": [
        {
          "ancestorTitles": [
            "Frontend Build Smoke Test"
          ],
          "duration": 16,
          "failing": false,
          "failureDetails": [],
          "failureMessages": [],
          "fullName": "Frontend Build Smoke Test index.html should exist after build",
          "invocations": 1,
          "location": null,
          "numPassingAsserts": 1,
          "retryReasons": [],
          "startAt": 1772273187221,
          "status": "passed",
          "title": "index.html should exist after build"
        },
        {
          "ancestorTitles": [
            "Frontend Build Smoke Test"
          ],
          "duration": 1,
          "failing": false,
          "failureDetails": [],
          "failureMessages": [],
          "fullName": "Frontend Build Smoke Test index.html should contain root div",
          "invocations": 1,
          "location": null,
          "numPassingAsserts": 1,
          "retryReasons": [],
          "startAt": 1772273187239,
          "status": "passed",
          "title": "index.html should contain root div"
        },
        {
          "ancestorTitles": [
            "Frontend Build Smoke Test"
          ],
          "duration": 1,
          "failing": false,
          "failureDetails": [],
          "failureMessages": [],
          "fullName": "Frontend Build Smoke Test JS bundle should be referenced",
          "invocations": 1,
          "location": null,
          "numPassingAsserts": 1,
          "retryReasons": [],
          "startAt": 1772273187241,
          "status": "passed",
          "title": "JS bundle should be referenced"
        }
      ],
      "failureMessage": null
    },
    {
      "leaks": false,
      "numFailingTests": 0,
      "numPassingTests": 3,
      "numPendingTests": 0,
      "numTodoTests": 0,
      "openHandles": [],
      "perfStats": {
        "end": 1772273187986,
        "loadTestEnvironmentEnd": 1772273187255,
        "loadTestEnvironmentStart": 1772273187251,
        "runtime": 731,
        "setupAfterEnvEnd": 1772273187951,
        "setupAfterEnvStart": 1772273187395,
        "setupFilesEnd": 1772273187256,
        "setupFilesStart": 1772273187255,
        "slow": false,
        "start": 1772273187255
      },
      "skipped": false,
      "snapshot": {
        "added": 0,
        "fileDeleted": false,
        "matched": 0,
        "unchecked": 0,
        "uncheckedKeys": [],
        "unmatched": 0,
        "updated": 0
      },
      "testFilePath": "/home/matt/household-project/server/tests/services/storage.test.js",
      "testResults": [
        {
          "ancestorTitles": [
            "File Storage Service (Mocked)"
          ],
          "duration": 6,
          "failing": false,
          "failureDetails": [],
          "failureMessages": [],
          "fullName": "File Storage Service (Mocked) should upload a file",
          "invocations": 1,
          "location": null,
          "numPassingAsserts": 2,
          "retryReasons": [],
          "startAt": 1772273187956,
          "status": "passed",
          "title": "should upload a file"
        },
        {
          "ancestorTitles": [
            "File Storage Service (Mocked)"
          ],
          "duration": 1,
          "failing": false,
          "failureDetails": [],
          "failureMessages": [],
          "fullName": "File Storage Service (Mocked) should delete a file",
          "invocations": 1,
          "location": null,
          "numPassingAsserts": 1,
          "retryReasons": [],
          "startAt": 1772273187964,
          "status": "passed",
          "title": "should delete a file"
        },
        {
          "ancestorTitles": [
            "File Storage Service (Mocked)"
          ],
          "duration": 2,
          "failing": false,
          "failureDetails": [],
          "failureMessages": [],
          "fullName": "File Storage Service (Mocked) should get file location",
          "invocations": 1,
          "location": null,
          "numPassingAsserts": 2,
          "retryReasons": [],
          "startAt": 1772273187966,
          "status": "passed",
          "title": "should get file location"
        }
      ],
      "failureMessage": null
    }
  ],
  "wasInterrupted": false
}