{
  "numFailedTestSuites": 1,
  "numFailedTests": 1,
  "numPassedTestSuites": 0,
  "numPassedTests": 5,
  "numPendingTestSuites": 0,
  "numPendingTests": 0,
  "numRuntimeErrorTestSuites": 0,
  "numTodoTests": 0,
  "numTotalTestSuites": 1,
  "numTotalTests": 6,
  "openHandles": [],
  "snapshot": {
    "added": 0,
    "didUpdate": false,
    "failure": false,
    "filesAdded": 0,
    "filesRemoved": 0,
    "filesRemovedList": [],
    "filesUnmatched": 0,
    "filesUpdated": 0,
    "matched": 0,
    "total": 0,
    "unchecked": 0,
    "uncheckedKeysByFile": [],
    "unmatched": 0,
    "updated": 0
  },
  "startTime": 1770502795464,
  "success": false,
  "testResults": [
    {
      "leaks": false,
      "numFailingTests": 1,
      "numPassingTests": 5,
      "numPendingTests": 0,
      "numTodoTests": 0,
      "openHandles": [],
      "perfStats": {
        "end": 1770502800649,
        "runtime": 4923,
        "slow": false,
        "start": 1770502795726
      },
      "skipped": false,
      "snapshot": {
        "added": 0,
        "fileDeleted": false,
        "matched": 0,
        "unchecked": 0,
        "uncheckedKeys": [],
        "unmatched": 0,
        "updated": 0
      },
      "testFilePath": "/var/tmp/vibe-kanban/worktrees/9e1d-shopping-list-co/household-project/server/tests/shopping.test.js",
      "testResults": [
        {
          "ancestorTitles": [
            "🛒 Shopping List API Verification"
          ],
          "duration": 944,
          "failureDetails": [],
          "failureMessages": [],
          "fullName": "🛒 Shopping List API Verification POST /shopping should create an item",
          "invocations": 1,
          "location": null,
          "numPassingAsserts": 3,
          "retryReasons": [],
          "status": "passed",
          "title": "POST /shopping should create an item"
        },
        {
          "ancestorTitles": [
            "🛒 Shopping List API Verification"
          ],
          "duration": 47,
          "failureDetails": [],
          "failureMessages": [],
          "fullName": "🛒 Shopping List API Verification GET /shopping should list items",
          "invocations": 1,
          "location": null,
          "numPassingAsserts": 4,
          "retryReasons": [],
          "status": "passed",
          "title": "GET /shopping should list items"
        },
        {
          "ancestorTitles": [
            "🛒 Shopping List API Verification"
          ],
          "duration": 32,
          "failureDetails": [],
          "failureMessages": [],
          "fullName": "🛒 Shopping List API Verification PUT /shopping/:id should update an item",
          "invocations": 1,
          "location": null,
          "numPassingAsserts": 3,
          "retryReasons": [],
          "status": "passed",
          "title": "PUT /shopping/:id should update an item"
        },
        {
          "ancestorTitles": [
            "🛒 Shopping List API Verification"
          ],
          "duration": 41,
          "failureDetails": [],
          "failureMessages": [],
          "fullName": "🛒 Shopping List API Verification PUT /shopping/:id/toggle should toggle status",
          "invocations": 1,
          "location": null,
          "numPassingAsserts": 5,
          "retryReasons": [],
          "status": "passed",
          "title": "PUT /shopping/:id/toggle should toggle status"
        },
        {
          "ancestorTitles": [
            "🛒 Shopping List API Verification"
          ],
          "duration": 51,
          "failureDetails": [
            {}
          ],
          "failureMessages": [
            "Error: \u001b[2mexpect(\u001b[22m\u001b[31mreceived\u001b[39m\u001b[2m).\u001b[22mtoBeGreaterThanOrEqual\u001b[2m(\u001b[22m\u001b[32mexpected\u001b[39m\u001b[2m)\u001b[22m\n\n\u001b[1mMatcher error\u001b[22m: \u001b[31mreceived\u001b[39m value must be a number or bigint\n\nReceived has value: \u001b[31mundefined\u001b[39m\n    at Object.toBeGreaterThanOrEqual (/var/tmp/vibe-kanban/worktrees/9e1d-shopping-list-co/household-project/server/tests/shopping.test.js:125:34)\n    at processTicksAndRejections (node:internal/process/task_queues:95:5)"
          ],
          "fullName": "🛒 Shopping List API Verification DELETE /shopping/clear-completed should remove checked items",
          "invocations": 1,
          "location": null,
          "numPassingAsserts": 1,
          "retryReasons": [],
          "status": "failed",
          "title": "DELETE /shopping/clear-completed should remove checked items"
        },
        {
          "ancestorTitles": [
            "🛒 Shopping List API Verification"
          ],
          "duration": 26,
          "failureDetails": [],
          "failureMessages": [],
          "fullName": "🛒 Shopping List API Verification DELETE /shopping/:id should delete an item",
          "invocations": 1,
          "location": null,
          "numPassingAsserts": 2,
          "retryReasons": [],
          "status": "passed",
          "title": "DELETE /shopping/:id should delete an item"
        }
      ],
      "failureMessage": "\u001b[1m\u001b[31m  \u001b[1m● \u001b[22m\u001b[1m🛒 Shopping List API Verification › DELETE /shopping/clear-completed should remove checked items\u001b[39m\u001b[22m\n\n    \u001b[2mexpect(\u001b[22m\u001b[31mreceived\u001b[39m\u001b[2m).\u001b[22mtoBeGreaterThanOrEqual\u001b[2m(\u001b[22m\u001b[32mexpected\u001b[39m\u001b[2m)\u001b[22m\n\n    \u001b[1mMatcher error\u001b[22m: \u001b[31mreceived\u001b[39m value must be a number or bigint\n\n    Received has value: \u001b[31mundefined\u001b[39m\n\u001b[2m\u001b[22m\n\u001b[2m    \u001b[0m \u001b[90m 123 |\u001b[39m         \u001b[22m\n\u001b[2m     \u001b[90m 124 |\u001b[39m         expect(res\u001b[33m.\u001b[39mstatus)\u001b[33m.\u001b[39mtoBe(\u001b[35m200\u001b[39m)\u001b[33m;\u001b[39m\u001b[22m\n\u001b[2m    \u001b[31m\u001b[1m>\u001b[22m\u001b[2m\u001b[39m\u001b[90m 125 |\u001b[39m         expect(res\u001b[33m.\u001b[39mbody\u001b[33m.\u001b[39mdeleted)\u001b[33m.\u001b[39mtoBeGreaterThanOrEqual(\u001b[35m1\u001b[39m)\u001b[33m;\u001b[39m\u001b[22m\n\u001b[2m     \u001b[90m     |\u001b[39m                                  \u001b[31m\u001b[1m^\u001b[22m\u001b[2m\u001b[39m\u001b[22m\n\u001b[2m     \u001b[90m 126 |\u001b[39m\u001b[22m\n\u001b[2m     \u001b[90m 127 |\u001b[39m         \u001b[90m// Verify Bread is gone but Almond Milk (unchecked) remains\u001b[39m\u001b[22m\n\u001b[2m     \u001b[90m 128 |\u001b[39m         \u001b[36mconst\u001b[39m getRes \u001b[33m=\u001b[39m \u001b[36mawait\u001b[39m request(app)\u001b[33m.\u001b[39m\u001b[36mget\u001b[39m(\u001b[32m`/api/households/${householdId}/shopping`\u001b[39m)\u001b[33m.\u001b[39m\u001b[36mset\u001b[39m(\u001b[32m'Authorization'\u001b[39m\u001b[33m,\u001b[39m \u001b[32m`Bearer ${token}`\u001b[39m)\u001b[33m;\u001b[39m\u001b[0m\u001b[22m\n\u001b[2m\u001b[22m\n\u001b[2m      \u001b[2mat Object.toBeGreaterThanOrEqual (\u001b[22m\u001b[2m\u001b[0m\u001b[36mtests/shopping.test.js\u001b[39m\u001b[0m\u001b[2m:125:34)\u001b[22m\u001b[2m\u001b[22m\n"
    }
  ],
  "wasInterrupted": false
}