{
  "numFailedTestSuites": 0,
  "numFailedTests": 0,
  "numPassedTestSuites": 15,
  "numPassedTests": 51,
  "numPendingTestSuites": 0,
  "numPendingTests": 0,
  "numRuntimeErrorTestSuites": 0,
  "numTodoTests": 0,
  "numTotalTestSuites": 15,
  "numTotalTests": 51,
  "openHandles": [],
  "snapshot": {
    "added": 0,
    "didUpdate": false,
    "failure": false,
    "filesAdded": 0,
    "filesRemoved": 0,
    "filesRemovedList": [],
    "filesUnmatched": 0,
    "filesUpdated": 0,
    "matched": 0,
    "total": 0,
    "unchecked": 0,
    "uncheckedKeysByFile": [],
    "unmatched": 0,
    "updated": 0
  },
  "startTime": 1771186210351,
  "success": false,
  "testResults": [
    {
      "leaks": false,
      "numFailingTests": 0,
      "numPassingTests": 1,
      "numPendingTests": 0,
      "numTodoTests": 0,
      "openHandles": [],
      "perfStats": {
        "end": 1771186227252,
        "runtime": 16819,
        "slow": true,
        "start": 1771186210433
      },
      "skipped": false,
      "snapshot": {
        "added": 0,
        "fileDeleted": false,
        "matched": 0,
        "unchecked": 0,
        "uncheckedKeys": [],
        "unmatched": 0,
        "updated": 0
      },
      "testFilePath": "/home/matt/household-project/server/tests/brady_seed.test.js",
      "testResults": [
        {
          "ancestorTitles": [
            "👪 Master Seed: The Brady Bunch"
          ],
          "duration": 15093,
          "failureDetails": [],
          "failureMessages": [],
          "fullName": "👪 Master Seed: The Brady Bunch Should successfully seed the entire Brady Bunch household via API",
          "invocations": 1,
          "location": null,
          "numPassingAsserts": 14,
          "retryReasons": [],
          "status": "passed",
          "title": "Should successfully seed the entire Brady Bunch household via API"
        }
      ],
      "failureMessage": null
    },
    {
      "leaks": false,
      "numFailingTests": 0,
      "numPassingTests": 11,
      "numPendingTests": 0,
      "numTodoTests": 0,
      "openHandles": [],
      "perfStats": {
        "end": 1771186229838,
        "runtime": 2549,
        "slow": false,
        "start": 1771186227289
      },
      "skipped": false,
      "snapshot": {
        "added": 0,
        "fileDeleted": false,
        "matched": 0,
        "unchecked": 0,
        "uncheckedKeys": [],
        "unmatched": 0,
        "updated": 0
      },
      "testFilePath": "/home/matt/household-project/server/tests/security/api_coverage_and_rbac.test.js",
      "testResults": [
        {
          "ancestorTitles": [
            "🛡️ Comprehensive Backend API & RBAC Verification"
          ],
          "duration": 7,
          "failureDetails": [],
          "failureMessages": [],
          "fullName": "🛡️ Comprehensive Backend API & RBAC Verification 🔑 Authentication Profile",
          "invocations": 1,
          "location": null,
          "numPassingAsserts": 2,
          "retryReasons": [],
          "status": "passed",
          "title": "🔑 Authentication Profile"
        },
        {
          "ancestorTitles": [
            "🛡️ Comprehensive Backend API & RBAC Verification"
          ],
          "duration": 235,
          "failureDetails": [],
          "failureMessages": [],
          "fullName": "🛡️ Comprehensive Backend API & RBAC Verification 🔄 Module: Recurring Costs (Consolidated)",
          "invocations": 1,
          "location": null,
          "numPassingAsserts": 8,
          "retryReasons": [],
          "status": "passed",
          "title": "🔄 Module: Recurring Costs (Consolidated)"
        },
        {
          "ancestorTitles": [
            "🛡️ Comprehensive Backend API & RBAC Verification"
          ],
          "duration": 101,
          "failureDetails": [],
          "failureMessages": [],
          "fullName": "🛡️ Comprehensive Backend API & RBAC Verification 👥 Module: People",
          "invocations": 1,
          "location": null,
          "numPassingAsserts": 9,
          "retryReasons": [],
          "status": "passed",
          "title": "👥 Module: People"
        },
        {
          "ancestorTitles": [
            "🛡️ Comprehensive Backend API & RBAC Verification"
          ],
          "duration": 107,
          "failureDetails": [],
          "failureMessages": [],
          "fullName": "🛡️ Comprehensive Backend API & RBAC Verification 🚗 Module: Vehicles",
          "invocations": 1,
          "location": null,
          "numPassingAsserts": 9,
          "retryReasons": [],
          "status": "passed",
          "title": "🚗 Module: Vehicles"
        },
        {
          "ancestorTitles": [
            "🛡️ Comprehensive Backend API & RBAC Verification"
          ],
          "duration": 177,
          "failureDetails": [],
          "failureMessages": [],
          "fullName": "🛡️ Comprehensive Backend API & RBAC Verification 💰 Module: Finance (Core)",
          "invocations": 1,
          "location": null,
          "numPassingAsserts": 17,
          "retryReasons": [],
          "status": "passed",
          "title": "💰 Module: Finance (Core)"
        },
        {
          "ancestorTitles": [
            "🛡️ Comprehensive Backend API & RBAC Verification"
          ],
          "duration": 16,
          "failureDetails": [],
          "failureMessages": [],
          "fullName": "🛡️ Comprehensive Backend API & RBAC Verification 🍱 Module: Meals",
          "invocations": 1,
          "location": null,
          "numPassingAsserts": 2,
          "retryReasons": [],
          "status": "passed",
          "title": "🍱 Module: Meals"
        },
        {
          "ancestorTitles": [
            "🛡️ Comprehensive Backend API & RBAC Verification"
          ],
          "duration": 138,
          "failureDetails": [],
          "failureMessages": [],
          "fullName": "🛡️ Comprehensive Backend API & RBAC Verification 🧹 Module: Chores",
          "invocations": 1,
          "location": null,
          "numPassingAsserts": 10,
          "retryReasons": [],
          "status": "passed",
          "title": "🧹 Module: Chores"
        },
        {
          "ancestorTitles": [
            "🛡️ Comprehensive Backend API & RBAC Verification"
          ],
          "duration": 185,
          "failureDetails": [],
          "failureMessages": [],
          "fullName": "🛡️ Comprehensive Backend API & RBAC Verification 📅 Module: Calendar",
          "invocations": 1,
          "location": null,
          "numPassingAsserts": 10,
          "retryReasons": [],
          "status": "passed",
          "title": "📅 Module: Calendar"
        },
        {
          "ancestorTitles": [
            "🛡️ Comprehensive Backend API & RBAC Verification"
          ],
          "duration": 113,
          "failureDetails": [],
          "failureMessages": [],
          "fullName": "🛡️ Comprehensive Backend API & RBAC Verification 🛒 Module: Shopping",
          "invocations": 1,
          "location": null,
          "numPassingAsserts": 9,
          "retryReasons": [],
          "status": "passed",
          "title": "🛒 Module: Shopping"
        },
        {
          "ancestorTitles": [
            "🛡️ Comprehensive Backend API & RBAC Verification"
          ],
          "duration": 131,
          "failureDetails": [],
          "failureMessages": [],
          "fullName": "🛡️ Comprehensive Backend API & RBAC Verification 🏠 Module: House Details",
          "invocations": 1,
          "location": null,
          "numPassingAsserts": 13,
          "retryReasons": [],
          "status": "passed",
          "title": "🏠 Module: House Details"
        },
        {
          "ancestorTitles": [
            "🛡️ Comprehensive Backend API & RBAC Verification"
          ],
          "duration": 312,
          "failureDetails": [],
          "failureMessages": [],
          "fullName": "🛡️ Comprehensive Backend API & RBAC Verification 🏦 Module: Finance (Extended)",
          "invocations": 1,
          "location": null,
          "numPassingAsserts": 33,
          "retryReasons": [],
          "status": "passed",
          "title": "🏦 Module: Finance (Extended)"
        }
      ],
      "failureMessage": null
    },
    {
      "leaks": false,
      "numFailingTests": 0,
      "numPassingTests": 6,
      "numPendingTests": 0,
      "numTodoTests": 0,
      "openHandles": [],
      "perfStats": {
        "end": 1771186233812,
        "runtime": 3900,
        "slow": false,
        "start": 1771186229912
      },
      "skipped": false,
      "snapshot": {
        "added": 0,
        "fileDeleted": false,
        "matched": 0,
        "unchecked": 0,
        "uncheckedKeys": [],
        "unmatched": 0,
        "updated": 0
      },
      "testFilePath": "/home/matt/household-project/server/tests/shopping.spec.js",
      "testResults": [
        {
          "ancestorTitles": [
            "Shopping List API"
          ],
          "duration": 115,
          "failureDetails": [],
          "failureMessages": [],
          "fullName": "Shopping List API should add a shopping item",
          "invocations": 1,
          "location": null,
          "numPassingAsserts": 3,
          "retryReasons": [],
          "status": "passed",
          "title": "should add a shopping item"
        },
        {
          "ancestorTitles": [
            "Shopping List API"
          ],
          "duration": 534,
          "failureDetails": [],
          "failureMessages": [],
          "fullName": "Shopping List API should list shopping items and calculate budget",
          "invocations": 1,
          "location": null,
          "numPassingAsserts": 3,
          "retryReasons": [],
          "status": "passed",
          "title": "should list shopping items and calculate budget"
        },
        {
          "ancestorTitles": [
            "Shopping List API"
          ],
          "duration": 393,
          "failureDetails": [],
          "failureMessages": [],
          "fullName": "Shopping List API should update an item",
          "invocations": 1,
          "location": null,
          "numPassingAsserts": 3,
          "retryReasons": [],
          "status": "passed",
          "title": "should update an item"
        },
        {
          "ancestorTitles": [
            "Shopping List API"
          ],
          "duration": 578,
          "failureDetails": [],
          "failureMessages": [],
          "fullName": "Shopping List API should delete an item",
          "invocations": 1,
          "location": null,
          "numPassingAsserts": 1,
          "retryReasons": [],
          "status": "passed",
          "title": "should delete an item"
        },
        {
          "ancestorTitles": [
            "Shopping List API"
          ],
          "duration": 567,
          "failureDetails": [],
          "failureMessages": [],
          "fullName": "Shopping List API should NOT see items from another household (Tenancy Rule)",
          "invocations": 1,
          "location": null,
          "numPassingAsserts": 2,
          "retryReasons": [],
          "status": "passed",
          "title": "should NOT see items from another household (Tenancy Rule)"
        },
        {
          "ancestorTitles": [
            "Shopping List API"
          ],
          "duration": 877,
          "failureDetails": [],
          "failureMessages": [],
          "fullName": "Shopping List API should clear checked items",
          "invocations": 1,
          "location": null,
          "numPassingAsserts": 2,
          "retryReasons": [],
          "status": "passed",
          "title": "should clear checked items"
        }
      ],
      "failureMessage": null
    },
    {
      "leaks": false,
      "numFailingTests": 0,
      "numPassingTests": 1,
      "numPendingTests": 0,
      "numTodoTests": 0,
      "openHandles": [],
      "perfStats": {
        "end": 1771186235197,
        "runtime": 1375,
        "slow": false,
        "start": 1771186233822
      },
      "skipped": false,
      "snapshot": {
        "added": 0,
        "fileDeleted": false,
        "matched": 0,
        "unchecked": 0,
        "uncheckedKeys": [],
        "unmatched": 0,
        "updated": 0
      },
      "testFilePath": "/home/matt/household-project/server/tests/performance/concurrency.test.js",
      "testResults": [
        {
          "ancestorTitles": [
            "⚡ SQLite Concurrency Stress"
          ],
          "duration": 719,
          "failureDetails": [],
          "failureMessages": [],
          "fullName": "⚡ SQLite Concurrency Stress 🧬 WAL Mode Concurrency (20 Parallel Writes)",
          "invocations": 1,
          "location": null,
          "numPassingAsserts": 1,
          "retryReasons": [],
          "status": "passed",
          "title": "🧬 WAL Mode Concurrency (20 Parallel Writes)"
        }
      ],
      "failureMessage": null
    },
    {
      "leaks": false,
      "numFailingTests": 0,
      "numPassingTests": 5,
      "numPendingTests": 0,
      "numTodoTests": 0,
      "openHandles": [],
      "perfStats": {
        "end": 1771186236679,
        "runtime": 1473,
        "slow": false,
        "start": 1771186235206
      },
      "skipped": false,
      "snapshot": {
        "added": 0,
        "fileDeleted": false,
        "matched": 0,
        "unchecked": 0,
        "uncheckedKeys": [],
        "unmatched": 0,
        "updated": 0
      },
      "testFilePath": "/home/matt/household-project/server/tests/performance/load.test.js",
      "testResults": [
        {
          "ancestorTitles": [
            "Performance & Speed Tests"
          ],
          "duration": 47,
          "failureDetails": [],
          "failureMessages": [],
          "fullName": "Performance & Speed Tests should measure login speed (Heavy Bcrypt)",
          "invocations": 1,
          "location": null,
          "numPassingAsserts": 1,
          "retryReasons": [],
          "status": "passed",
          "title": "should measure login speed (Heavy Bcrypt)"
        },
        {
          "ancestorTitles": [
            "Performance & Speed Tests"
          ],
          "duration": 192,
          "failureDetails": [],
          "failureMessages": [],
          "fullName": "Performance & Speed Tests should measure GET assets speed (Plain Read)",
          "invocations": 1,
          "location": null,
          "numPassingAsserts": 1,
          "retryReasons": [],
          "status": "passed",
          "title": "should measure GET assets speed (Plain Read)"
        },
        {
          "ancestorTitles": [
            "Performance & Speed Tests"
          ],
          "duration": 147,
          "failureDetails": [],
          "failureMessages": [],
          "fullName": "Performance & Speed Tests should measure GET finance savings speed (Decryption Overhead)",
          "invocations": 1,
          "location": null,
          "numPassingAsserts": 1,
          "retryReasons": [],
          "status": "passed",
          "title": "should measure GET finance savings speed (Decryption Overhead)"
        },
        {
          "ancestorTitles": [
            "Performance & Speed Tests"
          ],
          "duration": 55,
          "failureDetails": [],
          "failureMessages": [],
          "fullName": "Performance & Speed Tests should measure POST asset speed (Plain Write)",
          "invocations": 1,
          "location": null,
          "numPassingAsserts": 1,
          "retryReasons": [],
          "status": "passed",
          "title": "should measure POST asset speed (Plain Write)"
        },
        {
          "ancestorTitles": [
            "Performance & Speed Tests"
          ],
          "duration": 642,
          "failureDetails": [],
          "failureMessages": [],
          "fullName": "Performance & Speed Tests should handle \"Load\" (Concurrent requests)",
          "invocations": 1,
          "location": null,
          "numPassingAsserts": 1,
          "retryReasons": [],
          "status": "passed",
          "title": "should handle \"Load\" (Concurrent requests)"
        }
      ],
      "failureMessage": null
    },
    {
      "leaks": false,
      "numFailingTests": 0,
      "numPassingTests": 4,
      "numPendingTests": 0,
      "numTodoTests": 0,
      "openHandles": [],
      "perfStats": {
        "end": 1771186242421,
        "runtime": 1664,
        "slow": false,
        "start": 1771186240757
      },
      "skipped": false,
      "snapshot": {
        "added": 0,
        "fileDeleted": false,
        "matched": 0,
        "unchecked": 0,
        "uncheckedKeys": [],
        "unmatched": 0,
        "updated": 0
      },
      "testFilePath": "/home/matt/household-project/server/tests/security/advanced_integrity.test.js",
      "testResults": [
        {
          "ancestorTitles": [
            "🛡️ Advanced System Integrity & Security"
          ],
          "duration": 145,
          "failureDetails": [],
          "failureMessages": [],
          "fullName": "🛡️ Advanced System Integrity & Security 📅 Friday Rule: Creation with valid payload",
          "invocations": 1,
          "location": null,
          "numPassingAsserts": 1,
          "retryReasons": [],
          "status": "passed",
          "title": "📅 Friday Rule: Creation with valid payload"
        },
        {
          "ancestorTitles": [
            "🛡️ Advanced System Integrity & Security"
          ],
          "duration": 614,
          "failureDetails": [],
          "failureMessages": [],
          "fullName": "🛡️ Advanced System Integrity & Security ♻️ Idempotency: Duplicate creation check",
          "invocations": 1,
          "location": null,
          "numPassingAsserts": 2,
          "retryReasons": [],
          "status": "passed",
          "title": "♻️ Idempotency: Duplicate creation check"
        },
        {
          "ancestorTitles": [
            "🛡️ Advanced System Integrity & Security"
          ],
          "duration": 27,
          "failureDetails": [],
          "failureMessages": [],
          "fullName": "🛡️ Advanced System Integrity & Security 🛑 Security: Path Traversal prevention",
          "invocations": 1,
          "location": null,
          "numPassingAsserts": 3,
          "retryReasons": [],
          "status": "passed",
          "title": "🛑 Security: Path Traversal prevention"
        },
        {
          "ancestorTitles": [
            "🛡️ Advanced System Integrity & Security"
          ],
          "duration": 22,
          "failureDetails": [],
          "failureMessages": [],
          "fullName": "🛡️ Advanced System Integrity & Security 💾 Integrity: Backup Trigger",
          "invocations": 1,
          "location": null,
          "numPassingAsserts": 2,
          "retryReasons": [],
          "status": "passed",
          "title": "💾 Integrity: Backup Trigger"
        }
      ],
      "failureMessage": null
    },
    {
      "leaks": false,
      "numFailingTests": 0,
      "numPassingTests": 2,
      "numPendingTests": 0,
      "numTodoTests": 0,
      "openHandles": [],
      "perfStats": {
        "end": 1771186243827,
        "runtime": 1397,
        "slow": false,
        "start": 1771186242430
      },
      "skipped": false,
      "snapshot": {
        "added": 0,
        "fileDeleted": false,
        "matched": 0,
        "unchecked": 0,
        "uncheckedKeys": [],
        "unmatched": 0,
        "updated": 0
      },
      "testFilePath": "/home/matt/household-project/server/tests/security/destroy_tenant.test.js",
      "testResults": [
        {
          "ancestorTitles": [
            "💣 Tenant Destruction & Cleanup"
          ],
          "duration": 294,
          "failureDetails": [],
          "failureMessages": [],
          "fullName": "💣 Tenant Destruction & Cleanup 🧨 Destroy Tenant: Regular Admin should remove all traces",
          "invocations": 1,
          "location": null,
          "numPassingAsserts": 4,
          "retryReasons": [],
          "status": "passed",
          "title": "🧨 Destroy Tenant: Regular Admin should remove all traces"
        },
        {
          "ancestorTitles": [
            "💣 Tenant Destruction & Cleanup"
          ],
          "duration": 229,
          "failureDetails": [],
          "failureMessages": [],
          "fullName": "💣 Tenant Destruction & Cleanup 👑 Destroy Tenant: System Admin should be able to destroy ANY household",
          "invocations": 1,
          "location": null,
          "numPassingAsserts": 5,
          "retryReasons": [],
          "status": "passed",
          "title": "👑 Destroy Tenant: System Admin should be able to destroy ANY household"
        }
      ],
      "failureMessage": null
    },
    {
      "leaks": false,
      "numFailingTests": 0,
      "numPassingTests": 3,
      "numPendingTests": 0,
      "numTodoTests": 0,
      "openHandles": [],
      "perfStats": {
        "end": 1771186245311,
        "runtime": 1478,
        "slow": false,
        "start": 1771186243833
      },
      "skipped": false,
      "snapshot": {
        "added": 0,
        "fileDeleted": false,
        "matched": 0,
        "unchecked": 0,
        "uncheckedKeys": [],
        "unmatched": 0,
        "updated": 0
      },
      "testFilePath": "/home/matt/household-project/server/tests/finance_routing.test.js",
      "testResults": [
        {
          "ancestorTitles": [
            "💰 Finance Routing Verification"
          ],
          "duration": 153,
          "failureDetails": [],
          "failureMessages": [],
          "fullName": "💰 Finance Routing Verification GET /api/households/:id/finance/savings/pots should not return 404",
          "invocations": 1,
          "location": null,
          "numPassingAsserts": 2,
          "retryReasons": [],
          "status": "passed",
          "title": "GET /api/households/:id/finance/savings/pots should not return 404"
        },
        {
          "ancestorTitles": [
            "💰 Finance Routing Verification"
          ],
          "duration": 537,
          "failureDetails": [],
          "failureMessages": [],
          "fullName": "💰 Finance Routing Verification GET /api/households/:id/finance/savings/:itemId should still work for valid items",
          "invocations": 1,
          "location": null,
          "numPassingAsserts": 3,
          "retryReasons": [],
          "status": "passed",
          "title": "GET /api/households/:id/finance/savings/:itemId should still work for valid items"
        },
        {
          "ancestorTitles": [
            "💰 Finance Routing Verification"
          ],
          "duration": 55,
          "failureDetails": [],
          "failureMessages": [],
          "fullName": "💰 Finance Routing Verification GET /api/households/:id/finance/savings/999999 should return 404",
          "invocations": 1,
          "location": null,
          "numPassingAsserts": 1,
          "retryReasons": [],
          "status": "passed",
          "title": "GET /api/households/:id/finance/savings/999999 should return 404"
        }
      ],
      "failureMessage": null
    },
    {
      "leaks": false,
      "numFailingTests": 0,
      "numPassingTests": 2,
      "numPendingTests": 0,
      "numTodoTests": 0,
      "openHandles": [],
      "perfStats": {
        "end": 1771186246657,
        "runtime": 1338,
        "slow": false,
        "start": 1771186245319
      },
      "skipped": false,
      "snapshot": {
        "added": 0,
        "fileDeleted": false,
        "matched": 0,
        "unchecked": 0,
        "uncheckedKeys": [],
        "unmatched": 0,
        "updated": 0
      },
      "testFilePath": "/home/matt/household-project/server/tests/export_json.spec.js",
      "testResults": [
        {
          "ancestorTitles": [
            "🚀 JSON Tenant Export Verification"
          ],
          "duration": 289,
          "failureDetails": [],
          "failureMessages": [],
          "fullName": "🚀 JSON Tenant Export Verification GET /api/export/:id should return a full JSON package",
          "invocations": 1,
          "location": null,
          "numPassingAsserts": 10,
          "retryReasons": [],
          "status": "passed",
          "title": "GET /api/export/:id should return a full JSON package"
        },
        {
          "ancestorTitles": [
            "🚀 JSON Tenant Export Verification"
          ],
          "duration": 311,
          "failureDetails": [],
          "failureMessages": [],
          "fullName": "🚀 JSON Tenant Export Verification Unauthorized user should not be able to export",
          "invocations": 1,
          "location": null,
          "numPassingAsserts": 1,
          "retryReasons": [],
          "status": "passed",
          "title": "Unauthorized user should not be able to export"
        }
      ],
      "failureMessage": null
    },
    {
      "leaks": false,
      "numFailingTests": 0,
      "numPassingTests": 3,
      "numPendingTests": 0,
      "numTodoTests": 0,
      "openHandles": [],
      "perfStats": {
        "end": 1771186247733,
        "runtime": 1061,
        "slow": false,
        "start": 1771186246672
      },
      "skipped": false,
      "snapshot": {
        "added": 0,
        "fileDeleted": false,
        "matched": 0,
        "unchecked": 0,
        "uncheckedKeys": [],
        "unmatched": 0,
        "updated": 0
      },
      "testFilePath": "/home/matt/household-project/server/tests/security/export_tenant.test.js",
      "testResults": [
        {
          "ancestorTitles": [
            "🛡️ Tenant Export Verification"
          ],
          "duration": 20,
          "failureDetails": [],
          "failureMessages": [],
          "fullName": "🛡️ Tenant Export Verification GET /api/admin/households/:id/export should return a backup filename (System Admin)",
          "invocations": 1,
          "location": null,
          "numPassingAsserts": 4,
          "retryReasons": [],
          "status": "passed",
          "title": "GET /api/admin/households/:id/export should return a backup filename (System Admin)"
        },
        {
          "ancestorTitles": [
            "🛡️ Tenant Export Verification"
          ],
          "duration": 260,
          "failureDetails": [],
          "failureMessages": [],
          "fullName": "🛡️ Tenant Export Verification Non-system-admin should not be able to export (even if household admin)",
          "invocations": 1,
          "location": null,
          "numPassingAsserts": 1,
          "retryReasons": [],
          "status": "passed",
          "title": "Non-system-admin should not be able to export (even if household admin)"
        },
        {
          "ancestorTitles": [
            "🛡️ Tenant Export Verification"
          ],
          "duration": 30,
          "failureDetails": [],
          "failureMessages": [],
          "fullName": "🛡️ Tenant Export Verification Export should contain manifest.json in the zip",
          "invocations": 1,
          "location": null,
          "numPassingAsserts": 5,
          "retryReasons": [],
          "status": "passed",
          "title": "Export should contain manifest.json in the zip"
        }
      ],
      "failureMessage": null
    },
    {
      "leaks": false,
      "numFailingTests": 0,
      "numPassingTests": 4,
      "numPendingTests": 0,
      "numTodoTests": 0,
      "openHandles": [],
      "perfStats": {
        "end": 1771186248328,
        "runtime": 589,
        "slow": false,
        "start": 1771186247739
      },
      "skipped": false,
      "snapshot": {
        "added": 0,
        "fileDeleted": false,
        "matched": 0,
        "unchecked": 0,
        "uncheckedKeys": [],
        "unmatched": 0,
        "updated": 0
      },
      "testFilePath": "/home/matt/household-project/server/tests/security/audit_poc.test.js",
      "testResults": [
        {
          "ancestorTitles": [
            "Security Audit Proof of Concept"
          ],
          "duration": 1,
          "failureDetails": [],
          "failureMessages": [],
          "fullName": "Security Audit Proof of Concept Vulnerability 1: Hardcoded SECRET_KEY",
          "invocations": 1,
          "location": null,
          "numPassingAsserts": 1,
          "retryReasons": [],
          "status": "passed",
          "title": "Vulnerability 1: Hardcoded SECRET_KEY"
        },
        {
          "ancestorTitles": [
            "Security Audit Proof of Concept"
          ],
          "duration": 22,
          "failureDetails": [],
          "failureMessages": [],
          "fullName": "Security Audit Proof of Concept Vulnerability 2: Path Traversal in Backup Download (FIXED)",
          "invocations": 1,
          "location": null,
          "numPassingAsserts": 1,
          "retryReasons": [],
          "status": "passed",
          "title": "Vulnerability 2: Path Traversal in Backup Download (FIXED)"
        },
        {
          "ancestorTitles": [
            "Security Audit Proof of Concept"
          ],
          "duration": 242,
          "failureDetails": [],
          "failureMessages": [],
          "fullName": "Security Audit Proof of Concept Vulnerability 3: Admin Escalation - Adding user to another household (FIXED)",
          "invocations": 1,
          "location": null,
          "numPassingAsserts": 1,
          "retryReasons": [],
          "status": "passed",
          "title": "Vulnerability 3: Admin Escalation - Adding user to another household (FIXED)"
        },
        {
          "ancestorTitles": [
            "Security Audit Proof of Concept"
          ],
          "duration": 8,
          "failureDetails": [],
          "failureMessages": [],
          "fullName": "Security Audit Proof of Concept Tenancy Verification: Viewer of HH 60 cannot access HH 3294",
          "invocations": 1,
          "location": null,
          "numPassingAsserts": 1,
          "retryReasons": [],
          "status": "passed",
          "title": "Tenancy Verification: Viewer of HH 60 cannot access HH 3294"
        }
      ],
      "failureMessage": null
    },
    {
      "leaks": false,
      "numFailingTests": 0,
      "numPassingTests": 1,
      "numPendingTests": 0,
      "numTodoTests": 0,
      "openHandles": [],
      "perfStats": {
        "end": 1771186248960,
        "runtime": 623,
        "slow": false,
        "start": 1771186248337
      },
      "skipped": false,
      "snapshot": {
        "added": 0,
        "fileDeleted": false,
        "matched": 0,
        "unchecked": 0,
        "uncheckedKeys": [],
        "unmatched": 0,
        "updated": 0
      },
      "testFilePath": "/home/matt/household-project/server/tests/routes/export.spec.js",
      "testResults": [
        {
          "ancestorTitles": [
            "Export Route"
          ],
          "duration": 23,
          "failureDetails": [],
          "failureMessages": [],
          "fullName": "Export Route should export household data as JSON",
          "invocations": 1,
          "location": null,
          "numPassingAsserts": 5,
          "retryReasons": [],
          "status": "passed",
          "title": "should export household data as JSON"
        }
      ],
      "failureMessage": null
    },
    {
      "leaks": false,
      "numFailingTests": 0,
      "numPassingTests": 2,
      "numPendingTests": 0,
      "numTodoTests": 0,
      "openHandles": [],
      "perfStats": {
        "end": 1771186249628,
        "runtime": 662,
        "slow": false,
        "start": 1771186248966
      },
      "skipped": false,
      "snapshot": {
        "added": 0,
        "fileDeleted": false,
        "matched": 0,
        "unchecked": 0,
        "uncheckedKeys": [],
        "unmatched": 0,
        "updated": 0
      },
      "testFilePath": "/home/matt/household-project/server/tests/export.spec.js",
      "testResults": [
        {
          "ancestorTitles": [
            "GET /api/export/:household_id"
          ],
          "duration": 6,
          "failureDetails": [],
          "failureMessages": [],
          "fullName": "GET /api/export/:household_id should return 404 if household_id is missing (route not matched)",
          "invocations": 1,
          "location": null,
          "numPassingAsserts": 1,
          "retryReasons": [],
          "status": "passed",
          "title": "should return 404 if household_id is missing (route not matched)"
        },
        {
          "ancestorTitles": [
            "GET /api/export/:household_id"
          ],
          "duration": 17,
          "failureDetails": [],
          "failureMessages": [],
          "fullName": "GET /api/export/:household_id should return 200 and export data if household_id is valid",
          "invocations": 1,
          "location": null,
          "numPassingAsserts": 5,
          "retryReasons": [],
          "status": "passed",
          "title": "should return 200 and export data if household_id is valid"
        }
      ],
      "failureMessage": null
    },
    {
      "leaks": false,
      "numFailingTests": 0,
      "numPassingTests": 3,
      "numPendingTests": 0,
      "numTodoTests": 0,
      "openHandles": [],
      "perfStats": {
        "end": 1771186250005,
        "runtime": 371,
        "slow": false,
        "start": 1771186249634
      },
      "skipped": false,
      "snapshot": {
        "added": 0,
        "fileDeleted": false,
        "matched": 0,
        "unchecked": 0,
        "uncheckedKeys": [],
        "unmatched": 0,
        "updated": 0
      },
      "testFilePath": "/home/matt/household-project/server/tests/profile.spec.js",
      "testResults": [
        {
          "ancestorTitles": [
            "Profile API"
          ],
          "duration": 14,
          "failureDetails": [],
          "failureMessages": [],
          "fullName": "Profile API should retrieve the user profile with custom_theme",
          "invocations": 1,
          "location": null,
          "numPassingAsserts": 4,
          "retryReasons": [],
          "status": "passed",
          "title": "should retrieve the user profile with custom_theme"
        },
        {
          "ancestorTitles": [
            "Profile API"
          ],
          "duration": 19,
          "failureDetails": [],
          "failureMessages": [],
          "fullName": "Profile API should update the user theme",
          "invocations": 1,
          "location": null,
          "numPassingAsserts": 2,
          "retryReasons": [],
          "status": "passed",
          "title": "should update the user theme"
        },
        {
          "ancestorTitles": [
            "Profile API"
          ],
          "duration": 12,
          "failureDetails": [],
          "failureMessages": [],
          "fullName": "Profile API should update the custom_theme",
          "invocations": 1,
          "location": null,
          "numPassingAsserts": 2,
          "retryReasons": [],
          "status": "passed",
          "title": "should update the custom_theme"
        }
      ],
      "failureMessage": null
    },
    {
      "leaks": false,
      "numFailingTests": 0,
      "numPassingTests": 3,
      "numPendingTests": 0,
      "numTodoTests": 0,
      "openHandles": [],
      "perfStats": {
        "end": 1771186250065,
        "runtime": 55,
        "slow": false,
        "start": 1771186250010
      },
      "skipped": false,
      "snapshot": {
        "added": 0,
        "fileDeleted": false,
        "matched": 0,
        "unchecked": 0,
        "uncheckedKeys": [],
        "unmatched": 0,
        "updated": 0
      },
      "testFilePath": "/home/matt/household-project/server/tests/performance/smoke.test.js",
      "testResults": [
        {
          "ancestorTitles": [
            "Frontend Build Smoke Test"
          ],
          "duration": 1,
          "failureDetails": [],
          "failureMessages": [],
          "fullName": "Frontend Build Smoke Test index.html should exist after build",
          "invocations": 1,
          "location": null,
          "numPassingAsserts": 1,
          "retryReasons": [],
          "status": "passed",
          "title": "index.html should exist after build"
        },
        {
          "ancestorTitles": [
            "Frontend Build Smoke Test"
          ],
          "duration": 1,
          "failureDetails": [],
          "failureMessages": [],
          "fullName": "Frontend Build Smoke Test index.html should contain root div",
          "invocations": 1,
          "location": null,
          "numPassingAsserts": 1,
          "retryReasons": [],
          "status": "passed",
          "title": "index.html should contain root div"
        },
        {
          "ancestorTitles": [
            "Frontend Build Smoke Test"
          ],
          "duration": 1,
          "failureDetails": [],
          "failureMessages": [],
          "fullName": "Frontend Build Smoke Test JS bundle should be referenced",
          "invocations": 1,
          "location": null,
          "numPassingAsserts": 1,
          "retryReasons": [],
          "status": "passed",
          "title": "JS bundle should be referenced"
        }
      ],
      "failureMessage": null
    }
  ],
  "wasInterrupted": false
}