{
  "numFailedTestSuites": 0,
  "numFailedTests": 0,
  "numPassedTestSuites": 1,
  "numPassedTests": 6,
  "numPendingTestSuites": 0,
  "numPendingTests": 0,
  "numRuntimeErrorTestSuites": 0,
  "numTodoTests": 0,
  "numTotalTestSuites": 1,
  "numTotalTests": 6,
  "openHandles": [],
  "snapshot": {
    "added": 0,
    "didUpdate": false,
    "failure": false,
    "filesAdded": 0,
    "filesRemoved": 0,
    "filesRemovedList": [],
    "filesUnmatched": 0,
    "filesUpdated": 0,
    "matched": 0,
    "total": 0,
    "unchecked": 0,
    "uncheckedKeysByFile": [],
    "unmatched": 0,
    "updated": 0
  },
  "startTime": 1770591946132,
  "success": false,
  "testResults": [
    {
      "leaks": false,
      "numFailingTests": 0,
      "numPassingTests": 6,
      "numPendingTests": 0,
      "numTodoTests": 0,
      "openHandles": [],
      "perfStats": {
        "end": 1770591949157,
        "runtime": 2948,
        "slow": false,
        "start": 1770591946209
      },
      "skipped": false,
      "snapshot": {
        "added": 0,
        "fileDeleted": false,
        "matched": 0,
        "unchecked": 0,
        "uncheckedKeys": [],
        "unmatched": 0,
        "updated": 0
      },
      "testFilePath": "/var/tmp/vibe-kanban/worktrees/9c8b-school-term-trac/household-project/server/tests/school_terms.test.js",
      "testResults": [
        {
          "ancestorTitles": [
            "🏫 School Terms API"
          ],
          "duration": 335,
          "failureDetails": [],
          "failureMessages": [],
          "fullName": "🏫 School Terms API POST /api/households/:id/school-terms should create a new term",
          "invocations": 1,
          "location": null,
          "numPassingAsserts": 3,
          "retryReasons": [],
          "status": "passed",
          "title": "POST /api/households/:id/school-terms should create a new term"
        },
        {
          "ancestorTitles": [
            "🏫 School Terms API"
          ],
          "duration": 192,
          "failureDetails": [],
          "failureMessages": [],
          "fullName": "🏫 School Terms API GET /api/households/:id/school-terms should return terms",
          "invocations": 1,
          "location": null,
          "numPassingAsserts": 4,
          "retryReasons": [],
          "status": "passed",
          "title": "GET /api/households/:id/school-terms should return terms"
        },
        {
          "ancestorTitles": [
            "🏫 School Terms API"
          ],
          "duration": 10,
          "failureDetails": [],
          "failureMessages": [],
          "fullName": "🏫 School Terms API GET /api/households/:id/school-terms?member_id=:memberId should filter by member",
          "invocations": 1,
          "location": null,
          "numPassingAsserts": 2,
          "retryReasons": [],
          "status": "passed",
          "title": "GET /api/households/:id/school-terms?member_id=:memberId should filter by member"
        },
        {
          "ancestorTitles": [
            "🏫 School Terms API"
          ],
          "duration": 103,
          "failureDetails": [],
          "failureMessages": [],
          "fullName": "🏫 School Terms API PUT /api/households/:id/school-terms/:termId should update a term",
          "invocations": 1,
          "location": null,
          "numPassingAsserts": 2,
          "retryReasons": [],
          "status": "passed",
          "title": "PUT /api/households/:id/school-terms/:termId should update a term"
        },
        {
          "ancestorTitles": [
            "🏫 School Terms API"
          ],
          "duration": 269,
          "failureDetails": [],
          "failureMessages": [],
          "fullName": "🏫 School Terms API GET /api/households/:id/dates should include school terms",
          "invocations": 1,
          "location": null,
          "numPassingAsserts": 3,
          "retryReasons": [],
          "status": "passed",
          "title": "GET /api/households/:id/dates should include school terms"
        },
        {
          "ancestorTitles": [
            "🏫 School Terms API"
          ],
          "duration": 294,
          "failureDetails": [],
          "failureMessages": [],
          "fullName": "🏫 School Terms API DELETE /api/households/:id/school-terms/:termId should remove a term",
          "invocations": 1,
          "location": null,
          "numPassingAsserts": 2,
          "retryReasons": [],
          "status": "passed",
          "title": "DELETE /api/households/:id/school-terms/:termId should remove a term"
        }
      ],
      "failureMessage": null
    }
  ],
  "wasInterrupted": false
}