{
  "numFailedTestSuites": 0,
  "numFailedTests": 0,
  "numPassedTestSuites": 1,
  "numPassedTests": 2,
  "numPendingTestSuites": 0,
  "numPendingTests": 0,
  "numRuntimeErrorTestSuites": 0,
  "numTodoTests": 0,
  "numTotalTestSuites": 1,
  "numTotalTests": 2,
  "openHandles": [],
  "snapshot": {
    "added": 0,
    "didUpdate": false,
    "failure": false,
    "filesAdded": 0,
    "filesRemoved": 0,
    "filesRemovedList": [],
    "filesUnmatched": 0,
    "filesUpdated": 0,
    "matched": 0,
    "total": 0,
    "unchecked": 0,
    "uncheckedKeysByFile": [],
    "unmatched": 0,
    "updated": 0
  },
  "startTime": 1770394482381,
  "success": false,
  "testResults": [
    {
      "leaks": false,
      "numFailingTests": 0,
      "numPassingTests": 2,
      "numPendingTests": 0,
      "numTodoTests": 0,
      "openHandles": [],
      "perfStats": {
        "end": 1770394484031,
        "runtime": 1571,
        "slow": false,
        "start": 1770394482460
      },
      "skipped": false,
      "snapshot": {
        "added": 0,
        "fileDeleted": false,
        "matched": 0,
        "unchecked": 0,
        "uncheckedKeys": [],
        "unmatched": 0,
        "updated": 0
      },
      "testFilePath": "/var/tmp/vibe-kanban/worktrees/e1e6-automatic-error/household-project/server/tests/error_reporting.test.js",
      "testResults": [
        {
          "ancestorTitles": [
            "🚨 Error Reporting to Vibe Kanban"
          ],
          "duration": 61,
          "failureDetails": [],
          "failureMessages": [],
          "fullName": "🚨 Error Reporting to Vibe Kanban should receive a frontend error and post it to Vibe Kanban",
          "invocations": 1,
          "location": null,
          "numPassingAsserts": 4,
          "retryReasons": [],
          "status": "passed",
          "title": "should receive a frontend error and post it to Vibe Kanban"
        },
        {
          "ancestorTitles": [
            "🚨 Error Reporting to Vibe Kanban"
          ],
          "duration": 11,
          "failureDetails": [],
          "failureMessages": [],
          "fullName": "🚨 Error Reporting to Vibe Kanban should gracefully handle Vibe Kanban API failures",
          "invocations": 1,
          "location": null,
          "numPassingAsserts": 2,
          "retryReasons": [],
          "status": "passed",
          "title": "should gracefully handle Vibe Kanban API failures"
        }
      ],
      "failureMessage": null
    }
  ],
  "wasInterrupted": false
}