{
  "numFailedTestSuites": 3,
  "numFailedTests": 14,
  "numPassedTestSuites": 16,
  "numPassedTests": 46,
  "numPendingTestSuites": 0,
  "numPendingTests": 0,
  "numRuntimeErrorTestSuites": 0,
  "numTodoTests": 0,
  "numTotalTestSuites": 19,
  "numTotalTests": 60,
  "openHandles": [],
  "snapshot": {
    "added": 0,
    "didUpdate": false,
    "failure": false,
    "filesAdded": 0,
    "filesRemoved": 0,
    "filesRemovedList": [],
    "filesUnmatched": 0,
    "filesUpdated": 0,
    "matched": 0,
    "total": 0,
    "unchecked": 0,
    "uncheckedKeysByFile": [],
    "unmatched": 0,
    "updated": 0
  },
  "startTime": 1771924767492,
  "success": false,
  "testResults": [
    {
      "leaks": false,
      "numFailingTests": 10,
      "numPassingTests": 2,
      "numPendingTests": 0,
      "numTodoTests": 0,
      "openHandles": [],
      "perfStats": {
        "end": 1771924771869,
        "runtime": 4261,
        "slow": false,
        "start": 1771924767608
      },
      "skipped": false,
      "snapshot": {
        "added": 0,
        "fileDeleted": false,
        "matched": 0,
        "unchecked": 0,
        "uncheckedKeys": [],
        "unmatched": 0,
        "updated": 0
      },
      "testFilePath": "/home/matt/household-project/server/tests/security/api_coverage_and_rbac.test.js",
      "testResults": [
        {
          "ancestorTitles": [
            "🛡️ Comprehensive Backend API & RBAC Verification"
          ],
          "duration": 283,
          "failureDetails": [],
          "failureMessages": [],
          "fullName": "🛡️ Comprehensive Backend API & RBAC Verification 🔑 Authentication & Setup",
          "invocations": 1,
          "location": null,
          "numPassingAsserts": 4,
          "retryReasons": [],
          "status": "passed",
          "title": "🔑 Authentication & Setup"
        },
        {
          "ancestorTitles": [
            "🛡️ Comprehensive Backend API & RBAC Verification"
          ],
          "duration": 177,
          "failureDetails": [],
          "failureMessages": [],
          "fullName": "🛡️ Comprehensive Backend API & RBAC Verification 🏠 Household Management",
          "invocations": 1,
          "location": null,
          "numPassingAsserts": 3,
          "retryReasons": [],
          "status": "passed",
          "title": "🏠 Household Management"
        },
        {
          "ancestorTitles": [
            "🛡️ Comprehensive Backend API & RBAC Verification"
          ],
          "duration": 17,
          "failureDetails": [
            {
              "matcherResult": {
                "message": "expect(received).toBeLessThan(expected)\n\nExpected: < 300\nReceived:   403",
                "pass": false
              }
            }
          ],
          "failureMessages": [
            "Error: expect(received).toBeLessThan(expected)\n\nExpected: < 300\nReceived:   403\n    at toBeLessThan (/home/matt/household-project/server/tests/security/api_coverage_and_rbac.test.js:191:25)\n    at processTicksAndRejections (node:internal/process/task_queues:95:5)\n    at Object.<anonymous> (/home/matt/household-project/server/tests/security/api_coverage_and_rbac.test.js:323:5)"
          ],
          "fullName": "🛡️ Comprehensive Backend API & RBAC Verification 🔄 Module: Recurring Costs (Consolidated)",
          "invocations": 1,
          "location": null,
          "numPassingAsserts": 0,
          "retryReasons": [],
          "status": "failed",
          "title": "🔄 Module: Recurring Costs (Consolidated)"
        },
        {
          "ancestorTitles": [
            "🛡️ Comprehensive Backend API & RBAC Verification"
          ],
          "duration": 12,
          "failureDetails": [
            {
              "matcherResult": {
                "message": "expect(received).toBeLessThan(expected)\n\nExpected: < 300\nReceived:   403",
                "pass": false
              }
            }
          ],
          "failureMessages": [
            "Error: expect(received).toBeLessThan(expected)\n\nExpected: < 300\nReceived:   403\n    at toBeLessThan (/home/matt/household-project/server/tests/security/api_coverage_and_rbac.test.js:191:25)\n    at processTicksAndRejections (node:internal/process/task_queues:95:5)\n    at Object.<anonymous> (/home/matt/household-project/server/tests/security/api_coverage_and_rbac.test.js:338:5)"
          ],
          "fullName": "🛡️ Comprehensive Backend API & RBAC Verification 👥 Module: People",
          "invocations": 1,
          "location": null,
          "numPassingAsserts": 0,
          "retryReasons": [],
          "status": "failed",
          "title": "👥 Module: People"
        },
        {
          "ancestorTitles": [
            "🛡️ Comprehensive Backend API & RBAC Verification"
          ],
          "duration": 20,
          "failureDetails": [
            {
              "matcherResult": {
                "message": "expect(received).toBeLessThan(expected)\n\nExpected: < 300\nReceived:   403",
                "pass": false
              }
            }
          ],
          "failureMessages": [
            "Error: expect(received).toBeLessThan(expected)\n\nExpected: < 300\nReceived:   403\n    at toBeLessThan (/home/matt/household-project/server/tests/security/api_coverage_and_rbac.test.js:191:25)\n    at processTicksAndRejections (node:internal/process/task_queues:95:5)\n    at Object.<anonymous> (/home/matt/household-project/server/tests/security/api_coverage_and_rbac.test.js:345:5)"
          ],
          "fullName": "🛡️ Comprehensive Backend API & RBAC Verification 🚗 Module: Vehicles",
          "invocations": 1,
          "location": null,
          "numPassingAsserts": 0,
          "retryReasons": [],
          "status": "failed",
          "title": "🚗 Module: Vehicles"
        },
        {
          "ancestorTitles": [
            "🛡️ Comprehensive Backend API & RBAC Verification"
          ],
          "duration": 14,
          "failureDetails": [
            {
              "matcherResult": {
                "message": "expect(received).toBeLessThan(expected)\n\nExpected: < 300\nReceived:   403",
                "pass": false
              }
            }
          ],
          "failureMessages": [
            "Error: expect(received).toBeLessThan(expected)\n\nExpected: < 300\nReceived:   403\n    at toBeLessThan (/home/matt/household-project/server/tests/security/api_coverage_and_rbac.test.js:191:25)\n    at processTicksAndRejections (node:internal/process/task_queues:95:5)\n    at Object.<anonymous> (/home/matt/household-project/server/tests/security/api_coverage_and_rbac.test.js:348:5)"
          ],
          "fullName": "🛡️ Comprehensive Backend API & RBAC Verification 💰 Module: Finance (Core)",
          "invocations": 1,
          "location": null,
          "numPassingAsserts": 0,
          "retryReasons": [],
          "status": "failed",
          "title": "💰 Module: Finance (Core)"
        },
        {
          "ancestorTitles": [
            "🛡️ Comprehensive Backend API & RBAC Verification"
          ],
          "duration": 21,
          "failureDetails": [
            {
              "matcherResult": {
                "actual": 403,
                "expected": 200,
                "message": "expect(received).toBe(expected) // Object.is equality\n\nExpected: 200\nReceived: 403",
                "name": "toBe",
                "pass": false
              }
            }
          ],
          "failureMessages": [
            "Error: expect(received).toBe(expected) // Object.is equality\n\nExpected: 200\nReceived: 403\n    at Object.toBe (/home/matt/household-project/server/tests/security/api_coverage_and_rbac.test.js:384:24)\n    at processTicksAndRejections (node:internal/process/task_queues:95:5)"
          ],
          "fullName": "🛡️ Comprehensive Backend API & RBAC Verification 🍱 Module: Meals",
          "invocations": 1,
          "location": null,
          "numPassingAsserts": 0,
          "retryReasons": [],
          "status": "failed",
          "title": "🍱 Module: Meals"
        },
        {
          "ancestorTitles": [
            "🛡️ Comprehensive Backend API & RBAC Verification"
          ],
          "duration": 20,
          "failureDetails": [
            {
              "matcherResult": {
                "message": "expect(received).toBeLessThan(expected)\n\nExpected: < 300\nReceived:   403",
                "pass": false
              }
            }
          ],
          "failureMessages": [
            "Error: expect(received).toBeLessThan(expected)\n\nExpected: < 300\nReceived:   403\n    at toBeLessThan (/home/matt/household-project/server/tests/security/api_coverage_and_rbac.test.js:191:25)\n    at processTicksAndRejections (node:internal/process/task_queues:95:5)\n    at Object.<anonymous> (/home/matt/household-project/server/tests/security/api_coverage_and_rbac.test.js:398:5)"
          ],
          "fullName": "🛡️ Comprehensive Backend API & RBAC Verification 🧹 Module: Chores",
          "invocations": 1,
          "location": null,
          "numPassingAsserts": 0,
          "retryReasons": [],
          "status": "failed",
          "title": "🧹 Module: Chores"
        },
        {
          "ancestorTitles": [
            "🛡️ Comprehensive Backend API & RBAC Verification"
          ],
          "duration": 8,
          "failureDetails": [
            {
              "matcherResult": {
                "actual": 404,
                "expected": 200,
                "message": "expect(received).toBe(expected) // Object.is equality\n\nExpected: 200\nReceived: 404",
                "name": "toBe",
                "pass": false
              }
            }
          ],
          "failureMessages": [
            "Error: expect(received).toBe(expected) // Object.is equality\n\nExpected: 200\nReceived: 404\n    at Object.toBe (/home/matt/household-project/server/tests/security/api_coverage_and_rbac.test.js:437:25)\n    at processTicksAndRejections (node:internal/process/task_queues:95:5)"
          ],
          "fullName": "🛡️ Comprehensive Backend API & RBAC Verification 📅 Module: Calendar",
          "invocations": 1,
          "location": null,
          "numPassingAsserts": 0,
          "retryReasons": [],
          "status": "failed",
          "title": "📅 Module: Calendar"
        },
        {
          "ancestorTitles": [
            "🛡️ Comprehensive Backend API & RBAC Verification"
          ],
          "duration": 12,
          "failureDetails": [
            {
              "matcherResult": {
                "message": "expect(received).toBeLessThan(expected)\n\nExpected: < 300\nReceived:   403",
                "pass": false
              }
            }
          ],
          "failureMessages": [
            "Error: expect(received).toBeLessThan(expected)\n\nExpected: < 300\nReceived:   403\n    at toBeLessThan (/home/matt/household-project/server/tests/security/api_coverage_and_rbac.test.js:191:25)\n    at processTicksAndRejections (node:internal/process/task_queues:95:5)\n    at Object.<anonymous> (/home/matt/household-project/server/tests/security/api_coverage_and_rbac.test.js:449:5)"
          ],
          "fullName": "🛡️ Comprehensive Backend API & RBAC Verification 🛒 Module: Shopping",
          "invocations": 1,
          "location": null,
          "numPassingAsserts": 0,
          "retryReasons": [],
          "status": "failed",
          "title": "🛒 Module: Shopping"
        },
        {
          "ancestorTitles": [
            "🛡️ Comprehensive Backend API & RBAC Verification"
          ],
          "duration": 19,
          "failureDetails": [
            {
              "matcherResult": {
                "actual": 403,
                "expected": 200,
                "message": "expect(received).toBe(expected) // Object.is equality\n\nExpected: 200\nReceived: 403",
                "name": "toBe",
                "pass": false
              }
            }
          ],
          "failureMessages": [
            "Error: expect(received).toBe(expected) // Object.is equality\n\nExpected: 200\nReceived: 403\n    at Object.toBe (/home/matt/household-project/server/tests/security/api_coverage_and_rbac.test.js:473:25)\n    at processTicksAndRejections (node:internal/process/task_queues:95:5)"
          ],
          "fullName": "🛡️ Comprehensive Backend API & RBAC Verification 🏠 Module: House Details",
          "invocations": 1,
          "location": null,
          "numPassingAsserts": 0,
          "retryReasons": [],
          "status": "failed",
          "title": "🏠 Module: House Details"
        },
        {
          "ancestorTitles": [
            "🛡️ Comprehensive Backend API & RBAC Verification"
          ],
          "duration": 10,
          "failureDetails": [
            {
              "matcherResult": {
                "message": "expect(received).toBeLessThan(expected)\n\nExpected: < 300\nReceived:   403",
                "pass": false
              }
            }
          ],
          "failureMessages": [
            "Error: expect(received).toBeLessThan(expected)\n\nExpected: < 300\nReceived:   403\n    at toBeLessThan (/home/matt/household-project/server/tests/security/api_coverage_and_rbac.test.js:191:25)\n    at processTicksAndRejections (node:internal/process/task_queues:95:5)\n    at Object.<anonymous> (/home/matt/household-project/server/tests/security/api_coverage_and_rbac.test.js:494:5)"
          ],
          "fullName": "🛡️ Comprehensive Backend API & RBAC Verification 🏦 Module: Finance (Extended)",
          "invocations": 1,
          "location": null,
          "numPassingAsserts": 0,
          "retryReasons": [],
          "status": "failed",
          "title": "🏦 Module: Finance (Extended)"
        }
      ],
      "failureMessage": "  ● 🛡️ Comprehensive Backend API & RBAC Verification › 🔄 Module: Recurring Costs (Consolidated)\n\n    expect(received).toBeLessThan(expected)\n\n    Expected: < 300\n    Received:   403\n\n      189 |     // Note: We don't fail if NOT in swagger, we just mark as GAP later, but we expect it to be there for coverage\n      190 |     logResult(endpoints.create, cRes.status < 300 ? 'PASS' : 'FAIL', cRes);\n    > 191 |     expect(cRes.status).toBeLessThan(300);\n          |                         ^\n      192 |     const itemId = cRes.body.id;\n      193 |\n      194 |     // 2. LIST\n\n      at toBeLessThan (tests/security/api_coverage_and_rbac.test.js:191:25)\n      at Object.<anonymous> (tests/security/api_coverage_and_rbac.test.js:323:5)\n\n  ● 🛡️ Comprehensive Backend API & RBAC Verification › 👥 Module: People\n\n    expect(received).toBeLessThan(expected)\n\n    Expected: < 300\n    Received:   403\n\n      189 |     // Note: We don't fail if NOT in swagger, we just mark as GAP later, but we expect it to be there for coverage\n      190 |     logResult(endpoints.create, cRes.status < 300 ? 'PASS' : 'FAIL', cRes);\n    > 191 |     expect(cRes.status).toBeLessThan(300);\n          |                         ^\n      192 |     const itemId = cRes.body.id;\n      193 |\n      194 |     // 2. LIST\n\n      at toBeLessThan (tests/security/api_coverage_and_rbac.test.js:191:25)\n      at Object.<anonymous> (tests/security/api_coverage_and_rbac.test.js:338:5)\n\n  ● 🛡️ Comprehensive Backend API & RBAC Verification › 🚗 Module: Vehicles\n\n    expect(received).toBeLessThan(expected)\n\n    Expected: < 300\n    Received:   403\n\n      189 |     // Note: We don't fail if NOT in swagger, we just mark as GAP later, but we expect it to be there for coverage\n      190 |     logResult(endpoints.create, cRes.status < 300 ? 'PASS' : 'FAIL', cRes);\n    > 191 |     expect(cRes.status).toBeLessThan(300);\n          |                         ^\n      192 |     const itemId = cRes.body.id;\n      193 |\n      194 |     // 2. LIST\n\n      at toBeLessThan (tests/security/api_coverage_and_rbac.test.js:191:25)\n      at Object.<anonymous> (tests/security/api_coverage_and_rbac.test.js:345:5)\n\n  ● 🛡️ Comprehensive Backend API & RBAC Verification › 💰 Module: Finance (Core)\n\n    expect(received).toBeLessThan(expected)\n\n    Expected: < 300\n    Received:   403\n\n      189 |     // Note: We don't fail if NOT in swagger, we just mark as GAP later, but we expect it to be there for coverage\n      190 |     logResult(endpoints.create, cRes.status < 300 ? 'PASS' : 'FAIL', cRes);\n    > 191 |     expect(cRes.status).toBeLessThan(300);\n          |                         ^\n      192 |     const itemId = cRes.body.id;\n      193 |\n      194 |     // 2. LIST\n\n      at toBeLessThan (tests/security/api_coverage_and_rbac.test.js:191:25)\n      at Object.<anonymous> (tests/security/api_coverage_and_rbac.test.js:348:5)\n\n  ● 🛡️ Comprehensive Backend API & RBAC Verification › 🍱 Module: Meals\n\n    expect(received).toBe(expected) // Object.is equality\n\n    Expected: 200\n    Received: 403\n\n      382 |       .set('Authorization', `Bearer ${tokens.viewer}`);\n      383 |     logResult(ep, res.status === 200 ? 'PASS' : 'FAIL', res);\n    > 384 |     expect(res.status).toBe(200);\n          |                        ^\n      385 |\n      386 |     // Add POST /meals\n      387 |     const postMealEp = 'POST /households/{id}/meals';\n\n      at Object.toBe (tests/security/api_coverage_and_rbac.test.js:384:24)\n\n  ● 🛡️ Comprehensive Backend API & RBAC Verification › 🧹 Module: Chores\n\n    expect(received).toBeLessThan(expected)\n\n    Expected: < 300\n    Received:   403\n\n      189 |     // Note: We don't fail if NOT in swagger, we just mark as GAP later, but we expect it to be there for coverage\n      190 |     logResult(endpoints.create, cRes.status < 300 ? 'PASS' : 'FAIL', cRes);\n    > 191 |     expect(cRes.status).toBeLessThan(300);\n          |                         ^\n      192 |     const itemId = cRes.body.id;\n      193 |\n      194 |     // 2. LIST\n\n      at toBeLessThan (tests/security/api_coverage_and_rbac.test.js:191:25)\n      at Object.<anonymous> (tests/security/api_coverage_and_rbac.test.js:398:5)\n\n  ● 🛡️ Comprehensive Backend API & RBAC Verification › 📅 Module: Calendar\n\n    expect(received).toBe(expected) // Object.is equality\n\n    Expected: 200\n    Received: 404\n\n      435 |     const hRes = await request(app).get(`/api/system/holidays`);\n      436 |     logResult(holEp, hRes.status === 200 ? 'PASS' : 'FAIL', hRes);\n    > 437 |     expect(hRes.status).toBe(200);\n          |                         ^\n      438 |\n      439 |     // Dates CRUD\n      440 |     await runCrudTest(\n\n      at Object.toBe (tests/security/api_coverage_and_rbac.test.js:437:25)\n\n  ● 🛡️ Comprehensive Backend API & RBAC Verification › 🛒 Module: Shopping\n\n    expect(received).toBeLessThan(expected)\n\n    Expected: < 300\n    Received:   403\n\n      189 |     // Note: We don't fail if NOT in swagger, we just mark as GAP later, but we expect it to be there for coverage\n      190 |     logResult(endpoints.create, cRes.status < 300 ? 'PASS' : 'FAIL', cRes);\n    > 191 |     expect(cRes.status).toBeLessThan(300);\n          |                         ^\n      192 |     const itemId = cRes.body.id;\n      193 |\n      194 |     // 2. LIST\n\n      at toBeLessThan (tests/security/api_coverage_and_rbac.test.js:191:25)\n      at Object.<anonymous> (tests/security/api_coverage_and_rbac.test.js:449:5)\n\n  ● 🛡️ Comprehensive Backend API & RBAC Verification › 🏠 Module: House Details\n\n    expect(received).toBe(expected) // Object.is equality\n\n    Expected: 200\n    Received: 403\n\n      471 |       .set('Authorization', `Bearer ${tokens.viewer}`);\n      472 |     logResult(detailsEp, dRes.status === 200 ? 'PASS' : 'FAIL', dRes);\n    > 473 |     expect(dRes.status).toBe(200);\n          |                         ^\n      474 |\n      475 |     const updateEp = `PUT /households/{id}/details`;\n      476 |     testedEndpoints.add(updateEp);\n\n      at Object.toBe (tests/security/api_coverage_and_rbac.test.js:473:25)\n\n  ● 🛡️ Comprehensive Backend API & RBAC Verification › 🏦 Module: Finance (Extended)\n\n    expect(received).toBeLessThan(expected)\n\n    Expected: < 300\n    Received:   403\n\n      189 |     // Note: We don't fail if NOT in swagger, we just mark as GAP later, but we expect it to be there for coverage\n      190 |     logResult(endpoints.create, cRes.status < 300 ? 'PASS' : 'FAIL', cRes);\n    > 191 |     expect(cRes.status).toBeLessThan(300);\n          |                         ^\n      192 |     const itemId = cRes.body.id;\n      193 |\n      194 |     // 2. LIST\n\n      at toBeLessThan (tests/security/api_coverage_and_rbac.test.js:191:25)\n      at Object.<anonymous> (tests/security/api_coverage_and_rbac.test.js:494:5)\n"
    },
    {
      "leaks": false,
      "numFailingTests": 2,
      "numPassingTests": 0,
      "numPendingTests": 0,
      "numTodoTests": 0,
      "openHandles": [],
      "perfStats": {
        "end": 1771924773120,
        "runtime": 1222,
        "slow": false,
        "start": 1771924771898
      },
      "skipped": false,
      "snapshot": {
        "added": 0,
        "fileDeleted": false,
        "matched": 0,
        "unchecked": 0,
        "uncheckedKeys": [],
        "unmatched": 0,
        "updated": 0
      },
      "testFilePath": "/home/matt/household-project/server/tests/security/destroy_tenant.test.js",
      "testResults": [
        {
          "ancestorTitles": [
            "💣 Tenant Destruction & Cleanup"
          ],
          "duration": 190,
          "failureDetails": [
            {
              "matcherResult": {
                "actual": false,
                "expected": true,
                "message": "expect(received).toBe(expected) // Object.is equality\n\nExpected: true\nReceived: false",
                "name": "toBe",
                "pass": false
              }
            }
          ],
          "failureMessages": [
            "Error: expect(received).toBe(expected) // Object.is equality\n\nExpected: true\nReceived: false\n    at Object.toBe (/home/matt/household-project/server/tests/security/destroy_tenant.test.js:80:35)\n    at processTicksAndRejections (node:internal/process/task_queues:95:5)"
          ],
          "fullName": "💣 Tenant Destruction & Cleanup 🧨 Destroy Tenant: Regular Admin should remove all traces",
          "invocations": 1,
          "location": null,
          "numPassingAsserts": 0,
          "retryReasons": [],
          "status": "failed",
          "title": "🧨 Destroy Tenant: Regular Admin should remove all traces"
        },
        {
          "ancestorTitles": [
            "💣 Tenant Destruction & Cleanup"
          ],
          "duration": 94,
          "failureDetails": [
            {}
          ],
          "failureMessages": [
            "TypeError: Cannot read properties of undefined (reading 'id')\n    at Object.id (/home/matt/household-project/server/tests/security/destroy_tenant.test.js:106:36)"
          ],
          "fullName": "💣 Tenant Destruction & Cleanup 👑 Destroy Tenant: System Admin should be able to destroy ANY household",
          "invocations": 1,
          "location": null,
          "numPassingAsserts": 0,
          "retryReasons": [],
          "status": "failed",
          "title": "👑 Destroy Tenant: System Admin should be able to destroy ANY household"
        }
      ],
      "failureMessage": "  ● 💣 Tenant Destruction & Cleanup › 🧨 Destroy Tenant: Regular Admin should remove all traces\n\n    expect(received).toBe(expected) // Object.is equality\n\n    Expected: true\n    Received: false\n\n      78 |     // Verify Tenant DB exists\n      79 |     const dbPath = path.join(DATA_DIR, `household_${hhId}.db`);\n    > 80 |     expect(fs.existsSync(dbPath)).toBe(true);\n         |                                   ^\n      81 |\n      82 |     // Execute Destruction\n      83 |     const delRes = await request(app)\n\n      at Object.toBe (tests/security/destroy_tenant.test.js:80:35)\n\n  ● 💣 Tenant Destruction & Cleanup › 👑 Destroy Tenant: System Admin should be able to destroy ANY household\n\n    TypeError: Cannot read properties of undefined (reading 'id')\n\n      104 |       \"SELECT id FROM households WHERE name = 'Target HH' ORDER BY created_at DESC LIMIT 1\"\n      105 |     );\n    > 106 |     const targetHhId = targetHhRow.id;\n          |                                    ^\n      107 |\n      108 |     const targetDbPath = path.join(DATA_DIR, `household_${targetHhId}.db`);\n      109 |     expect(fs.existsSync(targetDbPath)).toBe(true);\n\n      at Object.id (tests/security/destroy_tenant.test.js:106:36)\n"
    },
    {
      "leaks": false,
      "numFailingTests": 2,
      "numPassingTests": 1,
      "numPendingTests": 0,
      "numTodoTests": 0,
      "openHandles": [],
      "perfStats": {
        "end": 1771924774041,
        "runtime": 915,
        "slow": false,
        "start": 1771924773126
      },
      "skipped": false,
      "snapshot": {
        "added": 0,
        "fileDeleted": false,
        "matched": 0,
        "unchecked": 0,
        "uncheckedKeys": [],
        "unmatched": 0,
        "updated": 0
      },
      "testFilePath": "/home/matt/household-project/server/tests/security/export_tenant.test.js",
      "testResults": [
        {
          "ancestorTitles": [
            "🛡️ Tenant Export Verification"
          ],
          "duration": 21,
          "failureDetails": [
            {
              "matcherResult": {
                "actual": 403,
                "expected": 200,
                "message": "expect(received).toBe(expected) // Object.is equality\n\nExpected: 200\nReceived: 403",
                "name": "toBe",
                "pass": false
              }
            }
          ],
          "failureMessages": [
            "Error: expect(received).toBe(expected) // Object.is equality\n\nExpected: 200\nReceived: 403\n    at Object.toBe (/home/matt/household-project/server/tests/security/export_tenant.test.js:44:24)\n    at processTicksAndRejections (node:internal/process/task_queues:95:5)"
          ],
          "fullName": "🛡️ Tenant Export Verification GET /api/admin/households/:id/export should return a backup filename (System Admin)",
          "invocations": 1,
          "location": null,
          "numPassingAsserts": 0,
          "retryReasons": [],
          "status": "failed",
          "title": "GET /api/admin/households/:id/export should return a backup filename (System Admin)"
        },
        {
          "ancestorTitles": [
            "🛡️ Tenant Export Verification"
          ],
          "duration": 214,
          "failureDetails": [],
          "failureMessages": [],
          "fullName": "🛡️ Tenant Export Verification Non-system-admin should not be able to export (even if household admin)",
          "invocations": 1,
          "location": null,
          "numPassingAsserts": 1,
          "retryReasons": [],
          "status": "passed",
          "title": "Non-system-admin should not be able to export (even if household admin)"
        },
        {
          "ancestorTitles": [
            "🛡️ Tenant Export Verification"
          ],
          "duration": 20,
          "failureDetails": [
            {
              "code": "ERR_INVALID_ARG_TYPE"
            }
          ],
          "failureMessages": [
            "TypeError: The \"path\" argument must be of type string. Received undefined\n    at Object.join (node:path:1269:7)\n    at Object.join (/home/matt/household-project/server/tests/security/export_tenant.test.js:81:27)\n    at processTicksAndRejections (node:internal/process/task_queues:95:5)"
          ],
          "fullName": "🛡️ Tenant Export Verification Export should contain manifest.json in the zip",
          "invocations": 1,
          "location": null,
          "numPassingAsserts": 0,
          "retryReasons": [],
          "status": "failed",
          "title": "Export should contain manifest.json in the zip"
        }
      ],
      "failureMessage": "  ● 🛡️ Tenant Export Verification › GET /api/admin/households/:id/export should return a backup filename (System Admin)\n\n    expect(received).toBe(expected) // Object.is equality\n\n    Expected: 200\n    Received: 403\n\n      42 |       .set('Authorization', `Bearer ${adminToken}`);\n      43 |\n    > 44 |     expect(res.status).toBe(200);\n         |                        ^\n      45 |     expect(res.body.message).toBe('Export ready');\n      46 |     expect(res.body.filename).toBeDefined();\n      47 |     expect(res.body.filename).toContain(`household-${householdId}`);\n\n      at Object.toBe (tests/security/export_tenant.test.js:44:24)\n\n  ● 🛡️ Tenant Export Verification › Export should contain manifest.json in the zip\n\n    TypeError: The \"path\" argument must be of type string. Received undefined\n\n      79 |     const admZip = require('adm-zip');\n      80 |     const backupDir = path.join(__dirname, '../../backups');\n    > 81 |     const filePath = path.join(backupDir, filename);\n         |                           ^\n      82 |\n      83 |     expect(fs.existsSync(filePath)).toBe(true);\n      84 |     const zip = new admZip(filePath);\n\n      at Object.join (tests/security/export_tenant.test.js:81:27)\n"
    },
    {
      "leaks": false,
      "numFailingTests": 0,
      "numPassingTests": 1,
      "numPendingTests": 0,
      "numTodoTests": 0,
      "openHandles": [],
      "perfStats": {
        "end": 1771924785377,
        "runtime": 11323,
        "slow": true,
        "start": 1771924774054
      },
      "skipped": false,
      "snapshot": {
        "added": 0,
        "fileDeleted": false,
        "matched": 0,
        "unchecked": 0,
        "uncheckedKeys": [],
        "unmatched": 0,
        "updated": 0
      },
      "testFilePath": "/home/matt/household-project/server/tests/brady_seed.test.js",
      "testResults": [
        {
          "ancestorTitles": [
            "👪 Master Seed: The Brady Bunch"
          ],
          "duration": 10888,
          "failureDetails": [],
          "failureMessages": [],
          "fullName": "👪 Master Seed: The Brady Bunch Should successfully seed the entire Brady Bunch household via API",
          "invocations": 1,
          "location": null,
          "numPassingAsserts": 14,
          "retryReasons": [],
          "status": "passed",
          "title": "Should successfully seed the entire Brady Bunch household via API"
        }
      ],
      "failureMessage": null
    },
    {
      "leaks": false,
      "numFailingTests": 0,
      "numPassingTests": 4,
      "numPendingTests": 0,
      "numTodoTests": 0,
      "openHandles": [],
      "perfStats": {
        "end": 1771924789856,
        "runtime": 4463,
        "slow": false,
        "start": 1771924785393
      },
      "skipped": false,
      "snapshot": {
        "added": 0,
        "fileDeleted": false,
        "matched": 0,
        "unchecked": 0,
        "uncheckedKeys": [],
        "unmatched": 0,
        "updated": 0
      },
      "testFilePath": "/home/matt/household-project/server/tests/security/advanced_integrity.test.js",
      "testResults": [
        {
          "ancestorTitles": [
            "🛡️ Advanced System Integrity & Security"
          ],
          "duration": 3534,
          "failureDetails": [],
          "failureMessages": [],
          "fullName": "🛡️ Advanced System Integrity & Security 📅 Friday Rule: Creation with valid payload",
          "invocations": 1,
          "location": null,
          "numPassingAsserts": 1,
          "retryReasons": [],
          "status": "passed",
          "title": "📅 Friday Rule: Creation with valid payload"
        },
        {
          "ancestorTitles": [
            "🛡️ Advanced System Integrity & Security"
          ],
          "duration": 126,
          "failureDetails": [],
          "failureMessages": [],
          "fullName": "🛡️ Advanced System Integrity & Security ♻️ Idempotency: Duplicate creation check",
          "invocations": 1,
          "location": null,
          "numPassingAsserts": 2,
          "retryReasons": [],
          "status": "passed",
          "title": "♻️ Idempotency: Duplicate creation check"
        },
        {
          "ancestorTitles": [
            "🛡️ Advanced System Integrity & Security"
          ],
          "duration": 21,
          "failureDetails": [],
          "failureMessages": [],
          "fullName": "🛡️ Advanced System Integrity & Security 🛑 Security: Path Traversal prevention",
          "invocations": 1,
          "location": null,
          "numPassingAsserts": 3,
          "retryReasons": [],
          "status": "passed",
          "title": "🛑 Security: Path Traversal prevention"
        },
        {
          "ancestorTitles": [
            "🛡️ Advanced System Integrity & Security"
          ],
          "duration": 25,
          "failureDetails": [],
          "failureMessages": [],
          "fullName": "🛡️ Advanced System Integrity & Security 💾 Integrity: Backup Trigger",
          "invocations": 1,
          "location": null,
          "numPassingAsserts": 2,
          "retryReasons": [],
          "status": "passed",
          "title": "💾 Integrity: Backup Trigger"
        }
      ],
      "failureMessage": null
    },
    {
      "leaks": false,
      "numFailingTests": 0,
      "numPassingTests": 3,
      "numPendingTests": 0,
      "numTodoTests": 0,
      "openHandles": [],
      "perfStats": {
        "end": 1771924794786,
        "runtime": 4922,
        "slow": false,
        "start": 1771924789864
      },
      "skipped": false,
      "snapshot": {
        "added": 0,
        "fileDeleted": false,
        "matched": 0,
        "unchecked": 0,
        "uncheckedKeys": [],
        "unmatched": 0,
        "updated": 0
      },
      "testFilePath": "/home/matt/household-project/server/tests/finance_routing.test.js",
      "testResults": [
        {
          "ancestorTitles": [
            "💰 Finance Routing Verification"
          ],
          "duration": 4051,
          "failureDetails": [],
          "failureMessages": [],
          "fullName": "💰 Finance Routing Verification GET /api/households/:id/finance/savings/pots should not return 404",
          "invocations": 1,
          "location": null,
          "numPassingAsserts": 2,
          "retryReasons": [],
          "status": "passed",
          "title": "GET /api/households/:id/finance/savings/pots should not return 404"
        },
        {
          "ancestorTitles": [
            "💰 Finance Routing Verification"
          ],
          "duration": 228,
          "failureDetails": [],
          "failureMessages": [],
          "fullName": "💰 Finance Routing Verification GET /api/households/:id/finance/savings/:itemId should still work for valid items",
          "invocations": 1,
          "location": null,
          "numPassingAsserts": 3,
          "retryReasons": [],
          "status": "passed",
          "title": "GET /api/households/:id/finance/savings/:itemId should still work for valid items"
        },
        {
          "ancestorTitles": [
            "💰 Finance Routing Verification"
          ],
          "duration": 63,
          "failureDetails": [],
          "failureMessages": [],
          "fullName": "💰 Finance Routing Verification GET /api/households/:id/finance/savings/999999 should return 404",
          "invocations": 1,
          "location": null,
          "numPassingAsserts": 1,
          "retryReasons": [],
          "status": "passed",
          "title": "GET /api/households/:id/finance/savings/999999 should return 404"
        }
      ],
      "failureMessage": null
    },
    {
      "leaks": false,
      "numFailingTests": 0,
      "numPassingTests": 2,
      "numPendingTests": 0,
      "numTodoTests": 0,
      "openHandles": [],
      "perfStats": {
        "end": 1771924799361,
        "runtime": 4567,
        "slow": false,
        "start": 1771924794794
      },
      "skipped": false,
      "snapshot": {
        "added": 0,
        "fileDeleted": false,
        "matched": 0,
        "unchecked": 0,
        "uncheckedKeys": [],
        "unmatched": 0,
        "updated": 0
      },
      "testFilePath": "/home/matt/household-project/server/tests/security/audit_logging.test.js",
      "testResults": [
        {
          "ancestorTitles": [
            "Immutable Audit Logging"
          ],
          "duration": 3896,
          "failureDetails": [],
          "failureMessages": [],
          "fullName": "Immutable Audit Logging should log a MEMBER_CREATE action",
          "invocations": 1,
          "location": null,
          "numPassingAsserts": 4,
          "retryReasons": [],
          "status": "passed",
          "title": "should log a MEMBER_CREATE action"
        },
        {
          "ancestorTitles": [
            "Immutable Audit Logging"
          ],
          "duration": 75,
          "failureDetails": [],
          "failureMessages": [],
          "fullName": "Immutable Audit Logging should log a MEMBER_UPDATE action",
          "invocations": 1,
          "location": null,
          "numPassingAsserts": 3,
          "retryReasons": [],
          "status": "passed",
          "title": "should log a MEMBER_UPDATE action"
        }
      ],
      "failureMessage": null
    },
    {
      "leaks": false,
      "numFailingTests": 0,
      "numPassingTests": 6,
      "numPendingTests": 0,
      "numTodoTests": 0,
      "openHandles": [],
      "perfStats": {
        "end": 1771924805008,
        "runtime": 5641,
        "slow": true,
        "start": 1771924799367
      },
      "skipped": false,
      "snapshot": {
        "added": 0,
        "fileDeleted": false,
        "matched": 0,
        "unchecked": 0,
        "uncheckedKeys": [],
        "unmatched": 0,
        "updated": 0
      },
      "testFilePath": "/home/matt/household-project/server/tests/shopping.spec.js",
      "testResults": [
        {
          "ancestorTitles": [
            "Shopping List API"
          ],
          "duration": 3824,
          "failureDetails": [],
          "failureMessages": [],
          "fullName": "Shopping List API should add a shopping item",
          "invocations": 1,
          "location": null,
          "numPassingAsserts": 3,
          "retryReasons": [],
          "status": "passed",
          "title": "should add a shopping item"
        },
        {
          "ancestorTitles": [
            "Shopping List API"
          ],
          "duration": 127,
          "failureDetails": [],
          "failureMessages": [],
          "fullName": "Shopping List API should list shopping items and calculate budget",
          "invocations": 1,
          "location": null,
          "numPassingAsserts": 3,
          "retryReasons": [],
          "status": "passed",
          "title": "should list shopping items and calculate budget"
        },
        {
          "ancestorTitles": [
            "Shopping List API"
          ],
          "duration": 128,
          "failureDetails": [],
          "failureMessages": [],
          "fullName": "Shopping List API should update an item",
          "invocations": 1,
          "location": null,
          "numPassingAsserts": 3,
          "retryReasons": [],
          "status": "passed",
          "title": "should update an item"
        },
        {
          "ancestorTitles": [
            "Shopping List API"
          ],
          "duration": 147,
          "failureDetails": [],
          "failureMessages": [],
          "fullName": "Shopping List API should delete an item",
          "invocations": 1,
          "location": null,
          "numPassingAsserts": 1,
          "retryReasons": [],
          "status": "passed",
          "title": "should delete an item"
        },
        {
          "ancestorTitles": [
            "Shopping List API"
          ],
          "duration": 349,
          "failureDetails": [],
          "failureMessages": [],
          "fullName": "Shopping List API should NOT see items from another household (Tenancy Rule)",
          "invocations": 1,
          "location": null,
          "numPassingAsserts": 2,
          "retryReasons": [],
          "status": "passed",
          "title": "should NOT see items from another household (Tenancy Rule)"
        },
        {
          "ancestorTitles": [
            "Shopping List API"
          ],
          "duration": 300,
          "failureDetails": [],
          "failureMessages": [],
          "fullName": "Shopping List API should clear checked items",
          "invocations": 1,
          "location": null,
          "numPassingAsserts": 2,
          "retryReasons": [],
          "status": "passed",
          "title": "should clear checked items"
        }
      ],
      "failureMessage": null
    },
    {
      "leaks": false,
      "numFailingTests": 0,
      "numPassingTests": 2,
      "numPendingTests": 0,
      "numTodoTests": 0,
      "openHandles": [],
      "perfStats": {
        "end": 1771924809754,
        "runtime": 4738,
        "slow": false,
        "start": 1771924805016
      },
      "skipped": false,
      "snapshot": {
        "added": 0,
        "fileDeleted": false,
        "matched": 0,
        "unchecked": 0,
        "uncheckedKeys": [],
        "unmatched": 0,
        "updated": 0
      },
      "testFilePath": "/home/matt/household-project/server/tests/export_json.spec.js",
      "testResults": [
        {
          "ancestorTitles": [
            "🚀 JSON Tenant Export Verification"
          ],
          "duration": 36,
          "failureDetails": [],
          "failureMessages": [],
          "fullName": "🚀 JSON Tenant Export Verification GET /api/export/:id should return a full JSON package",
          "invocations": 1,
          "location": null,
          "numPassingAsserts": 10,
          "retryReasons": [],
          "status": "passed",
          "title": "GET /api/export/:id should return a full JSON package"
        },
        {
          "ancestorTitles": [
            "🚀 JSON Tenant Export Verification"
          ],
          "duration": 107,
          "failureDetails": [],
          "failureMessages": [],
          "fullName": "🚀 JSON Tenant Export Verification Unauthorized user should not be able to export",
          "invocations": 1,
          "location": null,
          "numPassingAsserts": 1,
          "retryReasons": [],
          "status": "passed",
          "title": "Unauthorized user should not be able to export"
        }
      ],
      "failureMessage": null
    },
    {
      "leaks": false,
      "numFailingTests": 0,
      "numPassingTests": 1,
      "numPendingTests": 0,
      "numTodoTests": 0,
      "openHandles": [],
      "perfStats": {
        "end": 1771924811848,
        "runtime": 2083,
        "slow": false,
        "start": 1771924809765
      },
      "skipped": false,
      "snapshot": {
        "added": 0,
        "fileDeleted": false,
        "matched": 0,
        "unchecked": 0,
        "uncheckedKeys": [],
        "unmatched": 0,
        "updated": 0
      },
      "testFilePath": "/home/matt/household-project/server/tests/performance/concurrency.test.js",
      "testResults": [
        {
          "ancestorTitles": [
            "⚡ SQLite Concurrency Stress"
          ],
          "duration": 1087,
          "failureDetails": [],
          "failureMessages": [],
          "fullName": "⚡ SQLite Concurrency Stress 🧬 WAL Mode Concurrency (20 Parallel Writes)",
          "invocations": 1,
          "location": null,
          "numPassingAsserts": 1,
          "retryReasons": [],
          "status": "passed",
          "title": "🧬 WAL Mode Concurrency (20 Parallel Writes)"
        }
      ],
      "failureMessage": null
    },
    {
      "leaks": false,
      "numFailingTests": 0,
      "numPassingTests": 5,
      "numPendingTests": 0,
      "numTodoTests": 0,
      "openHandles": [],
      "perfStats": {
        "end": 1771924812798,
        "runtime": 944,
        "slow": false,
        "start": 1771924811854
      },
      "skipped": false,
      "snapshot": {
        "added": 0,
        "fileDeleted": false,
        "matched": 0,
        "unchecked": 0,
        "uncheckedKeys": [],
        "unmatched": 0,
        "updated": 0
      },
      "testFilePath": "/home/matt/household-project/server/tests/performance/load.test.js",
      "testResults": [
        {
          "ancestorTitles": [
            "Performance & Speed Tests"
          ],
          "duration": 63,
          "failureDetails": [],
          "failureMessages": [],
          "fullName": "Performance & Speed Tests should measure login speed (Heavy Bcrypt)",
          "invocations": 1,
          "location": null,
          "numPassingAsserts": 1,
          "retryReasons": [],
          "status": "passed",
          "title": "should measure login speed (Heavy Bcrypt)"
        },
        {
          "ancestorTitles": [
            "Performance & Speed Tests"
          ],
          "duration": 88,
          "failureDetails": [],
          "failureMessages": [],
          "fullName": "Performance & Speed Tests should measure GET assets speed (Plain Read)",
          "invocations": 1,
          "location": null,
          "numPassingAsserts": 1,
          "retryReasons": [],
          "status": "passed",
          "title": "should measure GET assets speed (Plain Read)"
        },
        {
          "ancestorTitles": [
            "Performance & Speed Tests"
          ],
          "duration": 81,
          "failureDetails": [],
          "failureMessages": [],
          "fullName": "Performance & Speed Tests should measure GET finance savings speed (Decryption Overhead)",
          "invocations": 1,
          "location": null,
          "numPassingAsserts": 1,
          "retryReasons": [],
          "status": "passed",
          "title": "should measure GET finance savings speed (Decryption Overhead)"
        },
        {
          "ancestorTitles": [
            "Performance & Speed Tests"
          ],
          "duration": 30,
          "failureDetails": [],
          "failureMessages": [],
          "fullName": "Performance & Speed Tests should measure POST asset speed (Plain Write)",
          "invocations": 1,
          "location": null,
          "numPassingAsserts": 1,
          "retryReasons": [],
          "status": "passed",
          "title": "should measure POST asset speed (Plain Write)"
        },
        {
          "ancestorTitles": [
            "Performance & Speed Tests"
          ],
          "duration": 290,
          "failureDetails": [],
          "failureMessages": [],
          "fullName": "Performance & Speed Tests should handle \"Load\" (Concurrent requests)",
          "invocations": 1,
          "location": null,
          "numPassingAsserts": 1,
          "retryReasons": [],
          "status": "passed",
          "title": "should handle \"Load\" (Concurrent requests)"
        }
      ],
      "failureMessage": null
    },
    {
      "leaks": false,
      "numFailingTests": 0,
      "numPassingTests": 1,
      "numPendingTests": 0,
      "numTodoTests": 0,
      "openHandles": [],
      "perfStats": {
        "end": 1771924813439,
        "runtime": 632,
        "slow": false,
        "start": 1771924812807
      },
      "skipped": false,
      "snapshot": {
        "added": 0,
        "fileDeleted": false,
        "matched": 0,
        "unchecked": 0,
        "uncheckedKeys": [],
        "unmatched": 0,
        "updated": 0
      },
      "testFilePath": "/home/matt/household-project/server/tests/routes/export.spec.js",
      "testResults": [
        {
          "ancestorTitles": [
            "Export Route"
          ],
          "duration": 32,
          "failureDetails": [],
          "failureMessages": [],
          "fullName": "Export Route should export household data as JSON",
          "invocations": 1,
          "location": null,
          "numPassingAsserts": 5,
          "retryReasons": [],
          "status": "passed",
          "title": "should export household data as JSON"
        }
      ],
      "failureMessage": null
    },
    {
      "leaks": false,
      "numFailingTests": 0,
      "numPassingTests": 3,
      "numPendingTests": 0,
      "numTodoTests": 0,
      "openHandles": [],
      "perfStats": {
        "end": 1771924814155,
        "runtime": 710,
        "slow": false,
        "start": 1771924813445
      },
      "skipped": false,
      "snapshot": {
        "added": 0,
        "fileDeleted": false,
        "matched": 0,
        "unchecked": 0,
        "uncheckedKeys": [],
        "unmatched": 0,
        "updated": 0
      },
      "testFilePath": "/home/matt/household-project/server/tests/profile.spec.js",
      "testResults": [
        {
          "ancestorTitles": [
            "Profile API"
          ],
          "duration": 15,
          "failureDetails": [],
          "failureMessages": [],
          "fullName": "Profile API should retrieve the user profile with custom_theme",
          "invocations": 1,
          "location": null,
          "numPassingAsserts": 4,
          "retryReasons": [],
          "status": "passed",
          "title": "should retrieve the user profile with custom_theme"
        },
        {
          "ancestorTitles": [
            "Profile API"
          ],
          "duration": 66,
          "failureDetails": [],
          "failureMessages": [],
          "fullName": "Profile API should update the user theme",
          "invocations": 1,
          "location": null,
          "numPassingAsserts": 2,
          "retryReasons": [],
          "status": "passed",
          "title": "should update the user theme"
        },
        {
          "ancestorTitles": [
            "Profile API"
          ],
          "duration": 53,
          "failureDetails": [],
          "failureMessages": [],
          "fullName": "Profile API should update the custom_theme",
          "invocations": 1,
          "location": null,
          "numPassingAsserts": 2,
          "retryReasons": [],
          "status": "passed",
          "title": "should update the custom_theme"
        }
      ],
      "failureMessage": null
    },
    {
      "leaks": false,
      "numFailingTests": 0,
      "numPassingTests": 2,
      "numPendingTests": 0,
      "numTodoTests": 0,
      "openHandles": [],
      "perfStats": {
        "end": 1771924814807,
        "runtime": 645,
        "slow": false,
        "start": 1771924814162
      },
      "skipped": false,
      "snapshot": {
        "added": 0,
        "fileDeleted": false,
        "matched": 0,
        "unchecked": 0,
        "uncheckedKeys": [],
        "unmatched": 0,
        "updated": 0
      },
      "testFilePath": "/home/matt/household-project/server/tests/export.spec.js",
      "testResults": [
        {
          "ancestorTitles": [
            "GET /api/export/:household_id"
          ],
          "duration": 5,
          "failureDetails": [],
          "failureMessages": [],
          "fullName": "GET /api/export/:household_id should return 404 if household_id is missing (route not matched)",
          "invocations": 1,
          "location": null,
          "numPassingAsserts": 1,
          "retryReasons": [],
          "status": "passed",
          "title": "should return 404 if household_id is missing (route not matched)"
        },
        {
          "ancestorTitles": [
            "GET /api/export/:household_id"
          ],
          "duration": 28,
          "failureDetails": [],
          "failureMessages": [],
          "fullName": "GET /api/export/:household_id should return 200 and export data if household_id is valid",
          "invocations": 1,
          "location": null,
          "numPassingAsserts": 5,
          "retryReasons": [],
          "status": "passed",
          "title": "should return 200 and export data if household_id is valid"
        }
      ],
      "failureMessage": null
    },
    {
      "leaks": false,
      "numFailingTests": 0,
      "numPassingTests": 4,
      "numPendingTests": 0,
      "numTodoTests": 0,
      "openHandles": [],
      "perfStats": {
        "end": 1771924815561,
        "runtime": 749,
        "slow": false,
        "start": 1771924814812
      },
      "skipped": false,
      "snapshot": {
        "added": 0,
        "fileDeleted": false,
        "matched": 0,
        "unchecked": 0,
        "uncheckedKeys": [],
        "unmatched": 0,
        "updated": 0
      },
      "testFilePath": "/home/matt/household-project/server/tests/security/audit_poc.test.js",
      "testResults": [
        {
          "ancestorTitles": [
            "Security Audit Proof of Concept"
          ],
          "duration": 2,
          "failureDetails": [],
          "failureMessages": [],
          "fullName": "Security Audit Proof of Concept Vulnerability 1: Hardcoded SECRET_KEY",
          "invocations": 1,
          "location": null,
          "numPassingAsserts": 1,
          "retryReasons": [],
          "status": "passed",
          "title": "Vulnerability 1: Hardcoded SECRET_KEY"
        },
        {
          "ancestorTitles": [
            "Security Audit Proof of Concept"
          ],
          "duration": 50,
          "failureDetails": [],
          "failureMessages": [],
          "fullName": "Security Audit Proof of Concept Vulnerability 2: Path Traversal in Backup Download (FIXED)",
          "invocations": 1,
          "location": null,
          "numPassingAsserts": 1,
          "retryReasons": [],
          "status": "passed",
          "title": "Vulnerability 2: Path Traversal in Backup Download (FIXED)"
        },
        {
          "ancestorTitles": [
            "Security Audit Proof of Concept"
          ],
          "duration": 156,
          "failureDetails": [],
          "failureMessages": [],
          "fullName": "Security Audit Proof of Concept Vulnerability 3: Admin Escalation - Adding user to another household (FIXED)",
          "invocations": 1,
          "location": null,
          "numPassingAsserts": 1,
          "retryReasons": [],
          "status": "passed",
          "title": "Vulnerability 3: Admin Escalation - Adding user to another household (FIXED)"
        },
        {
          "ancestorTitles": [
            "Security Audit Proof of Concept"
          ],
          "duration": 15,
          "failureDetails": [],
          "failureMessages": [],
          "fullName": "Security Audit Proof of Concept Tenancy Verification: Viewer of HH 60 cannot access HH 3294",
          "invocations": 1,
          "location": null,
          "numPassingAsserts": 1,
          "retryReasons": [],
          "status": "passed",
          "title": "Tenancy Verification: Viewer of HH 60 cannot access HH 3294"
        }
      ],
      "failureMessage": null
    },
    {
      "leaks": false,
      "numFailingTests": 0,
      "numPassingTests": 2,
      "numPendingTests": 0,
      "numTodoTests": 0,
      "openHandles": [],
      "perfStats": {
        "end": 1771924816295,
        "runtime": 728,
        "slow": false,
        "start": 1771924815567
      },
      "skipped": false,
      "snapshot": {
        "added": 0,
        "fileDeleted": false,
        "matched": 0,
        "unchecked": 0,
        "uncheckedKeys": [],
        "unmatched": 0,
        "updated": 0
      },
      "testFilePath": "/home/matt/household-project/server/tests/services/storage.test.js",
      "testResults": [
        {
          "ancestorTitles": [
            "File Storage Service (Local Driver)"
          ],
          "duration": 3,
          "failureDetails": [],
          "failureMessages": [],
          "fullName": "File Storage Service (Local Driver) should upload a file to the local filesystem",
          "invocations": 1,
          "location": null,
          "numPassingAsserts": 3,
          "retryReasons": [],
          "status": "passed",
          "title": "should upload a file to the local filesystem"
        },
        {
          "ancestorTitles": [
            "File Storage Service (Local Driver)"
          ],
          "duration": 1,
          "failureDetails": [],
          "failureMessages": [],
          "fullName": "File Storage Service (Local Driver) should delete a file from the local filesystem",
          "invocations": 1,
          "location": null,
          "numPassingAsserts": 1,
          "retryReasons": [],
          "status": "passed",
          "title": "should delete a file from the local filesystem"
        }
      ],
      "failureMessage": null
    },
    {
      "leaks": false,
      "numFailingTests": 0,
      "numPassingTests": 2,
      "numPendingTests": 0,
      "numTodoTests": 0,
      "openHandles": [],
      "perfStats": {
        "end": 1771924816752,
        "runtime": 446,
        "slow": false,
        "start": 1771924816306
      },
      "skipped": false,
      "snapshot": {
        "added": 0,
        "fileDeleted": false,
        "matched": 0,
        "unchecked": 0,
        "uncheckedKeys": [],
        "unmatched": 0,
        "updated": 0
      },
      "testFilePath": "/home/matt/household-project/server/tests/services/queue.test.js",
      "testResults": [
        {
          "ancestorTitles": [
            "Background Job Queue (BullMQ)"
          ],
          "duration": 41,
          "failureDetails": [],
          "failureMessages": [],
          "fullName": "Background Job Queue (BullMQ) should add a job to the queue",
          "invocations": 1,
          "location": null,
          "numPassingAsserts": 3,
          "retryReasons": [],
          "status": "passed",
          "title": "should add a job to the queue"
        },
        {
          "ancestorTitles": [
            "Background Job Queue (BullMQ)"
          ],
          "duration": 5,
          "failureDetails": [],
          "failureMessages": [],
          "fullName": "Background Job Queue (BullMQ) should handle jobs without householdId with a warning",
          "invocations": 1,
          "location": null,
          "numPassingAsserts": 1,
          "retryReasons": [],
          "status": "passed",
          "title": "should handle jobs without householdId with a warning"
        }
      ],
      "failureMessage": null
    },
    {
      "leaks": false,
      "numFailingTests": 0,
      "numPassingTests": 2,
      "numPendingTests": 0,
      "numTodoTests": 0,
      "openHandles": [],
      "perfStats": {
        "end": 1771924817041,
        "runtime": 283,
        "slow": false,
        "start": 1771924816758
      },
      "skipped": false,
      "snapshot": {
        "added": 0,
        "fileDeleted": false,
        "matched": 0,
        "unchecked": 0,
        "uncheckedKeys": [],
        "unmatched": 0,
        "updated": 0
      },
      "testFilePath": "/home/matt/household-project/server/tests/security/rate_limiting.test.js",
      "testResults": [
        {
          "ancestorTitles": [
            "API Rate Limiting Middleware"
          ],
          "duration": 45,
          "failureDetails": [],
          "failureMessages": [],
          "fullName": "API Rate Limiting Middleware should block auth requests after too many attempts",
          "invocations": 1,
          "location": null,
          "numPassingAsserts": 1,
          "retryReasons": [],
          "status": "passed",
          "title": "should block auth requests after too many attempts"
        },
        {
          "ancestorTitles": [
            "API Rate Limiting Middleware"
          ],
          "duration": 26,
          "failureDetails": [],
          "failureMessages": [],
          "fullName": "API Rate Limiting Middleware should bypass limit when bypass header is present",
          "invocations": 1,
          "location": null,
          "numPassingAsserts": 1,
          "retryReasons": [],
          "status": "passed",
          "title": "should bypass limit when bypass header is present"
        }
      ],
      "failureMessage": null
    },
    {
      "leaks": false,
      "numFailingTests": 0,
      "numPassingTests": 3,
      "numPendingTests": 0,
      "numTodoTests": 0,
      "openHandles": [],
      "perfStats": {
        "end": 1771924817174,
        "runtime": 128,
        "slow": false,
        "start": 1771924817046
      },
      "skipped": false,
      "snapshot": {
        "added": 0,
        "fileDeleted": false,
        "matched": 0,
        "unchecked": 0,
        "uncheckedKeys": [],
        "unmatched": 0,
        "updated": 0
      },
      "testFilePath": "/home/matt/household-project/server/tests/performance/smoke.test.js",
      "testResults": [
        {
          "ancestorTitles": [
            "Frontend Build Smoke Test"
          ],
          "duration": 7,
          "failureDetails": [],
          "failureMessages": [],
          "fullName": "Frontend Build Smoke Test index.html should exist after build",
          "invocations": 1,
          "location": null,
          "numPassingAsserts": 1,
          "retryReasons": [],
          "status": "passed",
          "title": "index.html should exist after build"
        },
        {
          "ancestorTitles": [
            "Frontend Build Smoke Test"
          ],
          "duration": 1,
          "failureDetails": [],
          "failureMessages": [],
          "fullName": "Frontend Build Smoke Test index.html should contain root div",
          "invocations": 1,
          "location": null,
          "numPassingAsserts": 1,
          "retryReasons": [],
          "status": "passed",
          "title": "index.html should contain root div"
        },
        {
          "ancestorTitles": [
            "Frontend Build Smoke Test"
          ],
          "duration": 0,
          "failureDetails": [],
          "failureMessages": [],
          "fullName": "Frontend Build Smoke Test JS bundle should be referenced",
          "invocations": 1,
          "location": null,
          "numPassingAsserts": 1,
          "retryReasons": [],
          "status": "passed",
          "title": "JS bundle should be referenced"
        }
      ],
      "failureMessage": null
    }
  ],
  "wasInterrupted": false
}