{
  "numFailedTestSuites": 15,
  "numFailedTests": 49,
  "numPassedTestSuites": 4,
  "numPassedTests": 11,
  "numPendingTestSuites": 0,
  "numPendingTests": 0,
  "numRuntimeErrorTestSuites": 2,
  "numTodoTests": 0,
  "numTotalTestSuites": 19,
  "numTotalTests": 60,
  "openHandles": [],
  "snapshot": {
    "added": 0,
    "didUpdate": false,
    "failure": false,
    "filesAdded": 0,
    "filesRemoved": 0,
    "filesRemovedList": [],
    "filesUnmatched": 0,
    "filesUpdated": 0,
    "matched": 0,
    "total": 0,
    "unchecked": 0,
    "uncheckedKeysByFile": [],
    "unmatched": 0,
    "updated": 0
  },
  "startTime": 1771875455218,
  "success": false,
  "testResults": [
    {
      "leaks": false,
      "numFailingTests": 1,
      "numPassingTests": 0,
      "numPendingTests": 0,
      "numTodoTests": 0,
      "openHandles": [],
      "perfStats": {
        "end": 1771875457475,
        "runtime": 2169,
        "slow": false,
        "start": 1771875455306
      },
      "skipped": false,
      "snapshot": {
        "added": 0,
        "fileDeleted": false,
        "matched": 0,
        "unchecked": 0,
        "uncheckedKeys": [],
        "unmatched": 0,
        "updated": 0
      },
      "testFilePath": "/home/matt/household-project/server/tests/brady_seed.test.js",
      "testResults": [
        {
          "ancestorTitles": [
            "👪 Master Seed: The Brady Bunch"
          ],
          "duration": 145,
          "failureDetails": [
            {
              "matcherResult": {
                "actual": 500,
                "expected": 201,
                "message": "\u001b[2mexpect(\u001b[22m\u001b[31mreceived\u001b[39m\u001b[2m).\u001b[22mtoBe\u001b[2m(\u001b[22m\u001b[32mexpected\u001b[39m\u001b[2m) // Object.is equality\u001b[22m\n\nExpected: \u001b[32m201\u001b[39m\nReceived: \u001b[31m500\u001b[39m",
                "name": "toBe",
                "pass": false
              }
            }
          ],
          "failureMessages": [
            "Error: \u001b[2mexpect(\u001b[22m\u001b[31mreceived\u001b[39m\u001b[2m).\u001b[22mtoBe\u001b[2m(\u001b[22m\u001b[32mexpected\u001b[39m\u001b[2m) // Object.is equality\u001b[22m\n\nExpected: \u001b[32m201\u001b[39m\nReceived: \u001b[31m500\u001b[39m\n    at Object.toBe (/home/matt/household-project/server/tests/brady_seed.test.js:32:27)\n    at processTicksAndRejections (node:internal/process/task_queues:95:5)"
          ],
          "fullName": "👪 Master Seed: The Brady Bunch Should successfully seed the entire Brady Bunch household via API",
          "invocations": 1,
          "location": null,
          "numPassingAsserts": 0,
          "retryReasons": [],
          "status": "failed",
          "title": "Should successfully seed the entire Brady Bunch household via API"
        }
      ],
      "failureMessage": "\u001b[1m\u001b[31m  \u001b[1m● \u001b[22m\u001b[1m👪 Master Seed: The Brady Bunch › Should successfully seed the entire Brady Bunch household via API\u001b[39m\u001b[22m\n\n    \u001b[2mexpect(\u001b[22m\u001b[31mreceived\u001b[39m\u001b[2m).\u001b[22mtoBe\u001b[2m(\u001b[22m\u001b[32mexpected\u001b[39m\u001b[2m) // Object.is equality\u001b[22m\n\n    Expected: \u001b[32m201\u001b[39m\n    Received: \u001b[31m500\u001b[39m\n\u001b[2m\u001b[22m\n\u001b[2m    \u001b[0m \u001b[90m 30 |\u001b[39m       \u001b[33m.\u001b[39m\u001b[36mset\u001b[39m(\u001b[32m'x-bypass-maintenance'\u001b[39m\u001b[33m,\u001b[39m \u001b[32m'true'\u001b[39m)\u001b[22m\n\u001b[2m     \u001b[90m 31 |\u001b[39m       \u001b[33m.\u001b[39msend({ householdName\u001b[33m:\u001b[39m \u001b[33mHOUSEHOLD_NAME\u001b[39m\u001b[33m,\u001b[39m email\u001b[33m:\u001b[39m \u001b[33mADMIN_EMAIL\u001b[39m\u001b[33m,\u001b[39m password\u001b[33m:\u001b[39m \u001b[33mPASSWORD\u001b[39m\u001b[33m,\u001b[39m is_test\u001b[33m:\u001b[39m \u001b[35m1\u001b[39m })\u001b[33m;\u001b[39m\u001b[22m\n\u001b[2m    \u001b[31m\u001b[1m>\u001b[22m\u001b[2m\u001b[39m\u001b[90m 32 |\u001b[39m     expect(regRes\u001b[33m.\u001b[39mstatus)\u001b[33m.\u001b[39mtoBe(\u001b[35m201\u001b[39m)\u001b[33m;\u001b[39m\u001b[22m\n\u001b[2m     \u001b[90m    |\u001b[39m                           \u001b[31m\u001b[1m^\u001b[22m\u001b[2m\u001b[39m\u001b[22m\n\u001b[2m     \u001b[90m 33 |\u001b[39m\u001b[22m\n\u001b[2m     \u001b[90m 34 |\u001b[39m     \u001b[36mconst\u001b[39m loginRes \u001b[33m=\u001b[39m \u001b[36mawait\u001b[39m request(app)\u001b[22m\n\u001b[2m     \u001b[90m 35 |\u001b[39m       \u001b[33m.\u001b[39mpost(\u001b[32m'/api/auth/login'\u001b[39m)\u001b[0m\u001b[22m\n\u001b[2m\u001b[22m\n\u001b[2m      \u001b[2mat Object.toBe (\u001b[22m\u001b[2m\u001b[0m\u001b[36mtests/brady_seed.test.js\u001b[39m\u001b[0m\u001b[2m:32:27)\u001b[22m\u001b[2m\u001b[22m\n"
    },
    {
      "leaks": false,
      "numFailingTests": 2,
      "numPassingTests": 2,
      "numPendingTests": 0,
      "numTodoTests": 0,
      "openHandles": [],
      "perfStats": {
        "end": 1771875458052,
        "runtime": 546,
        "slow": false,
        "start": 1771875457506
      },
      "skipped": false,
      "snapshot": {
        "added": 0,
        "fileDeleted": false,
        "matched": 0,
        "unchecked": 0,
        "uncheckedKeys": [],
        "unmatched": 0,
        "updated": 0
      },
      "testFilePath": "/home/matt/household-project/server/tests/security/audit_poc.test.js",
      "testResults": [
        {
          "ancestorTitles": [
            "Security Audit Proof of Concept"
          ],
          "duration": 5,
          "failureDetails": [],
          "failureMessages": [],
          "fullName": "Security Audit Proof of Concept Vulnerability 1: Hardcoded SECRET_KEY",
          "invocations": 1,
          "location": null,
          "numPassingAsserts": 1,
          "retryReasons": [],
          "status": "passed",
          "title": "Vulnerability 1: Hardcoded SECRET_KEY"
        },
        {
          "ancestorTitles": [
            "Security Audit Proof of Concept"
          ],
          "duration": 42,
          "failureDetails": [],
          "failureMessages": [],
          "fullName": "Security Audit Proof of Concept Vulnerability 2: Path Traversal in Backup Download (FIXED)",
          "invocations": 1,
          "location": null,
          "numPassingAsserts": 1,
          "retryReasons": [],
          "status": "passed",
          "title": "Vulnerability 2: Path Traversal in Backup Download (FIXED)"
        },
        {
          "ancestorTitles": [
            "Security Audit Proof of Concept"
          ],
          "duration": 30,
          "failureDetails": [
            {
              "matcherResult": {
                "actual": 500,
                "expected": 403,
                "message": "\u001b[2mexpect(\u001b[22m\u001b[31mreceived\u001b[39m\u001b[2m).\u001b[22mtoBe\u001b[2m(\u001b[22m\u001b[32mexpected\u001b[39m\u001b[2m) // Object.is equality\u001b[22m\n\nExpected: \u001b[32m403\u001b[39m\nReceived: \u001b[31m500\u001b[39m",
                "name": "toBe",
                "pass": false
              }
            }
          ],
          "failureMessages": [
            "Error: \u001b[2mexpect(\u001b[22m\u001b[31mreceived\u001b[39m\u001b[2m).\u001b[22mtoBe\u001b[2m(\u001b[22m\u001b[32mexpected\u001b[39m\u001b[2m) // Object.is equality\u001b[22m\n\nExpected: \u001b[32m403\u001b[39m\nReceived: \u001b[31m500\u001b[39m\n    at Object.toBe (/home/matt/household-project/server/tests/security/audit_poc.test.js:75:24)\n    at processTicksAndRejections (node:internal/process/task_queues:95:5)"
          ],
          "fullName": "Security Audit Proof of Concept Vulnerability 3: Admin Escalation - Adding user to another household (FIXED)",
          "invocations": 1,
          "location": null,
          "numPassingAsserts": 0,
          "retryReasons": [],
          "status": "failed",
          "title": "Vulnerability 3: Admin Escalation - Adding user to another household (FIXED)"
        },
        {
          "ancestorTitles": [
            "Security Audit Proof of Concept"
          ],
          "duration": 12,
          "failureDetails": [
            {
              "matcherResult": {
                "actual": 500,
                "expected": 403,
                "message": "\u001b[2mexpect(\u001b[22m\u001b[31mreceived\u001b[39m\u001b[2m).\u001b[22mtoBe\u001b[2m(\u001b[22m\u001b[32mexpected\u001b[39m\u001b[2m) // Object.is equality\u001b[22m\n\nExpected: \u001b[32m403\u001b[39m\nReceived: \u001b[31m500\u001b[39m",
                "name": "toBe",
                "pass": false
              }
            }
          ],
          "failureMessages": [
            "Error: \u001b[2mexpect(\u001b[22m\u001b[31mreceived\u001b[39m\u001b[2m).\u001b[22mtoBe\u001b[2m(\u001b[22m\u001b[32mexpected\u001b[39m\u001b[2m) // Object.is equality\u001b[22m\n\nExpected: \u001b[32m403\u001b[39m\nReceived: \u001b[31m500\u001b[39m\n    at Object.toBe (/home/matt/household-project/server/tests/security/audit_poc.test.js:89:24)\n    at processTicksAndRejections (node:internal/process/task_queues:95:5)"
          ],
          "fullName": "Security Audit Proof of Concept Tenancy Verification: Viewer of HH 60 cannot access HH 3294",
          "invocations": 1,
          "location": null,
          "numPassingAsserts": 0,
          "retryReasons": [],
          "status": "failed",
          "title": "Tenancy Verification: Viewer of HH 60 cannot access HH 3294"
        }
      ],
      "failureMessage": "\u001b[1m\u001b[31m  \u001b[1m● \u001b[22m\u001b[1mSecurity Audit Proof of Concept › Vulnerability 3: Admin Escalation - Adding user to another household (FIXED)\u001b[39m\u001b[22m\n\n    \u001b[2mexpect(\u001b[22m\u001b[31mreceived\u001b[39m\u001b[2m).\u001b[22mtoBe\u001b[2m(\u001b[22m\u001b[32mexpected\u001b[39m\u001b[2m) // Object.is equality\u001b[22m\n\n    Expected: \u001b[32m403\u001b[39m\n    Received: \u001b[31m500\u001b[39m\n\u001b[2m\u001b[22m\n\u001b[2m    \u001b[0m \u001b[90m 73 |\u001b[39m       })\u001b[33m;\u001b[39m\u001b[22m\n\u001b[2m     \u001b[90m 74 |\u001b[39m\u001b[22m\n\u001b[2m    \u001b[31m\u001b[1m>\u001b[22m\u001b[2m\u001b[39m\u001b[90m 75 |\u001b[39m     expect(res\u001b[33m.\u001b[39mstatus)\u001b[33m.\u001b[39mtoBe(\u001b[35m403\u001b[39m)\u001b[33m;\u001b[39m\u001b[22m\n\u001b[2m     \u001b[90m    |\u001b[39m                        \u001b[31m\u001b[1m^\u001b[22m\u001b[2m\u001b[39m\u001b[22m\n\u001b[2m     \u001b[90m 76 |\u001b[39m   })\u001b[33m;\u001b[39m\u001b[22m\n\u001b[2m     \u001b[90m 77 |\u001b[39m\u001b[22m\n\u001b[2m     \u001b[90m 78 |\u001b[39m   it(\u001b[32m'Tenancy Verification: Viewer of HH 60 cannot access HH 3294'\u001b[39m\u001b[33m,\u001b[39m \u001b[36masync\u001b[39m () \u001b[33m=>\u001b[39m {\u001b[0m\u001b[22m\n\u001b[2m\u001b[22m\n\u001b[2m      \u001b[2mat Object.toBe (\u001b[22m\u001b[2m\u001b[0m\u001b[36mtests/security/audit_poc.test.js\u001b[39m\u001b[0m\u001b[2m:75:24)\u001b[22m\u001b[2m\u001b[22m\n\n\u001b[1m\u001b[31m  \u001b[1m● \u001b[22m\u001b[1mSecurity Audit Proof of Concept › Tenancy Verification: Viewer of HH 60 cannot access HH 3294\u001b[39m\u001b[22m\n\n    \u001b[2mexpect(\u001b[22m\u001b[31mreceived\u001b[39m\u001b[2m).\u001b[22mtoBe\u001b[2m(\u001b[22m\u001b[32mexpected\u001b[39m\u001b[2m) // Object.is equality\u001b[22m\n\n    Expected: \u001b[32m403\u001b[39m\n    Received: \u001b[31m500\u001b[39m\n\u001b[2m\u001b[22m\n\u001b[2m    \u001b[0m \u001b[90m 87 |\u001b[39m       \u001b[33m.\u001b[39m\u001b[36mset\u001b[39m(\u001b[32m'Authorization'\u001b[39m\u001b[33m,\u001b[39m \u001b[32m`Bearer ${token}`\u001b[39m)\u001b[33m;\u001b[39m\u001b[22m\n\u001b[2m     \u001b[90m 88 |\u001b[39m\u001b[22m\n\u001b[2m    \u001b[31m\u001b[1m>\u001b[22m\u001b[2m\u001b[39m\u001b[90m 89 |\u001b[39m     expect(res\u001b[33m.\u001b[39mstatus)\u001b[33m.\u001b[39mtoBe(\u001b[35m403\u001b[39m)\u001b[33m;\u001b[39m\u001b[22m\n\u001b[2m     \u001b[90m    |\u001b[39m                        \u001b[31m\u001b[1m^\u001b[22m\u001b[2m\u001b[39m\u001b[22m\n\u001b[2m     \u001b[90m 90 |\u001b[39m   })\u001b[33m;\u001b[39m\u001b[22m\n\u001b[2m     \u001b[90m 91 |\u001b[39m })\u001b[33m;\u001b[39m\u001b[22m\n\u001b[2m     \u001b[90m 92 |\u001b[39m\u001b[0m\u001b[22m\n\u001b[2m\u001b[22m\n\u001b[2m      \u001b[2mat Object.toBe (\u001b[22m\u001b[2m\u001b[0m\u001b[36mtests/security/audit_poc.test.js\u001b[39m\u001b[0m\u001b[2m:89:24)\u001b[22m\u001b[2m\u001b[22m\n"
    },
    {
      "leaks": false,
      "numFailingTests": 3,
      "numPassingTests": 0,
      "numPendingTests": 0,
      "numTodoTests": 0,
      "openHandles": [],
      "perfStats": {
        "end": 1771875458608,
        "runtime": 529,
        "slow": false,
        "start": 1771875458079
      },
      "skipped": false,
      "snapshot": {
        "added": 0,
        "fileDeleted": false,
        "matched": 0,
        "unchecked": 0,
        "uncheckedKeys": [],
        "unmatched": 0,
        "updated": 0
      },
      "testFilePath": "/home/matt/household-project/server/tests/profile.spec.js",
      "testResults": [
        {
          "ancestorTitles": [
            "Profile API"
          ],
          "duration": 31,
          "failureDetails": [
            {
              "matcherResult": {
                "actual": 500,
                "expected": 200,
                "message": "\u001b[2mexpect(\u001b[22m\u001b[31mreceived\u001b[39m\u001b[2m).\u001b[22mtoBe\u001b[2m(\u001b[22m\u001b[32mexpected\u001b[39m\u001b[2m) // Object.is equality\u001b[22m\n\nExpected: \u001b[32m200\u001b[39m\nReceived: \u001b[31m500\u001b[39m",
                "name": "toBe",
                "pass": false
              }
            }
          ],
          "failureMessages": [
            "Error: \u001b[2mexpect(\u001b[22m\u001b[31mreceived\u001b[39m\u001b[2m).\u001b[22mtoBe\u001b[2m(\u001b[22m\u001b[32mexpected\u001b[39m\u001b[2m) // Object.is equality\u001b[22m\n\nExpected: \u001b[32m200\u001b[39m\nReceived: \u001b[31m500\u001b[39m\n    at Object.toBe (/home/matt/household-project/server/tests/profile.spec.js:29:24)\n    at processTicksAndRejections (node:internal/process/task_queues:95:5)"
          ],
          "fullName": "Profile API should retrieve the user profile with custom_theme",
          "invocations": 1,
          "location": null,
          "numPassingAsserts": 0,
          "retryReasons": [],
          "status": "failed",
          "title": "should retrieve the user profile with custom_theme"
        },
        {
          "ancestorTitles": [
            "Profile API"
          ],
          "duration": 14,
          "failureDetails": [
            {
              "matcherResult": {
                "actual": 500,
                "expected": 200,
                "message": "\u001b[2mexpect(\u001b[22m\u001b[31mreceived\u001b[39m\u001b[2m).\u001b[22mtoBe\u001b[2m(\u001b[22m\u001b[32mexpected\u001b[39m\u001b[2m) // Object.is equality\u001b[22m\n\nExpected: \u001b[32m200\u001b[39m\nReceived: \u001b[31m500\u001b[39m",
                "name": "toBe",
                "pass": false
              }
            }
          ],
          "failureMessages": [
            "Error: \u001b[2mexpect(\u001b[22m\u001b[31mreceived\u001b[39m\u001b[2m).\u001b[22mtoBe\u001b[2m(\u001b[22m\u001b[32mexpected\u001b[39m\u001b[2m) // Object.is equality\u001b[22m\n\nExpected: \u001b[32m200\u001b[39m\nReceived: \u001b[31m500\u001b[39m\n    at Object.toBe (/home/matt/household-project/server/tests/profile.spec.js:41:24)\n    at processTicksAndRejections (node:internal/process/task_queues:95:5)"
          ],
          "fullName": "Profile API should update the user theme",
          "invocations": 1,
          "location": null,
          "numPassingAsserts": 0,
          "retryReasons": [],
          "status": "failed",
          "title": "should update the user theme"
        },
        {
          "ancestorTitles": [
            "Profile API"
          ],
          "duration": 10,
          "failureDetails": [
            {
              "matcherResult": {
                "actual": 500,
                "expected": 200,
                "message": "\u001b[2mexpect(\u001b[22m\u001b[31mreceived\u001b[39m\u001b[2m).\u001b[22mtoBe\u001b[2m(\u001b[22m\u001b[32mexpected\u001b[39m\u001b[2m) // Object.is equality\u001b[22m\n\nExpected: \u001b[32m200\u001b[39m\nReceived: \u001b[31m500\u001b[39m",
                "name": "toBe",
                "pass": false
              }
            }
          ],
          "failureMessages": [
            "Error: \u001b[2mexpect(\u001b[22m\u001b[31mreceived\u001b[39m\u001b[2m).\u001b[22mtoBe\u001b[2m(\u001b[22m\u001b[32mexpected\u001b[39m\u001b[2m) // Object.is equality\u001b[22m\n\nExpected: \u001b[32m200\u001b[39m\nReceived: \u001b[31m500\u001b[39m\n    at Object.toBe (/home/matt/household-project/server/tests/profile.spec.js:54:24)\n    at processTicksAndRejections (node:internal/process/task_queues:95:5)"
          ],
          "fullName": "Profile API should update the custom_theme",
          "invocations": 1,
          "location": null,
          "numPassingAsserts": 0,
          "retryReasons": [],
          "status": "failed",
          "title": "should update the custom_theme"
        }
      ],
      "failureMessage": "\u001b[1m\u001b[31m  \u001b[1m● \u001b[22m\u001b[1mProfile API › should retrieve the user profile with custom_theme\u001b[39m\u001b[22m\n\n    \u001b[2mexpect(\u001b[22m\u001b[31mreceived\u001b[39m\u001b[2m).\u001b[22mtoBe\u001b[2m(\u001b[22m\u001b[32mexpected\u001b[39m\u001b[2m) // Object.is equality\u001b[22m\n\n    Expected: \u001b[32m200\u001b[39m\n    Received: \u001b[31m500\u001b[39m\n\u001b[2m\u001b[22m\n\u001b[2m    \u001b[0m \u001b[90m 27 |\u001b[39m     \u001b[36mconst\u001b[39m res \u001b[33m=\u001b[39m \u001b[36mawait\u001b[39m request(app)\u001b[33m.\u001b[39m\u001b[36mget\u001b[39m(\u001b[32m'/api/auth/profile'\u001b[39m)\u001b[33m.\u001b[39m\u001b[36mset\u001b[39m(\u001b[32m'Authorization'\u001b[39m\u001b[33m,\u001b[39m \u001b[32m`Bearer ${token}`\u001b[39m)\u001b[33m;\u001b[39m\u001b[22m\n\u001b[2m     \u001b[90m 28 |\u001b[39m\u001b[22m\n\u001b[2m    \u001b[31m\u001b[1m>\u001b[22m\u001b[2m\u001b[39m\u001b[90m 29 |\u001b[39m     expect(res\u001b[33m.\u001b[39mstatus)\u001b[33m.\u001b[39mtoBe(\u001b[35m200\u001b[39m)\u001b[33m;\u001b[39m\u001b[22m\n\u001b[2m     \u001b[90m    |\u001b[39m                        \u001b[31m\u001b[1m^\u001b[22m\u001b[2m\u001b[39m\u001b[22m\n\u001b[2m     \u001b[90m 30 |\u001b[39m     expect(res\u001b[33m.\u001b[39mbody)\u001b[33m.\u001b[39mtoHaveProperty(\u001b[32m'id'\u001b[39m\u001b[33m,\u001b[39m userId)\u001b[33m;\u001b[39m\u001b[22m\n\u001b[2m     \u001b[90m 31 |\u001b[39m     expect(res\u001b[33m.\u001b[39mbody)\u001b[33m.\u001b[39mtoHaveProperty(\u001b[32m'theme'\u001b[39m)\u001b[33m;\u001b[39m\u001b[22m\n\u001b[2m     \u001b[90m 32 |\u001b[39m     expect(res\u001b[33m.\u001b[39mbody)\u001b[33m.\u001b[39mtoHaveProperty(\u001b[32m'custom_theme'\u001b[39m)\u001b[33m;\u001b[39m\u001b[0m\u001b[22m\n\u001b[2m\u001b[22m\n\u001b[2m      \u001b[2mat Object.toBe (\u001b[22m\u001b[2m\u001b[0m\u001b[36mtests/profile.spec.js\u001b[39m\u001b[0m\u001b[2m:29:24)\u001b[22m\u001b[2m\u001b[22m\n\n\u001b[1m\u001b[31m  \u001b[1m● \u001b[22m\u001b[1mProfile API › should update the user theme\u001b[39m\u001b[22m\n\n    \u001b[2mexpect(\u001b[22m\u001b[31mreceived\u001b[39m\u001b[2m).\u001b[22mtoBe\u001b[2m(\u001b[22m\u001b[32mexpected\u001b[39m\u001b[2m) // Object.is equality\u001b[22m\n\n    Expected: \u001b[32m200\u001b[39m\n    Received: \u001b[31m500\u001b[39m\n\u001b[2m\u001b[22m\n\u001b[2m    \u001b[0m \u001b[90m 39 |\u001b[39m       \u001b[33m.\u001b[39msend({ theme\u001b[33m:\u001b[39m \u001b[32m'midnight'\u001b[39m })\u001b[33m;\u001b[39m\u001b[22m\n\u001b[2m     \u001b[90m 40 |\u001b[39m\u001b[22m\n\u001b[2m    \u001b[31m\u001b[1m>\u001b[22m\u001b[2m\u001b[39m\u001b[90m 41 |\u001b[39m     expect(res\u001b[33m.\u001b[39mstatus)\u001b[33m.\u001b[39mtoBe(\u001b[35m200\u001b[39m)\u001b[33m;\u001b[39m\u001b[22m\n\u001b[2m     \u001b[90m    |\u001b[39m                        \u001b[31m\u001b[1m^\u001b[22m\u001b[2m\u001b[39m\u001b[22m\n\u001b[2m     \u001b[90m 42 |\u001b[39m\u001b[22m\n\u001b[2m     \u001b[90m 43 |\u001b[39m     \u001b[36mconst\u001b[39m user \u001b[33m=\u001b[39m \u001b[36mawait\u001b[39m dbGet(globalDb\u001b[33m,\u001b[39m \u001b[32m'SELECT theme FROM users WHERE id = ?'\u001b[39m\u001b[33m,\u001b[39m [userId])\u001b[33m;\u001b[39m\u001b[22m\n\u001b[2m     \u001b[90m 44 |\u001b[39m     expect(user\u001b[33m.\u001b[39mtheme)\u001b[33m.\u001b[39mtoBe(\u001b[32m'midnight'\u001b[39m)\u001b[33m;\u001b[39m\u001b[0m\u001b[22m\n\u001b[2m\u001b[22m\n\u001b[2m      \u001b[2mat Object.toBe (\u001b[22m\u001b[2m\u001b[0m\u001b[36mtests/profile.spec.js\u001b[39m\u001b[0m\u001b[2m:41:24)\u001b[22m\u001b[2m\u001b[22m\n\n\u001b[1m\u001b[31m  \u001b[1m● \u001b[22m\u001b[1mProfile API › should update the custom_theme\u001b[39m\u001b[22m\n\n    \u001b[2mexpect(\u001b[22m\u001b[31mreceived\u001b[39m\u001b[2m).\u001b[22mtoBe\u001b[2m(\u001b[22m\u001b[32mexpected\u001b[39m\u001b[2m) // Object.is equality\u001b[22m\n\n    Expected: \u001b[32m200\u001b[39m\n    Received: \u001b[31m500\u001b[39m\n\u001b[2m\u001b[22m\n\u001b[2m    \u001b[0m \u001b[90m 52 |\u001b[39m       \u001b[33m.\u001b[39msend({ custom_theme\u001b[33m:\u001b[39m customTheme })\u001b[33m;\u001b[39m\u001b[22m\n\u001b[2m     \u001b[90m 53 |\u001b[39m\u001b[22m\n\u001b[2m    \u001b[31m\u001b[1m>\u001b[22m\u001b[2m\u001b[39m\u001b[90m 54 |\u001b[39m     expect(res\u001b[33m.\u001b[39mstatus)\u001b[33m.\u001b[39mtoBe(\u001b[35m200\u001b[39m)\u001b[33m;\u001b[39m\u001b[22m\n\u001b[2m     \u001b[90m    |\u001b[39m                        \u001b[31m\u001b[1m^\u001b[22m\u001b[2m\u001b[39m\u001b[22m\n\u001b[2m     \u001b[90m 55 |\u001b[39m\u001b[22m\n\u001b[2m     \u001b[90m 56 |\u001b[39m     \u001b[36mconst\u001b[39m user \u001b[33m=\u001b[39m \u001b[36mawait\u001b[39m dbGet(globalDb\u001b[33m,\u001b[39m \u001b[32m'SELECT custom_theme FROM users WHERE id = ?'\u001b[39m\u001b[33m,\u001b[39m [userId])\u001b[33m;\u001b[39m\u001b[22m\n\u001b[2m     \u001b[90m 57 |\u001b[39m     expect(user\u001b[33m.\u001b[39mcustom_theme)\u001b[33m.\u001b[39mtoBe(customTheme)\u001b[33m;\u001b[39m\u001b[0m\u001b[22m\n\u001b[2m\u001b[22m\n\u001b[2m      \u001b[2mat Object.toBe (\u001b[22m\u001b[2m\u001b[0m\u001b[36mtests/profile.spec.js\u001b[39m\u001b[0m\u001b[2m:54:24)\u001b[22m\u001b[2m\u001b[22m\n"
    },
    {
      "leaks": false,
      "numFailingTests": 3,
      "numPassingTests": 0,
      "numPendingTests": 0,
      "numTodoTests": 0,
      "openHandles": [],
      "perfStats": {
        "end": 1771875459093,
        "runtime": 466,
        "slow": false,
        "start": 1771875458627
      },
      "skipped": false,
      "snapshot": {
        "added": 0,
        "fileDeleted": false,
        "matched": 0,
        "unchecked": 0,
        "uncheckedKeys": [],
        "unmatched": 0,
        "updated": 0
      },
      "testFilePath": "/home/matt/household-project/server/tests/security/export_tenant.test.js",
      "testResults": [
        {
          "ancestorTitles": [
            "🛡️ Tenant Export Verification"
          ],
          "duration": 1,
          "failureDetails": [
            {}
          ],
          "failureMessages": [
            "TypeError: Cannot read properties of undefined (reading 'id')\n    at Object.id (/home/matt/household-project/server/tests/security/export_tenant.test.js:32:43)\n    at processTicksAndRejections (node:internal/process/task_queues:95:5)"
          ],
          "fullName": "🛡️ Tenant Export Verification GET /api/admin/households/:id/export should return a backup filename (System Admin)",
          "invocations": 1,
          "location": null,
          "numPassingAsserts": 0,
          "retryReasons": [],
          "status": "failed",
          "title": "GET /api/admin/households/:id/export should return a backup filename (System Admin)"
        },
        {
          "ancestorTitles": [
            "🛡️ Tenant Export Verification"
          ],
          "duration": 0,
          "failureDetails": [
            {}
          ],
          "failureMessages": [
            "TypeError: Cannot read properties of undefined (reading 'id')\n    at Object.id (/home/matt/household-project/server/tests/security/export_tenant.test.js:32:43)\n    at processTicksAndRejections (node:internal/process/task_queues:95:5)"
          ],
          "fullName": "🛡️ Tenant Export Verification Non-system-admin should not be able to export (even if household admin)",
          "invocations": 1,
          "location": null,
          "numPassingAsserts": 0,
          "retryReasons": [],
          "status": "failed",
          "title": "Non-system-admin should not be able to export (even if household admin)"
        },
        {
          "ancestorTitles": [
            "🛡️ Tenant Export Verification"
          ],
          "duration": 0,
          "failureDetails": [
            {}
          ],
          "failureMessages": [
            "TypeError: Cannot read properties of undefined (reading 'id')\n    at Object.id (/home/matt/household-project/server/tests/security/export_tenant.test.js:32:43)\n    at processTicksAndRejections (node:internal/process/task_queues:95:5)"
          ],
          "fullName": "🛡️ Tenant Export Verification Export should contain manifest.json in the zip",
          "invocations": 1,
          "location": null,
          "numPassingAsserts": 0,
          "retryReasons": [],
          "status": "failed",
          "title": "Export should contain manifest.json in the zip"
        }
      ],
      "failureMessage": "\u001b[1m\u001b[31m  \u001b[1m● \u001b[22m\u001b[1m🛡️ Tenant Export Verification › GET /api/admin/households/:id/export should return a backup filename (System Admin)\u001b[39m\u001b[22m\n\n    TypeError: Cannot read properties of undefined (reading 'id')\n\u001b[2m\u001b[22m\n\u001b[2m    \u001b[0m \u001b[90m 30 |\u001b[39m     adminToken \u001b[33m=\u001b[39m loginRes\u001b[33m.\u001b[39mbody\u001b[33m.\u001b[39mtoken\u001b[33m;\u001b[39m\u001b[22m\n\u001b[2m     \u001b[90m 31 |\u001b[39m     adminUser \u001b[33m=\u001b[39m loginRes\u001b[33m.\u001b[39mbody\u001b[33m.\u001b[39muser\u001b[33m;\u001b[39m\u001b[22m\n\u001b[2m    \u001b[31m\u001b[1m>\u001b[22m\u001b[2m\u001b[39m\u001b[90m 32 |\u001b[39m     householdId \u001b[33m=\u001b[39m loginRes\u001b[33m.\u001b[39mbody\u001b[33m.\u001b[39mhousehold\u001b[33m.\u001b[39mid\u001b[33m;\u001b[39m\u001b[22m\n\u001b[2m     \u001b[90m    |\u001b[39m                                           \u001b[31m\u001b[1m^\u001b[22m\u001b[2m\u001b[39m\u001b[22m\n\u001b[2m     \u001b[90m 33 |\u001b[39m   })\u001b[33m;\u001b[39m\u001b[22m\n\u001b[2m     \u001b[90m 34 |\u001b[39m\u001b[22m\n\u001b[2m     \u001b[90m 35 |\u001b[39m   afterAll(\u001b[36masync\u001b[39m () \u001b[33m=>\u001b[39m {\u001b[0m\u001b[22m\n\u001b[2m\u001b[22m\n\u001b[2m      \u001b[2mat Object.id (\u001b[22m\u001b[2m\u001b[0m\u001b[36mtests/security/export_tenant.test.js\u001b[39m\u001b[0m\u001b[2m:32:43)\u001b[22m\u001b[2m\u001b[22m\n\n\u001b[1m\u001b[31m  \u001b[1m● \u001b[22m\u001b[1m🛡️ Tenant Export Verification › Non-system-admin should not be able to export (even if household admin)\u001b[39m\u001b[22m\n\n    TypeError: Cannot read properties of undefined (reading 'id')\n\u001b[2m\u001b[22m\n\u001b[2m    \u001b[0m \u001b[90m 30 |\u001b[39m     adminToken \u001b[33m=\u001b[39m loginRes\u001b[33m.\u001b[39mbody\u001b[33m.\u001b[39mtoken\u001b[33m;\u001b[39m\u001b[22m\n\u001b[2m     \u001b[90m 31 |\u001b[39m     adminUser \u001b[33m=\u001b[39m loginRes\u001b[33m.\u001b[39mbody\u001b[33m.\u001b[39muser\u001b[33m;\u001b[39m\u001b[22m\n\u001b[2m    \u001b[31m\u001b[1m>\u001b[22m\u001b[2m\u001b[39m\u001b[90m 32 |\u001b[39m     householdId \u001b[33m=\u001b[39m loginRes\u001b[33m.\u001b[39mbody\u001b[33m.\u001b[39mhousehold\u001b[33m.\u001b[39mid\u001b[33m;\u001b[39m\u001b[22m\n\u001b[2m     \u001b[90m    |\u001b[39m                                           \u001b[31m\u001b[1m^\u001b[22m\u001b[2m\u001b[39m\u001b[22m\n\u001b[2m     \u001b[90m 33 |\u001b[39m   })\u001b[33m;\u001b[39m\u001b[22m\n\u001b[2m     \u001b[90m 34 |\u001b[39m\u001b[22m\n\u001b[2m     \u001b[90m 35 |\u001b[39m   afterAll(\u001b[36masync\u001b[39m () \u001b[33m=>\u001b[39m {\u001b[0m\u001b[22m\n\u001b[2m\u001b[22m\n\u001b[2m      \u001b[2mat Object.id (\u001b[22m\u001b[2m\u001b[0m\u001b[36mtests/security/export_tenant.test.js\u001b[39m\u001b[0m\u001b[2m:32:43)\u001b[22m\u001b[2m\u001b[22m\n\n\u001b[1m\u001b[31m  \u001b[1m● \u001b[22m\u001b[1m🛡️ Tenant Export Verification › Export should contain manifest.json in the zip\u001b[39m\u001b[22m\n\n    TypeError: Cannot read properties of undefined (reading 'id')\n\u001b[2m\u001b[22m\n\u001b[2m    \u001b[0m \u001b[90m 30 |\u001b[39m     adminToken \u001b[33m=\u001b[39m loginRes\u001b[33m.\u001b[39mbody\u001b[33m.\u001b[39mtoken\u001b[33m;\u001b[39m\u001b[22m\n\u001b[2m     \u001b[90m 31 |\u001b[39m     adminUser \u001b[33m=\u001b[39m loginRes\u001b[33m.\u001b[39mbody\u001b[33m.\u001b[39muser\u001b[33m;\u001b[39m\u001b[22m\n\u001b[2m    \u001b[31m\u001b[1m>\u001b[22m\u001b[2m\u001b[39m\u001b[90m 32 |\u001b[39m     householdId \u001b[33m=\u001b[39m loginRes\u001b[33m.\u001b[39mbody\u001b[33m.\u001b[39mhousehold\u001b[33m.\u001b[39mid\u001b[33m;\u001b[39m\u001b[22m\n\u001b[2m     \u001b[90m    |\u001b[39m                                           \u001b[31m\u001b[1m^\u001b[22m\u001b[2m\u001b[39m\u001b[22m\n\u001b[2m     \u001b[90m 33 |\u001b[39m   })\u001b[33m;\u001b[39m\u001b[22m\n\u001b[2m     \u001b[90m 34 |\u001b[39m\u001b[22m\n\u001b[2m     \u001b[90m 35 |\u001b[39m   afterAll(\u001b[36masync\u001b[39m () \u001b[33m=>\u001b[39m {\u001b[0m\u001b[22m\n\u001b[2m\u001b[22m\n\u001b[2m      \u001b[2mat Object.id (\u001b[22m\u001b[2m\u001b[0m\u001b[36mtests/security/export_tenant.test.js\u001b[39m\u001b[0m\u001b[2m:32:43)\u001b[22m\u001b[2m\u001b[22m\n"
    },
    {
      "leaks": false,
      "numFailingTests": 2,
      "numPassingTests": 0,
      "numPendingTests": 0,
      "numTodoTests": 0,
      "openHandles": [],
      "perfStats": {
        "end": 1771875459554,
        "runtime": 452,
        "slow": false,
        "start": 1771875459102
      },
      "skipped": false,
      "snapshot": {
        "added": 0,
        "fileDeleted": false,
        "matched": 0,
        "unchecked": 0,
        "uncheckedKeys": [],
        "unmatched": 0,
        "updated": 0
      },
      "testFilePath": "/home/matt/household-project/server/tests/security/audit_logging.test.js",
      "testResults": [
        {
          "ancestorTitles": [
            "Immutable Audit Logging"
          ],
          "duration": 0,
          "failureDetails": [
            {}
          ],
          "failureMessages": [
            "TypeError: Cannot read properties of undefined (reading 'id')\n    at Object.id (/home/matt/household-project/server/tests/security/audit_logging.test.js:28:43)\n    at processTicksAndRejections (node:internal/process/task_queues:95:5)"
          ],
          "fullName": "Immutable Audit Logging should log a MEMBER_CREATE action",
          "invocations": 1,
          "location": null,
          "numPassingAsserts": 0,
          "retryReasons": [],
          "status": "failed",
          "title": "should log a MEMBER_CREATE action"
        },
        {
          "ancestorTitles": [
            "Immutable Audit Logging"
          ],
          "duration": 0,
          "failureDetails": [
            {}
          ],
          "failureMessages": [
            "TypeError: Cannot read properties of undefined (reading 'id')\n    at Object.id (/home/matt/household-project/server/tests/security/audit_logging.test.js:28:43)\n    at processTicksAndRejections (node:internal/process/task_queues:95:5)"
          ],
          "fullName": "Immutable Audit Logging should log a MEMBER_UPDATE action",
          "invocations": 1,
          "location": null,
          "numPassingAsserts": 0,
          "retryReasons": [],
          "status": "failed",
          "title": "should log a MEMBER_UPDATE action"
        }
      ],
      "failureMessage": "\u001b[1m\u001b[31m  \u001b[1m● \u001b[22m\u001b[1mImmutable Audit Logging › should log a MEMBER_CREATE action\u001b[39m\u001b[22m\n\n    TypeError: Cannot read properties of undefined (reading 'id')\n\u001b[2m\u001b[22m\n\u001b[2m    \u001b[0m \u001b[90m 26 |\u001b[39m\u001b[22m\n\u001b[2m     \u001b[90m 27 |\u001b[39m     token \u001b[33m=\u001b[39m loginRes\u001b[33m.\u001b[39mbody\u001b[33m.\u001b[39mtoken\u001b[33m;\u001b[39m\u001b[22m\n\u001b[2m    \u001b[31m\u001b[1m>\u001b[22m\u001b[2m\u001b[39m\u001b[90m 28 |\u001b[39m     householdId \u001b[33m=\u001b[39m loginRes\u001b[33m.\u001b[39mbody\u001b[33m.\u001b[39mhousehold\u001b[33m.\u001b[39mid\u001b[33m;\u001b[39m\u001b[22m\n\u001b[2m     \u001b[90m    |\u001b[39m                                           \u001b[31m\u001b[1m^\u001b[22m\u001b[2m\u001b[39m\u001b[22m\n\u001b[2m     \u001b[90m 29 |\u001b[39m   })\u001b[33m;\u001b[39m\u001b[22m\n\u001b[2m     \u001b[90m 30 |\u001b[39m\u001b[22m\n\u001b[2m     \u001b[90m 31 |\u001b[39m   it(\u001b[32m'should log a MEMBER_CREATE action'\u001b[39m\u001b[33m,\u001b[39m \u001b[36masync\u001b[39m () \u001b[33m=>\u001b[39m {\u001b[0m\u001b[22m\n\u001b[2m\u001b[22m\n\u001b[2m      \u001b[2mat Object.id (\u001b[22m\u001b[2m\u001b[0m\u001b[36mtests/security/audit_logging.test.js\u001b[39m\u001b[0m\u001b[2m:28:43)\u001b[22m\u001b[2m\u001b[22m\n\n\u001b[1m\u001b[31m  \u001b[1m● \u001b[22m\u001b[1mImmutable Audit Logging › should log a MEMBER_UPDATE action\u001b[39m\u001b[22m\n\n    TypeError: Cannot read properties of undefined (reading 'id')\n\u001b[2m\u001b[22m\n\u001b[2m    \u001b[0m \u001b[90m 26 |\u001b[39m\u001b[22m\n\u001b[2m     \u001b[90m 27 |\u001b[39m     token \u001b[33m=\u001b[39m loginRes\u001b[33m.\u001b[39mbody\u001b[33m.\u001b[39mtoken\u001b[33m;\u001b[39m\u001b[22m\n\u001b[2m    \u001b[31m\u001b[1m>\u001b[22m\u001b[2m\u001b[39m\u001b[90m 28 |\u001b[39m     householdId \u001b[33m=\u001b[39m loginRes\u001b[33m.\u001b[39mbody\u001b[33m.\u001b[39mhousehold\u001b[33m.\u001b[39mid\u001b[33m;\u001b[39m\u001b[22m\n\u001b[2m     \u001b[90m    |\u001b[39m                                           \u001b[31m\u001b[1m^\u001b[22m\u001b[2m\u001b[39m\u001b[22m\n\u001b[2m     \u001b[90m 29 |\u001b[39m   })\u001b[33m;\u001b[39m\u001b[22m\n\u001b[2m     \u001b[90m 30 |\u001b[39m\u001b[22m\n\u001b[2m     \u001b[90m 31 |\u001b[39m   it(\u001b[32m'should log a MEMBER_CREATE action'\u001b[39m\u001b[33m,\u001b[39m \u001b[36masync\u001b[39m () \u001b[33m=>\u001b[39m {\u001b[0m\u001b[22m\n\u001b[2m\u001b[22m\n\u001b[2m      \u001b[2mat Object.id (\u001b[22m\u001b[2m\u001b[0m\u001b[36mtests/security/audit_logging.test.js\u001b[39m\u001b[0m\u001b[2m:28:43)\u001b[22m\u001b[2m\u001b[22m\n"
    },
    {
      "leaks": false,
      "numFailingTests": 2,
      "numPassingTests": 0,
      "numPendingTests": 0,
      "numTodoTests": 0,
      "openHandles": [],
      "perfStats": {
        "end": 1771875459979,
        "runtime": 418,
        "slow": false,
        "start": 1771875459561
      },
      "skipped": false,
      "snapshot": {
        "added": 0,
        "fileDeleted": false,
        "matched": 0,
        "unchecked": 0,
        "uncheckedKeys": [],
        "unmatched": 0,
        "updated": 0
      },
      "testFilePath": "/home/matt/household-project/server/tests/export_json.spec.js",
      "testResults": [
        {
          "ancestorTitles": [
            "🚀 JSON Tenant Export Verification"
          ],
          "duration": 1,
          "failureDetails": [
            {}
          ],
          "failureMessages": [
            "TypeError: Cannot read properties of undefined (reading 'id')\n    at Object.id (/home/matt/household-project/server/tests/export_json.spec.js:27:43)\n    at processTicksAndRejections (node:internal/process/task_queues:95:5)"
          ],
          "fullName": "🚀 JSON Tenant Export Verification GET /api/export/:id should return a full JSON package",
          "invocations": 1,
          "location": null,
          "numPassingAsserts": 0,
          "retryReasons": [],
          "status": "failed",
          "title": "GET /api/export/:id should return a full JSON package"
        },
        {
          "ancestorTitles": [
            "🚀 JSON Tenant Export Verification"
          ],
          "duration": 1,
          "failureDetails": [
            {}
          ],
          "failureMessages": [
            "TypeError: Cannot read properties of undefined (reading 'id')\n    at Object.id (/home/matt/household-project/server/tests/export_json.spec.js:27:43)\n    at processTicksAndRejections (node:internal/process/task_queues:95:5)"
          ],
          "fullName": "🚀 JSON Tenant Export Verification Unauthorized user should not be able to export",
          "invocations": 1,
          "location": null,
          "numPassingAsserts": 0,
          "retryReasons": [],
          "status": "failed",
          "title": "Unauthorized user should not be able to export"
        }
      ],
      "failureMessage": "\u001b[1m\u001b[31m  \u001b[1m● \u001b[22m\u001b[1m🚀 JSON Tenant Export Verification › GET /api/export/:id should return a full JSON package\u001b[39m\u001b[22m\n\n    TypeError: Cannot read properties of undefined (reading 'id')\n\u001b[2m\u001b[22m\n\u001b[2m    \u001b[0m \u001b[90m 25 |\u001b[39m\u001b[22m\n\u001b[2m     \u001b[90m 26 |\u001b[39m     token \u001b[33m=\u001b[39m loginRes\u001b[33m.\u001b[39mbody\u001b[33m.\u001b[39mtoken\u001b[33m;\u001b[39m\u001b[22m\n\u001b[2m    \u001b[31m\u001b[1m>\u001b[22m\u001b[2m\u001b[39m\u001b[90m 27 |\u001b[39m     householdId \u001b[33m=\u001b[39m loginRes\u001b[33m.\u001b[39mbody\u001b[33m.\u001b[39mhousehold\u001b[33m.\u001b[39mid\u001b[33m;\u001b[39m\u001b[22m\n\u001b[2m     \u001b[90m    |\u001b[39m                                           \u001b[31m\u001b[1m^\u001b[22m\u001b[2m\u001b[39m\u001b[22m\n\u001b[2m     \u001b[90m 28 |\u001b[39m\u001b[22m\n\u001b[2m     \u001b[90m 29 |\u001b[39m     \u001b[90m// 3. Add some data to the tenant DB\u001b[39m\u001b[22m\n\u001b[2m     \u001b[90m 30 |\u001b[39m     \u001b[36mawait\u001b[39m request(app)\u001b[0m\u001b[22m\n\u001b[2m\u001b[22m\n\u001b[2m      \u001b[2mat Object.id (\u001b[22m\u001b[2m\u001b[0m\u001b[36mtests/export_json.spec.js\u001b[39m\u001b[0m\u001b[2m:27:43)\u001b[22m\u001b[2m\u001b[22m\n\n\u001b[1m\u001b[31m  \u001b[1m● \u001b[22m\u001b[1m🚀 JSON Tenant Export Verification › Unauthorized user should not be able to export\u001b[39m\u001b[22m\n\n    TypeError: Cannot read properties of undefined (reading 'id')\n\u001b[2m\u001b[22m\n\u001b[2m    \u001b[0m \u001b[90m 25 |\u001b[39m\u001b[22m\n\u001b[2m     \u001b[90m 26 |\u001b[39m     token \u001b[33m=\u001b[39m loginRes\u001b[33m.\u001b[39mbody\u001b[33m.\u001b[39mtoken\u001b[33m;\u001b[39m\u001b[22m\n\u001b[2m    \u001b[31m\u001b[1m>\u001b[22m\u001b[2m\u001b[39m\u001b[90m 27 |\u001b[39m     householdId \u001b[33m=\u001b[39m loginRes\u001b[33m.\u001b[39mbody\u001b[33m.\u001b[39mhousehold\u001b[33m.\u001b[39mid\u001b[33m;\u001b[39m\u001b[22m\n\u001b[2m     \u001b[90m    |\u001b[39m                                           \u001b[31m\u001b[1m^\u001b[22m\u001b[2m\u001b[39m\u001b[22m\n\u001b[2m     \u001b[90m 28 |\u001b[39m\u001b[22m\n\u001b[2m     \u001b[90m 29 |\u001b[39m     \u001b[90m// 3. Add some data to the tenant DB\u001b[39m\u001b[22m\n\u001b[2m     \u001b[90m 30 |\u001b[39m     \u001b[36mawait\u001b[39m request(app)\u001b[0m\u001b[22m\n\u001b[2m\u001b[22m\n\u001b[2m      \u001b[2mat Object.id (\u001b[22m\u001b[2m\u001b[0m\u001b[36mtests/export_json.spec.js\u001b[39m\u001b[0m\u001b[2m:27:43)\u001b[22m\u001b[2m\u001b[22m\n"
    },
    {
      "leaks": false,
      "numFailingTests": 12,
      "numPassingTests": 0,
      "numPendingTests": 0,
      "numTodoTests": 0,
      "openHandles": [],
      "perfStats": {
        "end": 1771875460365,
        "runtime": 377,
        "slow": false,
        "start": 1771875459988
      },
      "skipped": false,
      "snapshot": {
        "added": 0,
        "fileDeleted": false,
        "matched": 0,
        "unchecked": 0,
        "uncheckedKeys": [],
        "unmatched": 0,
        "updated": 0
      },
      "testFilePath": "/home/matt/household-project/server/tests/security/api_coverage_and_rbac.test.js",
      "testResults": [
        {
          "ancestorTitles": [
            "🛡️ Comprehensive Backend API & RBAC Verification"
          ],
          "duration": 0,
          "failureDetails": [
            {}
          ],
          "failureMessages": [
            "TypeError: Cannot read properties of undefined (reading 'address')\n    at Test.serverAddress (/home/matt/household-project/node_modules/supertest/lib/test.js:46:22)\n    at new Test (/home/matt/household-project/node_modules/supertest/lib/test.js:34:14)\n    at Object.obj.<computed> [as post] (/home/matt/household-project/node_modules/supertest/index.js:43:18)\n    at Object.post (/home/matt/household-project/server/tests/security/api_coverage_and_rbac.test.js:51:24)\n    at Promise.then.completed (/home/matt/household-project/node_modules/jest-circus/build/utils.js:298:28)\n    at new Promise (<anonymous>)\n    at callAsyncCircusFn (/home/matt/household-project/node_modules/jest-circus/build/utils.js:231:10)\n    at _callCircusHook (/home/matt/household-project/node_modules/jest-circus/build/run.js:281:40)\n    at _runTestsForDescribeBlock (/home/matt/household-project/node_modules/jest-circus/build/run.js:95:7)\n    at _runTestsForDescribeBlock (/home/matt/household-project/node_modules/jest-circus/build/run.js:121:9)\n    at run (/home/matt/household-project/node_modules/jest-circus/build/run.js:71:3)\n    at runAndTransformResultsToJestFormat (/home/matt/household-project/node_modules/jest-circus/build/legacy-code-todo-rewrite/jestAdapterInit.js:122:21)\n    at jestAdapter (/home/matt/household-project/node_modules/jest-circus/build/legacy-code-todo-rewrite/jestAdapter.js:79:19)\n    at runTestInternal (/home/matt/household-project/node_modules/jest-runner/build/runTest.js:367:16)\n    at runTest (/home/matt/household-project/node_modules/jest-runner/build/runTest.js:444:34)"
          ],
          "fullName": "🛡️ Comprehensive Backend API & RBAC Verification 🔑 Authentication & Setup",
          "invocations": 1,
          "location": null,
          "numPassingAsserts": 0,
          "retryReasons": [],
          "status": "failed",
          "title": "🔑 Authentication & Setup"
        },
        {
          "ancestorTitles": [
            "🛡️ Comprehensive Backend API & RBAC Verification"
          ],
          "duration": 0,
          "failureDetails": [
            {}
          ],
          "failureMessages": [
            "TypeError: Cannot read properties of undefined (reading 'address')\n    at Test.serverAddress (/home/matt/household-project/node_modules/supertest/lib/test.js:46:22)\n    at new Test (/home/matt/household-project/node_modules/supertest/lib/test.js:34:14)\n    at Object.obj.<computed> [as post] (/home/matt/household-project/node_modules/supertest/index.js:43:18)\n    at Object.post (/home/matt/household-project/server/tests/security/api_coverage_and_rbac.test.js:51:24)\n    at Promise.then.completed (/home/matt/household-project/node_modules/jest-circus/build/utils.js:298:28)\n    at new Promise (<anonymous>)\n    at callAsyncCircusFn (/home/matt/household-project/node_modules/jest-circus/build/utils.js:231:10)\n    at _callCircusHook (/home/matt/household-project/node_modules/jest-circus/build/run.js:281:40)\n    at _runTestsForDescribeBlock (/home/matt/household-project/node_modules/jest-circus/build/run.js:95:7)\n    at _runTestsForDescribeBlock (/home/matt/household-project/node_modules/jest-circus/build/run.js:121:9)\n    at run (/home/matt/household-project/node_modules/jest-circus/build/run.js:71:3)\n    at runAndTransformResultsToJestFormat (/home/matt/household-project/node_modules/jest-circus/build/legacy-code-todo-rewrite/jestAdapterInit.js:122:21)\n    at jestAdapter (/home/matt/household-project/node_modules/jest-circus/build/legacy-code-todo-rewrite/jestAdapter.js:79:19)\n    at runTestInternal (/home/matt/household-project/node_modules/jest-runner/build/runTest.js:367:16)\n    at runTest (/home/matt/household-project/node_modules/jest-runner/build/runTest.js:444:34)"
          ],
          "fullName": "🛡️ Comprehensive Backend API & RBAC Verification 🏠 Household Management",
          "invocations": 1,
          "location": null,
          "numPassingAsserts": 0,
          "retryReasons": [],
          "status": "failed",
          "title": "🏠 Household Management"
        },
        {
          "ancestorTitles": [
            "🛡️ Comprehensive Backend API & RBAC Verification"
          ],
          "duration": 0,
          "failureDetails": [
            {}
          ],
          "failureMessages": [
            "TypeError: Cannot read properties of undefined (reading 'address')\n    at Test.serverAddress (/home/matt/household-project/node_modules/supertest/lib/test.js:46:22)\n    at new Test (/home/matt/household-project/node_modules/supertest/lib/test.js:34:14)\n    at Object.obj.<computed> [as post] (/home/matt/household-project/node_modules/supertest/index.js:43:18)\n    at Object.post (/home/matt/household-project/server/tests/security/api_coverage_and_rbac.test.js:51:24)\n    at Promise.then.completed (/home/matt/household-project/node_modules/jest-circus/build/utils.js:298:28)\n    at new Promise (<anonymous>)\n    at callAsyncCircusFn (/home/matt/household-project/node_modules/jest-circus/build/utils.js:231:10)\n    at _callCircusHook (/home/matt/household-project/node_modules/jest-circus/build/run.js:281:40)\n    at _runTestsForDescribeBlock (/home/matt/household-project/node_modules/jest-circus/build/run.js:95:7)\n    at _runTestsForDescribeBlock (/home/matt/household-project/node_modules/jest-circus/build/run.js:121:9)\n    at run (/home/matt/household-project/node_modules/jest-circus/build/run.js:71:3)\n    at runAndTransformResultsToJestFormat (/home/matt/household-project/node_modules/jest-circus/build/legacy-code-todo-rewrite/jestAdapterInit.js:122:21)\n    at jestAdapter (/home/matt/household-project/node_modules/jest-circus/build/legacy-code-todo-rewrite/jestAdapter.js:79:19)\n    at runTestInternal (/home/matt/household-project/node_modules/jest-runner/build/runTest.js:367:16)\n    at runTest (/home/matt/household-project/node_modules/jest-runner/build/runTest.js:444:34)"
          ],
          "fullName": "🛡️ Comprehensive Backend API & RBAC Verification 🔄 Module: Recurring Costs (Consolidated)",
          "invocations": 1,
          "location": null,
          "numPassingAsserts": 0,
          "retryReasons": [],
          "status": "failed",
          "title": "🔄 Module: Recurring Costs (Consolidated)"
        },
        {
          "ancestorTitles": [
            "🛡️ Comprehensive Backend API & RBAC Verification"
          ],
          "duration": 1,
          "failureDetails": [
            {}
          ],
          "failureMessages": [
            "TypeError: Cannot read properties of undefined (reading 'address')\n    at Test.serverAddress (/home/matt/household-project/node_modules/supertest/lib/test.js:46:22)\n    at new Test (/home/matt/household-project/node_modules/supertest/lib/test.js:34:14)\n    at Object.obj.<computed> [as post] (/home/matt/household-project/node_modules/supertest/index.js:43:18)\n    at Object.post (/home/matt/household-project/server/tests/security/api_coverage_and_rbac.test.js:51:24)\n    at Promise.then.completed (/home/matt/household-project/node_modules/jest-circus/build/utils.js:298:28)\n    at new Promise (<anonymous>)\n    at callAsyncCircusFn (/home/matt/household-project/node_modules/jest-circus/build/utils.js:231:10)\n    at _callCircusHook (/home/matt/household-project/node_modules/jest-circus/build/run.js:281:40)\n    at _runTestsForDescribeBlock (/home/matt/household-project/node_modules/jest-circus/build/run.js:95:7)\n    at _runTestsForDescribeBlock (/home/matt/household-project/node_modules/jest-circus/build/run.js:121:9)\n    at run (/home/matt/household-project/node_modules/jest-circus/build/run.js:71:3)\n    at runAndTransformResultsToJestFormat (/home/matt/household-project/node_modules/jest-circus/build/legacy-code-todo-rewrite/jestAdapterInit.js:122:21)\n    at jestAdapter (/home/matt/household-project/node_modules/jest-circus/build/legacy-code-todo-rewrite/jestAdapter.js:79:19)\n    at runTestInternal (/home/matt/household-project/node_modules/jest-runner/build/runTest.js:367:16)\n    at runTest (/home/matt/household-project/node_modules/jest-runner/build/runTest.js:444:34)"
          ],
          "fullName": "🛡️ Comprehensive Backend API & RBAC Verification 👥 Module: People",
          "invocations": 1,
          "location": null,
          "numPassingAsserts": 0,
          "retryReasons": [],
          "status": "failed",
          "title": "👥 Module: People"
        },
        {
          "ancestorTitles": [
            "🛡️ Comprehensive Backend API & RBAC Verification"
          ],
          "duration": 0,
          "failureDetails": [
            {}
          ],
          "failureMessages": [
            "TypeError: Cannot read properties of undefined (reading 'address')\n    at Test.serverAddress (/home/matt/household-project/node_modules/supertest/lib/test.js:46:22)\n    at new Test (/home/matt/household-project/node_modules/supertest/lib/test.js:34:14)\n    at Object.obj.<computed> [as post] (/home/matt/household-project/node_modules/supertest/index.js:43:18)\n    at Object.post (/home/matt/household-project/server/tests/security/api_coverage_and_rbac.test.js:51:24)\n    at Promise.then.completed (/home/matt/household-project/node_modules/jest-circus/build/utils.js:298:28)\n    at new Promise (<anonymous>)\n    at callAsyncCircusFn (/home/matt/household-project/node_modules/jest-circus/build/utils.js:231:10)\n    at _callCircusHook (/home/matt/household-project/node_modules/jest-circus/build/run.js:281:40)\n    at _runTestsForDescribeBlock (/home/matt/household-project/node_modules/jest-circus/build/run.js:95:7)\n    at _runTestsForDescribeBlock (/home/matt/household-project/node_modules/jest-circus/build/run.js:121:9)\n    at run (/home/matt/household-project/node_modules/jest-circus/build/run.js:71:3)\n    at runAndTransformResultsToJestFormat (/home/matt/household-project/node_modules/jest-circus/build/legacy-code-todo-rewrite/jestAdapterInit.js:122:21)\n    at jestAdapter (/home/matt/household-project/node_modules/jest-circus/build/legacy-code-todo-rewrite/jestAdapter.js:79:19)\n    at runTestInternal (/home/matt/household-project/node_modules/jest-runner/build/runTest.js:367:16)\n    at runTest (/home/matt/household-project/node_modules/jest-runner/build/runTest.js:444:34)"
          ],
          "fullName": "🛡️ Comprehensive Backend API & RBAC Verification 🚗 Module: Vehicles",
          "invocations": 1,
          "location": null,
          "numPassingAsserts": 0,
          "retryReasons": [],
          "status": "failed",
          "title": "🚗 Module: Vehicles"
        },
        {
          "ancestorTitles": [
            "🛡️ Comprehensive Backend API & RBAC Verification"
          ],
          "duration": 1,
          "failureDetails": [
            {}
          ],
          "failureMessages": [
            "TypeError: Cannot read properties of undefined (reading 'address')\n    at Test.serverAddress (/home/matt/household-project/node_modules/supertest/lib/test.js:46:22)\n    at new Test (/home/matt/household-project/node_modules/supertest/lib/test.js:34:14)\n    at Object.obj.<computed> [as post] (/home/matt/household-project/node_modules/supertest/index.js:43:18)\n    at Object.post (/home/matt/household-project/server/tests/security/api_coverage_and_rbac.test.js:51:24)\n    at Promise.then.completed (/home/matt/household-project/node_modules/jest-circus/build/utils.js:298:28)\n    at new Promise (<anonymous>)\n    at callAsyncCircusFn (/home/matt/household-project/node_modules/jest-circus/build/utils.js:231:10)\n    at _callCircusHook (/home/matt/household-project/node_modules/jest-circus/build/run.js:281:40)\n    at _runTestsForDescribeBlock (/home/matt/household-project/node_modules/jest-circus/build/run.js:95:7)\n    at _runTestsForDescribeBlock (/home/matt/household-project/node_modules/jest-circus/build/run.js:121:9)\n    at run (/home/matt/household-project/node_modules/jest-circus/build/run.js:71:3)\n    at runAndTransformResultsToJestFormat (/home/matt/household-project/node_modules/jest-circus/build/legacy-code-todo-rewrite/jestAdapterInit.js:122:21)\n    at jestAdapter (/home/matt/household-project/node_modules/jest-circus/build/legacy-code-todo-rewrite/jestAdapter.js:79:19)\n    at runTestInternal (/home/matt/household-project/node_modules/jest-runner/build/runTest.js:367:16)\n    at runTest (/home/matt/household-project/node_modules/jest-runner/build/runTest.js:444:34)"
          ],
          "fullName": "🛡️ Comprehensive Backend API & RBAC Verification 💰 Module: Finance (Core)",
          "invocations": 1,
          "location": null,
          "numPassingAsserts": 0,
          "retryReasons": [],
          "status": "failed",
          "title": "💰 Module: Finance (Core)"
        },
        {
          "ancestorTitles": [
            "🛡️ Comprehensive Backend API & RBAC Verification"
          ],
          "duration": 0,
          "failureDetails": [
            {}
          ],
          "failureMessages": [
            "TypeError: Cannot read properties of undefined (reading 'address')\n    at Test.serverAddress (/home/matt/household-project/node_modules/supertest/lib/test.js:46:22)\n    at new Test (/home/matt/household-project/node_modules/supertest/lib/test.js:34:14)\n    at Object.obj.<computed> [as post] (/home/matt/household-project/node_modules/supertest/index.js:43:18)\n    at Object.post (/home/matt/household-project/server/tests/security/api_coverage_and_rbac.test.js:51:24)\n    at Promise.then.completed (/home/matt/household-project/node_modules/jest-circus/build/utils.js:298:28)\n    at new Promise (<anonymous>)\n    at callAsyncCircusFn (/home/matt/household-project/node_modules/jest-circus/build/utils.js:231:10)\n    at _callCircusHook (/home/matt/household-project/node_modules/jest-circus/build/run.js:281:40)\n    at _runTestsForDescribeBlock (/home/matt/household-project/node_modules/jest-circus/build/run.js:95:7)\n    at _runTestsForDescribeBlock (/home/matt/household-project/node_modules/jest-circus/build/run.js:121:9)\n    at run (/home/matt/household-project/node_modules/jest-circus/build/run.js:71:3)\n    at runAndTransformResultsToJestFormat (/home/matt/household-project/node_modules/jest-circus/build/legacy-code-todo-rewrite/jestAdapterInit.js:122:21)\n    at jestAdapter (/home/matt/household-project/node_modules/jest-circus/build/legacy-code-todo-rewrite/jestAdapter.js:79:19)\n    at runTestInternal (/home/matt/household-project/node_modules/jest-runner/build/runTest.js:367:16)\n    at runTest (/home/matt/household-project/node_modules/jest-runner/build/runTest.js:444:34)"
          ],
          "fullName": "🛡️ Comprehensive Backend API & RBAC Verification 🍱 Module: Meals",
          "invocations": 1,
          "location": null,
          "numPassingAsserts": 0,
          "retryReasons": [],
          "status": "failed",
          "title": "🍱 Module: Meals"
        },
        {
          "ancestorTitles": [
            "🛡️ Comprehensive Backend API & RBAC Verification"
          ],
          "duration": 0,
          "failureDetails": [
            {}
          ],
          "failureMessages": [
            "TypeError: Cannot read properties of undefined (reading 'address')\n    at Test.serverAddress (/home/matt/household-project/node_modules/supertest/lib/test.js:46:22)\n    at new Test (/home/matt/household-project/node_modules/supertest/lib/test.js:34:14)\n    at Object.obj.<computed> [as post] (/home/matt/household-project/node_modules/supertest/index.js:43:18)\n    at Object.post (/home/matt/household-project/server/tests/security/api_coverage_and_rbac.test.js:51:24)\n    at Promise.then.completed (/home/matt/household-project/node_modules/jest-circus/build/utils.js:298:28)\n    at new Promise (<anonymous>)\n    at callAsyncCircusFn (/home/matt/household-project/node_modules/jest-circus/build/utils.js:231:10)\n    at _callCircusHook (/home/matt/household-project/node_modules/jest-circus/build/run.js:281:40)\n    at _runTestsForDescribeBlock (/home/matt/household-project/node_modules/jest-circus/build/run.js:95:7)\n    at _runTestsForDescribeBlock (/home/matt/household-project/node_modules/jest-circus/build/run.js:121:9)\n    at run (/home/matt/household-project/node_modules/jest-circus/build/run.js:71:3)\n    at runAndTransformResultsToJestFormat (/home/matt/household-project/node_modules/jest-circus/build/legacy-code-todo-rewrite/jestAdapterInit.js:122:21)\n    at jestAdapter (/home/matt/household-project/node_modules/jest-circus/build/legacy-code-todo-rewrite/jestAdapter.js:79:19)\n    at runTestInternal (/home/matt/household-project/node_modules/jest-runner/build/runTest.js:367:16)\n    at runTest (/home/matt/household-project/node_modules/jest-runner/build/runTest.js:444:34)"
          ],
          "fullName": "🛡️ Comprehensive Backend API & RBAC Verification 🧹 Module: Chores",
          "invocations": 1,
          "location": null,
          "numPassingAsserts": 0,
          "retryReasons": [],
          "status": "failed",
          "title": "🧹 Module: Chores"
        },
        {
          "ancestorTitles": [
            "🛡️ Comprehensive Backend API & RBAC Verification"
          ],
          "duration": 1,
          "failureDetails": [
            {}
          ],
          "failureMessages": [
            "TypeError: Cannot read properties of undefined (reading 'address')\n    at Test.serverAddress (/home/matt/household-project/node_modules/supertest/lib/test.js:46:22)\n    at new Test (/home/matt/household-project/node_modules/supertest/lib/test.js:34:14)\n    at Object.obj.<computed> [as post] (/home/matt/household-project/node_modules/supertest/index.js:43:18)\n    at Object.post (/home/matt/household-project/server/tests/security/api_coverage_and_rbac.test.js:51:24)\n    at Promise.then.completed (/home/matt/household-project/node_modules/jest-circus/build/utils.js:298:28)\n    at new Promise (<anonymous>)\n    at callAsyncCircusFn (/home/matt/household-project/node_modules/jest-circus/build/utils.js:231:10)\n    at _callCircusHook (/home/matt/household-project/node_modules/jest-circus/build/run.js:281:40)\n    at _runTestsForDescribeBlock (/home/matt/household-project/node_modules/jest-circus/build/run.js:95:7)\n    at _runTestsForDescribeBlock (/home/matt/household-project/node_modules/jest-circus/build/run.js:121:9)\n    at run (/home/matt/household-project/node_modules/jest-circus/build/run.js:71:3)\n    at runAndTransformResultsToJestFormat (/home/matt/household-project/node_modules/jest-circus/build/legacy-code-todo-rewrite/jestAdapterInit.js:122:21)\n    at jestAdapter (/home/matt/household-project/node_modules/jest-circus/build/legacy-code-todo-rewrite/jestAdapter.js:79:19)\n    at runTestInternal (/home/matt/household-project/node_modules/jest-runner/build/runTest.js:367:16)\n    at runTest (/home/matt/household-project/node_modules/jest-runner/build/runTest.js:444:34)"
          ],
          "fullName": "🛡️ Comprehensive Backend API & RBAC Verification 📅 Module: Calendar",
          "invocations": 1,
          "location": null,
          "numPassingAsserts": 0,
          "retryReasons": [],
          "status": "failed",
          "title": "📅 Module: Calendar"
        },
        {
          "ancestorTitles": [
            "🛡️ Comprehensive Backend API & RBAC Verification"
          ],
          "duration": 0,
          "failureDetails": [
            {}
          ],
          "failureMessages": [
            "TypeError: Cannot read properties of undefined (reading 'address')\n    at Test.serverAddress (/home/matt/household-project/node_modules/supertest/lib/test.js:46:22)\n    at new Test (/home/matt/household-project/node_modules/supertest/lib/test.js:34:14)\n    at Object.obj.<computed> [as post] (/home/matt/household-project/node_modules/supertest/index.js:43:18)\n    at Object.post (/home/matt/household-project/server/tests/security/api_coverage_and_rbac.test.js:51:24)\n    at Promise.then.completed (/home/matt/household-project/node_modules/jest-circus/build/utils.js:298:28)\n    at new Promise (<anonymous>)\n    at callAsyncCircusFn (/home/matt/household-project/node_modules/jest-circus/build/utils.js:231:10)\n    at _callCircusHook (/home/matt/household-project/node_modules/jest-circus/build/run.js:281:40)\n    at _runTestsForDescribeBlock (/home/matt/household-project/node_modules/jest-circus/build/run.js:95:7)\n    at _runTestsForDescribeBlock (/home/matt/household-project/node_modules/jest-circus/build/run.js:121:9)\n    at run (/home/matt/household-project/node_modules/jest-circus/build/run.js:71:3)\n    at runAndTransformResultsToJestFormat (/home/matt/household-project/node_modules/jest-circus/build/legacy-code-todo-rewrite/jestAdapterInit.js:122:21)\n    at jestAdapter (/home/matt/household-project/node_modules/jest-circus/build/legacy-code-todo-rewrite/jestAdapter.js:79:19)\n    at runTestInternal (/home/matt/household-project/node_modules/jest-runner/build/runTest.js:367:16)\n    at runTest (/home/matt/household-project/node_modules/jest-runner/build/runTest.js:444:34)"
          ],
          "fullName": "🛡️ Comprehensive Backend API & RBAC Verification 🛒 Module: Shopping",
          "invocations": 1,
          "location": null,
          "numPassingAsserts": 0,
          "retryReasons": [],
          "status": "failed",
          "title": "🛒 Module: Shopping"
        },
        {
          "ancestorTitles": [
            "🛡️ Comprehensive Backend API & RBAC Verification"
          ],
          "duration": 0,
          "failureDetails": [
            {}
          ],
          "failureMessages": [
            "TypeError: Cannot read properties of undefined (reading 'address')\n    at Test.serverAddress (/home/matt/household-project/node_modules/supertest/lib/test.js:46:22)\n    at new Test (/home/matt/household-project/node_modules/supertest/lib/test.js:34:14)\n    at Object.obj.<computed> [as post] (/home/matt/household-project/node_modules/supertest/index.js:43:18)\n    at Object.post (/home/matt/household-project/server/tests/security/api_coverage_and_rbac.test.js:51:24)\n    at Promise.then.completed (/home/matt/household-project/node_modules/jest-circus/build/utils.js:298:28)\n    at new Promise (<anonymous>)\n    at callAsyncCircusFn (/home/matt/household-project/node_modules/jest-circus/build/utils.js:231:10)\n    at _callCircusHook (/home/matt/household-project/node_modules/jest-circus/build/run.js:281:40)\n    at _runTestsForDescribeBlock (/home/matt/household-project/node_modules/jest-circus/build/run.js:95:7)\n    at _runTestsForDescribeBlock (/home/matt/household-project/node_modules/jest-circus/build/run.js:121:9)\n    at run (/home/matt/household-project/node_modules/jest-circus/build/run.js:71:3)\n    at runAndTransformResultsToJestFormat (/home/matt/household-project/node_modules/jest-circus/build/legacy-code-todo-rewrite/jestAdapterInit.js:122:21)\n    at jestAdapter (/home/matt/household-project/node_modules/jest-circus/build/legacy-code-todo-rewrite/jestAdapter.js:79:19)\n    at runTestInternal (/home/matt/household-project/node_modules/jest-runner/build/runTest.js:367:16)\n    at runTest (/home/matt/household-project/node_modules/jest-runner/build/runTest.js:444:34)"
          ],
          "fullName": "🛡️ Comprehensive Backend API & RBAC Verification 🏠 Module: House Details",
          "invocations": 1,
          "location": null,
          "numPassingAsserts": 0,
          "retryReasons": [],
          "status": "failed",
          "title": "🏠 Module: House Details"
        },
        {
          "ancestorTitles": [
            "🛡️ Comprehensive Backend API & RBAC Verification"
          ],
          "duration": 0,
          "failureDetails": [
            {}
          ],
          "failureMessages": [
            "TypeError: Cannot read properties of undefined (reading 'address')\n    at Test.serverAddress (/home/matt/household-project/node_modules/supertest/lib/test.js:46:22)\n    at new Test (/home/matt/household-project/node_modules/supertest/lib/test.js:34:14)\n    at Object.obj.<computed> [as post] (/home/matt/household-project/node_modules/supertest/index.js:43:18)\n    at Object.post (/home/matt/household-project/server/tests/security/api_coverage_and_rbac.test.js:51:24)\n    at Promise.then.completed (/home/matt/household-project/node_modules/jest-circus/build/utils.js:298:28)\n    at new Promise (<anonymous>)\n    at callAsyncCircusFn (/home/matt/household-project/node_modules/jest-circus/build/utils.js:231:10)\n    at _callCircusHook (/home/matt/household-project/node_modules/jest-circus/build/run.js:281:40)\n    at _runTestsForDescribeBlock (/home/matt/household-project/node_modules/jest-circus/build/run.js:95:7)\n    at _runTestsForDescribeBlock (/home/matt/household-project/node_modules/jest-circus/build/run.js:121:9)\n    at run (/home/matt/household-project/node_modules/jest-circus/build/run.js:71:3)\n    at runAndTransformResultsToJestFormat (/home/matt/household-project/node_modules/jest-circus/build/legacy-code-todo-rewrite/jestAdapterInit.js:122:21)\n    at jestAdapter (/home/matt/household-project/node_modules/jest-circus/build/legacy-code-todo-rewrite/jestAdapter.js:79:19)\n    at runTestInternal (/home/matt/household-project/node_modules/jest-runner/build/runTest.js:367:16)\n    at runTest (/home/matt/household-project/node_modules/jest-runner/build/runTest.js:444:34)"
          ],
          "fullName": "🛡️ Comprehensive Backend API & RBAC Verification 🏦 Module: Finance (Extended)",
          "invocations": 1,
          "location": null,
          "numPassingAsserts": 0,
          "retryReasons": [],
          "status": "failed",
          "title": "🏦 Module: Finance (Extended)"
        }
      ],
      "failureMessage": "\u001b[1m\u001b[31m  \u001b[1m● \u001b[22m\u001b[1m🛡️ Comprehensive Backend API & RBAC Verification › 🔑 Authentication & Setup\u001b[39m\u001b[22m\n\n    TypeError: Cannot read properties of undefined (reading 'address')\n\u001b[2m\u001b[22m\n\u001b[2m    \u001b[0m \u001b[90m 49 |\u001b[39m\u001b[22m\n\u001b[2m     \u001b[90m 50 |\u001b[39m     addStep(\u001b[32m'Initializing test environment.'\u001b[39m)\u001b[33m;\u001b[39m\u001b[22m\n\u001b[2m    \u001b[31m\u001b[1m>\u001b[22m\u001b[2m\u001b[39m\u001b[90m 51 |\u001b[39m     \u001b[36mawait\u001b[39m request(app)\u001b[33m.\u001b[39mpost(\u001b[32m'/api/auth/register'\u001b[39m)\u001b[33m.\u001b[39msend({\u001b[22m\n\u001b[2m     \u001b[90m    |\u001b[39m                        \u001b[31m\u001b[1m^\u001b[22m\u001b[2m\u001b[39m\u001b[22m\n\u001b[2m     \u001b[90m 52 |\u001b[39m       householdName\u001b[33m:\u001b[39m \u001b[32m'Sync House'\u001b[39m\u001b[33m,\u001b[39m\u001b[22m\n\u001b[2m     \u001b[90m 53 |\u001b[39m       email\u001b[33m:\u001b[39m testData\u001b[33m.\u001b[39madmin\u001b[33m.\u001b[39memail\u001b[33m,\u001b[39m\u001b[22m\n\u001b[2m     \u001b[90m 54 |\u001b[39m       password\u001b[33m:\u001b[39m testData\u001b[33m.\u001b[39madmin\u001b[33m.\u001b[39mpassword\u001b[33m,\u001b[39m\u001b[0m\u001b[22m\n\u001b[2m\u001b[22m\n\u001b[2m      \u001b[2mat Test.serverAddress (\u001b[22m\u001b[2m../node_modules/supertest/lib/test.js\u001b[2m:46:22)\u001b[22m\u001b[2m\u001b[22m\n\u001b[2m      \u001b[2mat new Test (\u001b[22m\u001b[2m../node_modules/supertest/lib/test.js\u001b[2m:34:14)\u001b[22m\u001b[2m\u001b[22m\n\u001b[2m      \u001b[2mat Object.obj.<computed> [as post] (\u001b[22m\u001b[2m../node_modules/supertest/index.js\u001b[2m:43:18)\u001b[22m\u001b[2m\u001b[22m\n\u001b[2m      \u001b[2mat Object.post (\u001b[22m\u001b[2m\u001b[0m\u001b[36mtests/security/api_coverage_and_rbac.test.js\u001b[39m\u001b[0m\u001b[2m:51:24)\u001b[22m\u001b[2m\u001b[22m\n\n\u001b[1m\u001b[31m  \u001b[1m● \u001b[22m\u001b[1m🛡️ Comprehensive Backend API & RBAC Verification › 🏠 Household Management\u001b[39m\u001b[22m\n\n    TypeError: Cannot read properties of undefined (reading 'address')\n\u001b[2m\u001b[22m\n\u001b[2m    \u001b[0m \u001b[90m 49 |\u001b[39m\u001b[22m\n\u001b[2m     \u001b[90m 50 |\u001b[39m     addStep(\u001b[32m'Initializing test environment.'\u001b[39m)\u001b[33m;\u001b[39m\u001b[22m\n\u001b[2m    \u001b[31m\u001b[1m>\u001b[22m\u001b[2m\u001b[39m\u001b[90m 51 |\u001b[39m     \u001b[36mawait\u001b[39m request(app)\u001b[33m.\u001b[39mpost(\u001b[32m'/api/auth/register'\u001b[39m)\u001b[33m.\u001b[39msend({\u001b[22m\n\u001b[2m     \u001b[90m    |\u001b[39m                        \u001b[31m\u001b[1m^\u001b[22m\u001b[2m\u001b[39m\u001b[22m\n\u001b[2m     \u001b[90m 52 |\u001b[39m       householdName\u001b[33m:\u001b[39m \u001b[32m'Sync House'\u001b[39m\u001b[33m,\u001b[39m\u001b[22m\n\u001b[2m     \u001b[90m 53 |\u001b[39m       email\u001b[33m:\u001b[39m testData\u001b[33m.\u001b[39madmin\u001b[33m.\u001b[39memail\u001b[33m,\u001b[39m\u001b[22m\n\u001b[2m     \u001b[90m 54 |\u001b[39m       password\u001b[33m:\u001b[39m testData\u001b[33m.\u001b[39madmin\u001b[33m.\u001b[39mpassword\u001b[33m,\u001b[39m\u001b[0m\u001b[22m\n\u001b[2m\u001b[22m\n\u001b[2m      \u001b[2mat Test.serverAddress (\u001b[22m\u001b[2m../node_modules/supertest/lib/test.js\u001b[2m:46:22)\u001b[22m\u001b[2m\u001b[22m\n\u001b[2m      \u001b[2mat new Test (\u001b[22m\u001b[2m../node_modules/supertest/lib/test.js\u001b[2m:34:14)\u001b[22m\u001b[2m\u001b[22m\n\u001b[2m      \u001b[2mat Object.obj.<computed> [as post] (\u001b[22m\u001b[2m../node_modules/supertest/index.js\u001b[2m:43:18)\u001b[22m\u001b[2m\u001b[22m\n\u001b[2m      \u001b[2mat Object.post (\u001b[22m\u001b[2m\u001b[0m\u001b[36mtests/security/api_coverage_and_rbac.test.js\u001b[39m\u001b[0m\u001b[2m:51:24)\u001b[22m\u001b[2m\u001b[22m\n\n\u001b[1m\u001b[31m  \u001b[1m● \u001b[22m\u001b[1m🛡️ Comprehensive Backend API & RBAC Verification › 🔄 Module: Recurring Costs (Consolidated)\u001b[39m\u001b[22m\n\n    TypeError: Cannot read properties of undefined (reading 'address')\n\u001b[2m\u001b[22m\n\u001b[2m    \u001b[0m \u001b[90m 49 |\u001b[39m\u001b[22m\n\u001b[2m     \u001b[90m 50 |\u001b[39m     addStep(\u001b[32m'Initializing test environment.'\u001b[39m)\u001b[33m;\u001b[39m\u001b[22m\n\u001b[2m    \u001b[31m\u001b[1m>\u001b[22m\u001b[2m\u001b[39m\u001b[90m 51 |\u001b[39m     \u001b[36mawait\u001b[39m request(app)\u001b[33m.\u001b[39mpost(\u001b[32m'/api/auth/register'\u001b[39m)\u001b[33m.\u001b[39msend({\u001b[22m\n\u001b[2m     \u001b[90m    |\u001b[39m                        \u001b[31m\u001b[1m^\u001b[22m\u001b[2m\u001b[39m\u001b[22m\n\u001b[2m     \u001b[90m 52 |\u001b[39m       householdName\u001b[33m:\u001b[39m \u001b[32m'Sync House'\u001b[39m\u001b[33m,\u001b[39m\u001b[22m\n\u001b[2m     \u001b[90m 53 |\u001b[39m       email\u001b[33m:\u001b[39m testData\u001b[33m.\u001b[39madmin\u001b[33m.\u001b[39memail\u001b[33m,\u001b[39m\u001b[22m\n\u001b[2m     \u001b[90m 54 |\u001b[39m       password\u001b[33m:\u001b[39m testData\u001b[33m.\u001b[39madmin\u001b[33m.\u001b[39mpassword\u001b[33m,\u001b[39m\u001b[0m\u001b[22m\n\u001b[2m\u001b[22m\n\u001b[2m      \u001b[2mat Test.serverAddress (\u001b[22m\u001b[2m../node_modules/supertest/lib/test.js\u001b[2m:46:22)\u001b[22m\u001b[2m\u001b[22m\n\u001b[2m      \u001b[2mat new Test (\u001b[22m\u001b[2m../node_modules/supertest/lib/test.js\u001b[2m:34:14)\u001b[22m\u001b[2m\u001b[22m\n\u001b[2m      \u001b[2mat Object.obj.<computed> [as post] (\u001b[22m\u001b[2m../node_modules/supertest/index.js\u001b[2m:43:18)\u001b[22m\u001b[2m\u001b[22m\n\u001b[2m      \u001b[2mat Object.post (\u001b[22m\u001b[2m\u001b[0m\u001b[36mtests/security/api_coverage_and_rbac.test.js\u001b[39m\u001b[0m\u001b[2m:51:24)\u001b[22m\u001b[2m\u001b[22m\n\n\u001b[1m\u001b[31m  \u001b[1m● \u001b[22m\u001b[1m🛡️ Comprehensive Backend API & RBAC Verification › 👥 Module: People\u001b[39m\u001b[22m\n\n    TypeError: Cannot read properties of undefined (reading 'address')\n\u001b[2m\u001b[22m\n\u001b[2m    \u001b[0m \u001b[90m 49 |\u001b[39m\u001b[22m\n\u001b[2m     \u001b[90m 50 |\u001b[39m     addStep(\u001b[32m'Initializing test environment.'\u001b[39m)\u001b[33m;\u001b[39m\u001b[22m\n\u001b[2m    \u001b[31m\u001b[1m>\u001b[22m\u001b[2m\u001b[39m\u001b[90m 51 |\u001b[39m     \u001b[36mawait\u001b[39m request(app)\u001b[33m.\u001b[39mpost(\u001b[32m'/api/auth/register'\u001b[39m)\u001b[33m.\u001b[39msend({\u001b[22m\n\u001b[2m     \u001b[90m    |\u001b[39m                        \u001b[31m\u001b[1m^\u001b[22m\u001b[2m\u001b[39m\u001b[22m\n\u001b[2m     \u001b[90m 52 |\u001b[39m       householdName\u001b[33m:\u001b[39m \u001b[32m'Sync House'\u001b[39m\u001b[33m,\u001b[39m\u001b[22m\n\u001b[2m     \u001b[90m 53 |\u001b[39m       email\u001b[33m:\u001b[39m testData\u001b[33m.\u001b[39madmin\u001b[33m.\u001b[39memail\u001b[33m,\u001b[39m\u001b[22m\n\u001b[2m     \u001b[90m 54 |\u001b[39m       password\u001b[33m:\u001b[39m testData\u001b[33m.\u001b[39madmin\u001b[33m.\u001b[39mpassword\u001b[33m,\u001b[39m\u001b[0m\u001b[22m\n\u001b[2m\u001b[22m\n\u001b[2m      \u001b[2mat Test.serverAddress (\u001b[22m\u001b[2m../node_modules/supertest/lib/test.js\u001b[2m:46:22)\u001b[22m\u001b[2m\u001b[22m\n\u001b[2m      \u001b[2mat new Test (\u001b[22m\u001b[2m../node_modules/supertest/lib/test.js\u001b[2m:34:14)\u001b[22m\u001b[2m\u001b[22m\n\u001b[2m      \u001b[2mat Object.obj.<computed> [as post] (\u001b[22m\u001b[2m../node_modules/supertest/index.js\u001b[2m:43:18)\u001b[22m\u001b[2m\u001b[22m\n\u001b[2m      \u001b[2mat Object.post (\u001b[22m\u001b[2m\u001b[0m\u001b[36mtests/security/api_coverage_and_rbac.test.js\u001b[39m\u001b[0m\u001b[2m:51:24)\u001b[22m\u001b[2m\u001b[22m\n\n\u001b[1m\u001b[31m  \u001b[1m● \u001b[22m\u001b[1m🛡️ Comprehensive Backend API & RBAC Verification › 🚗 Module: Vehicles\u001b[39m\u001b[22m\n\n    TypeError: Cannot read properties of undefined (reading 'address')\n\u001b[2m\u001b[22m\n\u001b[2m    \u001b[0m \u001b[90m 49 |\u001b[39m\u001b[22m\n\u001b[2m     \u001b[90m 50 |\u001b[39m     addStep(\u001b[32m'Initializing test environment.'\u001b[39m)\u001b[33m;\u001b[39m\u001b[22m\n\u001b[2m    \u001b[31m\u001b[1m>\u001b[22m\u001b[2m\u001b[39m\u001b[90m 51 |\u001b[39m     \u001b[36mawait\u001b[39m request(app)\u001b[33m.\u001b[39mpost(\u001b[32m'/api/auth/register'\u001b[39m)\u001b[33m.\u001b[39msend({\u001b[22m\n\u001b[2m     \u001b[90m    |\u001b[39m                        \u001b[31m\u001b[1m^\u001b[22m\u001b[2m\u001b[39m\u001b[22m\n\u001b[2m     \u001b[90m 52 |\u001b[39m       householdName\u001b[33m:\u001b[39m \u001b[32m'Sync House'\u001b[39m\u001b[33m,\u001b[39m\u001b[22m\n\u001b[2m     \u001b[90m 53 |\u001b[39m       email\u001b[33m:\u001b[39m testData\u001b[33m.\u001b[39madmin\u001b[33m.\u001b[39memail\u001b[33m,\u001b[39m\u001b[22m\n\u001b[2m     \u001b[90m 54 |\u001b[39m       password\u001b[33m:\u001b[39m testData\u001b[33m.\u001b[39madmin\u001b[33m.\u001b[39mpassword\u001b[33m,\u001b[39m\u001b[0m\u001b[22m\n\u001b[2m\u001b[22m\n\u001b[2m      \u001b[2mat Test.serverAddress (\u001b[22m\u001b[2m../node_modules/supertest/lib/test.js\u001b[2m:46:22)\u001b[22m\u001b[2m\u001b[22m\n\u001b[2m      \u001b[2mat new Test (\u001b[22m\u001b[2m../node_modules/supertest/lib/test.js\u001b[2m:34:14)\u001b[22m\u001b[2m\u001b[22m\n\u001b[2m      \u001b[2mat Object.obj.<computed> [as post] (\u001b[22m\u001b[2m../node_modules/supertest/index.js\u001b[2m:43:18)\u001b[22m\u001b[2m\u001b[22m\n\u001b[2m      \u001b[2mat Object.post (\u001b[22m\u001b[2m\u001b[0m\u001b[36mtests/security/api_coverage_and_rbac.test.js\u001b[39m\u001b[0m\u001b[2m:51:24)\u001b[22m\u001b[2m\u001b[22m\n\n\u001b[1m\u001b[31m  \u001b[1m● \u001b[22m\u001b[1m🛡️ Comprehensive Backend API & RBAC Verification › 💰 Module: Finance (Core)\u001b[39m\u001b[22m\n\n    TypeError: Cannot read properties of undefined (reading 'address')\n\u001b[2m\u001b[22m\n\u001b[2m    \u001b[0m \u001b[90m 49 |\u001b[39m\u001b[22m\n\u001b[2m     \u001b[90m 50 |\u001b[39m     addStep(\u001b[32m'Initializing test environment.'\u001b[39m)\u001b[33m;\u001b[39m\u001b[22m\n\u001b[2m    \u001b[31m\u001b[1m>\u001b[22m\u001b[2m\u001b[39m\u001b[90m 51 |\u001b[39m     \u001b[36mawait\u001b[39m request(app)\u001b[33m.\u001b[39mpost(\u001b[32m'/api/auth/register'\u001b[39m)\u001b[33m.\u001b[39msend({\u001b[22m\n\u001b[2m     \u001b[90m    |\u001b[39m                        \u001b[31m\u001b[1m^\u001b[22m\u001b[2m\u001b[39m\u001b[22m\n\u001b[2m     \u001b[90m 52 |\u001b[39m       householdName\u001b[33m:\u001b[39m \u001b[32m'Sync House'\u001b[39m\u001b[33m,\u001b[39m\u001b[22m\n\u001b[2m     \u001b[90m 53 |\u001b[39m       email\u001b[33m:\u001b[39m testData\u001b[33m.\u001b[39madmin\u001b[33m.\u001b[39memail\u001b[33m,\u001b[39m\u001b[22m\n\u001b[2m     \u001b[90m 54 |\u001b[39m       password\u001b[33m:\u001b[39m testData\u001b[33m.\u001b[39madmin\u001b[33m.\u001b[39mpassword\u001b[33m,\u001b[39m\u001b[0m\u001b[22m\n\u001b[2m\u001b[22m\n\u001b[2m      \u001b[2mat Test.serverAddress (\u001b[22m\u001b[2m../node_modules/supertest/lib/test.js\u001b[2m:46:22)\u001b[22m\u001b[2m\u001b[22m\n\u001b[2m      \u001b[2mat new Test (\u001b[22m\u001b[2m../node_modules/supertest/lib/test.js\u001b[2m:34:14)\u001b[22m\u001b[2m\u001b[22m\n\u001b[2m      \u001b[2mat Object.obj.<computed> [as post] (\u001b[22m\u001b[2m../node_modules/supertest/index.js\u001b[2m:43:18)\u001b[22m\u001b[2m\u001b[22m\n\u001b[2m      \u001b[2mat Object.post (\u001b[22m\u001b[2m\u001b[0m\u001b[36mtests/security/api_coverage_and_rbac.test.js\u001b[39m\u001b[0m\u001b[2m:51:24)\u001b[22m\u001b[2m\u001b[22m\n\n\u001b[1m\u001b[31m  \u001b[1m● \u001b[22m\u001b[1m🛡️ Comprehensive Backend API & RBAC Verification › 🍱 Module: Meals\u001b[39m\u001b[22m\n\n    TypeError: Cannot read properties of undefined (reading 'address')\n\u001b[2m\u001b[22m\n\u001b[2m    \u001b[0m \u001b[90m 49 |\u001b[39m\u001b[22m\n\u001b[2m     \u001b[90m 50 |\u001b[39m     addStep(\u001b[32m'Initializing test environment.'\u001b[39m)\u001b[33m;\u001b[39m\u001b[22m\n\u001b[2m    \u001b[31m\u001b[1m>\u001b[22m\u001b[2m\u001b[39m\u001b[90m 51 |\u001b[39m     \u001b[36mawait\u001b[39m request(app)\u001b[33m.\u001b[39mpost(\u001b[32m'/api/auth/register'\u001b[39m)\u001b[33m.\u001b[39msend({\u001b[22m\n\u001b[2m     \u001b[90m    |\u001b[39m                        \u001b[31m\u001b[1m^\u001b[22m\u001b[2m\u001b[39m\u001b[22m\n\u001b[2m     \u001b[90m 52 |\u001b[39m       householdName\u001b[33m:\u001b[39m \u001b[32m'Sync House'\u001b[39m\u001b[33m,\u001b[39m\u001b[22m\n\u001b[2m     \u001b[90m 53 |\u001b[39m       email\u001b[33m:\u001b[39m testData\u001b[33m.\u001b[39madmin\u001b[33m.\u001b[39memail\u001b[33m,\u001b[39m\u001b[22m\n\u001b[2m     \u001b[90m 54 |\u001b[39m       password\u001b[33m:\u001b[39m testData\u001b[33m.\u001b[39madmin\u001b[33m.\u001b[39mpassword\u001b[33m,\u001b[39m\u001b[0m\u001b[22m\n\u001b[2m\u001b[22m\n\u001b[2m      \u001b[2mat Test.serverAddress (\u001b[22m\u001b[2m../node_modules/supertest/lib/test.js\u001b[2m:46:22)\u001b[22m\u001b[2m\u001b[22m\n\u001b[2m      \u001b[2mat new Test (\u001b[22m\u001b[2m../node_modules/supertest/lib/test.js\u001b[2m:34:14)\u001b[22m\u001b[2m\u001b[22m\n\u001b[2m      \u001b[2mat Obje
[...]
      }
    },
    {
      "leaks": false,
      "numFailingTests": 1,
      "numPassingTests": 0,
      "numPendingTests": 0,
      "numTodoTests": 0,
      "openHandles": [],
      "perfStats": {
        "end": 1771875461928,
        "runtime": 202,
        "slow": false,
        "start": 1771875461726
      },
      "skipped": false,
      "snapshot": {
        "added": 0,
        "fileDeleted": false,
        "matched": 0,
        "unchecked": 0,
        "uncheckedKeys": [],
        "unmatched": 0,
        "updated": 0
      },
      "testFilePath": "/home/matt/household-project/server/tests/routes/export.spec.js",
      "testResults": [
        {
          "ancestorTitles": [
            "Export Route"
          ],
          "duration": 1,
          "failureDetails": [
            {}
          ],
          "failureMessages": [
            "TypeError: Cannot read properties of undefined (reading 'address')\n    at Test.serverAddress (/home/matt/household-project/node_modules/supertest/lib/test.js:46:22)\n    at new Test (/home/matt/household-project/node_modules/supertest/lib/test.js:34:14)\n    at Object.obj.<computed> [as post] (/home/matt/household-project/node_modules/supertest/index.js:43:18)\n    at post (/home/matt/household-project/server/tests/utils.js:10:6)\n    at Object.seedHousehold (/home/matt/household-project/server/tests/routes/export.spec.js:12:23)\n    at Promise.then.completed (/home/matt/household-project/node_modules/jest-circus/build/utils.js:298:28)\n    at new Promise (<anonymous>)\n    at callAsyncCircusFn (/home/matt/household-project/node_modules/jest-circus/build/utils.js:231:10)\n    at _callCircusHook (/home/matt/household-project/node_modules/jest-circus/build/run.js:281:40)\n    at _runTestsForDescribeBlock (/home/matt/household-project/node_modules/jest-circus/build/run.js:95:7)\n    at _runTestsForDescribeBlock (/home/matt/household-project/node_modules/jest-circus/build/run.js:121:9)\n    at run (/home/matt/household-project/node_modules/jest-circus/build/run.js:71:3)\n    at runAndTransformResultsToJestFormat (/home/matt/household-project/node_modules/jest-circus/build/legacy-code-todo-rewrite/jestAdapterInit.js:122:21)\n    at jestAdapter (/home/matt/household-project/node_modules/jest-circus/build/legacy-code-todo-rewrite/jestAdapter.js:79:19)\n    at runTestInternal (/home/matt/household-project/node_modules/jest-runner/build/runTest.js:367:16)\n    at runTest (/home/matt/household-project/node_modules/jest-runner/build/runTest.js:444:34)"
          ],
          "fullName": "Export Route should export household data as JSON",
          "invocations": 1,
          "location": null,
          "numPassingAsserts": 0,
          "retryReasons": [],
          "status": "failed",
          "title": "should export household data as JSON"
        }
      ],
      "failureMessage": "\u001b[1m\u001b[31m  \u001b[1m● \u001b[22m\u001b[1mExport Route › should export household data as JSON\u001b[39m\u001b[22m\n\n    TypeError: Cannot read properties of undefined (reading 'address')\n\u001b[2m\u001b[22m\n\u001b[2m    \u001b[0m \u001b[90m  8 |\u001b[39m\u001b[22m\n\u001b[2m     \u001b[90m  9 |\u001b[39m   \u001b[36mconst\u001b[39m regRes \u001b[33m=\u001b[39m \u001b[36mawait\u001b[39m request(app)\u001b[22m\n\u001b[2m    \u001b[31m\u001b[1m>\u001b[22m\u001b[2m\u001b[39m\u001b[90m 10 |\u001b[39m     \u001b[33m.\u001b[39mpost(\u001b[32m'/api/auth/register'\u001b[39m)\u001b[22m\n\u001b[2m     \u001b[90m    |\u001b[39m      \u001b[31m\u001b[1m^\u001b[22m\u001b[2m\u001b[39m\u001b[22m\n\u001b[2m     \u001b[90m 11 |\u001b[39m     \u001b[33m.\u001b[39msend({ householdName\u001b[33m:\u001b[39m name\u001b[33m,\u001b[39m email\u001b[33m,\u001b[39m password\u001b[33m,\u001b[39m is_test\u001b[33m:\u001b[39m \u001b[35m1\u001b[39m })\u001b[33m;\u001b[39m\u001b[22m\n\u001b[2m     \u001b[90m 12 |\u001b[39m\u001b[22m\n\u001b[2m     \u001b[90m 13 |\u001b[39m   \u001b[36mif\u001b[39m (regRes\u001b[33m.\u001b[39mstatus \u001b[33m!==\u001b[39m \u001b[35m201\u001b[39m) {\u001b[0m\u001b[22m\n\u001b[2m\u001b[22m\n\u001b[2m      \u001b[2mat Test.serverAddress (\u001b[22m\u001b[2m../node_modules/supertest/lib/test.js\u001b[2m:46:22)\u001b[22m\u001b[2m\u001b[22m\n\u001b[2m      \u001b[2mat new Test (\u001b[22m\u001b[2m../node_modules/supertest/lib/test.js\u001b[2m:34:14)\u001b[22m\u001b[2m\u001b[22m\n\u001b[2m      \u001b[2mat Object.obj.<computed> [as post] (\u001b[22m\u001b[2m../node_modules/supertest/index.js\u001b[2m:43:18)\u001b[22m\u001b[2m\u001b[22m\n\u001b[2m      \u001b[2mat post (\u001b[22m\u001b[2mtests/utils.js\u001b[2m:10:6)\u001b[22m\u001b[2m\u001b[22m\n\u001b[2m      \u001b[2mat Object.seedHousehold (\u001b[22m\u001b[2m\u001b[0m\u001b[36mtests/routes/export.spec.js\u001b[39m\u001b[0m\u001b[2m:12:23)\u001b[22m\u001b[2m\u001b[22m\n\n\n  \u001b[1m● \u001b[22mTest suite failed to run\n\n    TypeError: Cannot read properties of undefined (reading 'id')\n\n    \u001b[0m \u001b[90m 30 |\u001b[39m   afterAll(\u001b[36masync\u001b[39m () \u001b[33m=>\u001b[39m {\n     \u001b[90m 31 |\u001b[39m     \u001b[90m// Clean up the test household\u001b[39m\n    \u001b[31m\u001b[1m>\u001b[22m\u001b[39m\u001b[90m 32 |\u001b[39m     \u001b[36mawait\u001b[39m dbRun(globalDb\u001b[33m,\u001b[39m \u001b[32m'DELETE FROM households WHERE id = ?'\u001b[39m\u001b[33m,\u001b[39m [household\u001b[33m.\u001b[39mid])\u001b[33m;\u001b[39m\n     \u001b[90m    |\u001b[39m                                                                             \u001b[31m\u001b[1m^\u001b[22m\u001b[39m\n     \u001b[90m 33 |\u001b[39m     \u001b[36mawait\u001b[39m dbRun(globalDb\u001b[33m,\u001b[39m \u001b[32m'DELETE FROM users WHERE email = ?'\u001b[39m\u001b[33m,\u001b[39m [household\u001b[33m.\u001b[39madminEmail])\u001b[33m;\u001b[39m\n     \u001b[90m 34 |\u001b[39m     \u001b[36mtry\u001b[39m {\n     \u001b[90m 35 |\u001b[39m       \u001b[36mconst\u001b[39m hhDb \u001b[33m=\u001b[39m getHouseholdDb(household\u001b[33m.\u001b[39mid)\u001b[33m;\u001b[39m\u001b[0m\n\n      \u001b[2mat Object.id (\u001b[22m\u001b[0m\u001b[36mtests/routes/export.spec.js\u001b[39m\u001b[0m\u001b[2m:32:77)\u001b[22m\n",
      "testExecError": {
        "message": "",
        "stack": "TypeError: Cannot read properties of undefined (reading 'id')\n    at Object.id (/home/matt/household-project/server/tests/routes/export.spec.js:32:77)\n    at Promise.then.completed (/home/matt/household-project/node_modules/jest-circus/build/utils.js:298:28)\n    at new Promise (<anonymous>)\n    at callAsyncCircusFn (/home/matt/household-project/node_modules/jest-circus/build/utils.js:231:10)\n    at _callCircusHook (/home/matt/household-project/node_modules/jest-circus/build/run.js:281:40)\n    at _runTestsForDescribeBlock (/home/matt/household-project/node_modules/jest-circus/build/run.js:154:7)\n    at _runTestsForDescribeBlock (/home/matt/household-project/node_modules/jest-circus/build/run.js:121:9)\n    at run (/home/matt/household-project/node_modules/jest-circus/build/run.js:71:3)\n    at runAndTransformResultsToJestFormat (/home/matt/household-project/node_modules/jest-circus/build/legacy-code-todo-rewrite/jestAdapterInit.js:122:21)\n    at jestAdapter (/home/matt/household-project/node_modules/jest-circus/build/legacy-code-todo-rewrite/jestAdapter.js:79:19)\n    at runTestInternal (/home/matt/household-project/node_modules/jest-runner/build/runTest.js:367:16)\n    at runTest (/home/matt/household-project/node_modules/jest-runner/build/runTest.js:444:34)"
      }
    },
    {
      "leaks": false,
      "numFailingTests": 1,
      "numPassingTests": 0,
      "numPendingTests": 0,
      "numTodoTests": 0,
      "openHandles": [],
      "perfStats": {
        "end": 1771875462142,
        "runtime": 196,
        "slow": false,
        "start": 1771875461946
      },
      "skipped": false,
      "snapshot": {
        "added": 0,
        "fileDeleted": false,
        "matched": 0,
        "unchecked": 0,
        "uncheckedKeys": [],
        "unmatched": 0,
        "updated": 0
      },
      "testFilePath": "/home/matt/household-project/server/tests/performance/concurrency.test.js",
      "testResults": [
        {
          "ancestorTitles": [
            "⚡ SQLite Concurrency Stress"
          ],
          "duration": 0,
          "failureDetails": [
            {}
          ],
          "failureMessages": [
            "TypeError: Cannot read properties of undefined (reading 'address')\n    at Test.serverAddress (/home/matt/household-project/node_modules/supertest/lib/test.js:46:22)\n    at new Test (/home/matt/household-project/node_modules/supertest/lib/test.js:34:14)\n    at Object.obj.<computed> [as post] (/home/matt/household-project/node_modules/supertest/index.js:43:18)\n    at Object.post (/home/matt/household-project/server/tests/performance/concurrency.test.js:15:8)\n    at Promise.then.completed (/home/matt/household-project/node_modules/jest-circus/build/utils.js:298:28)\n    at new Promise (<anonymous>)\n    at callAsyncCircusFn (/home/matt/household-project/node_modules/jest-circus/build/utils.js:231:10)\n    at _callCircusHook (/home/matt/household-project/node_modules/jest-circus/build/run.js:281:40)\n    at _runTestsForDescribeBlock (/home/matt/household-project/node_modules/jest-circus/build/run.js:95:7)\n    at _runTestsForDescribeBlock (/home/matt/household-project/node_modules/jest-circus/build/run.js:121:9)\n    at run (/home/matt/household-project/node_modules/jest-circus/build/run.js:71:3)\n    at runAndTransformResultsToJestFormat (/home/matt/household-project/node_modules/jest-circus/build/legacy-code-todo-rewrite/jestAdapterInit.js:122:21)\n    at jestAdapter (/home/matt/household-project/node_modules/jest-circus/build/legacy-code-todo-rewrite/jestAdapter.js:79:19)\n    at runTestInternal (/home/matt/household-project/node_modules/jest-runner/build/runTest.js:367:16)\n    at runTest (/home/matt/household-project/node_modules/jest-runner/build/runTest.js:444:34)"
          ],
          "fullName": "⚡ SQLite Concurrency Stress 🧬 WAL Mode Concurrency (20 Parallel Writes)",
          "invocations": 1,
          "location": null,
          "numPassingAsserts": 0,
          "retryReasons": [],
          "status": "failed",
          "title": "🧬 WAL Mode Concurrency (20 Parallel Writes)"
        }
      ],
      "failureMessage": "\u001b[1m\u001b[31m  \u001b[1m● \u001b[22m\u001b[1m⚡ SQLite Concurrency Stress › 🧬 WAL Mode Concurrency (20 Parallel Writes)\u001b[39m\u001b[22m\n\n    TypeError: Cannot read properties of undefined (reading 'address')\n\u001b[2m\u001b[22m\n\u001b[2m    \u001b[0m \u001b[90m 13 |\u001b[39m   beforeAll(\u001b[36masync\u001b[39m () \u001b[33m=>\u001b[39m {\u001b[22m\n\u001b[2m     \u001b[90m 14 |\u001b[39m     \u001b[36mawait\u001b[39m request(app)\u001b[22m\n\u001b[2m    \u001b[31m\u001b[1m>\u001b[22m\u001b[2m\u001b[39m\u001b[90m 15 |\u001b[39m       \u001b[33m.\u001b[39mpost(\u001b[32m'/api/auth/register'\u001b[39m)\u001b[22m\n\u001b[2m     \u001b[90m    |\u001b[39m        \u001b[31m\u001b[1m^\u001b[22m\u001b[2m\u001b[39m\u001b[22m\n\u001b[2m     \u001b[90m 16 |\u001b[39m       \u001b[33m.\u001b[39m\u001b[36mset\u001b[39m(\u001b[32m'x-bypass-maintenance'\u001b[39m\u001b[33m,\u001b[39m \u001b[32m'true'\u001b[39m)\u001b[22m\n\u001b[2m     \u001b[90m 17 |\u001b[39m       \u001b[33m.\u001b[39msend({ householdName\u001b[33m:\u001b[39m \u001b[32m'Stress Test'\u001b[39m\u001b[33m,\u001b[39m email\u001b[33m:\u001b[39m \u001b[33mADMIN_EMAIL\u001b[39m\u001b[33m,\u001b[39m password\u001b[33m:\u001b[39m \u001b[33mPASSWORD\u001b[39m\u001b[33m,\u001b[39m is_test\u001b[33m:\u001b[39m \u001b[35m1\u001b[39m })\u001b[33m;\u001b[39m\u001b[22m\n\u001b[2m     \u001b[90m 18 |\u001b[39m     \u001b[36mconst\u001b[39m login \u001b[33m=\u001b[39m \u001b[36mawait\u001b[39m request(app)\u001b[0m\u001b[22m\n\u001b[2m\u001b[22m\n\u001b[2m      \u001b[2mat Test.serverAddress (\u001b[22m\u001b[2m../node_modules/supertest/lib/test.js\u001b[2m:46:22)\u001b[22m\u001b[2m\u001b[22m\n\u001b[2m      \u001b[2mat new Test (\u001b[22m\u001b[2m../node_modules/supertest/lib/test.js\u001b[2m:34:14)\u001b[22m\u001b[2m\u001b[22m\n\u001b[2m      \u001b[2mat Object.obj.<computed> [as post] (\u001b[22m\u001b[2m../node_modules/supertest/index.js\u001b[2m:43:18)\u001b[22m\u001b[2m\u001b[22m\n\u001b[2m      \u001b[2mat Object.post (\u001b[22m\u001b[2m\u001b[0m\u001b[36mtests/performance/concurrency.test.js\u001b[39m\u001b[0m\u001b[2m:15:8)\u001b[22m\u001b[2m\u001b[22m\n"
    },
    {
      "leaks": false,
      "numFailingTests": 0,
      "numPassingTests": 2,
      "numPendingTests": 0,
      "numTodoTests": 0,
      "openHandles": [],
      "perfStats": {
        "end": 1771875462525,
        "runtime": 378,
        "slow": false,
        "start": 1771875462147
      },
      "skipped": false,
      "snapshot": {
        "added": 0,
        "fileDeleted": false,
        "matched": 0,
        "unchecked": 0,
        "uncheckedKeys": [],
        "unmatched": 0,
        "updated": 0
      },
      "testFilePath": "/home/matt/household-project/server/tests/services/queue.test.js",
      "testResults": [
        {
          "ancestorTitles": [
            "Background Job Queue (BullMQ)"
          ],
          "duration": 68,
          "failureDetails": [],
          "failureMessages": [],
          "fullName": "Background Job Queue (BullMQ) should add a job to the queue",
          "invocations": 1,
          "location": null,
          "numPassingAsserts": 3,
          "retryReasons": [],
          "status": "passed",
          "title": "should add a job to the queue"
        },
        {
          "ancestorTitles": [
            "Background Job Queue (BullMQ)"
          ],
          "duration": 3,
          "failureDetails": [],
          "failureMessages": [],
          "fullName": "Background Job Queue (BullMQ) should handle jobs without householdId with a warning",
          "invocations": 1,
          "location": null,
          "numPassingAsserts": 1,
          "retryReasons": [],
          "status": "passed",
          "title": "should handle jobs without householdId with a warning"
        }
      ],
      "failureMessage": null
    },
    {
      "leaks": false,
      "numFailingTests": 0,
      "numPassingTests": 2,
      "numPendingTests": 0,
      "numTodoTests": 0,
      "openHandles": [],
      "perfStats": {
        "end": 1771875462885,
        "runtime": 356,
        "slow": false,
        "start": 1771875462529
      },
      "skipped": false,
      "snapshot": {
        "added": 0,
        "fileDeleted": false,
        "matched": 0,
        "unchecked": 0,
        "uncheckedKeys": [],
        "unmatched": 0,
        "updated": 0
      },
      "testFilePath": "/home/matt/household-project/server/tests/services/storage.test.js",
      "testResults": [
        {
          "ancestorTitles": [
            "File Storage Service (Local Driver)"
          ],
          "duration": 23,
          "failureDetails": [],
          "failureMessages": [],
          "fullName": "File Storage Service (Local Driver) should upload a file to the local filesystem",
          "invocations": 1,
          "location": null,
          "numPassingAsserts": 3,
          "retryReasons": [],
          "status": "passed",
          "title": "should upload a file to the local filesystem"
        },
        {
          "ancestorTitles": [
            "File Storage Service (Local Driver)"
          ],
          "duration": 2,
          "failureDetails": [],
          "failureMessages": [],
          "fullName": "File Storage Service (Local Driver) should delete a file from the local filesystem",
          "invocations": 1,
          "location": null,
          "numPassingAsserts": 1,
          "retryReasons": [],
          "status": "passed",
          "title": "should delete a file from the local filesystem"
        }
      ],
      "failureMessage": null
    },
    {
      "leaks": false,
      "numFailingTests": 0,
      "numPassingTests": 2,
      "numPendingTests": 0,
      "numTodoTests": 0,
      "openHandles": [],
      "perfStats": {
        "end": 1771875463149,
        "runtime": 259,
        "slow": false,
        "start": 1771875462890
      },
      "skipped": false,
      "snapshot": {
        "added": 0,
        "fileDeleted": false,
        "matched": 0,
        "unchecked": 0,
        "uncheckedKeys": [],
        "unmatched": 0,
        "updated": 0
      },
      "testFilePath": "/home/matt/household-project/server/tests/security/rate_limiting.test.js",
      "testResults": [
        {
          "ancestorTitles": [
            "API Rate Limiting Middleware"
          ],
          "duration": 72,
          "failureDetails": [],
          "failureMessages": [],
          "fullName": "API Rate Limiting Middleware should block auth requests after too many attempts",
          "invocations": 1,
          "location": null,
          "numPassingAsserts": 1,
          "retryReasons": [],
          "status": "passed",
          "title": "should block auth requests after too many attempts"
        },
        {
          "ancestorTitles": [
            "API Rate Limiting Middleware"
          ],
          "duration": 34,
          "failureDetails": [],
          "failureMessages": [],
          "fullName": "API Rate Limiting Middleware should bypass limit when bypass header is present",
          "invocations": 1,
          "location": null,
          "numPassingAsserts": 1,
          "retryReasons": [],
          "status": "passed",
          "title": "should bypass limit when bypass header is present"
        }
      ],
      "failureMessage": null
    },
    {
      "leaks": false,
      "numFailingTests": 0,
      "numPassingTests": 3,
      "numPendingTests": 0,
      "numTodoTests": 0,
      "openHandles": [],
      "perfStats": {
        "end": 1771875463213,
        "runtime": 59,
        "slow": false,
        "start": 1771875463154
      },
      "skipped": false,
      "snapshot": {
        "added": 0,
        "fileDeleted": false,
        "matched": 0,
        "unchecked": 0,
        "uncheckedKeys": [],
        "unmatched": 0,
        "updated": 0
      },
      "testFilePath": "/home/matt/household-project/server/tests/performance/smoke.test.js",
      "testResults": [
        {
          "ancestorTitles": [
            "Frontend Build Smoke Test"
          ],
          "duration": 1,
          "failureDetails": [],
          "failureMessages": [],
          "fullName": "Frontend Build Smoke Test index.html should exist after build",
          "invocations": 1,
          "location": null,
          "numPassingAsserts": 1,
          "retryReasons": [],
          "status": "passed",
          "title": "index.html should exist after build"
        },
        {
          "ancestorTitles": [
            "Frontend Build Smoke Test"
          ],
          "duration": 2,
          "failureDetails": [],
          "failureMessages": [],
          "fullName": "Frontend Build Smoke Test index.html should contain root div",
          "invocations": 1,
          "location": null,
          "numPassingAsserts": 1,
          "retryReasons": [],
          "status": "passed",
          "title": "index.html should contain root div"
        },
        {
          "ancestorTitles": [
            "Frontend Build Smoke Test"
          ],
          "duration": 1,
          "failureDetails": [],
          "failureMessages": [],
          "fullName": "Frontend Build Smoke Test JS bundle should be referenced",
          "invocations": 1,
          "location": null,
          "numPassingAsserts": 1,
          "retryReasons": [],
          "status": "passed",
          "title": "JS bundle should be referenced"
        }
      ],
      "failureMessage": null
    }
  ],
  "wasInterrupted": false
}