{
  "numFailedTestSuites": 1,
  "numFailedTests": 3,
  "numPassedTestSuites": 5,
  "numPassedTests": 19,
  "numPendingTestSuites": 0,
  "numPendingTests": 0,
  "numRuntimeErrorTestSuites": 0,
  "numTodoTests": 0,
  "numTotalTestSuites": 6,
  "numTotalTests": 22,
  "openHandles": [],
  "snapshot": {
    "added": 0,
    "didUpdate": false,
    "failure": false,
    "filesAdded": 0,
    "filesRemoved": 0,
    "filesRemovedList": [],
    "filesUnmatched": 0,
    "filesUpdated": 0,
    "matched": 0,
    "total": 0,
    "unchecked": 0,
    "uncheckedKeysByFile": [],
    "unmatched": 0,
    "updated": 0
  },
  "startTime": 1769973541440,
  "success": false,
  "testResults": [
    {
      "leaks": false,
      "numFailingTests": 3,
      "numPassingTests": 3,
      "numPendingTests": 0,
      "numTodoTests": 0,
      "openHandles": [],
      "perfStats": {
        "end": 1769973546080,
        "runtime": 4499,
        "slow": false,
        "start": 1769973541581
      },
      "skipped": false,
      "snapshot": {
        "added": 0,
        "fileDeleted": false,
        "matched": 0,
        "unchecked": 0,
        "uncheckedKeys": [],
        "unmatched": 0,
        "updated": 0
      },
      "testFilePath": "/home/matt/household-project/server/tests/security/api_coverage_and_rbac.test.js",
      "testResults": [
        {
          "ancestorTitles": [
            "🛡️ Comprehensive Backend API & RBAC Verification"
          ],
          "duration": 18,
          "failureDetails": [],
          "failureMessages": [],
          "fullName": "🛡️ Comprehensive Backend API & RBAC Verification 🔑 Authentication Profile",
          "invocations": 1,
          "location": null,
          "numPassingAsserts": 2,
          "retryReasons": [],
          "status": "passed",
          "title": "🔑 Authentication Profile"
        },
        {
          "ancestorTitles": [
            "🛡️ Comprehensive Backend API & RBAC Verification"
          ],
          "duration": 958,
          "failureDetails": [],
          "failureMessages": [],
          "fullName": "🛡️ Comprehensive Backend API & RBAC Verification 🔄 Module: Recurring Costs (Consolidated)",
          "invocations": 1,
          "location": null,
          "numPassingAsserts": 8,
          "retryReasons": [],
          "status": "passed",
          "title": "🔄 Module: Recurring Costs (Consolidated)"
        },
        {
          "ancestorTitles": [
            "🛡️ Comprehensive Backend API & RBAC Verification"
          ],
          "duration": 578,
          "failureDetails": [
            {
              "matcherResult": {
                "message": "\u001b[2mexpect(\u001b[22m\u001b[31mreceived\u001b[39m\u001b[2m).\u001b[22mtoContain\u001b[2m(\u001b[22m\u001b[32mexpected\u001b[39m\u001b[2m) // indexOf\u001b[22m\n\nExpected value: \u001b[32m\"PUT /households/{id}/members/{itemId}\"\u001b[39m\nReceived array: \u001b[31m[\"POST /auth/register\", \"POST /auth/login\", \"GET /auth/profile\", \"PUT /auth/profile\", \"POST /households\", \"GET /households/{id}\", \"PUT /households/{id}\", \"GET /households/{id}/members\", \"POST /households/{id}/members\", \"GET /households/{id}/vehicles\", …]\u001b[39m",
                "pass": false
              }
            }
          ],
          "failureMessages": [
            "Error: \u001b[2mexpect(\u001b[22m\u001b[31mreceived\u001b[39m\u001b[2m).\u001b[22mtoContain\u001b[2m(\u001b[22m\u001b[32mexpected\u001b[39m\u001b[2m) // indexOf\u001b[22m\n\nExpected value: \u001b[32m\"PUT /households/{id}/members/{itemId}\"\u001b[39m\nReceived array: \u001b[31m[\"POST /auth/register\", \"POST /auth/login\", \"GET /auth/profile\", \"PUT /auth/profile\", \"POST /households\", \"GET /households/{id}\", \"PUT /households/{id}\", \"GET /households/{id}/members\", \"POST /households/{id}/members\", \"GET /households/{id}/vehicles\", …]\u001b[39m\n    at toContain (/home/matt/household-project/server/tests/security/api_coverage_and_rbac.test.js:135:34)\n    at processTicksAndRejections (node:internal/process/task_queues:95:5)\n    at Object.<anonymous> (/home/matt/household-project/server/tests/security/api_coverage_and_rbac.test.js:165:43)"
          ],
          "fullName": "🛡️ Comprehensive Backend API & RBAC Verification 👥 Module: People",
          "invocations": 1,
          "location": null,
          "numPassingAsserts": 4,
          "retryReasons": [],
          "status": "failed",
          "title": "👥 Module: People"
        },
        {
          "ancestorTitles": [
            "🛡️ Comprehensive Backend API & RBAC Verification"
          ],
          "duration": 302,
          "failureDetails": [
            {
              "matcherResult": {
                "message": "\u001b[2mexpect(\u001b[22m\u001b[31mreceived\u001b[39m\u001b[2m).\u001b[22mtoContain\u001b[2m(\u001b[22m\u001b[32mexpected\u001b[39m\u001b[2m) // indexOf\u001b[22m\n\nExpected value: \u001b[32m\"PUT /households/{id}/vehicles/{itemId}\"\u001b[39m\nReceived array: \u001b[31m[\"POST /auth/register\", \"POST /auth/login\", \"GET /auth/profile\", \"PUT /auth/profile\", \"POST /households\", \"GET /households/{id}\", \"PUT /households/{id}\", \"GET /households/{id}/members\", \"POST /households/{id}/members\", \"GET /households/{id}/vehicles\", …]\u001b[39m",
                "pass": false
              }
            }
          ],
          "failureMessages": [
            "Error: \u001b[2mexpect(\u001b[22m\u001b[31mreceived\u001b[39m\u001b[2m).\u001b[22mtoContain\u001b[2m(\u001b[22m\u001b[32mexpected\u001b[39m\u001b[2m) // indexOf\u001b[22m\n\nExpected value: \u001b[32m\"PUT /households/{id}/vehicles/{itemId}\"\u001b[39m\nReceived array: \u001b[31m[\"POST /auth/register\", \"POST /auth/login\", \"GET /auth/profile\", \"PUT /auth/profile\", \"POST /households\", \"GET /households/{id}\", \"PUT /households/{id}\", \"GET /households/{id}/members\", \"POST /households/{id}/members\", \"GET /households/{id}/vehicles\", …]\u001b[39m\n    at toContain (/home/matt/household-project/server/tests/security/api_coverage_and_rbac.test.js:135:34)\n    at processTicksAndRejections (node:internal/process/task_queues:95:5)\n    at Object.<anonymous> (/home/matt/household-project/server/tests/security/api_coverage_and_rbac.test.js:166:45)"
          ],
          "fullName": "🛡️ Comprehensive Backend API & RBAC Verification 🚗 Module: Vehicles",
          "invocations": 1,
          "location": null,
          "numPassingAsserts": 4,
          "retryReasons": [],
          "status": "failed",
          "title": "🚗 Module: Vehicles"
        },
        {
          "ancestorTitles": [
            "🛡️ Comprehensive Backend API & RBAC Verification"
          ],
          "duration": 299,
          "failureDetails": [
            {
              "matcherResult": {
                "message": "\u001b[2mexpect(\u001b[22m\u001b[31mreceived\u001b[39m\u001b[2m).\u001b[22mtoContain\u001b[2m(\u001b[22m\u001b[32mexpected\u001b[39m\u001b[2m) // indexOf\u001b[22m\n\nExpected value: \u001b[32m\"PUT /households/{id}/finance/income/{itemId}\"\u001b[39m\nReceived array: \u001b[31m[\"POST /auth/register\", \"POST /auth/login\", \"GET /auth/profile\", \"PUT /auth/profile\", \"POST /households\", \"GET /households/{id}\", \"PUT /households/{id}\", \"GET /households/{id}/members\", \"POST /households/{id}/members\", \"GET /households/{id}/vehicles\", …]\u001b[39m",
                "pass": false
              }
            }
          ],
          "failureMessages": [
            "Error: \u001b[2mexpect(\u001b[22m\u001b[31mreceived\u001b[39m\u001b[2m).\u001b[22mtoContain\u001b[2m(\u001b[22m\u001b[32mexpected\u001b[39m\u001b[2m) // indexOf\u001b[22m\n\nExpected value: \u001b[32m\"PUT /households/{id}/finance/income/{itemId}\"\u001b[39m\nReceived array: \u001b[31m[\"POST /auth/register\", \"POST /auth/login\", \"GET /auth/profile\", \"PUT /auth/profile\", \"POST /households\", \"GET /households/{id}\", \"PUT /households/{id}\", \"GET /households/{id}/members\", \"POST /households/{id}/members\", \"GET /households/{id}/vehicles\", …]\u001b[39m\n    at toContain (/home/matt/household-project/server/tests/security/api_coverage_and_rbac.test.js:135:34)\n    at processTicksAndRejections (node:internal/process/task_queues:95:5)\n    at Object.<anonymous> (/home/matt/household-project/server/tests/security/api_coverage_and_rbac.test.js:169:9)"
          ],
          "fullName": "🛡️ Comprehensive Backend API & RBAC Verification 💰 Module: Finance (Core)",
          "invocations": 1,
          "location": null,
          "numPassingAsserts": 4,
          "retryReasons": [],
          "status": "failed",
          "title": "💰 Module: Finance (Core)"
        },
        {
          "ancestorTitles": [
            "🛡️ Comprehensive Backend API & RBAC Verification"
          ],
          "duration": 21,
          "failureDetails": [],
          "failureMessages": [],
          "fullName": "🛡️ Comprehensive Backend API & RBAC Verification 🍱 Module: Meals",
          "invocations": 1,
          "location": null,
          "numPassingAsserts": 2,
          "retryReasons": [],
          "status": "passed",
          "title": "🍱 Module: Meals"
        }
      ],
      "failureMessage": "\u001b[1m\u001b[31m  \u001b[1m● \u001b[22m\u001b[1m🛡️ Comprehensive Backend API & RBAC Verification › 👥 Module: People\u001b[39m\u001b[22m\n\n    \u001b[2mexpect(\u001b[22m\u001b[31mreceived\u001b[39m\u001b[2m).\u001b[22mtoContain\u001b[2m(\u001b[22m\u001b[32mexpected\u001b[39m\u001b[2m) // indexOf\u001b[22m\n\n    Expected value: \u001b[32m\"PUT /households/{id}/members/{itemId}\"\u001b[39m\n    Received array: \u001b[31m[\"POST /auth/register\", \"POST /auth/login\", \"GET /auth/profile\", \"PUT /auth/profile\", \"POST /households\", \"GET /households/{id}\", \"PUT /households/{id}\", \"GET /households/{id}/members\", \"POST /households/{id}/members\", \"GET /households/{id}/vehicles\", …]\u001b[39m\n\u001b[2m\u001b[22m\n\u001b[2m    \u001b[0m \u001b[90m 133 |\u001b[39m             \u001b[90m// 4. UPDATE\u001b[39m\u001b[22m\n\u001b[2m     \u001b[90m 134 |\u001b[39m             testedEndpoints\u001b[33m.\u001b[39madd(endpoints\u001b[33m.\u001b[39mupdate)\u001b[33m;\u001b[39m\u001b[22m\n\u001b[2m    \u001b[31m\u001b[1m>\u001b[22m\u001b[2m\u001b[39m\u001b[90m 135 |\u001b[39m             expect(swaggerPaths)\u001b[33m.\u001b[39mtoContain(endpoints\u001b[33m.\u001b[39mupdate)\u001b[33m;\u001b[39m \u001b[22m\n\u001b[2m     \u001b[90m     |\u001b[39m                                  \u001b[31m\u001b[1m^\u001b[22m\u001b[2m\u001b[39m\u001b[22m\n\u001b[2m     \u001b[90m 136 |\u001b[39m             \u001b[36mconst\u001b[39m uRes \u001b[33m=\u001b[39m \u001b[36mawait\u001b[39m request(app)\u001b[33m.\u001b[39mput(itemPath)\u001b[33m.\u001b[39m\u001b[36mset\u001b[39m(\u001b[32m'Authorization'\u001b[39m\u001b[33m,\u001b[39m \u001b[32m`Bearer ${tokens.member}`\u001b[39m)\u001b[33m.\u001b[39msend(updatePayload)\u001b[33m;\u001b[39m\u001b[22m\n\u001b[2m     \u001b[90m 137 |\u001b[39m             logResult(endpoints\u001b[33m.\u001b[39mupdate\u001b[33m,\u001b[39m uRes\u001b[33m.\u001b[39mstatus \u001b[33m===\u001b[39m \u001b[35m200\u001b[39m \u001b[33m?\u001b[39m \u001b[32m'PASS'\u001b[39m \u001b[33m:\u001b[39m \u001b[32m'FAIL'\u001b[39m\u001b[33m,\u001b[39m uRes)\u001b[33m;\u001b[39m\u001b[22m\n\u001b[2m     \u001b[90m 138 |\u001b[39m             expect(uRes\u001b[33m.\u001b[39mstatus)\u001b[33m.\u001b[39mtoBe(\u001b[35m200\u001b[39m)\u001b[33m;\u001b[39m\u001b[0m\u001b[22m\n\u001b[2m\u001b[22m\n\u001b[2m      \u001b[2mat toContain (\u001b[22m\u001b[2m\u001b[0m\u001b[36mtests/security/api_coverage_and_rbac.test.js\u001b[39m\u001b[0m\u001b[2m:135:34)\u001b[22m\u001b[2m\u001b[22m\n\u001b[2m      \u001b[2mat Object.<anonymous> (\u001b[22m\u001b[2m\u001b[0m\u001b[36mtests/security/api_coverage_and_rbac.test.js\u001b[39m\u001b[0m\u001b[2m:165:43)\u001b[22m\u001b[2m\u001b[22m\n\n\u001b[1m\u001b[31m  \u001b[1m● \u001b[22m\u001b[1m🛡️ Comprehensive Backend API & RBAC Verification › 🚗 Module: Vehicles\u001b[39m\u001b[22m\n\n    \u001b[2mexpect(\u001b[22m\u001b[31mreceived\u001b[39m\u001b[2m).\u001b[22mtoContain\u001b[2m(\u001b[22m\u001b[32mexpected\u001b[39m\u001b[2m) // indexOf\u001b[22m\n\n    Expected value: \u001b[32m\"PUT /households/{id}/vehicles/{itemId}\"\u001b[39m\n    Received array: \u001b[31m[\"POST /auth/register\", \"POST /auth/login\", \"GET /auth/profile\", \"PUT /auth/profile\", \"POST /households\", \"GET /households/{id}\", \"PUT /households/{id}\", \"GET /households/{id}/members\", \"POST /households/{id}/members\", \"GET /households/{id}/vehicles\", …]\u001b[39m\n\u001b[2m\u001b[22m\n\u001b[2m    \u001b[0m \u001b[90m 133 |\u001b[39m             \u001b[90m// 4. UPDATE\u001b[39m\u001b[22m\n\u001b[2m     \u001b[90m 134 |\u001b[39m             testedEndpoints\u001b[33m.\u001b[39madd(endpoints\u001b[33m.\u001b[39mupdate)\u001b[33m;\u001b[39m\u001b[22m\n\u001b[2m    \u001b[31m\u001b[1m>\u001b[22m\u001b[2m\u001b[39m\u001b[90m 135 |\u001b[39m             expect(swaggerPaths)\u001b[33m.\u001b[39mtoContain(endpoints\u001b[33m.\u001b[39mupdate)\u001b[33m;\u001b[39m \u001b[22m\n\u001b[2m     \u001b[90m     |\u001b[39m                                  \u001b[31m\u001b[1m^\u001b[22m\u001b[2m\u001b[39m\u001b[22m\n\u001b[2m     \u001b[90m 136 |\u001b[39m             \u001b[36mconst\u001b[39m uRes \u001b[33m=\u001b[39m \u001b[36mawait\u001b[39m request(app)\u001b[33m.\u001b[39mput(itemPath)\u001b[33m.\u001b[39m\u001b[36mset\u001b[39m(\u001b[32m'Authorization'\u001b[39m\u001b[33m,\u001b[39m \u001b[32m`Bearer ${tokens.member}`\u001b[39m)\u001b[33m.\u001b[39msend(updatePayload)\u001b[33m;\u001b[39m\u001b[22m\n\u001b[2m     \u001b[90m 137 |\u001b[39m             logResult(endpoints\u001b[33m.\u001b[39mupdate\u001b[33m,\u001b[39m uRes\u001b[33m.\u001b[39mstatus \u001b[33m===\u001b[39m \u001b[35m200\u001b[39m \u001b[33m?\u001b[39m \u001b[32m'PASS'\u001b[39m \u001b[33m:\u001b[39m \u001b[32m'FAIL'\u001b[39m\u001b[33m,\u001b[39m uRes)\u001b[33m;\u001b[39m\u001b[22m\n\u001b[2m     \u001b[90m 138 |\u001b[39m             expect(uRes\u001b[33m.\u001b[39mstatus)\u001b[33m.\u001b[39mtoBe(\u001b[35m200\u001b[39m)\u001b[33m;\u001b[39m\u001b[0m\u001b[22m\n\u001b[2m\u001b[22m\n\u001b[2m      \u001b[2mat toContain (\u001b[22m\u001b[2m\u001b[0m\u001b[36mtests/security/api_coverage_and_rbac.test.js\u001b[39m\u001b[0m\u001b[2m:135:34)\u001b[22m\u001b[2m\u001b[22m\n\u001b[2m      \u001b[2mat Object.<anonymous> (\u001b[22m\u001b[2m\u001b[0m\u001b[36mtests/security/api_coverage_and_rbac.test.js\u001b[39m\u001b[0m\u001b[2m:166:45)\u001b[22m\u001b[2m\u001b[22m\n\n\u001b[1m\u001b[31m  \u001b[1m● \u001b[22m\u001b[1m🛡️ Comprehensive Backend API & RBAC Verification › 💰 Module: Finance (Core)\u001b[39m\u001b[22m\n\n    \u001b[2mexpect(\u001b[22m\u001b[31mreceived\u001b[39m\u001b[2m).\u001b[22mtoContain\u001b[2m(\u001b[22m\u001b[32mexpected\u001b[39m\u001b[2m) // indexOf\u001b[22m\n\n    Expected value: \u001b[32m\"PUT /households/{id}/finance/income/{itemId}\"\u001b[39m\n    Received array: \u001b[31m[\"POST /auth/register\", \"POST /auth/login\", \"GET /auth/profile\", \"PUT /auth/profile\", \"POST /households\", \"GET /households/{id}\", \"PUT /households/{id}\", \"GET /households/{id}/members\", \"POST /households/{id}/members\", \"GET /households/{id}/vehicles\", …]\u001b[39m\n\u001b[2m\u001b[22m\n\u001b[2m    \u001b[0m \u001b[90m 133 |\u001b[39m             \u001b[90m// 4. UPDATE\u001b[39m\u001b[22m\n\u001b[2m     \u001b[90m 134 |\u001b[39m             testedEndpoints\u001b[33m.\u001b[39madd(endpoints\u001b[33m.\u001b[39mupdate)\u001b[33m;\u001b[39m\u001b[22m\n\u001b[2m    \u001b[31m\u001b[1m>\u001b[22m\u001b[2m\u001b[39m\u001b[90m 135 |\u001b[39m             expect(swaggerPaths)\u001b[33m.\u001b[39mtoContain(endpoints\u001b[33m.\u001b[39mupdate)\u001b[33m;\u001b[39m \u001b[22m\n\u001b[2m     \u001b[90m     |\u001b[39m                                  \u001b[31m\u001b[1m^\u001b[22m\u001b[2m\u001b[39m\u001b[22m\n\u001b[2m     \u001b[90m 136 |\u001b[39m             \u001b[36mconst\u001b[39m uRes \u001b[33m=\u001b[39m \u001b[36mawait\u001b[39m request(app)\u001b[33m.\u001b[39mput(itemPath)\u001b[33m.\u001b[39m\u001b[36mset\u001b[39m(\u001b[32m'Authorization'\u001b[39m\u001b[33m,\u001b[39m \u001b[32m`Bearer ${tokens.member}`\u001b[39m)\u001b[33m.\u001b[39msend(updatePayload)\u001b[33m;\u001b[39m\u001b[22m\n\u001b[2m     \u001b[90m 137 |\u001b[39m             logResult(endpoints\u001b[33m.\u001b[39mupdate\u001b[33m,\u001b[39m uRes\u001b[33m.\u001b[39mstatus \u001b[33m===\u001b[39m \u001b[35m200\u001b[39m \u001b[33m?\u001b[39m \u001b[32m'PASS'\u001b[39m \u001b[33m:\u001b[39m \u001b[32m'FAIL'\u001b[39m\u001b[33m,\u001b[39m uRes)\u001b[33m;\u001b[39m\u001b[22m\n\u001b[2m     \u001b[90m 138 |\u001b[39m             expect(uRes\u001b[33m.\u001b[39mstatus)\u001b[33m.\u001b[39mtoBe(\u001b[35m200\u001b[39m)\u001b[33m;\u001b[39m\u001b[0m\u001b[22m\n\u001b[2m\u001b[22m\n\u001b[2m      \u001b[2mat toContain (\u001b[22m\u001b[2m\u001b[0m\u001b[36mtests/security/api_coverage_and_rbac.test.js\u001b[39m\u001b[0m\u001b[2m:135:34)\u001b[22m\u001b[2m\u001b[22m\n\u001b[2m      \u001b[2mat Object.<anonymous> (\u001b[22m\u001b[2m\u001b[0m\u001b[36mtests/security/api_coverage_and_rbac.test.js\u001b[39m\u001b[0m\u001b[2m:169:9)\u001b[22m\u001b[2m\u001b[22m\n"
    },
    {
      "leaks": false,
      "numFailingTests": 0,
      "numPassingTests": 4,
      "numPendingTests": 0,
      "numTodoTests": 0,
      "openHandles": [],
      "perfStats": {
        "end": 1769973547798,
        "runtime": 1613,
        "slow": false,
        "start": 1769973546185
      },
      "skipped": false,
      "snapshot": {
        "added": 0,
        "fileDeleted": false,
        "matched": 0,
        "unchecked": 0,
        "uncheckedKeys": [],
        "unmatched": 0,
        "updated": 0
      },
      "testFilePath": "/home/matt/household-project/server/tests/security/advanced_integrity.test.js",
      "testResults": [
        {
          "ancestorTitles": [
            "🛡️ Advanced System Integrity & Security"
          ],
          "duration": 148,
          "failureDetails": [],
          "failureMessages": [],
          "fullName": "🛡️ Advanced System Integrity & Security 📅 Friday Rule: Creation with valid payload",
          "invocations": 1,
          "location": null,
          "numPassingAsserts": 1,
          "retryReasons": [],
          "status": "passed",
          "title": "📅 Friday Rule: Creation with valid payload"
        },
        {
          "ancestorTitles": [
            "🛡️ Advanced System Integrity & Security"
          ],
          "duration": 701,
          "failureDetails": [],
          "failureMessages": [],
          "fullName": "🛡️ Advanced System Integrity & Security ♻️ Idempotency: Duplicate creation check",
          "invocations": 1,
          "location": null,
          "numPassingAsserts": 2,
          "retryReasons": [],
          "status": "passed",
          "title": "♻️ Idempotency: Duplicate creation check"
        },
        {
          "ancestorTitles": [
            "🛡️ Advanced System Integrity & Security"
          ],
          "duration": 25,
          "failureDetails": [],
          "failureMessages": [],
          "fullName": "🛡️ Advanced System Integrity & Security 🛑 Security: Path Traversal prevention",
          "invocations": 1,
          "location": null,
          "numPassingAsserts": 3,
          "retryReasons": [],
          "status": "passed",
          "title": "🛑 Security: Path Traversal prevention"
        },
        {
          "ancestorTitles": [
            "🛡️ Advanced System Integrity & Security"
          ],
          "duration": 17,
          "failureDetails": [],
          "failureMessages": [],
          "fullName": "🛡️ Advanced System Integrity & Security 💾 Integrity: Backup Trigger",
          "invocations": 1,
          "location": null,
          "numPassingAsserts": 2,
          "retryReasons": [],
          "status": "passed",
          "title": "💾 Integrity: Backup Trigger"
        }
      ],
      "failureMessage": null
    },
    {
      "leaks": false,
      "numFailingTests": 0,
      "numPassingTests": 5,
      "numPendingTests": 0,
      "numTodoTests": 0,
      "openHandles": [],
      "perfStats": {
        "end": 1769973549161,
        "runtime": 1317,
        "slow": false,
        "start": 1769973547844
      },
      "skipped": false,
      "snapshot": {
        "added": 0,
        "fileDeleted": false,
        "matched": 0,
        "unchecked": 0,
        "uncheckedKeys": [],
        "unmatched": 0,
        "updated": 0
      },
      "testFilePath": "/home/matt/household-project/server/tests/performance/load.test.js",
      "testResults": [
        {
          "ancestorTitles": [
            "Performance & Speed Tests"
          ],
          "duration": 42,
          "failureDetails": [],
          "failureMessages": [],
          "fullName": "Performance & Speed Tests should measure login speed (Heavy Bcrypt)",
          "invocations": 1,
          "location": null,
          "numPassingAsserts": 1,
          "retryReasons": [],
          "status": "passed",
          "title": "should measure login speed (Heavy Bcrypt)"
        },
        {
          "ancestorTitles": [
            "Performance & Speed Tests"
          ],
          "duration": 192,
          "failureDetails": [],
          "failureMessages": [],
          "fullName": "Performance & Speed Tests should measure GET assets speed (Plain Read)",
          "invocations": 1,
          "location": null,
          "numPassingAsserts": 1,
          "retryReasons": [],
          "status": "passed",
          "title": "should measure GET assets speed (Plain Read)"
        },
        {
          "ancestorTitles": [
            "Performance & Speed Tests"
          ],
          "duration": 149,
          "failureDetails": [],
          "failureMessages": [],
          "fullName": "Performance & Speed Tests should measure GET finance savings speed (Decryption Overhead)",
          "invocations": 1,
          "location": null,
          "numPassingAsserts": 1,
          "retryReasons": [],
          "status": "passed",
          "title": "should measure GET finance savings speed (Decryption Overhead)"
        },
        {
          "ancestorTitles": [
            "Performance & Speed Tests"
          ],
          "duration": 47,
          "failureDetails": [],
          "failureMessages": [],
          "fullName": "Performance & Speed Tests should measure POST asset speed (Plain Write)",
          "invocations": 1,
          "location": null,
          "numPassingAsserts": 1,
          "retryReasons": [],
          "status": "passed",
          "title": "should measure POST asset speed (Plain Write)"
        },
        {
          "ancestorTitles": [
            "Performance & Speed Tests"
          ],
          "duration": 623,
          "failureDetails": [],
          "failureMessages": [],
          "fullName": "Performance & Speed Tests should handle \"Load\" (Concurrent requests)",
          "invocations": 1,
          "location": null,
          "numPassingAsserts": 1,
          "retryReasons": [],
          "status": "passed",
          "title": "should handle \"Load\" (Concurrent requests)"
        }
      ],
      "failureMessage": null
    },
    {
      "leaks": false,
      "numFailingTests": 0,
      "numPassingTests": 3,
      "numPendingTests": 0,
      "numTodoTests": 0,
      "openHandles": [],
      "perfStats": {
        "end": 1769973554095,
        "runtime": 1393,
        "slow": false,
        "start": 1769973552702
      },
      "skipped": false,
      "snapshot": {
        "added": 0,
        "fileDeleted": false,
        "matched": 0,
        "unchecked": 0,
        "uncheckedKeys": [],
        "unmatched": 0,
        "updated": 0
      },
      "testFilePath": "/home/matt/household-project/server/tests/finance_routing.test.js",
      "testResults": [
        {
          "ancestorTitles": [
            "💰 Finance Routing Verification"
          ],
          "duration": 156,
          "failureDetails": [],
          "failureMessages": [],
          "fullName": "💰 Finance Routing Verification GET /api/households/:id/finance/savings/pots should not return 404",
          "invocations": 1,
          "location": null,
          "numPassingAsserts": 2,
          "retryReasons": [],
          "status": "passed",
          "title": "GET /api/households/:id/finance/savings/pots should not return 404"
        },
        {
          "ancestorTitles": [
            "💰 Finance Routing Verification"
          ],
          "duration": 544,
          "failureDetails": [],
          "failureMessages": [],
          "fullName": "💰 Finance Routing Verification GET /api/households/:id/finance/savings/:itemId should still work for valid items",
          "invocations": 1,
          "location": null,
          "numPassingAsserts": 3,
          "retryReasons": [],
          "status": "passed",
          "title": "GET /api/households/:id/finance/savings/:itemId should still work for valid items"
        },
        {
          "ancestorTitles": [
            "💰 Finance Routing Verification"
          ],
          "duration": 39,
          "failureDetails": [],
          "failureMessages": [],
          "fullName": "💰 Finance Routing Verification GET /api/households/:id/finance/savings/999999 should return 404",
          "invocations": 1,
          "location": null,
          "numPassingAsserts": 1,
          "retryReasons": [],
          "status": "passed",
          "title": "GET /api/households/:id/finance/savings/999999 should return 404"
        }
      ],
      "failureMessage": null
    },
    {
      "leaks": false,
      "numFailingTests": 0,
      "numPassingTests": 1,
      "numPendingTests": 0,
      "numTodoTests": 0,
      "openHandles": [],
      "perfStats": {
        "end": 1769973555283,
        "runtime": 1182,
        "slow": false,
        "start": 1769973554101
      },
      "skipped": false,
      "snapshot": {
        "added": 0,
        "fileDeleted": false,
        "matched": 0,
        "unchecked": 0,
        "uncheckedKeys": [],
        "unmatched": 0,
        "updated": 0
      },
      "testFilePath": "/home/matt/household-project/server/tests/performance/concurrency.test.js",
      "testResults": [
        {
          "ancestorTitles": [
            "⚡ SQLite Concurrency Stress"
          ],
          "duration": 644,
          "failureDetails": [],
          "failureMessages": [],
          "fullName": "⚡ SQLite Concurrency Stress 🧬 WAL Mode Concurrency (20 Parallel Writes)",
          "invocations": 1,
          "location": null,
          "numPassingAsserts": 1,
          "retryReasons": [],
          "status": "passed",
          "title": "🧬 WAL Mode Concurrency (20 Parallel Writes)"
        }
      ],
      "failureMessage": null
    },
    {
      "leaks": false,
      "numFailingTests": 0,
      "numPassingTests": 3,
      "numPendingTests": 0,
      "numTodoTests": 0,
      "openHandles": [],
      "perfStats": {
        "end": 1769973555372,
        "runtime": 83,
        "slow": false,
        "start": 1769973555289
      },
      "skipped": false,
      "snapshot": {
        "added": 0,
        "fileDeleted": false,
        "matched": 0,
        "unchecked": 0,
        "uncheckedKeys": [],
        "unmatched": 0,
        "updated": 0
      },
      "testFilePath": "/home/matt/household-project/server/tests/performance/smoke.test.js",
      "testResults": [
        {
          "ancestorTitles": [
            "Frontend Build Smoke Test"
          ],
          "duration": 1,
          "failureDetails": [],
          "failureMessages": [],
          "fullName": "Frontend Build Smoke Test index.html should exist after build",
          "invocations": 1,
          "location": null,
          "numPassingAsserts": 1,
          "retryReasons": [],
          "status": "passed",
          "title": "index.html should exist after build"
        },
        {
          "ancestorTitles": [
            "Frontend Build Smoke Test"
          ],
          "duration": 20,
          "failureDetails": [],
          "failureMessages": [],
          "fullName": "Frontend Build Smoke Test index.html should contain root div",
          "invocations": 1,
          "location": null,
          "numPassingAsserts": 1,
          "retryReasons": [],
          "status": "passed",
          "title": "index.html should contain root div"
        },
        {
          "ancestorTitles": [
            "Frontend Build Smoke Test"
          ],
          "duration": 1,
          "failureDetails": [],
          "failureMessages": [],
          "fullName": "Frontend Build Smoke Test JS bundle should be referenced",
          "invocations": 1,
          "location": null,
          "numPassingAsserts": 1,
          "retryReasons": [],
          "status": "passed",
          "title": "JS bundle should be referenced"
        }
      ],
      "failureMessage": null
    }
  ],
  "wasInterrupted": false
}